A!SUBCLASS!RECORD_TAG!REFDES!COMP_PACKAGE!COMP_PART_NUMBER!SYM_NAME!SYM_X!SYM_Y!SYM_ROTATE!SYM_MIRROR!GRAPHIC_DATA_NAME!GRAPHIC_DATA_1!GRAPHIC_DATA_2!GRAPHIC_DATA_3!GRAPHIC_DATA_4!GRAPHIC_DATA_5!GRAPHIC_DATA_6!GRAPHIC_DATA_7!GRAPHIC_DATA_8!GRAPHIC_DATA_9!GRAPHIC_DATA_10!PACKAGE_HEIGHT_MIN!PACKAGE_HEIGHT_MAX!SYM_HAS_PIN_EDIT!SYM_DFA_DEV_CLASS!COMP_PACKAGE_HEIGHT_MIN!COMP_PACKAGE_HEIGHT_MAX!EMBEDDED_STATUS!BOM_IGNORE!SYM_ZONE_NAME!PLACEMENT_LAYER!
J!D:/Projects/ProjectScience/electronics/ProjectID_DOSTI_STLINK/allegro/STLINK.brd!Thu Jun 13 12:16:09 2024!0.0000!0.0000!297.0000!210.0000!0.0001!millimeters!STLINK!10.400000 mil!2!UP TO DATE!
S!ASSEMBLY_TOP!241 1!Y1!ABS07!!ABS07!58.4200!129.5400!270.000!NO!LINE!59.1700!131.1400!59.1700!127.9400!0.2000!!!!!NOTCONNECT!!!NO!!!!!!!!
S!ASSEMBLY_TOP!242 1!Y1!ABS07!!ABS07!58.4200!129.5400!270.000!NO!LINE!59.1700!127.9400!57.6700!127.9400!0.2000!!!!!NOTCONNECT!!!NO!!!!!!!!
S!ASSEMBLY_TOP!243 1!Y1!ABS07!!ABS07!58.4200!129.5400!270.000!NO!LINE!57.6700!127.9400!57.6700!131.1400!0.2000!!!!!NOTCONNECT!!!NO!!!!!!!!
S!ASSEMBLY_TOP!244 1!Y1!ABS07!!ABS07!58.4200!129.5400!270.000!NO!LINE!57.6700!131.1400!59.1700!131.1400!0.2000!!!!!NOTCONNECT!!!NO!!!!!!!!
S!PLACE_BOUND_TOP!247 1 0!Y1!ABS07!!ABS07!58.4200!129.5400!270.000!NO!LINE!56.4700!132.3400!56.4700!126.7400!0.0000!!!!!SHAPE!!0.9 MM!NO!!!!!!!!
S!PLACE_BOUND_TOP!247 2 0!Y1!ABS07!!ABS07!58.4200!129.5400!270.000!NO!LINE!56.4700!126.7400!60.3700!126.7400!0.0000!!!!!SHAPE!!0.9 MM!NO!!!!!!!!
S!PLACE_BOUND_TOP!247 3 0!Y1!ABS07!!ABS07!58.4200!129.5400!270.000!NO!LINE!60.3700!126.7400!60.3700!132.3400!0.0000!!!!!SHAPE!!0.9 MM!NO!!!!!!!!
S!PLACE_BOUND_TOP!247 4 0!Y1!ABS07!!ABS07!58.4200!129.5400!270.000!NO!LINE!60.3700!132.3400!56.4700!132.3400!0.0000!!!!!SHAPE!!0.9 MM!NO!!!!!!!!
S!ASSEMBLY_TOP!251 1!R26!RESC1608X55N!!RESC1608X55N!124.4600!101.6000!0.000!NO!LINE!123.6600!102.0000!125.2600!102.0000!0.1000!!!!!NOTCONNECT!!!NO!!!!!!!!
S!ASSEMBLY_TOP!252 1!R26!RESC1608X55N!!RESC1608X55N!124.4600!101.6000!0.000!NO!LINE!125.2600!102.0000!125.2600!101.2000!0.1000!!!!!NOTCONNECT!!!NO!!!!!!!!
S!ASSEMBLY_TOP!253 1!R26!RESC1608X55N!!RESC1608X55N!124.4600!101.6000!0.000!NO!LINE!125.2600!101.2000!123.6600!101.2000!0.1000!!!!!NOTCONNECT!!!NO!!!!!!!!
S!ASSEMBLY_TOP!254 1!R26!RESC1608X55N!!RESC1608X55N!124.4600!101.6000!0.000!NO!LINE!123.6600!101.2000!123.6600!102.0000!0.1000!!!!!NOTCONNECT!!!NO!!!!!!!!
S!PLACE_BOUND_TOP!256 1!R26!RESC1608X55N!!RESC1608X55N!124.4600!101.6000!0.000!NO!RECTANGLE!122.9600!100.8500!125.9600!102.3500!1!!!!!!!0.55 MM!NO!!!!!!!!
S!ASSEMBLY_TOP!260 1!R25!RESC1608X55N!!RESC1608X55N!101.6000!106.6800!0.000!NO!LINE!100.8000!107.0800!102.4000!107.0800!0.1000!!!!!NOTCONNECT!!!NO!!!!!!!!
S!ASSEMBLY_TOP!261 1!R25!RESC1608X55N!!RESC1608X55N!101.6000!106.6800!0.000!NO!LINE!102.4000!107.0800!102.4000!106.2800!0.1000!!!!!NOTCONNECT!!!NO!!!!!!!!
S!ASSEMBLY_TOP!262 1!R25!RESC1608X55N!!RESC1608X55N!101.6000!106.6800!0.000!NO!LINE!102.4000!106.2800!100.8000!106.2800!0.1000!!!!!NOTCONNECT!!!NO!!!!!!!!
S!ASSEMBLY_TOP!263 1!R25!RESC1608X55N!!RESC1608X55N!101.6000!106.6800!0.000!NO!LINE!100.8000!106.2800!100.8000!107.0800!0.1000!!!!!NOTCONNECT!!!NO!!!!!!!!
S!PLACE_BOUND_TOP!265 1!R25!RESC1608X55N!!RESC1608X55N!101.6000!106.6800!0.000!NO!RECTANGLE!100.1000!105.9300!103.1000!107.4300!1!!!!!!!0.55 MM!NO!!!!!!!!
S!ASSEMBLY_TOP!269 1!R24!RESC1608X55N!!RESC1608X55N!88.9000!106.6800!0.000!NO!LINE!88.1000!107.0800!89.7000!107.0800!0.1000!!!!!NOTCONNECT!!!NO!!!!!!!!
S!ASSEMBLY_TOP!270 1!R24!RESC1608X55N!!RESC1608X55N!88.9000!106.6800!0.000!NO!LINE!89.7000!107.0800!89.7000!106.2800!0.1000!!!!!NOTCONNECT!!!NO!!!!!!!!
S!ASSEMBLY_TOP!271 1!R24!RESC1608X55N!!RESC1608X55N!88.9000!106.6800!0.000!NO!LINE!89.7000!106.2800!88.1000!106.2800!0.1000!!!!!NOTCONNECT!!!NO!!!!!!!!
S!ASSEMBLY_TOP!272 1!R24!RESC1608X55N!!RESC1608X55N!88.9000!106.6800!0.000!NO!LINE!88.1000!106.2800!88.1000!107.0800!0.1000!!!!!NOTCONNECT!!!NO!!!!!!!!
S!PLACE_BOUND_TOP!274 1!R24!RESC1608X55N!!RESC1608X55N!88.9000!106.6800!0.000!NO!RECTANGLE!87.4000!105.9300!90.4000!107.4300!1!!!!!!!0.55 MM!NO!!!!!!!!
S!ASSEMBLY_TOP!278 1!R23!RESC1608X55N!!RESC1608X55N!78.7400!133.3500!180.000!NO!LINE!79.5400!132.9500!77.9400!132.9500!0.1000!!!!!NOTCONNECT!!!NO!!!!!!!!
S!ASSEMBLY_TOP!279 1!R23!RESC1608X55N!!RESC1608X55N!78.7400!133.3500!180.000!NO!LINE!77.9400!132.9500!77.9400!133.7500!0.1000!!!!!NOTCONNECT!!!NO!!!!!!!!
S!ASSEMBLY_TOP!280 1!R23!RESC1608X55N!!RESC1608X55N!78.7400!133.3500!180.000!NO!LINE!77.9400!133.7500!79.5400!133.7500!0.1000!!!!!NOTCONNECT!!!NO!!!!!!!!
S!ASSEMBLY_TOP!281 1!R23!RESC1608X55N!!RESC1608X55N!78.7400!133.3500!180.000!NO!LINE!79.5400!133.7500!79.5400!132.9500!0.1000!!!!!NOTCONNECT!!!NO!!!!!!!!
S!PLACE_BOUND_TOP!283 1 0!R23!RESC1608X55N!!RESC1608X55N!78.7400!133.3500!180.000!NO!LINE!80.2400!134.1000!77.2400!134.1000!0.0000!!!!!SHAPE!!0.55 MM!NO!!!!!!!!
S!PLACE_BOUND_TOP!283 2 0!R23!RESC1608X55N!!RESC1608X55N!78.7400!133.3500!180.000!NO!LINE!77.2400!134.1000!77.2400!132.6000!0.0000!!!!!SHAPE!!0.55 MM!NO!!!!!!!!
S!PLACE_BOUND_TOP!283 3 0!R23!RESC1608X55N!!RESC1608X55N!78.7400!133.3500!180.000!NO!LINE!77.2400!132.6000!80.2400!132.6000!0.0000!!!!!SHAPE!!0.55 MM!NO!!!!!!!!
S!PLACE_BOUND_TOP!283 4 0!R23!RESC1608X55N!!RESC1608X55N!78.7400!133.3500!180.000!NO!LINE!80.2400!132.6000!80.2400!134.1000!0.0000!!!!!SHAPE!!0.55 MM!NO!!!!!!!!
S!ASSEMBLY_TOP!287 1!R22!RESC1608X55N!!RESC1608X55N!96.5200!104.1400!0.000!NO!LINE!95.7200!104.5400!97.3200!104.5400!0.1000!!!!!NOTCONNECT!!!NO!!!!!!!!
S!ASSEMBLY_TOP!288 1!R22!RESC1608X55N!!RESC1608X55N!96.5200!104.1400!0.000!NO!LINE!97.3200!104.5400!97.3200!103.7400!0.1000!!!!!NOTCONNECT!!!NO!!!!!!!!
S!ASSEMBLY_TOP!289 1!R22!RESC1608X55N!!RESC1608X55N!96.5200!104.1400!0.000!NO!LINE!97.3200!103.7400!95.7200!103.7400!0.1000!!!!!NOTCONNECT!!!NO!!!!!!!!
S!ASSEMBLY_TOP!290 1!R22!RESC1608X55N!!RESC1608X55N!96.5200!104.1400!0.000!NO!LINE!95.7200!103.7400!95.7200!104.5400!0.1000!!!!!NOTCONNECT!!!NO!!!!!!!!
S!PLACE_BOUND_TOP!292 1!R22!RESC1608X55N!!RESC1608X55N!96.5200!104.1400!0.000!NO!RECTANGLE!95.0200!103.3900!98.0200!104.8900!1!!!!!!!0.55 MM!NO!!!!!!!!
S!ASSEMBLY_TOP!296 1!R21!RESC1608X55N!!RESC1608X55N!101.6000!104.1400!0.000!NO!LINE!100.8000!104.5400!102.4000!104.5400!0.1000!!!!!NOTCONNECT!!!NO!!!!!!!!
S!ASSEMBLY_TOP!297 1!R21!RESC1608X55N!!RESC1608X55N!101.6000!104.1400!0.000!NO!LINE!102.4000!104.5400!102.4000!103.7400!0.1000!!!!!NOTCONNECT!!!NO!!!!!!!!
S!ASSEMBLY_TOP!298 1!R21!RESC1608X55N!!RESC1608X55N!101.6000!104.1400!0.000!NO!LINE!102.4000!103.7400!100.8000!103.7400!0.1000!!!!!NOTCONNECT!!!NO!!!!!!!!
S!ASSEMBLY_TOP!299 1!R21!RESC1608X55N!!RESC1608X55N!101.6000!104.1400!0.000!NO!LINE!100.8000!103.7400!100.8000!104.5400!0.1000!!!!!NOTCONNECT!!!NO!!!!!!!!
S!PLACE_BOUND_TOP!301 1!R21!RESC1608X55N!!RESC1608X55N!101.6000!104.1400!0.000!NO!RECTANGLE!100.1000!103.3900!103.1000!104.8900!1!!!!!!!0.55 MM!NO!!!!!!!!
S!ASSEMBLY_TOP!305 1!R20!RESC1608X55N!!RESC1608X55N!101.6000!101.6000!0.000!NO!LINE!100.8000!102.0000!102.4000!102.0000!0.1000!!!!!NOTCONNECT!!!NO!!!!!!!!
S!ASSEMBLY_TOP!306 1!R20!RESC1608X55N!!RESC1608X55N!101.6000!101.6000!0.000!NO!LINE!102.4000!102.0000!102.4000!101.2000!0.1000!!!!!NOTCONNECT!!!NO!!!!!!!!
S!ASSEMBLY_TOP!307 1!R20!RESC1608X55N!!RESC1608X55N!101.6000!101.6000!0.000!NO!LINE!102.4000!101.2000!100.8000!101.2000!0.1000!!!!!NOTCONNECT!!!NO!!!!!!!!
S!ASSEMBLY_TOP!308 1!R20!RESC1608X55N!!RESC1608X55N!101.6000!101.6000!0.000!NO!LINE!100.8000!101.2000!100.8000!102.0000!0.1000!!!!!NOTCONNECT!!!NO!!!!!!!!
S!PLACE_BOUND_TOP!310 1!R20!RESC1608X55N!!RESC1608X55N!101.6000!101.6000!0.000!NO!RECTANGLE!100.1000!100.8500!103.1000!102.3500!1!!!!!!!0.55 MM!NO!!!!!!!!
S!ASSEMBLY_TOP!314 1!R19!RESC1608X55N!!RESC1608X55N!93.9800!101.6000!0.000!NO!LINE!93.1800!102.0000!94.7800!102.0000!0.1000!!!!!NOTCONNECT!!!NO!!!!!!!!
S!ASSEMBLY_TOP!315 1!R19!RESC1608X55N!!RESC1608X55N!93.9800!101.6000!0.000!NO!LINE!94.7800!102.0000!94.7800!101.2000!0.1000!!!!!NOTCONNECT!!!NO!!!!!!!!
S!ASSEMBLY_TOP!316 1!R19!RESC1608X55N!!RESC1608X55N!93.9800!101.6000!0.000!NO!LINE!94.7800!101.2000!93.1800!101.2000!0.1000!!!!!NOTCONNECT!!!NO!!!!!!!!
S!ASSEMBLY_TOP!317 1!R19!RESC1608X55N!!RESC1608X55N!93.9800!101.6000!0.000!NO!LINE!93.1800!101.2000!93.1800!102.0000!0.1000!!!!!NOTCONNECT!!!NO!!!!!!!!
S!PLACE_BOUND_TOP!319 1!R19!RESC1608X55N!!RESC1608X55N!93.9800!101.6000!0.000!NO!RECTANGLE!92.4800!100.8500!95.4800!102.3500!1!!!!!!!0.55 MM!NO!!!!!!!!
S!ASSEMBLY_TOP!323 1!R18!RESC1608X55N!!RESC1608X55N!88.9000!101.6000!0.000!NO!LINE!88.1000!102.0000!89.7000!102.0000!0.1000!!!!!NOTCONNECT!!!NO!!!!!!!!
S!ASSEMBLY_TOP!324 1!R18!RESC1608X55N!!RESC1608X55N!88.9000!101.6000!0.000!NO!LINE!89.7000!102.0000!89.7000!101.2000!0.1000!!!!!NOTCONNECT!!!NO!!!!!!!!
S!ASSEMBLY_TOP!325 1!R18!RESC1608X55N!!RESC1608X55N!88.9000!101.6000!0.000!NO!LINE!89.7000!101.2000!88.1000!101.2000!0.1000!!!!!NOTCONNECT!!!NO!!!!!!!!
S!ASSEMBLY_TOP!326 1!R18!RESC1608X55N!!RESC1608X55N!88.9000!101.6000!0.000!NO!LINE!88.1000!101.2000!88.1000!102.0000!0.1000!!!!!NOTCONNECT!!!NO!!!!!!!!
S!PLACE_BOUND_TOP!328 1!R18!RESC1608X55N!!RESC1608X55N!88.9000!101.6000!0.000!NO!RECTANGLE!87.4000!100.8500!90.4000!102.3500!1!!!!!!!0.55 MM!NO!!!!!!!!
S!ASSEMBLY_TOP!332 1!R17!RESC1608X55N!!RESC1608X55N!142.2400!101.6000!0.000!NO!LINE!141.4400!102.0000!143.0400!102.0000!0.1000!!!!!NOTCONNECT!!!NO!!!!!!!!
S!ASSEMBLY_TOP!333 1!R17!RESC1608X55N!!RESC1608X55N!142.2400!101.6000!0.000!NO!LINE!143.0400!102.0000!143.0400!101.2000!0.1000!!!!!NOTCONNECT!!!NO!!!!!!!!
S!ASSEMBLY_TOP!334 1!R17!RESC1608X55N!!RESC1608X55N!142.2400!101.6000!0.000!NO!LINE!143.0400!101.2000!141.4400!101.2000!0.1000!!!!!NOTCONNECT!!!NO!!!!!!!!
S!ASSEMBLY_TOP!335 1!R17!RESC1608X55N!!RESC1608X55N!142.2400!101.6000!0.000!NO!LINE!141.4400!101.2000!141.4400!102.0000!0.1000!!!!!NOTCONNECT!!!NO!!!!!!!!
S!PLACE_BOUND_TOP!337 1!R17!RESC1608X55N!!RESC1608X55N!142.2400!101.6000!0.000!NO!RECTANGLE!140.7400!100.8500!143.7400!102.3500!1!!!!!!!0.55 MM!NO!!!!!!!!
S!ASSEMBLY_TOP!341 1!R16!RESC1608X55N!!RESC1608X55N!129.5400!101.6000!0.000!NO!LINE!128.7400!102.0000!130.3400!102.0000!0.1000!!!!!NOTCONNECT!!!NO!!!!!!!!
S!ASSEMBLY_TOP!342 1!R16!RESC1608X55N!!RESC1608X55N!129.5400!101.6000!0.000!NO!LINE!130.3400!102.0000!130.3400!101.2000!0.1000!!!!!NOTCONNECT!!!NO!!!!!!!!
S!ASSEMBLY_TOP!343 1!R16!RESC1608X55N!!RESC1608X55N!129.5400!101.6000!0.000!NO!LINE!130.3400!101.2000!128.7400!101.2000!0.1000!!!!!NOTCONNECT!!!NO!!!!!!!!
S!ASSEMBLY_TOP!344 1!R16!RESC1608X55N!!RESC1608X55N!129.5400!101.6000!0.000!NO!LINE!128.7400!101.2000!128.7400!102.0000!0.1000!!!!!NOTCONNECT!!!NO!!!!!!!!
S!PLACE_BOUND_TOP!346 1!R16!RESC1608X55N!!RESC1608X55N!129.5400!101.6000!0.000!NO!RECTANGLE!128.0400!100.8500!131.0400!102.3500!1!!!!!!!0.55 MM!NO!!!!!!!!
S!ASSEMBLY_TOP!350 1!R15!RESC1608X55N!!RESC1608X55N!134.6200!101.6000!0.000!NO!LINE!133.8200!102.0000!135.4200!102.0000!0.1000!!!!!NOTCONNECT!!!NO!!!!!!!!
S!ASSEMBLY_TOP!351 1!R15!RESC1608X55N!!RESC1608X55N!134.6200!101.6000!0.000!NO!LINE!135.4200!102.0000!135.4200!101.2000!0.1000!!!!!NOTCONNECT!!!NO!!!!!!!!
S!ASSEMBLY_TOP!352 1!R15!RESC1608X55N!!RESC1608X55N!134.6200!101.6000!0.000!NO!LINE!135.4200!101.2000!133.8200!101.2000!0.1000!!!!!NOTCONNECT!!!NO!!!!!!!!
S!ASSEMBLY_TOP!353 1!R15!RESC1608X55N!!RESC1608X55N!134.6200!101.6000!0.000!NO!LINE!133.8200!101.2000!133.8200!102.0000!0.1000!!!!!NOTCONNECT!!!NO!!!!!!!!
S!PLACE_BOUND_TOP!355 1!R15!RESC1608X55N!!RESC1608X55N!134.6200!101.6000!0.000!NO!RECTANGLE!133.1200!100.8500!136.1200!102.3500!1!!!!!!!0.55 MM!NO!!!!!!!!
S!ASSEMBLY_TOP!359 1!R14!RESC1608X55N!!RESC1608X55N!82.5500!133.3500!180.000!NO!LINE!83.3500!132.9500!81.7500!132.9500!0.1000!!!!!NOTCONNECT!!!NO!!!!!!!!
S!ASSEMBLY_TOP!360 1!R14!RESC1608X55N!!RESC1608X55N!82.5500!133.3500!180.000!NO!LINE!81.7500!132.9500!81.7500!133.7500!0.1000!!!!!NOTCONNECT!!!NO!!!!!!!!
S!ASSEMBLY_TOP!361 1!R14!RESC1608X55N!!RESC1608X55N!82.5500!133.3500!180.000!NO!LINE!81.7500!133.7500!83.3500!133.7500!0.1000!!!!!NOTCONNECT!!!NO!!!!!!!!
S!ASSEMBLY_TOP!362 1!R14!RESC1608X55N!!RESC1608X55N!82.5500!133.3500!180.000!NO!LINE!83.3500!133.7500!83.3500!132.9500!0.1000!!!!!NOTCONNECT!!!NO!!!!!!!!
S!PLACE_BOUND_TOP!364 1 0!R14!RESC1608X55N!!RESC1608X55N!82.5500!133.3500!180.000!NO!LINE!84.0500!134.1000!81.0500!134.1000!0.0000!!!!!SHAPE!!0.55 MM!NO!!!!!!!!
S!PLACE_BOUND_TOP!364 2 0!R14!RESC1608X55N!!RESC1608X55N!82.5500!133.3500!180.000!NO!LINE!81.0500!134.1000!81.0500!132.6000!0.0000!!!!!SHAPE!!0.55 MM!NO!!!!!!!!
S!PLACE_BOUND_TOP!364 3 0!R14!RESC1608X55N!!RESC1608X55N!82.5500!133.3500!180.000!NO!LINE!81.0500!132.6000!84.0500!132.6000!0.0000!!!!!SHAPE!!0.55 MM!NO!!!!!!!!
S!PLACE_BOUND_TOP!364 4 0!R14!RESC1608X55N!!RESC1608X55N!82.5500!133.3500!180.000!NO!LINE!84.0500!132.6000!84.0500!134.1000!0.0000!!!!!SHAPE!!0.55 MM!NO!!!!!!!!
S!ASSEMBLY_TOP!368 1!R13!RESC1608X55N!!RESC1608X55N!82.5500!130.8100!0.000!NO!LINE!81.7500!131.2100!83.3500!131.2100!0.1000!!!!!NOTCONNECT!!!NO!!!!!!!!
S!ASSEMBLY_TOP!369 1!R13!RESC1608X55N!!RESC1608X55N!82.5500!130.8100!0.000!NO!LINE!83.3500!131.2100!83.3500!130.4100!0.1000!!!!!NOTCONNECT!!!NO!!!!!!!!
S!ASSEMBLY_TOP!370 1!R13!RESC1608X55N!!RESC1608X55N!82.5500!130.8100!0.000!NO!LINE!83.3500!130.4100!81.7500!130.4100!0.1000!!!!!NOTCONNECT!!!NO!!!!!!!!
S!ASSEMBLY_TOP!371 1!R13!RESC1608X55N!!RESC1608X55N!82.5500!130.8100!0.000!NO!LINE!81.7500!130.4100!81.7500!131.2100!0.1000!!!!!NOTCONNECT!!!NO!!!!!!!!
S!PLACE_BOUND_TOP!373 1!R13!RESC1608X55N!!RESC1608X55N!82.5500!130.8100!0.000!NO!RECTANGLE!81.0500!130.0600!84.0500!131.5600!1!!!!!!!0.55 MM!NO!!!!!!!!
S!ASSEMBLY_TOP!377 1!R12!RESC1608X55N!!RESC1608X55N!62.2300!124.4600!180.000!NO!LINE!63.0300!124.0600!61.4300!124.0600!0.1000!!!!!NOTCONNECT!!!NO!!!!!!!!
S!ASSEMBLY_TOP!378 1!R12!RESC1608X55N!!RESC1608X55N!62.2300!124.4600!180.000!NO!LINE!61.4300!124.0600!61.4300!124.8600!0.1000!!!!!NOTCONNECT!!!NO!!!!!!!!
S!ASSEMBLY_TOP!379 1!R12!RESC1608X55N!!RESC1608X55N!62.2300!124.4600!180.000!NO!LINE!61.4300!124.8600!63.0300!124.8600!0.1000!!!!!NOTCONNECT!!!NO!!!!!!!!
S!ASSEMBLY_TOP!380 1!R12!RESC1608X55N!!RESC1608X55N!62.2300!124.4600!180.000!NO!LINE!63.0300!124.8600!63.0300!124.0600!0.1000!!!!!NOTCONNECT!!!NO!!!!!!!!
S!PLACE_BOUND_TOP!382 1 0!R12!RESC1608X55N!!RESC1608X55N!62.2300!124.4600!180.000!NO!LINE!63.7300!125.2100!60.7300!125.2100!0.0000!!!!!SHAPE!!0.55 MM!NO!!!!!!!!
S!PLACE_BOUND_TOP!382 2 0!R12!RESC1608X55N!!RESC1608X55N!62.2300!124.4600!180.000!NO!LINE!60.7300!125.2100!60.7300!123.7100!0.0000!!!!!SHAPE!!0.55 MM!NO!!!!!!!!
S!PLACE_BOUND_TOP!382 3 0!R12!RESC1608X55N!!RESC1608X55N!62.2300!124.4600!180.000!NO!LINE!60.7300!123.7100!63.7300!123.7100!0.0000!!!!!SHAPE!!0.55 MM!NO!!!!!!!!
S!PLACE_BOUND_TOP!382 4 0!R12!RESC1608X55N!!RESC1608X55N!62.2300!124.4600!180.000!NO!LINE!63.7300!123.7100!63.7300!125.2100!0.0000!!!!!SHAPE!!0.55 MM!NO!!!!!!!!
S!ASSEMBLY_TOP!386 1!R11!RESC1608X55N!!RESC1608X55N!82.5500!128.2700!0.000!NO!LINE!81.7500!128.6700!83.3500!128.6700!0.1000!!!!!NOTCONNECT!!!NO!!!!!!!!
S!ASSEMBLY_TOP!387 1!R11!RESC1608X55N!!RESC1608X55N!82.5500!128.2700!0.000!NO!LINE!83.3500!128.6700!83.3500!127.8700!0.1000!!!!!NOTCONNECT!!!NO!!!!!!!!
S!ASSEMBLY_TOP!388 1!R11!RESC1608X55N!!RESC1608X55N!82.5500!128.2700!0.000!NO!LINE!83.3500!127.8700!81.7500!127.8700!0.1000!!!!!NOTCONNECT!!!NO!!!!!!!!
S!ASSEMBLY_TOP!389 1!R11!RESC1608X55N!!RESC1608X55N!82.5500!128.2700!0.000!NO!LINE!81.7500!127.8700!81.7500!128.6700!0.1000!!!!!NOTCONNECT!!!NO!!!!!!!!
S!PLACE_BOUND_TOP!391 1!R11!RESC1608X55N!!RESC1608X55N!82.5500!128.2700!0.000!NO!RECTANGLE!81.0500!127.5200!84.0500!129.0200!1!!!!!!!0.55 MM!NO!!!!!!!!
S!ASSEMBLY_TOP!395 1!R10!RESC1608X55N!!RESC1608X55N!139.7000!134.6200!0.000!NO!LINE!138.9000!135.0200!140.5000!135.0200!0.1000!!!!!NOTCONNECT!!!NO!!!!!!!!
S!ASSEMBLY_TOP!396 1!R10!RESC1608X55N!!RESC1608X55N!139.7000!134.6200!0.000!NO!LINE!140.5000!135.0200!140.5000!134.2200!0.1000!!!!!NOTCONNECT!!!NO!!!!!!!!
S!ASSEMBLY_TOP!397 1!R10!RESC1608X55N!!RESC1608X55N!139.7000!134.6200!0.000!NO!LINE!140.5000!134.2200!138.9000!134.2200!0.1000!!!!!NOTCONNECT!!!NO!!!!!!!!
S!ASSEMBLY_TOP!398 1!R10!RESC1608X55N!!RESC1608X55N!139.7000!134.6200!0.000!NO!LINE!138.9000!134.2200!138.9000!135.0200!0.1000!!!!!NOTCONNECT!!!NO!!!!!!!!
S!PLACE_BOUND_TOP!400 1!R10!RESC1608X55N!!RESC1608X55N!139.7000!134.6200!0.000!NO!RECTANGLE!138.2000!133.8700!141.2000!135.3700!1!!!!!!!0.55 MM!NO!!!!!!!!
S!ASSEMBLY_TOP!404 1!R9!RESC1608X55N!!RESC1608X55N!142.2400!106.6800!0.000!NO!LINE!141.4400!107.0800!143.0400!107.0800!0.1000!!!!!NOTCONNECT!!!NO!!!!!!!!
S!ASSEMBLY_TOP!405 1!R9!RESC1608X55N!!RESC1608X55N!142.2400!106.6800!0.000!NO!LINE!143.0400!107.0800!143.0400!106.2800!0.1000!!!!!NOTCONNECT!!!NO!!!!!!!!
S!ASSEMBLY_TOP!406 1!R9!RESC1608X55N!!RESC1608X55N!142.2400!106.6800!0.000!NO!LINE!143.0400!106.2800!141.4400!106.2800!0.1000!!!!!NOTCONNECT!!!NO!!!!!!!!
S!ASSEMBLY_TOP!407 1!R9!RESC1608X55N!!RESC1608X55N!142.2400!106.6800!0.000!NO!LINE!141.4400!106.2800!141.4400!107.0800!0.1000!!!!!NOTCONNECT!!!NO!!!!!!!!
S!PLACE_BOUND_TOP!409 1!R9!RESC1608X55N!!RESC1608X55N!142.2400!106.6800!0.000!NO!RECTANGLE!140.7400!105.9300!143.7400!107.4300!1!!!!!!!0.55 MM!NO!!!!!!!!
S!ASSEMBLY_TOP!413 1!R8!RESC1608X55N!!RESC1608X55N!142.2400!111.7600!0.000!NO!LINE!141.4400!112.1600!143.0400!112.1600!0.1000!!!!!NOTCONNECT!!!NO!!!!!!!!
S!ASSEMBLY_TOP!414 1!R8!RESC1608X55N!!RESC1608X55N!142.2400!111.7600!0.000!NO!LINE!143.0400!112.1600!143.0400!111.3600!0.1000!!!!!NOTCONNECT!!!NO!!!!!!!!
S!ASSEMBLY_TOP!415 1!R8!RESC1608X55N!!RESC1608X55N!142.2400!111.7600!0.000!NO!LINE!143.0400!111.3600!141.4400!111.3600!0.1000!!!!!NOTCONNECT!!!NO!!!!!!!!
S!ASSEMBLY_TOP!416 1!R8!RESC1608X55N!!RESC1608X55N!142.2400!111.7600!0.000!NO!LINE!141.4400!111.3600!141.4400!112.1600!0.1000!!!!!NOTCONNECT!!!NO!!!!!!!!
S!PLACE_BOUND_TOP!418 1!R8!RESC1608X55N!!RESC1608X55N!142.2400!111.7600!0.000!NO!RECTANGLE!140.7400!111.0100!143.7400!112.5100!1!!!!!!!0.55 MM!NO!!!!!!!!
S!ASSEMBLY_TOP!422 1!R7!RESC1608X55N!!RESC1608X55N!137.1600!106.6800!0.000!NO!LINE!136.3600!107.0800!137.9600!107.0800!0.1000!!!!!NOTCONNECT!!!NO!!!!!!!!
S!ASSEMBLY_TOP!423 1!R7!RESC1608X55N!!RESC1608X55N!137.1600!106.6800!0.000!NO!LINE!137.9600!107.0800!137.9600!106.2800!0.1000!!!!!NOTCONNECT!!!NO!!!!!!!!
S!ASSEMBLY_TOP!424 1!R7!RESC1608X55N!!RESC1608X55N!137.1600!106.6800!0.000!NO!LINE!137.9600!106.2800!136.3600!106.2800!0.1000!!!!!NOTCONNECT!!!NO!!!!!!!!
S!ASSEMBLY_TOP!425 1!R7!RESC1608X55N!!RESC1608X55N!137.1600!106.6800!0.000!NO!LINE!136.3600!106.2800!136.3600!107.0800!0.1000!!!!!NOTCONNECT!!!NO!!!!!!!!
S!PLACE_BOUND_TOP!427 1!R7!RESC1608X55N!!RESC1608X55N!137.1600!106.6800!0.000!NO!RECTANGLE!135.6600!105.9300!138.6600!107.4300!1!!!!!!!0.55 MM!NO!!!!!!!!
S!ASSEMBLY_TOP!431 1!R6!RESC1608X55N!!RESC1608X55N!129.5400!106.6800!0.000!NO!LINE!128.7400!107.0800!130.3400!107.0800!0.1000!!!!!NOTCONNECT!!!NO!!!!!!!!
S!ASSEMBLY_TOP!432 1!R6!RESC1608X55N!!RESC1608X55N!129.5400!106.6800!0.000!NO!LINE!130.3400!107.0800!130.3400!106.2800!0.1000!!!!!NOTCONNECT!!!NO!!!!!!!!
S!ASSEMBLY_TOP!433 1!R6!RESC1608X55N!!RESC1608X55N!129.5400!106.6800!0.000!NO!LINE!130.3400!106.2800!128.7400!106.2800!0.1000!!!!!NOTCONNECT!!!NO!!!!!!!!
S!ASSEMBLY_TOP!434 1!R6!RESC1608X55N!!RESC1608X55N!129.5400!106.6800!0.000!NO!LINE!128.7400!106.2800!128.7400!107.0800!0.1000!!!!!NOTCONNECT!!!NO!!!!!!!!
S!PLACE_BOUND_TOP!436 1!R6!RESC1608X55N!!RESC1608X55N!129.5400!106.6800!0.000!NO!RECTANGLE!128.0400!105.9300!131.0400!107.4300!1!!!!!!!0.55 MM!NO!!!!!!!!
S!ASSEMBLY_TOP!440 1!R5!RESC1608X55N!!RESC1608X55N!129.5400!111.7600!0.000!NO!LINE!128.7400!112.1600!130.3400!112.1600!0.1000!!!!!NOTCONNECT!!!NO!!!!!!!!
S!ASSEMBLY_TOP!441 1!R5!RESC1608X55N!!RESC1608X55N!129.5400!111.7600!0.000!NO!LINE!130.3400!112.1600!130.3400!111.3600!0.1000!!!!!NOTCONNECT!!!NO!!!!!!!!
S!ASSEMBLY_TOP!442 1!R5!RESC1608X55N!!RESC1608X55N!129.5400!111.7600!0.000!NO!LINE!130.3400!111.3600!128.7400!111.3600!0.1000!!!!!NOTCONNECT!!!NO!!!!!!!!
S!ASSEMBLY_TOP!443 1!R5!RESC1608X55N!!RESC1608X55N!129.5400!111.7600!0.000!NO!LINE!128.7400!111.3600!128.7400!112.1600!0.1000!!!!!NOTCONNECT!!!NO!!!!!!!!
S!PLACE_BOUND_TOP!445 1!R5!RESC1608X55N!!RESC1608X55N!129.5400!111.7600!0.000!NO!RECTANGLE!128.0400!111.0100!131.0400!112.5100!1!!!!!!!0.55 MM!NO!!!!!!!!
S!ASSEMBLY_TOP!449 1!R4!RESC1608X55N!!RESC1608X55N!134.6200!119.3800!0.000!NO!LINE!133.8200!119.7800!135.4200!119.7800!0.1000!!!!!NOTCONNECT!!!NO!!!!!!!!
S!ASSEMBLY_TOP!450 1!R4!RESC1608X55N!!RESC1608X55N!134.6200!119.3800!0.000!NO!LINE!135.4200!119.7800!135.4200!118.9800!0.1000!!!!!NOTCONNECT!!!NO!!!!!!!!
S!ASSEMBLY_TOP!451 1!R4!RESC1608X55N!!RESC1608X55N!134.6200!119.3800!0.000!NO!LINE!135.4200!118.9800!133.8200!118.9800!0.1000!!!!!NOTCONNECT!!!NO!!!!!!!!
S!ASSEMBLY_TOP!452 1!R4!RESC1608X55N!!RESC1608X55N!134.6200!119.3800!0.000!NO!LINE!133.8200!118.9800!133.8200!119.7800!0.1000!!!!!NOTCONNECT!!!NO!!!!!!!!
S!PLACE_BOUND_TOP!454 1!R4!RESC1608X55N!!RESC1608X55N!134.6200!119.3800!0.000!NO!RECTANGLE!133.1200!118.6300!136.1200!120.1300!1!!!!!!!0.55 MM!NO!!!!!!!!
S!ASSEMBLY_TOP!458 1!R3!RESC1608X55N!!RESC1608X55N!132.0800!127.0000!0.000!NO!LINE!131.2800!127.4000!132.8800!127.4000!0.1000!!!!!NOTCONNECT!!!NO!!!!!!!!
S!ASSEMBLY_TOP!459 1!R3!RESC1608X55N!!RESC1608X55N!132.0800!127.0000!0.000!NO!LINE!132.8800!127.4000!132.8800!126.6000!0.1000!!!!!NOTCONNECT!!!NO!!!!!!!!
S!ASSEMBLY_TOP!460 1!R3!RESC1608X55N!!RESC1608X55N!132.0800!127.0000!0.000!NO!LINE!132.8800!126.6000!131.2800!126.6000!0.1000!!!!!NOTCONNECT!!!NO!!!!!!!!
S!ASSEMBLY_TOP!461 1!R3!RESC1608X55N!!RESC1608X55N!132.0800!127.0000!0.000!NO!LINE!131.2800!126.6000!131.2800!127.4000!0.1000!!!!!NOTCONNECT!!!NO!!!!!!!!
S!PLACE_BOUND_TOP!463 1!R3!RESC1608X55N!!RESC1608X55N!132.0800!127.0000!0.000!NO!RECTANGLE!130.5800!126.2500!133.5800!127.7500!1!!!!!!!0.55 MM!NO!!!!!!!!
S!ASSEMBLY_TOP!467 1!R2!RESC1608X55N!!RESC1608X55N!129.5400!124.4600!0.000!NO!LINE!128.7400!124.8600!130.3400!124.8600!0.1000!!!!!NOTCONNECT!!!NO!!!!!!!!
S!ASSEMBLY_TOP!468 1!R2!RESC1608X55N!!RESC1608X55N!129.5400!124.4600!0.000!NO!LINE!130.3400!124.8600!130.3400!124.0600!0.1000!!!!!NOTCONNECT!!!NO!!!!!!!!
S!ASSEMBLY_TOP!469 1!R2!RESC1608X55N!!RESC1608X55N!129.5400!124.4600!0.000!NO!LINE!130.3400!124.0600!128.7400!124.0600!0.1000!!!!!NOTCONNECT!!!NO!!!!!!!!
S!ASSEMBLY_TOP!470 1!R2!RESC1608X55N!!RESC1608X55N!129.5400!124.4600!0.000!NO!LINE!128.7400!124.0600!128.7400!124.8600!0.1000!!!!!NOTCONNECT!!!NO!!!!!!!!
S!PLACE_BOUND_TOP!472 1!R2!RESC1608X55N!!RESC1608X55N!129.5400!124.4600!0.000!NO!RECTANGLE!128.0400!123.7100!131.0400!125.2100!1!!!!!!!0.55 MM!NO!!!!!!!!
S!ASSEMBLY_TOP!476 1!R1!RESC1608X55N!!RESC1608X55N!137.1600!109.2200!0.000!NO!LINE!136.3600!109.6200!137.9600!109.6200!0.1000!!!!!NOTCONNECT!!!NO!!!!!!!!
S!ASSEMBLY_TOP!477 1!R1!RESC1608X55N!!RESC1608X55N!137.1600!109.2200!0.000!NO!LINE!137.9600!109.6200!137.9600!108.8200!0.1000!!!!!NOTCONNECT!!!NO!!!!!!!!
S!ASSEMBLY_TOP!478 1!R1!RESC1608X55N!!RESC1608X55N!137.1600!109.2200!0.000!NO!LINE!137.9600!108.8200!136.3600!108.8200!0.1000!!!!!NOTCONNECT!!!NO!!!!!!!!
S!ASSEMBLY_TOP!479 1!R1!RESC1608X55N!!RESC1608X55N!137.1600!109.2200!0.000!NO!LINE!136.3600!108.8200!136.3600!109.6200!0.1000!!!!!NOTCONNECT!!!NO!!!!!!!!
S!PLACE_BOUND_TOP!481 1!R1!RESC1608X55N!!RESC1608X55N!137.1600!109.2200!0.000!NO!RECTANGLE!135.6600!108.4700!138.6600!109.9700!1!!!!!!!0.55 MM!NO!!!!!!!!
S!PLACE_BOUND_TOP!485 1!Q1!SOT96P240X120-3N!!SOT96P240X120-3N!139.7000!119.3800!0.000!NO!LINE!137.8250!121.1300!141.5750!121.1300!0.0500!!!!!NOTCONNECT!!!NO!!!!!!!!
S!PLACE_BOUND_TOP!486 1!Q1!SOT96P240X120-3N!!SOT96P240X120-3N!139.7000!119.3800!0.000!NO!LINE!141.5750!121.1300!141.5750!117.6300!0.0500!!!!!NOTCONNECT!!!NO!!!!!!!!
S!PLACE_BOUND_TOP!487 1!Q1!SOT96P240X120-3N!!SOT96P240X120-3N!139.7000!119.3800!0.000!NO!LINE!141.5750!117.6300!137.8250!117.6300!0.0500!!!!!NOTCONNECT!!!NO!!!!!!!!
S!PLACE_BOUND_TOP!488 1!Q1!SOT96P240X120-3N!!SOT96P240X120-3N!139.7000!119.3800!0.000!NO!LINE!137.8250!117.6300!137.8250!121.1300!0.0500!!!!!NOTCONNECT!!!NO!!!!!!!!
S!ASSEMBLY_TOP!489 1!Q1!SOT96P240X120-3N!!SOT96P240X120-3N!139.7000!119.3800!0.000!NO!LINE!139.0500!120.8300!140.3500!120.8300!0.1000!!!!!NOTCONNECT!!!NO!!!!!!!!
S!ASSEMBLY_TOP!490 1!Q1!SOT96P240X120-3N!!SOT96P240X120-3N!139.7000!119.3800!0.000!NO!LINE!140.3500!120.8300!140.3500!117.9300!0.1000!!!!!NOTCONNECT!!!NO!!!!!!!!
S!ASSEMBLY_TOP!491 1!Q1!SOT96P240X120-3N!!SOT96P240X120-3N!139.7000!119.3800!0.000!NO!LINE!140.3500!117.9300!139.0500!117.9300!0.1000!!!!!NOTCONNECT!!!NO!!!!!!!!
S!ASSEMBLY_TOP!492 1!Q1!SOT96P240X120-3N!!SOT96P240X120-3N!139.7000!119.3800!0.000!NO!LINE!139.0500!117.9300!139.0500!120.8300!0.1000!!!!!NOTCONNECT!!!NO!!!!!!!!
S!ASSEMBLY_TOP!493 1!Q1!SOT96P240X120-3N!!SOT96P240X120-3N!139.7000!119.3800!0.000!NO!LINE!139.0500!119.8700!140.0100!120.8300!0.1000!!!!!NOTCONNECT!!!NO!!!!!!!!
S!PLACE_BOUND_TOP!495 1!Q1!SOT96P240X120-3N!!SOT96P240X120-3N!139.7000!119.3800!0.000!NO!RECTANGLE!137.8000!117.6050!141.6000!121.1550!1!!!!!!!!NO!!!!!!!!
S!ASSEMBLY_TOP!498 1!LED2!SM0603SRC!!SM0603SRC!68.5800!118.1100!0.000!NO!LINE!68.1800!118.9100!68.9800!118.9100!0.2000!!!!!NOTCONNECT!!!NO!!!!!!!!
S!ASSEMBLY_TOP!499 1!LED2!SM0603SRC!!SM0603SRC!68.5800!118.1100!0.000!NO!LINE!68.9800!118.9100!68.9800!117.3100!0.2000!!!!!NOTCONNECT!!!NO!!!!!!!!
S!ASSEMBLY_TOP!500 1!LED2!SM0603SRC!!SM0603SRC!68.5800!118.1100!0.000!NO!LINE!68.9800!117.3100!68.1800!117.3100!0.2000!!!!!NOTCONNECT!!!NO!!!!!!!!
S!ASSEMBLY_TOP!501 1!LED2!SM0603SRC!!SM0603SRC!68.5800!118.1100!0.000!NO!LINE!68.1800!117.3100!68.1800!118.9100!0.2000!!!!!NOTCONNECT!!!NO!!!!!!!!
S!PLACE_BOUND_TOP!502 1!LED2!SM0603SRC!!SM0603SRC!68.5800!118.1100!0.000!NO!LINE!67.1800!120.2600!69.9800!120.2600!0.1000!!!!!NOTCONNECT!!!NO!!!!!!!!
S!PLACE_BOUND_TOP!503 1!LED2!SM0603SRC!!SM0603SRC!68.5800!118.1100!0.000!NO!LINE!69.9800!120.2600!69.9800!115.3100!0.1000!!!!!NOTCONNECT!!!NO!!!!!!!!
S!PLACE_BOUND_TOP!504 1!LED2!SM0603SRC!!SM0603SRC!68.5800!118.1100!0.000!NO!LINE!69.9800!115.3100!67.1800!115.3100!0.1000!!!!!NOTCONNECT!!!NO!!!!!!!!
S!PLACE_BOUND_TOP!505 1!LED2!SM0603SRC!!SM0603SRC!68.5800!118.1100!0.000!NO!LINE!67.1800!115.3100!67.1800!120.2600!0.1000!!!!!NOTCONNECT!!!NO!!!!!!!!
S!PLACE_BOUND_TOP!509 1!LED2!SM0603SRC!!SM0603SRC!68.5800!118.1100!0.000!NO!RECTANGLE!67.1300!115.2600!70.0300!120.3100!1!!!!!!!!NO!!!!!!!!
S!PLACE_BOUND_TOP!512 1!LED5!LEDC1608X60N!!LEDC1608X60N!139.7000!127.0000!0.000!NO!LINE!138.0000!127.9250!141.4000!127.9250!0.0500!!!!!NOTCONNECT!!!NO!!!!!!!!
S!PLACE_BOUND_TOP!513 1!LED5!LEDC1608X60N!!LEDC1608X60N!139.7000!127.0000!0.000!NO!LINE!141.4000!127.9250!141.4000!126.0750!0.0500!!!!!NOTCONNECT!!!NO!!!!!!!!
S!PLACE_BOUND_TOP!514 1!LED5!LEDC1608X60N!!LEDC1608X60N!139.7000!127.0000!0.000!NO!LINE!141.4000!126.0750!138.0000!126.0750!0.0500!!!!!NOTCONNECT!!!NO!!!!!!!!
S!PLACE_BOUND_TOP!515 1!LED5!LEDC1608X60N!!LEDC1608X60N!139.7000!127.0000!0.000!NO!LINE!138.0000!126.0750!138.0000!127.9250!0.0500!!!!!NOTCONNECT!!!NO!!!!!!!!
S!ASSEMBLY_TOP!516 1!LED5!LEDC1608X60N!!LEDC1608X60N!139.7000!127.0000!0.000!NO!LINE!138.9000!127.4000!140.5000!127.4000!0.1000!!!!!NOTCONNECT!!!NO!!!!!!!!
S!ASSEMBLY_TOP!517 1!LED5!LEDC1608X60N!!LEDC1608X60N!139.7000!127.0000!0.000!NO!LINE!140.5000!127.4000!140.5000!126.6000!0.1000!!!!!NOTCONNECT!!!NO!!!!!!!!
S!ASSEMBLY_TOP!518 1!LED5!LEDC1608X60N!!LEDC1608X60N!139.7000!127.0000!0.000!NO!LINE!140.5000!126.6000!138.9000!126.6000!0.1000!!!!!NOTCONNECT!!!NO!!!!!!!!
S!ASSEMBLY_TOP!519 1!LED5!LEDC1608X60N!!LEDC1608X60N!139.7000!127.0000!0.000!NO!LINE!138.9000!126.6000!138.9000!127.4000!0.1000!!!!!NOTCONNECT!!!NO!!!!!!!!
S!ASSEMBLY_TOP!520 1!LED5!LEDC1608X60N!!LEDC1608X60N!139.7000!127.0000!0.000!NO!LINE!138.9000!127.1330!139.1670!127.4000!0.1000!!!!!NOTCONNECT!!!NO!!!!!!!!
S!PLACE_BOUND_TOP!524 1!LED5!LEDC1608X60N!!LEDC1608X60N!139.7000!127.0000!0.000!NO!RECTANGLE!137.9750!126.0500!141.4250!127.9500!1!!!!!!!!NO!!!!!!!!
S!PLACE_BOUND_TOP!527 1!LED4!LEDC1608X60N!!LEDC1608X60N!134.6200!134.6200!0.000!NO!LINE!132.9200!135.5450!136.3200!135.5450!0.0500!!!!!NOTCONNECT!!!NO!!!!!!!!
S!PLACE_BOUND_TOP!528 1!LED4!LEDC1608X60N!!LEDC1608X60N!134.6200!134.6200!0.000!NO!LINE!136.3200!135.5450!136.3200!133.6950!0.0500!!!!!NOTCONNECT!!!NO!!!!!!!!
S!PLACE_BOUND_TOP!529 1!LED4!LEDC1608X60N!!LEDC1608X60N!134.6200!134.6200!0.000!NO!LINE!136.3200!133.6950!132.9200!133.6950!0.0500!!!!!NOTCONNECT!!!NO!!!!!!!!
S!PLACE_BOUND_TOP!530 1!LED4!LEDC1608X60N!!LEDC1608X60N!134.6200!134.6200!0.000!NO!LINE!132.9200!133.6950!132.9200!135.5450!0.0500!!!!!NOTCONNECT!!!NO!!!!!!!!
S!ASSEMBLY_TOP!531 1!LED4!LEDC1608X60N!!LEDC1608X60N!134.6200!134.6200!0.000!NO!LINE!133.8200!135.0200!135.4200!135.0200!0.1000!!!!!NOTCONNECT!!!NO!!!!!!!!
S!ASSEMBLY_TOP!532 1!LED4!LEDC1608X60N!!LEDC1608X60N!134.6200!134.6200!0.000!NO!LINE!135.4200!135.0200!135.4200!134.2200!0.1000!!!!!NOTCONNECT!!!NO!!!!!!!!
S!ASSEMBLY_TOP!533 1!LED4!LEDC1608X60N!!LEDC1608X60N!134.6200!134.6200!0.000!NO!LINE!135.4200!134.2200!133.8200!134.2200!0.1000!!!!!NOTCONNECT!!!NO!!!!!!!!
S!ASSEMBLY_TOP!534 1!LED4!LEDC1608X60N!!LEDC1608X60N!134.6200!134.6200!0.000!NO!LINE!133.8200!134.2200!133.8200!135.0200!0.1000!!!!!NOTCONNECT!!!NO!!!!!!!!
S!ASSEMBLY_TOP!535 1!LED4!LEDC1608X60N!!LEDC1608X60N!134.6200!134.6200!0.000!NO!LINE!133.8200!134.7530!134.0870!135.0200!0.1000!!!!!NOTCONNECT!!!NO!!!!!!!!
S!PLACE_BOUND_TOP!539 1!LED4!LEDC1608X60N!!LEDC1608X60N!134.6200!134.6200!0.000!NO!RECTANGLE!132.8950!133.6700!136.3450!135.5700!1!!!!!!!!NO!!!!!!!!
S!PLACE_BOUND_TOP!542 1!LED3!LEDC1608X60N!!LEDC1608X60N!81.2800!116.8400!0.000!NO!LINE!79.5800!117.7650!82.9800!117.7650!0.0500!!!!!NOTCONNECT!!!NO!!!!!!!!
S!PLACE_BOUND_TOP!543 1!LED3!LEDC1608X60N!!LEDC1608X60N!81.2800!116.8400!0.000!NO!LINE!82.9800!117.7650!82.9800!115.9150!0.0500!!!!!NOTCONNECT!!!NO!!!!!!!!
S!PLACE_BOUND_TOP!544 1!LED3!LEDC1608X60N!!LEDC1608X60N!81.2800!116.8400!0.000!NO!LINE!82.9800!115.9150!79.5800!115.9150!0.0500!!!!!NOTCONNECT!!!NO!!!!!!!!
S!PLACE_BOUND_TOP!545 1!LED3!LEDC1608X60N!!LEDC1608X60N!81.2800!116.8400!0.000!NO!LINE!79.5800!115.9150!79.5800!117.7650!0.0500!!!!!NOTCONNECT!!!NO!!!!!!!!
S!ASSEMBLY_TOP!546 1!LED3!LEDC1608X60N!!LEDC1608X60N!81.2800!116.8400!0.000!NO!LINE!80.4800!117.2400!82.0800!117.2400!0.1000!!!!!NOTCONNECT!!!NO!!!!!!!!
S!ASSEMBLY_TOP!547 1!LED3!LEDC1608X60N!!LEDC1608X60N!81.2800!116.8400!0.000!NO!LINE!82.0800!117.2400!82.0800!116.4400!0.1000!!!!!NOTCONNECT!!!NO!!!!!!!!
S!ASSEMBLY_TOP!548 1!LED3!LEDC1608X60N!!LEDC1608X60N!81.2800!116.8400!0.000!NO!LINE!82.0800!116.4400!80.4800!116.4400!0.1000!!!!!NOTCONNECT!!!NO!!!!!!!!
S!ASSEMBLY_TOP!549 1!LED3!LEDC1608X60N!!LEDC1608X60N!81.2800!116.8400!0.000!NO!LINE!80.4800!116.4400!80.4800!117.2400!0.1000!!!!!NOTCONNECT!!!NO!!!!!!!!
S!ASSEMBLY_TOP!550 1!LED3!LEDC1608X60N!!LEDC1608X60N!81.2800!116.8400!0.000!NO!LINE!80.4800!116.9730!80.7470!117.2400!0.1000!!!!!NOTCONNECT!!!NO!!!!!!!!
S!PLACE_BOUND_TOP!554 1!LED3!LEDC1608X60N!!LEDC1608X60N!81.2800!116.8400!0.000!NO!RECTANGLE!79.5550!115.8900!83.0050!117.7900!1!!!!!!!!NO!!!!!!!!
S!PLACE_BOUND_TOP!557 1!LED1!LEDC1608X60N!!LEDC1608X60N!88.9000!127.0000!0.000!NO!LINE!87.2000!127.9250!90.6000!127.9250!0.0500!!!!!NOTCONNECT!!!NO!!!!!!!!
S!PLACE_BOUND_TOP!558 1!LED1!LEDC1608X60N!!LEDC1608X60N!88.9000!127.0000!0.000!NO!LINE!90.6000!127.9250!90.6000!126.0750!0.0500!!!!!NOTCONNECT!!!NO!!!!!!!!
S!PLACE_BOUND_TOP!559 1!LED1!LEDC1608X60N!!LEDC1608X60N!88.9000!127.0000!0.000!NO!LINE!90.6000!126.0750!87.2000!126.0750!0.0500!!!!!NOTCONNECT!!!NO!!!!!!!!
S!PLACE_BOUND_TOP!560 1!LED1!LEDC1608X60N!!LEDC1608X60N!88.9000!127.0000!0.000!NO!LINE!87.2000!126.0750!87.2000!127.9250!0.0500!!!!!NOTCONNECT!!!NO!!!!!!!!
S!ASSEMBLY_TOP!561 1!LED1!LEDC1608X60N!!LEDC1608X60N!88.9000!127.0000!0.000!NO!LINE!88.1000!127.4000!89.7000!127.4000!0.1000!!!!!NOTCONNECT!!!NO!!!!!!!!
S!ASSEMBLY_TOP!562 1!LED1!LEDC1608X60N!!LEDC1608X60N!88.9000!127.0000!0.000!NO!LINE!89.7000!127.4000!89.7000!126.6000!0.1000!!!!!NOTCONNECT!!!NO!!!!!!!!
S!ASSEMBLY_TOP!563 1!LED1!LEDC1608X60N!!LEDC1608X60N!88.9000!127.0000!0.000!NO!LINE!89.7000!126.6000!88.1000!126.6000!0.1000!!!!!NOTCONNECT!!!NO!!!!!!!!
S!ASSEMBLY_TOP!564 1!LED1!LEDC1608X60N!!LEDC1608X60N!88.9000!127.0000!0.000!NO!LINE!88.1000!126.6000!88.1000!127.4000!0.1000!!!!!NOTCONNECT!!!NO!!!!!!!!
S!ASSEMBLY_TOP!565 1!LED1!LEDC1608X60N!!LEDC1608X60N!88.9000!127.0000!0.000!NO!LINE!88.1000!127.1330!88.3670!127.4000!0.1000!!!!!NOTCONNECT!!!NO!!!!!!!!
S!PLACE_BOUND_TOP!569 1!LED1!LEDC1608X60N!!LEDC1608X60N!88.9000!127.0000!0.000!NO!RECTANGLE!87.1750!126.0500!90.6250!127.9500!1!!!!!!!!NO!!!!!!!!
S!ASSEMBLY_TOP!572 1!J7!SHDR3W64P0X254_1X3_762X516X980P!!SHDR3W64P0X254_1X3_762X516X980P!58.4200!121.9200!180.000!NO!LINE!59.6900!124.5000!59.6900!119.3400!0.1000!!!!!NOTCONNECT!!!NO!!!!!!!!
S!ASSEMBLY_TOP!573 1!J7!SHDR3W64P0X254_1X3_762X516X980P!!SHDR3W64P0X254_1X3_762X516X980P!58.4200!121.9200!180.000!NO!LINE!59.6900!119.3400!52.0700!119.3400!0.1000!!!!!NOTCONNECT!!!NO!!!!!!!!
S!ASSEMBLY_TOP!574 1!J7!SHDR3W64P0X254_1X3_762X516X980P!!SHDR3W64P0X254_1X3_762X516X980P!58.4200!121.9200!180.000!NO!LINE!52.0700!119.3400!52.0700!124.5000!0.1000!!!!!NOTCONNECT!!!NO!!!!!!!!
S!ASSEMBLY_TOP!575 1!J7!SHDR3W64P0X254_1X3_762X516X980P!!SHDR3W64P0X254_1X3_762X516X980P!58.4200!121.9200!180.000!NO!LINE!52.0700!124.5000!59.6900!124.5000!0.1000!!!!!NOTCONNECT!!!NO!!!!!!!!
S!PLACE_BOUND_TOP!580 1 0!J7!SHDR3W64P0X254_1X3_762X516X980P!!SHDR3W64P0X254_1X3_762X516X980P!58.4200!121.9200!180.000!NO!LINE!59.9400!124.7500!51.8200!124.7500!0.0000!!!!!SHAPE!!9.8 MM!NO!!!!!!!!
S!PLACE_BOUND_TOP!580 2 0!J7!SHDR3W64P0X254_1X3_762X516X980P!!SHDR3W64P0X254_1X3_762X516X980P!58.4200!121.9200!180.000!NO!LINE!51.8200!124.7500!51.8200!119.0900!0.0000!!!!!SHAPE!!9.8 MM!NO!!!!!!!!
S!PLACE_BOUND_TOP!580 3 0!J7!SHDR3W64P0X254_1X3_762X516X980P!!SHDR3W64P0X254_1X3_762X516X980P!58.4200!121.9200!180.000!NO!LINE!51.8200!119.0900!59.9400!119.0900!0.0000!!!!!SHAPE!!9.8 MM!NO!!!!!!!!
S!PLACE_BOUND_TOP!580 4 0!J7!SHDR3W64P0X254_1X3_762X516X980P!!SHDR3W64P0X254_1X3_762X516X980P!58.4200!121.9200!180.000!NO!LINE!59.9400!119.0900!59.9400!124.7500!0.0000!!!!!SHAPE!!9.8 MM!NO!!!!!!!!
S!ASSEMBLY_TOP!584 1!J5!SHDR3W64P0X254_1X3_762X516X980P!!SHDR3W64P0X254_1X3_762X516X980P!76.2000!146.0500!0.000!NO!LINE!74.9300!143.4700!74.9300!148.6300!0.1000!!!!!NOTCONNECT!!!NO!!!!!!!!
S!ASSEMBLY_TOP!585 1!J5!SHDR3W64P0X254_1X3_762X516X980P!!SHDR3W64P0X254_1X3_762X516X980P!76.2000!146.0500!0.000!NO!LINE!74.9300!148.6300!82.5500!148.6300!0.1000!!!!!NOTCONNECT!!!NO!!!!!!!!
S!ASSEMBLY_TOP!586 1!J5!SHDR3W64P0X254_1X3_762X516X980P!!SHDR3W64P0X254_1X3_762X516X980P!76.2000!146.0500!0.000!NO!LINE!82.5500!148.6300!82.5500!143.4700!0.1000!!!!!NOTCONNECT!!!NO!!!!!!!!
S!ASSEMBLY_TOP!587 1!J5!SHDR3W64P0X254_1X3_762X516X980P!!SHDR3W64P0X254_1X3_762X516X980P!76.2000!146.0500!0.000!NO!LINE!82.5500!143.4700!74.9300!143.4700!0.1000!!!!!NOTCONNECT!!!NO!!!!!!!!
S!PLACE_BOUND_TOP!592 1!J5!SHDR3W64P0X254_1X3_762X516X980P!!SHDR3W64P0X254_1X3_762X516X980P!76.2000!146.0500!0.000!NO!RECTANGLE!74.6800!143.2200!82.8000!148.8800!1!!!!!!!9.8 MM!NO!!!!!!!!
S!ASSEMBLY_TOP!596 1!J4!95278401A10LF!!95278401A10LF!114.3000!106.6800!0.000!NO!LINE!107.9500!106.6800!107.9500!104.2650!0.1000!!!!!NOTCONNECT!!!NO!!!!!!!!
S!ASSEMBLY_TOP!597 1!J4!95278401A10LF!!95278401A10LF!114.3000!106.6800!0.000!NO!LINE!107.9500!104.2650!110.4900!104.2650!0.1000!!!!!NOTCONNECT!!!NO!!!!!!!!
S!ASSEMBLY_TOP!598 1!J4!95278401A10LF!!95278401A10LF!114.3000!106.6800!0.000!NO!LINE!110.4900!104.2650!110.4900!103.9300!0.1000!!!!!NOTCONNECT!!!NO!!!!!!!!
S!ASSEMBLY_TOP!599 1!J4!95278401A10LF!!95278401A10LF!114.3000!106.6800!0.000!NO!LINE!110.4900!103.9300!118.1100!103.9300!0.1000!!!!!NOTCONNECT!!!NO!!!!!!!!
S!ASSEMBLY_TOP!600 1!J4!95278401A10LF!!95278401A10LF!114.3000!106.6800!0.000!NO!LINE!118.1100!103.9300!118.1100!104.2650!0.1000!!!!!NOTCONNECT!!!NO!!!!!!!!
S!ASSEMBLY_TOP!601 1!J4!95278401A10LF!!95278401A10LF!114.3000!106.6800!0.000!NO!LINE!118.1100!104.2650!120.6500!104.2650!0.1000!!!!!NOTCONNECT!!!NO!!!!!!!!
S!ASSEMBLY_TOP!602 1!J4!95278401A10LF!!95278401A10LF!114.3000!106.6800!0.000!NO!LINE!120.6500!104.2650!120.6500!109.0950!0.1000!!!!!NOTCONNECT!!!NO!!!!!!!!
S!ASSEMBLY_TOP!603 1!J4!95278401A10LF!!95278401A10LF!114.3000!106.6800!0.000!NO!LINE!120.6500!109.0950!118.1100!109.0950!0.1000!!!!!NOTCONNECT!!!NO!!!!!!!!
S!ASSEMBLY_TOP!604 1!J4!95278401A10LF!!95278401A10LF!114.3000!106.6800!0.000!NO!LINE!118.1100!109.0950!118.1100!109.4100!0.1000!!!!!NOTCONNECT!!!NO!!!!!!!!
S!ASSEMBLY_TOP!605 1!J4!95278401A10LF!!95278401A10LF!114.3000!106.6800!0.000!NO!LINE!118.1100!109.4100!110.4900!109.4300!0.1000!!!!!NOTCONNECT!!!NO!!!!!!!!
S!ASSEMBLY_TOP!606 1!J4!95278401A10LF!!95278401A10LF!114.3000!106.6800!0.000!NO!LINE!110.4900!109.4300!110.4900!109.0950!0.1000!!!!!NOTCONNECT!!!NO!!!!!!!!
S!ASSEMBLY_TOP!607 1!J4!95278401A10LF!!95278401A10LF!114.3000!106.6800!0.000!NO!LINE!110.4900!109.0950!107.9500!109.0950!0.1000!!!!!NOTCONNECT!!!NO!!!!!!!!
S!ASSEMBLY_TOP!608 1!J4!95278401A10LF!!95278401A10LF!114.3000!106.6800!0.000!NO!LINE!107.9500!109.0950!107.9500!106.6800!0.1000!!!!!NOTCONNECT!!!NO!!!!!!!!
S!PLACE_BOUND_TOP!613 1!J4!95278401A10LF!!95278401A10LF!114.3000!106.6800!0.000!NO!RECTANGLE!106.9500!101.6800!121.6500!111.6800!1!!!!!!!10 MM!NO!!!!!!!!
S!ASSEMBLY_TOP!617 1!J6!HDRV2W67P254_2X1_254X483X858P!!HDRV2W67P254_2X1_254X483X858P!61.5950!121.9200!270.000!NO!LINE!60.3850!123.2550!65.3450!123.2550!0.1000!!!!!NOTCONNECT!!!NO!!!!!!!!
S!ASSEMBLY_TOP!618 1!J6!HDRV2W67P254_2X1_254X483X858P!!HDRV2W67P254_2X1_254X483X858P!61.5950!121.9200!270.000!NO!LINE!65.3450!123.2550!65.3450!120.5850!0.1000!!!!!NOTCONNECT!!!NO!!!!!!!!
S!ASSEMBLY_TOP!619 1!J6!HDRV2W67P254_2X1_254X483X858P!!HDRV2W67P254_2X1_254X483X858P!61.5950!121.9200!270.000!NO!LINE!65.3450!120.5850!60.3850!120.5850!0.1000!!!!!NOTCONNECT!!!NO!!!!!!!!
S!ASSEMBLY_TOP!620 1!J6!HDRV2W67P254_2X1_254X483X858P!!HDRV2W67P254_2X1_254X483X858P!61.5950!121.9200!270.000!NO!LINE!60.3850!120.5850!60.3850!123.2550!0.1000!!!!!NOTCONNECT!!!NO!!!!!!!!
S!PLACE_BOUND_TOP!625 1 0!J6!HDRV2W67P254_2X1_254X483X858P!!HDRV2W67P254_2X1_254X483X858P!61.5950!121.9200!270.000!NO!LINE!60.1350!123.5050!60.1350!120.3350!0.0000!!!!!SHAPE!!8.58 MM!NO!!!!!!!!
S!PLACE_BOUND_TOP!625 2 0!J6!HDRV2W67P254_2X1_254X483X858P!!HDRV2W67P254_2X1_254X483X858P!61.5950!121.9200!270.000!NO!LINE!60.1350!120.3350!65.5950!120.3350!0.0000!!!!!SHAPE!!8.58 MM!NO!!!!!!!!
S!PLACE_BOUND_TOP!625 3 0!J6!HDRV2W67P254_2X1_254X483X858P!!HDRV2W67P254_2X1_254X483X858P!61.5950!121.9200!270.000!NO!LINE!65.5950!120.3350!65.5950!123.5050!0.0000!!!!!SHAPE!!8.58 MM!NO!!!!!!!!
S!PLACE_BOUND_TOP!625 4 0!J6!HDRV2W67P254_2X1_254X483X858P!!HDRV2W67P254_2X1_254X483X858P!61.5950!121.9200!270.000!NO!LINE!65.5950!123.5050!60.1350!123.5050!0.0000!!!!!SHAPE!!8.58 MM!NO!!!!!!!!
S!ASSEMBLY_TOP!629 1!J3!HDRV2W67P254_2X1_254X483X858P!!HDRV2W67P254_2X1_254X483X858P!63.5000!146.0500!270.000!NO!LINE!62.2900!147.3850!67.2500!147.3850!0.1000!!!!!NOTCONNECT!!!NO!!!!!!!!
S!ASSEMBLY_TOP!630 1!J3!HDRV2W67P254_2X1_254X483X858P!!HDRV2W67P254_2X1_254X483X858P!63.5000!146.0500!270.000!NO!LINE!67.2500!147.3850!67.2500!144.7150!0.1000!!!!!NOTCONNECT!!!NO!!!!!!!!
S!ASSEMBLY_TOP!631 1!J3!HDRV2W67P254_2X1_254X483X858P!!HDRV2W67P254_2X1_254X483X858P!63.5000!146.0500!270.000!NO!LINE!67.2500!144.7150!62.2900!144.7150!0.1000!!!!!NOTCONNECT!!!NO!!!!!!!!
S!ASSEMBLY_TOP!632 1!J3!HDRV2W67P254_2X1_254X483X858P!!HDRV2W67P254_2X1_254X483X858P!63.5000!146.0500!270.000!NO!LINE!62.2900!144.7150!62.2900!147.3850!0.1000!!!!!NOTCONNECT!!!NO!!!!!!!!
S!PLACE_BOUND_TOP!637 1 0!J3!HDRV2W67P254_2X1_254X483X858P!!HDRV2W67P254_2X1_254X483X858P!63.5000!146.0500!270.000!NO!LINE!62.0400!147.6350!62.0400!144.4650!0.0000!!!!!SHAPE!!8.58 MM!NO!!!!!!!!
S!PLACE_BOUND_TOP!637 2 0!J3!HDRV2W67P254_2X1_254X483X858P!!HDRV2W67P254_2X1_254X483X858P!63.5000!146.0500!270.000!NO!LINE!62.0400!144.4650!67.5000!144.4650!0.0000!!!!!SHAPE!!8.58 MM!NO!!!!!!!!
S!PLACE_BOUND_TOP!637 3 0!J3!HDRV2W67P254_2X1_254X483X858P!!HDRV2W67P254_2X1_254X483X858P!63.5000!146.0500!270.000!NO!LINE!67.5000!144.4650!67.5000!147.6350!0.0000!!!!!SHAPE!!8.58 MM!NO!!!!!!!!
S!PLACE_BOUND_TOP!637 4 0!J3!HDRV2W67P254_2X1_254X483X858P!!HDRV2W67P254_2X1_254X483X858P!63.5000!146.0500!270.000!NO!LINE!67.5000!147.6350!62.0400!147.6350!0.0000!!!!!SHAPE!!8.58 MM!NO!!!!!!!!
S!ASSEMBLY_TOP!641 1!J2!HDRV2W67P254_2X1_254X483X858P!!HDRV2W67P254_2X1_254X483X858P!101.6000!129.5400!0.000!NO!LINE!100.2650!128.3300!100.2650!133.2900!0.1000!!!!!NOTCONNECT!!!NO!!!!!!!!
S!ASSEMBLY_TOP!642 1!J2!HDRV2W67P254_2X1_254X483X858P!!HDRV2W67P254_2X1_254X483X858P!101.6000!129.5400!0.000!NO!LINE!100.2650!133.2900!102.9350!133.2900!0.1000!!!!!NOTCONNECT!!!NO!!!!!!!!
S!ASSEMBLY_TOP!643 1!J2!HDRV2W67P254_2X1_254X483X858P!!HDRV2W67P254_2X1_254X483X858P!101.6000!129.5400!0.000!NO!LINE!102.9350!133.2900!102.9350!128.3300!0.1000!!!!!NOTCONNECT!!!NO!!!!!!!!
S!ASSEMBLY_TOP!644 1!J2!HDRV2W67P254_2X1_254X483X858P!!HDRV2W67P254_2X1_254X483X858P!101.6000!129.5400!0.000!NO!LINE!102.9350!128.3300!100.2650!128.3300!0.1000!!!!!NOTCONNECT!!!NO!!!!!!!!
S!PLACE_BOUND_TOP!649 1!J2!HDRV2W67P254_2X1_254X483X858P!!HDRV2W67P254_2X1_254X483X858P!101.6000!129.5400!0.000!NO!RECTANGLE!100.0150!128.0800!103.1850!133.5400!1!!!!!!!8.58 MM!NO!!!!!!!!
S!ASSEMBLY_TOP!653 1!J1!2193200001!!2193200001!58.4200!105.4100!90.000!NO!LINE!57.6750!103.6900!57.6750!112.6300!0.1000!!!!!NOTCONNECT!!!NO!!!!!!!!
S!ASSEMBLY_TOP!654 1!J1!2193200001!!2193200001!58.4200!105.4100!90.000!NO!LINE!57.6750!112.6300!60.8350!112.6300!0.1000!!!!!NOTCONNECT!!!NO!!!!!!!!
S!ASSEMBLY_TOP!655 1!J1!2193200001!!2193200001!58.4200!105.4100!90.000!NO!LINE!60.8350!112.6300!60.8350!103.6900!0.1000!!!!!NOTCONNECT!!!NO!!!!!!!!
S!ASSEMBLY_TOP!656 1!J1!2193200001!!2193200001!58.4200!105.4100!90.000!NO!LINE!60.8350!103.6900!57.6750!103.6900!0.1000!!!!!NOTCONNECT!!!NO!!!!!!!!
S!PLACE_BOUND_TOP!659 1 0!J1!2193200001!!2193200001!58.4200!105.4100!90.000!NO!LINE!62.9550!102.6900!62.9550!113.6300!0.0000!!!!!SHAPE!!9.05 MM!NO!!!!!!!!
S!PLACE_BOUND_TOP!659 2 0!J1!2193200001!!2193200001!58.4200!105.4100!90.000!NO!LINE!62.9550!113.6300!55.5550!113.6300!0.0000!!!!!SHAPE!!9.05 MM!NO!!!!!!!!
S!PLACE_BOUND_TOP!659 3 0!J1!2193200001!!2193200001!58.4200!105.4100!90.000!NO!LINE!55.5550!113.6300!55.5550!102.6900!0.0000!!!!!SHAPE!!9.05 MM!NO!!!!!!!!
S!PLACE_BOUND_TOP!659 4 0!J1!2193200001!!2193200001!58.4200!105.4100!90.000!NO!LINE!55.5550!102.6900!62.9550!102.6900!0.0000!!!!!SHAPE!!9.05 MM!NO!!!!!!!!
S!ASSEMBLY_TOP!663 1!IC4!SOT230P700X180-4N!!SOT230P700X180-4N!127.0000!116.8400!0.000!NO!LINE!125.2500!120.0900!128.7500!120.0900!0.1000!!!!!NOTCONNECT!!!NO!!!!!!!!
S!ASSEMBLY_TOP!664 1!IC4!SOT230P700X180-4N!!SOT230P700X180-4N!127.0000!116.8400!0.000!NO!LINE!128.7500!120.0900!128.7500!113.5900!0.1000!!!!!NOTCONNECT!!!NO!!!!!!!!
S!ASSEMBLY_TOP!665 1!IC4!SOT230P700X180-4N!!SOT230P700X180-4N!127.0000!116.8400!0.000!NO!LINE!128.7500!113.5900!125.2500!113.5900!0.1000!!!!!NOTCONNECT!!!NO!!!!!!!!
S!ASSEMBLY_TOP!666 1!IC4!SOT230P700X180-4N!!SOT230P700X180-4N!127.0000!116.8400!0.000!NO!LINE!125.2500!113.5900!125.2500!120.0900!0.1000!!!!!NOTCONNECT!!!NO!!!!!!!!
S!ASSEMBLY_TOP!667 1!IC4!SOT230P700X180-4N!!SOT230P700X180-4N!127.0000!116.8400!0.000!NO!LINE!125.2500!117.7900!127.5500!120.0900!0.1000!!!!!NOTCONNECT!!!NO!!!!!!!!
S!PLACE_BOUND_TOP!673 1!IC4!SOT230P700X180-4N!!SOT230P700X180-4N!127.0000!116.8400!0.000!NO!RECTANGLE!122.7250!113.2400!131.2750!120.4400!1!!!!!!!1.8 MM!NO!!!!!!!!
S!PLACE_BOUND_TOP!677 1!IC3!SOT94P279X130-5N!!SOT94P279X130-5N!116.8400!121.9200!0.000!NO!LINE!114.7150!123.7200!118.9650!123.7200!0.0500!!!!!NOTCONNECT!!!NO!!!!!!!!
S!PLACE_BOUND_TOP!678 1!IC3!SOT94P279X130-5N!!SOT94P279X130-5N!116.8400!121.9200!0.000!NO!LINE!118.9650!123.7200!118.9650!120.1200!0.0500!!!!!NOTCONNECT!!!NO!!!!!!!!
S!PLACE_BOUND_TOP!679 1!IC3!SOT94P279X130-5N!!SOT94P279X130-5N!116.8400!121.9200!0.000!NO!LINE!118.9650!120.1200!114.7150!120.1200!0.0500!!!!!NOTCONNECT!!!NO!!!!!!!!
S!PLACE_BOUND_TOP!680 1!IC3!SOT94P279X130-5N!!SOT94P279X130-5N!116.8400!121.9200!0.000!NO!LINE!114.7150!120.1200!114.7150!123.7200!0.0500!!!!!NOTCONNECT!!!NO!!!!!!!!
S!ASSEMBLY_TOP!681 1!IC3!SOT94P279X130-5N!!SOT94P279X130-5N!116.8400!121.9200!0.000!NO!LINE!116.0400!123.3680!117.6400!123.3680!0.1000!!!!!NOTCONNECT!!!NO!!!!!!!!
S!ASSEMBLY_TOP!682 1!IC3!SOT94P279X130-5N!!SOT94P279X130-5N!116.8400!121.9200!0.000!NO!LINE!117.6400!123.3680!117.6400!120.4720!0.1000!!!!!NOTCONNECT!!!NO!!!!!!!!
S!ASSEMBLY_TOP!683 1!IC3!SOT94P279X130-5N!!SOT94P279X130-5N!116.8400!121.9200!0.000!NO!LINE!117.6400!120.4720!116.0400!120.4720!0.1000!!!!!NOTCONNECT!!!NO!!!!!!!!
S!ASSEMBLY_TOP!684 1!IC3!SOT94P279X130-5N!!SOT94P279X130-5N!116.8400!121.9200!0.000!NO!LINE!116.0400!120.4720!116.0400!123.3680!0.1000!!!!!NOTCONNECT!!!NO!!!!!!!!
S!ASSEMBLY_TOP!685 1!IC3!SOT94P279X130-5N!!SOT94P279X130-5N!116.8400!121.9200!0.000!NO!LINE!116.0400!122.4280!116.9800!123.3680!0.1000!!!!!NOTCONNECT!!!NO!!!!!!!!
S!PLACE_BOUND_TOP!691 1!IC3!SOT94P279X130-5N!!SOT94P279X130-5N!116.8400!121.9200!0.000!NO!RECTANGLE!114.6900!120.0950!118.9900!123.7450!1!!!!!!!!NO!!!!!!!!
S!PLACE_BOUND_TOP!694 1!IC2!QFP50P900X900X160-48N!!QFP50P900X900X160-48N!71.1200!129.5400!0.000!NO!LINE!65.8950!134.7650!76.3450!134.7650!0.0500!!!!!NOTCONNECT!!!NO!!!!!!!!
S!PLACE_BOUND_TOP!695 1!IC2!QFP50P900X900X160-48N!!QFP50P900X900X160-48N!71.1200!129.5400!0.000!NO!LINE!76.3450!134.7650!76.3450!124.3150!0.0500!!!!!NOTCONNECT!!!NO!!!!!!!!
S!PLACE_BOUND_TOP!696 1!IC2!QFP50P900X900X160-48N!!QFP50P900X900X160-48N!71.1200!129.5400!0.000!NO!LINE!76.3450!124.3150!65.8950!124.3150!0.0500!!!!!NOTCONNECT!!!NO!!!!!!!!
S!PLACE_BOUND_TOP!697 1!IC2!QFP50P900X900X160-48N!!QFP50P900X900X160-48N!71.1200!129.5400!0.000!NO!LINE!65.8950!124.3150!65.8950!134.7650!0.0500!!!!!NOTCONNECT!!!NO!!!!!!!!
S!ASSEMBLY_TOP!698 1!IC2!QFP50P900X900X160-48N!!QFP50P900X900X160-48N!71.1200!129.5400!0.000!NO!LINE!67.6200!133.0400!74.6200!133.0400!0.1000!!!!!NOTCONNECT!!!NO!!!!!!!!
S!ASSEMBLY_TOP!699 1!IC2!QFP50P900X900X160-48N!!QFP50P900X900X160-48N!71.1200!129.5400!0.000!NO!LINE!74.6200!133.0400!74.6200!126.0400!0.1000!!!!!NOTCONNECT!!!NO!!!!!!!!
S!ASSEMBLY_TOP!700 1!IC2!QFP50P900X900X160-48N!!QFP50P900X900X160-48N!71.1200!129.5400!0.000!NO!LINE!74.6200!126.0400!67.6200!126.0400!0.1000!!!!!NOTCONNECT!!!NO!!!!!!!!
S!ASSEMBLY_TOP!701 1!IC2!QFP50P900X900X160-48N!!QFP50P900X900X160-48N!71.1200!129.5400!0.000!NO!LINE!67.6200!126.0400!67.6200!133.0400!0.1000!!!!!NOTCONNECT!!!NO!!!!!!!!
S!ASSEMBLY_TOP!702 1!IC2!QFP50P900X900X160-48N!!QFP50P900X900X160-48N!71.1200!129.5400!0.000!NO!LINE!67.6200!132.5400!68.1200!133.0400!0.1000!!!!!NOTCONNECT!!!NO!!!!!!!!
S!PLACE_BOUND_TOP!708 1!IC2!QFP50P900X900X160-48N!!QFP50P900X900X160-48N!71.1200!129.5400!0.000!NO!RECTANGLE!65.8700!124.2900!76.3700!134.7900!1!!!!!!!!NO!!!!!!!!
S!ASSEMBLY_TOP!711 1!IC1!SOT95P237X125-3N!!SOT95P237X125-3N!80.0100!138.4300!90.000!NO!LINE!78.5500!137.7800!78.5500!139.0800!0.1000!!!!!NOTCONNECT!!!NO!!!!!!!!
S!ASSEMBLY_TOP!712 1!IC1!SOT95P237X125-3N!!SOT95P237X125-3N!80.0100!138.4300!90.000!NO!LINE!78.5500!139.0800!81.4700!139.0800!0.1000!!!!!NOTCONNECT!!!NO!!!!!!!!
S!ASSEMBLY_TOP!713 1!IC1!SOT95P237X125-3N!!SOT95P237X125-3N!80.0100!138.4300!90.000!NO!LINE!81.4700!139.0800!81.4700!137.7800!0.1000!!!!!NOTCONNECT!!!NO!!!!!!!!
S!ASSEMBLY_TOP!714 1!IC1!SOT95P237X125-3N!!SOT95P237X125-3N!80.0100!138.4300!90.000!NO!LINE!81.4700!137.7800!78.5500!137.7800!0.1000!!!!!NOTCONNECT!!!NO!!!!!!!!
S!ASSEMBLY_TOP!715 1!IC1!SOT95P237X125-3N!!SOT95P237X125-3N!80.0100!138.4300!90.000!NO!LINE!79.5000!137.7800!78.5500!138.7300!0.1000!!!!!NOTCONNECT!!!NO!!!!!!!!
S!PLACE_BOUND_TOP!721 1 0!IC1!SOT95P237X125-3N!!SOT95P237X125-3N!80.0100!138.4300!90.000!NO!LINE!81.7800!136.5050!81.7800!140.3550!0.0000!!!!!SHAPE!!1.25 MM!NO!!!!!!!!
S!PLACE_BOUND_TOP!721 2 0!IC1!SOT95P237X125-3N!!SOT95P237X125-3N!80.0100!138.4300!90.000!NO!LINE!81.7800!140.3550!78.2400!140.3550!0.0000!!!!!SHAPE!!1.25 MM!NO!!!!!!!!
S!PLACE_BOUND_TOP!721 3 0!IC1!SOT95P237X125-3N!!SOT95P237X125-3N!80.0100!138.4300!90.000!NO!LINE!78.2400!140.3550!78.2400!136.5050!0.0000!!!!!SHAPE!!1.25 MM!NO!!!!!!!!
S!PLACE_BOUND_TOP!721 4 0!IC1!SOT95P237X125-3N!!SOT95P237X125-3N!80.0100!138.4300!90.000!NO!LINE!78.2400!136.5050!81.7800!136.5050!0.0000!!!!!SHAPE!!1.25 MM!NO!!!!!!!!
S!PLACE_BOUND_TOP!725 1!F1!FUSC1005X40N!!FUSC1005X40N!129.5400!149.8600!0.000!NO!LINE!128.3750!150.4200!130.7050!150.4200!0.0500!!!!!NOTCONNECT!!!NO!!!!!!!!
S!PLACE_BOUND_TOP!726 1!F1!FUSC1005X40N!!FUSC1005X40N!129.5400!149.8600!0.000!NO!LINE!130.7050!150.4200!130.7050!149.3000!0.0500!!!!!NOTCONNECT!!!NO!!!!!!!!
S!PLACE_BOUND_TOP!727 1!F1!FUSC1005X40N!!FUSC1005X40N!129.5400!149.8600!0.000!NO!LINE!130.7050!149.3000!128.3750!149.3000!0.0500!!!!!NOTCONNECT!!!NO!!!!!!!!
S!PLACE_BOUND_TOP!728 1!F1!FUSC1005X40N!!FUSC1005X40N!129.5400!149.8600!0.000!NO!LINE!128.3750!149.3000!128.3750!150.4200!0.0500!!!!!NOTCONNECT!!!NO!!!!!!!!
S!ASSEMBLY_TOP!729 1!F1!FUSC1005X40N!!FUSC1005X40N!129.5400!149.8600!0.000!NO!LINE!129.0400!150.1200!130.0400!150.1200!0.1000!!!!!NOTCONNECT!!!NO!!!!!!!!
S!ASSEMBLY_TOP!730 1!F1!FUSC1005X40N!!FUSC1005X40N!129.5400!149.8600!0.000!NO!LINE!130.0400!150.1200!130.0400!149.6000!0.1000!!!!!NOTCONNECT!!!NO!!!!!!!!
S!ASSEMBLY_TOP!731 1!F1!FUSC1005X40N!!FUSC1005X40N!129.5400!149.8600!0.000!NO!LINE!130.0400!149.6000!129.0400!149.6000!0.1000!!!!!NOTCONNECT!!!NO!!!!!!!!
S!ASSEMBLY_TOP!732 1!F1!FUSC1005X40N!!FUSC1005X40N!129.5400!149.8600!0.000!NO!LINE!129.0400!149.6000!129.0400!150.1200!0.1000!!!!!NOTCONNECT!!!NO!!!!!!!!
S!PLACE_BOUND_TOP!734 1!F1!FUSC1005X40N!!FUSC1005X40N!129.5400!149.8600!0.000!NO!RECTANGLE!128.3500!149.2750!130.7300!150.4450!1!!!!!!!!NO!!!!!!!!
S!PLACE_BOUND_TOP!737 1!D2!SOD3716X135N!!SOD3716X135N!64.7700!151.1300!180.000!NO!LINE!67.3450!149.4600!62.1950!149.4600!0.0500!!!!!NOTCONNECT!!!NO!!!!!!!!
S!PLACE_BOUND_TOP!738 1!D2!SOD3716X135N!!SOD3716X135N!64.7700!151.1300!180.000!NO!LINE!62.1950!149.4600!62.1950!152.8000!0.0500!!!!!NOTCONNECT!!!NO!!!!!!!!
S!PLACE_BOUND_TOP!739 1!D2!SOD3716X135N!!SOD3716X135N!64.7700!151.1300!180.000!NO!LINE!62.1950!152.8000!67.3450!152.8000!0.0500!!!!!NOTCONNECT!!!NO!!!!!!!!
S!PLACE_BOUND_TOP!740 1!D2!SOD3716X135N!!SOD3716X135N!64.7700!151.1300!180.000!NO!LINE!67.3450!152.8000!67.3450!149.4600!0.0500!!!!!NOTCONNECT!!!NO!!!!!!!!
S!ASSEMBLY_TOP!741 1!D2!SOD3716X135N!!SOD3716X135N!64.7700!151.1300!180.000!NO!LINE!66.1150!150.3300!63.4250!150.3300!0.1000!!!!!NOTCONNECT!!!NO!!!!!!!!
S!ASSEMBLY_TOP!742 1!D2!SOD3716X135N!!SOD3716X135N!64.7700!151.1300!180.000!NO!LINE!63.4250!150.3300!63.4250!151.9300!0.1000!!!!!NOTCONNECT!!!NO!!!!!!!!
S!ASSEMBLY_TOP!743 1!D2!SOD3716X135N!!SOD3716X135N!64.7700!151.1300!180.000!NO!LINE!63.4250!151.9300!66.1150!151.9300!0.1000!!!!!NOTCONNECT!!!NO!!!!!!!!
S!ASSEMBLY_TOP!744 1!D2!SOD3716X135N!!SOD3716X135N!64.7700!151.1300!180.000!NO!LINE!66.1150!151.9300!66.1150!150.3300!0.1000!!!!!NOTCONNECT!!!NO!!!!!!!!
S!ASSEMBLY_TOP!745 1!D2!SOD3716X135N!!SOD3716X135N!64.7700!151.1300!180.000!NO!LINE!66.1150!150.9050!65.5400!150.3300!0.1000!!!!!NOTCONNECT!!!NO!!!!!!!!
S!PLACE_BOUND_TOP!748 1 0!D2!SOD3716X135N!!SOD3716X135N!64.7700!151.1300!180.000!NO!LINE!67.3700!152.8250!62.1700!152.8250!0.0000!!!!!SHAPE!!!NO!!!!!!!!
S!PLACE_BOUND_TOP!748 2 0!D2!SOD3716X135N!!SOD3716X135N!64.7700!151.1300!180.000!NO!LINE!62.1700!152.8250!62.1700!149.4350!0.0000!!!!!SHAPE!!!NO!!!!!!!!
S!PLACE_BOUND_TOP!748 3 0!D2!SOD3716X135N!!SOD3716X135N!64.7700!151.1300!180.000!NO!LINE!62.1700!149.4350!67.3700!149.4350!0.0000!!!!!SHAPE!!!NO!!!!!!!!
S!PLACE_BOUND_TOP!748 4 0!D2!SOD3716X135N!!SOD3716X135N!64.7700!151.1300!180.000!NO!LINE!67.3700!149.4350!67.3700!152.8250!0.0000!!!!!SHAPE!!!NO!!!!!!!!
S!PLACE_BOUND_TOP!751 1!D1!SOD3716X135N!!SOD3716X135N!124.4600!149.8600!0.000!NO!LINE!121.8850!151.5300!127.0350!151.5300!0.0500!!!!!NOTCONNECT!!!NO!!!!!!!!
S!PLACE_BOUND_TOP!752 1!D1!SOD3716X135N!!SOD3716X135N!124.4600!149.8600!0.000!NO!LINE!127.0350!151.5300!127.0350!148.1900!0.0500!!!!!NOTCONNECT!!!NO!!!!!!!!
S!PLACE_BOUND_TOP!753 1!D1!SOD3716X135N!!SOD3716X135N!124.4600!149.8600!0.000!NO!LINE!127.0350!148.1900!121.8850!148.1900!0.0500!!!!!NOTCONNECT!!!NO!!!!!!!!
S!PLACE_BOUND_TOP!754 1!D1!SOD3716X135N!!SOD3716X135N!124.4600!149.8600!0.000!NO!LINE!121.8850!148.1900!121.8850!151.5300!0.0500!!!!!NOTCONNECT!!!NO!!!!!!!!
S!ASSEMBLY_TOP!755 1!D1!SOD3716X135N!!SOD3716X135N!124.4600!149.8600!0.000!NO!LINE!123.1150!150.6600!125.8050!150.6600!0.1000!!!!!NOTCONNECT!!!NO!!!!!!!!
S!ASSEMBLY_TOP!756 1!D1!SOD3716X135N!!SOD3716X135N!124.4600!149.8600!0.000!NO!LINE!125.8050!150.6600!125.8050!149.0600!0.1000!!!!!NOTCONNECT!!!NO!!!!!!!!
S!ASSEMBLY_TOP!757 1!D1!SOD3716X135N!!SOD3716X135N!124.4600!149.8600!0.000!NO!LINE!125.8050!149.0600!123.1150!149.0600!0.1000!!!!!NOTCONNECT!!!NO!!!!!!!!
S!ASSEMBLY_TOP!758 1!D1!SOD3716X135N!!SOD3716X135N!124.4600!149.8600!0.000!NO!LINE!123.1150!149.0600!123.1150!150.6600!0.1000!!!!!NOTCONNECT!!!NO!!!!!!!!
S!ASSEMBLY_TOP!759 1!D1!SOD3716X135N!!SOD3716X135N!124.4600!149.8600!0.000!NO!LINE!123.1150!150.0850!123.6900!150.6600!0.1000!!!!!NOTCONNECT!!!NO!!!!!!!!
S!PLACE_BOUND_TOP!762 1!D1!SOD3716X135N!!SOD3716X135N!124.4600!149.8600!0.000!NO!RECTANGLE!121.8600!148.1650!127.0600!151.5550!1!!!!!!!!NO!!!!!!!!
S!PLACE_BOUND_TOP!765 1!C15!CAPC0603X33N!!CAPC0603X33N!124.4600!152.4000!0.000!NO!LINE!123.7500!152.7600!125.1700!152.7600!0.0500!!!!!NOTCONNECT!!!NO!!!!!!!!
S!PLACE_BOUND_TOP!766 1!C15!CAPC0603X33N!!CAPC0603X33N!124.4600!152.4000!0.000!NO!LINE!125.1700!152.7600!125.1700!152.0400!0.0500!!!!!NOTCONNECT!!!NO!!!!!!!!
S!PLACE_BOUND_TOP!767 1!C15!CAPC0603X33N!!CAPC0603X33N!124.4600!152.4000!0.000!NO!LINE!125.1700!152.0400!123.7500!152.0400!0.0500!!!!!NOTCONNECT!!!NO!!!!!!!!
S!PLACE_BOUND_TOP!768 1!C15!CAPC0603X33N!!CAPC0603X33N!124.4600!152.4000!0.000!NO!LINE!123.7500!152.0400!123.7500!152.7600!0.0500!!!!!NOTCONNECT!!!NO!!!!!!!!
S!ASSEMBLY_TOP!769 1!C15!CAPC0603X33N!!CAPC0603X33N!124.4600!152.4000!0.000!NO!LINE!124.1600!152.5500!124.7600!152.5500!0.1000!!!!!NOTCONNECT!!!NO!!!!!!!!
S!ASSEMBLY_TOP!770 1!C15!CAPC0603X33N!!CAPC0603X33N!124.4600!152.4000!0.000!NO!LINE!124.7600!152.5500!124.7600!152.2500!0.1000!!!!!NOTCONNECT!!!NO!!!!!!!!
S!ASSEMBLY_TOP!771 1!C15!CAPC0603X33N!!CAPC0603X33N!124.4600!152.4000!0.000!NO!LINE!124.7600!152.2500!124.1600!152.2500!0.1000!!!!!NOTCONNECT!!!NO!!!!!!!!
S!ASSEMBLY_TOP!772 1!C15!CAPC0603X33N!!CAPC0603X33N!124.4600!152.4000!0.000!NO!LINE!124.1600!152.2500!124.1600!152.5500!0.1000!!!!!NOTCONNECT!!!NO!!!!!!!!
S!PLACE_BOUND_TOP!773 1!C15!CAPC0603X33N!!CAPC0603X33N!124.4600!152.4000!0.000!NO!RECTANGLE!123.7250!152.0150!125.1950!152.7850!1!!!!!!!!NO!!!!!!!!
S!PLACE_BOUND_TOP!776 1!C14!CAPC0603X33N!!CAPC0603X33N!124.4600!154.9400!0.000!NO!LINE!123.7500!155.3000!125.1700!155.3000!0.0500!!!!!NOTCONNECT!!!NO!!!!!!!!
S!PLACE_BOUND_TOP!777 1!C14!CAPC0603X33N!!CAPC0603X33N!124.4600!154.9400!0.000!NO!LINE!125.1700!155.3000!125.1700!154.5800!0.0500!!!!!NOTCONNECT!!!NO!!!!!!!!
S!PLACE_BOUND_TOP!778 1!C14!CAPC0603X33N!!CAPC0603X33N!124.4600!154.9400!0.000!NO!LINE!125.1700!154.5800!123.7500!154.5800!0.0500!!!!!NOTCONNECT!!!NO!!!!!!!!
S!PLACE_BOUND_TOP!779 1!C14!CAPC0603X33N!!CAPC0603X33N!124.4600!154.9400!0.000!NO!LINE!123.7500!154.5800!123.7500!155.3000!0.0500!!!!!NOTCONNECT!!!NO!!!!!!!!
S!ASSEMBLY_TOP!780 1!C14!CAPC0603X33N!!CAPC0603X33N!124.4600!154.9400!0.000!NO!LINE!124.1600!155.0900!124.7600!155.0900!0.1000!!!!!NOTCONNECT!!!NO!!!!!!!!
S!ASSEMBLY_TOP!781 1!C14!CAPC0603X33N!!CAPC0603X33N!124.4600!154.9400!0.000!NO!LINE!124.7600!155.0900!124.7600!154.7900!0.1000!!!!!NOTCONNECT!!!NO!!!!!!!!
S!ASSEMBLY_TOP!782 1!C14!CAPC0603X33N!!CAPC0603X33N!124.4600!154.9400!0.000!NO!LINE!124.7600!154.7900!124.1600!154.7900!0.1000!!!!!NOTCONNECT!!!NO!!!!!!!!
S!ASSEMBLY_TOP!783 1!C14!CAPC0603X33N!!CAPC0603X33N!124.4600!154.9400!0.000!NO!LINE!124.1600!154.7900!124.1600!155.0900!0.1000!!!!!NOTCONNECT!!!NO!!!!!!!!
S!PLACE_BOUND_TOP!784 1!C14!CAPC0603X33N!!CAPC0603X33N!124.4600!154.9400!0.000!NO!RECTANGLE!123.7250!154.5550!125.1950!155.3250!1!!!!!!!!NO!!!!!!!!
S!PLACE_BOUND_TOP!787 1!C13!CAPC0603X33N!!CAPC0603X33N!124.4600!157.4800!0.000!NO!LINE!123.7500!157.8400!125.1700!157.8400!0.0500!!!!!NOTCONNECT!!!NO!!!!!!!!
S!PLACE_BOUND_TOP!788 1!C13!CAPC0603X33N!!CAPC0603X33N!124.4600!157.4800!0.000!NO!LINE!125.1700!157.8400!125.1700!157.1200!0.0500!!!!!NOTCONNECT!!!NO!!!!!!!!
S!PLACE_BOUND_TOP!789 1!C13!CAPC0603X33N!!CAPC0603X33N!124.4600!157.4800!0.000!NO!LINE!125.1700!157.1200!123.7500!157.1200!0.0500!!!!!NOTCONNECT!!!NO!!!!!!!!
S!PLACE_BOUND_TOP!790 1!C13!CAPC0603X33N!!CAPC0603X33N!124.4600!157.4800!0.000!NO!LINE!123.7500!157.1200!123.7500!157.8400!0.0500!!!!!NOTCONNECT!!!NO!!!!!!!!
S!ASSEMBLY_TOP!791 1!C13!CAPC0603X33N!!CAPC0603X33N!124.4600!157.4800!0.000!NO!LINE!124.1600!157.6300!124.7600!157.6300!0.1000!!!!!NOTCONNECT!!!NO!!!!!!!!
S!ASSEMBLY_TOP!792 1!C13!CAPC0603X33N!!CAPC0603X33N!124.4600!157.4800!0.000!NO!LINE!124.7600!157.6300!124.7600!157.3300!0.1000!!!!!NOTCONNECT!!!NO!!!!!!!!
S!ASSEMBLY_TOP!793 1!C13!CAPC0603X33N!!CAPC0603X33N!124.4600!157.4800!0.000!NO!LINE!124.7600!157.3300!124.1600!157.3300!0.1000!!!!!NOTCONNECT!!!NO!!!!!!!!
S!ASSEMBLY_TOP!794 1!C13!CAPC0603X33N!!CAPC0603X33N!124.4600!157.4800!0.000!NO!LINE!124.1600!157.3300!124.1600!157.6300!0.1000!!!!!NOTCONNECT!!!NO!!!!!!!!
S!PLACE_BOUND_TOP!795 1!C13!CAPC0603X33N!!CAPC0603X33N!124.4600!157.4800!0.000!NO!RECTANGLE!123.7250!157.0950!125.1950!157.8650!1!!!!!!!!NO!!!!!!!!
S!PLACE_BOUND_TOP!798 1!C12!CAPC0603X33N!!CAPC0603X33N!114.3000!157.4800!0.000!NO!LINE!113.5900!157.8400!115.0100!157.8400!0.0500!!!!!NOTCONNECT!!!NO!!!!!!!!
S!PLACE_BOUND_TOP!799 1!C12!CAPC0603X33N!!CAPC0603X33N!114.3000!157.4800!0.000!NO!LINE!115.0100!157.8400!115.0100!157.1200!0.0500!!!!!NOTCONNECT!!!NO!!!!!!!!
S!PLACE_BOUND_TOP!800 1!C12!CAPC0603X33N!!CAPC0603X33N!114.3000!157.4800!0.000!NO!LINE!115.0100!157.1200!113.5900!157.1200!0.0500!!!!!NOTCONNECT!!!NO!!!!!!!!
S!PLACE_BOUND_TOP!801 1!C12!CAPC0603X33N!!CAPC0603X33N!114.3000!157.4800!0.000!NO!LINE!113.5900!157.1200!113.5900!157.8400!0.0500!!!!!NOTCONNECT!!!NO!!!!!!!!
S!ASSEMBLY_TOP!802 1!C12!CAPC0603X33N!!CAPC0603X33N!114.3000!157.4800!0.000!NO!LINE!114.0000!157.6300!114.6000!157.6300!0.1000!!!!!NOTCONNECT!!!NO!!!!!!!!
S!ASSEMBLY_TOP!803 1!C12!CAPC0603X33N!!CAPC0603X33N!114.3000!157.4800!0.000!NO!LINE!114.6000!157.6300!114.6000!157.3300!0.1000!!!!!NOTCONNECT!!!NO!!!!!!!!
S!ASSEMBLY_TOP!804 1!C12!CAPC0603X33N!!CAPC0603X33N!114.3000!157.4800!0.000!NO!LINE!114.6000!157.3300!114.0000!157.3300!0.1000!!!!!NOTCONNECT!!!NO!!!!!!!!
S!ASSEMBLY_TOP!805 1!C12!CAPC0603X33N!!CAPC0603X33N!114.3000!157.4800!0.000!NO!LINE!114.0000!157.3300!114.0000!157.6300!0.1000!!!!!NOTCONNECT!!!NO!!!!!!!!
S!PLACE_BOUND_TOP!806 1!C12!CAPC0603X33N!!CAPC0603X33N!114.3000!157.4800!0.000!NO!RECTANGLE!113.5650!157.0950!115.0350!157.8650!1!!!!!!!!NO!!!!!!!!
S!PLACE_BOUND_TOP!809 1!C11!CAPC0603X33N!!CAPC0603X33N!60.9600!151.1300!0.000!NO!LINE!60.2500!151.4900!61.6700!151.4900!0.0500!!!!!NOTCONNECT!!!NO!!!!!!!!
S!PLACE_BOUND_TOP!810 1!C11!CAPC0603X33N!!CAPC0603X33N!60.9600!151.1300!0.000!NO!LINE!61.6700!151.4900!61.6700!150.7700!0.0500!!!!!NOTCONNECT!!!NO!!!!!!!!
S!PLACE_BOUND_TOP!811 1!C11!CAPC0603X33N!!CAPC0603X33N!60.9600!151.1300!0.000!NO!LINE!61.6700!150.7700!60.2500!150.7700!0.0500!!!!!NOTCONNECT!!!NO!!!!!!!!
S!PLACE_BOUND_TOP!812 1!C11!CAPC0603X33N!!CAPC0603X33N!60.9600!151.1300!0.000!NO!LINE!60.2500!150.7700!60.2500!151.4900!0.0500!!!!!NOTCONNECT!!!NO!!!!!!!!
S!ASSEMBLY_TOP!813 1!C11!CAPC0603X33N!!CAPC0603X33N!60.9600!151.1300!0.000!NO!LINE!60.6600!151.2800!61.2600!151.2800!0.1000!!!!!NOTCONNECT!!!NO!!!!!!!!
S!ASSEMBLY_TOP!814 1!C11!CAPC0603X33N!!CAPC0603X33N!60.9600!151.1300!0.000!NO!LINE!61.2600!151.2800!61.2600!150.9800!0.1000!!!!!NOTCONNECT!!!NO!!!!!!!!
S!ASSEMBLY_TOP!815 1!C11!CAPC0603X33N!!CAPC0603X33N!60.9600!151.1300!0.000!NO!LINE!61.2600!150.9800!60.6600!150.9800!0.1000!!!!!NOTCONNECT!!!NO!!!!!!!!
S!ASSEMBLY_TOP!816 1!C11!CAPC0603X33N!!CAPC0603X33N!60.9600!151.1300!0.000!NO!LINE!60.6600!150.9800!60.6600!151.2800!0.1000!!!!!NOTCONNECT!!!NO!!!!!!!!
S!PLACE_BOUND_TOP!817 1!C11!CAPC0603X33N!!CAPC0603X33N!60.9600!151.1300!0.000!NO!RECTANGLE!60.2250!150.7450!61.6950!151.5150!1!!!!!!!!NO!!!!!!!!
S!PLACE_BOUND_TOP!820 1!C10!CAPC0603X33N!!CAPC0603X33N!119.3800!154.9400!0.000!NO!LINE!118.6700!155.3000!120.0900!155.3000!0.0500!!!!!NOTCONNECT!!!NO!!!!!!!!
S!PLACE_BOUND_TOP!821 1!C10!CAPC0603X33N!!CAPC0603X33N!119.3800!154.9400!0.000!NO!LINE!120.0900!155.3000!120.0900!154.5800!0.0500!!!!!NOTCONNECT!!!NO!!!!!!!!
S!PLACE_BOUND_TOP!822 1!C10!CAPC0603X33N!!CAPC0603X33N!119.3800!154.9400!0.000!NO!LINE!120.0900!154.5800!118.6700!154.5800!0.0500!!!!!NOTCONNECT!!!NO!!!!!!!!
S!PLACE_BOUND_TOP!823 1!C10!CAPC0603X33N!!CAPC0603X33N!119.3800!154.9400!0.000!NO!LINE!118.6700!154.5800!118.6700!155.3000!0.0500!!!!!NOTCONNECT!!!NO!!!!!!!!
S!ASSEMBLY_TOP!824 1!C10!CAPC0603X33N!!CAPC0603X33N!119.3800!154.9400!0.000!NO!LINE!119.0800!155.0900!119.6800!155.0900!0.1000!!!!!NOTCONNECT!!!NO!!!!!!!!
S!ASSEMBLY_TOP!825 1!C10!CAPC0603X33N!!CAPC0603X33N!119.3800!154.9400!0.000!NO!LINE!119.6800!155.0900!119.6800!154.7900!0.1000!!!!!NOTCONNECT!!!NO!!!!!!!!
S!ASSEMBLY_TOP!826 1!C10!CAPC0603X33N!!CAPC0603X33N!119.3800!154.9400!0.000!NO!LINE!119.6800!154.7900!119.0800!154.7900!0.1000!!!!!NOTCONNECT!!!NO!!!!!!!!
S!ASSEMBLY_TOP!827 1!C10!CAPC0603X33N!!CAPC0603X33N!119.3800!154.9400!0.000!NO!LINE!119.0800!154.7900!119.0800!155.0900!0.1000!!!!!NOTCONNECT!!!NO!!!!!!!!
S!PLACE_BOUND_TOP!828 1!C10!CAPC0603X33N!!CAPC0603X33N!119.3800!154.9400!0.000!NO!RECTANGLE!118.6450!154.5550!120.1150!155.3250!1!!!!!!!!NO!!!!!!!!
S!PLACE_BOUND_TOP!831 1!C9!CAPC0603X33N!!CAPC0603X33N!114.3000!154.9400!0.000!NO!LINE!113.5900!155.3000!115.0100!155.3000!0.0500!!!!!NOTCONNECT!!!NO!!!!!!!!
S!PLACE_BOUND_TOP!832 1!C9!CAPC0603X33N!!CAPC0603X33N!114.3000!154.9400!0.000!NO!LINE!115.0100!155.3000!115.0100!154.5800!0.0500!!!!!NOTCONNECT!!!NO!!!!!!!!
S!PLACE_BOUND_TOP!833 1!C9!CAPC0603X33N!!CAPC0603X33N!114.3000!154.9400!0.000!NO!LINE!115.0100!154.5800!113.5900!154.5800!0.0500!!!!!NOTCONNECT!!!NO!!!!!!!!
S!PLACE_BOUND_TOP!834 1!C9!CAPC0603X33N!!CAPC0603X33N!114.3000!154.9400!0.000!NO!LINE!113.5900!154.5800!113.5900!155.3000!0.0500!!!!!NOTCONNECT!!!NO!!!!!!!!
S!ASSEMBLY_TOP!835 1!C9!CAPC0603X33N!!CAPC0603X33N!114.3000!154.9400!0.000!NO!LINE!114.0000!155.0900!114.6000!155.0900!0.1000!!!!!NOTCONNECT!!!NO!!!!!!!!
S!ASSEMBLY_TOP!836 1!C9!CAPC0603X33N!!CAPC0603X33N!114.3000!154.9400!0.000!NO!LINE!114.6000!155.0900!114.6000!154.7900!0.1000!!!!!NOTCONNECT!!!NO!!!!!!!!
S!ASSEMBLY_TOP!837 1!C9!CAPC0603X33N!!CAPC0603X33N!114.3000!154.9400!0.000!NO!LINE!114.6000!154.7900!114.0000!154.7900!0.1000!!!!!NOTCONNECT!!!NO!!!!!!!!
S!ASSEMBLY_TOP!838 1!C9!CAPC0603X33N!!CAPC0603X33N!114.3000!154.9400!0.000!NO!LINE!114.0000!154.7900!114.0000!155.0900!0.1000!!!!!NOTCONNECT!!!NO!!!!!!!!
S!PLACE_BOUND_TOP!839 1!C9!CAPC0603X33N!!CAPC0603X33N!114.3000!154.9400!0.000!NO!RECTANGLE!113.5650!154.5550!115.0350!155.3250!1!!!!!!!!NO!!!!!!!!
S!PLACE_BOUND_TOP!842 1!C8!CAPC0603X33N!!CAPC0603X33N!114.3000!152.4000!0.000!NO!LINE!113.5900!152.7600!115.0100!152.7600!0.0500!!!!!NOTCONNECT!!!NO!!!!!!!!
S!PLACE_BOUND_TOP!843 1!C8!CAPC0603X33N!!CAPC0603X33N!114.3000!152.4000!0.000!NO!LINE!115.0100!152.7600!115.0100!152.0400!0.0500!!!!!NOTCONNECT!!!NO!!!!!!!!
S!PLACE_BOUND_TOP!844 1!C8!CAPC0603X33N!!CAPC0603X33N!114.3000!152.4000!0.000!NO!LINE!115.0100!152.0400!113.5900!152.0400!0.0500!!!!!NOTCONNECT!!!NO!!!!!!!!
S!PLACE_BOUND_TOP!845 1!C8!CAPC0603X33N!!CAPC0603X33N!114.3000!152.4000!0.000!NO!LINE!113.5900!152.0400!113.5900!152.7600!0.0500!!!!!NOTCONNECT!!!NO!!!!!!!!
S!ASSEMBLY_TOP!846 1!C8!CAPC0603X33N!!CAPC0603X33N!114.3000!152.4000!0.000!NO!LINE!114.0000!152.5500!114.6000!152.5500!0.1000!!!!!NOTCONNECT!!!NO!!!!!!!!
S!ASSEMBLY_TOP!847 1!C8!CAPC0603X33N!!CAPC0603X33N!114.3000!152.4000!0.000!NO!LINE!114.6000!152.5500!114.6000!152.2500!0.1000!!!!!NOTCONNECT!!!NO!!!!!!!!
S!ASSEMBLY_TOP!848 1!C8!CAPC0603X33N!!CAPC0603X33N!114.3000!152.4000!0.000!NO!LINE!114.6000!152.2500!114.0000!152.2500!0.1000!!!!!NOTCONNECT!!!NO!!!!!!!!
S!ASSEMBLY_TOP!849 1!C8!CAPC0603X33N!!CAPC0603X33N!114.3000!152.4000!0.000!NO!LINE!114.0000!152.2500!114.0000!152.5500!0.1000!!!!!NOTCONNECT!!!NO!!!!!!!!
S!PLACE_BOUND_TOP!850 1!C8!CAPC0603X33N!!CAPC0603X33N!114.3000!152.4000!0.000!NO!RECTANGLE!113.5650!152.0150!115.0350!152.7850!1!!!!!!!!NO!!!!!!!!
S!PLACE_BOUND_TOP!853 1!C7!CAPC0603X33N!!CAPC0603X33N!114.3000!149.8600!0.000!NO!LINE!113.5900!150.2200!115.0100!150.2200!0.0500!!!!!NOTCONNECT!!!NO!!!!!!!!
S!PLACE_BOUND_TOP!854 1!C7!CAPC0603X33N!!CAPC0603X33N!114.3000!149.8600!0.000!NO!LINE!115.0100!150.2200!115.0100!149.5000!0.0500!!!!!NOTCONNECT!!!NO!!!!!!!!
S!PLACE_BOUND_TOP!855 1!C7!CAPC0603X33N!!CAPC0603X33N!114.3000!149.8600!0.000!NO!LINE!115.0100!149.5000!113.5900!149.5000!0.0500!!!!!NOTCONNECT!!!NO!!!!!!!!
S!PLACE_BOUND_TOP!856 1!C7!CAPC0603X33N!!CAPC0603X33N!114.3000!149.8600!0.000!NO!LINE!113.5900!149.5000!113.5900!150.2200!0.0500!!!!!NOTCONNECT!!!NO!!!!!!!!
S!ASSEMBLY_TOP!857 1!C7!CAPC0603X33N!!CAPC0603X33N!114.3000!149.8600!0.000!NO!LINE!114.0000!150.0100!114.6000!150.0100!0.1000!!!!!NOTCONNECT!!!NO!!!!!!!!
S!ASSEMBLY_TOP!858 1!C7!CAPC0603X33N!!CAPC0603X33N!114.3000!149.8600!0.000!NO!LINE!114.6000!150.0100!114.6000!149.7100!0.1000!!!!!NOTCONNECT!!!NO!!!!!!!!
S!ASSEMBLY_TOP!859 1!C7!CAPC0603X33N!!CAPC0603X33N!114.3000!149.8600!0.000!NO!LINE!114.6000!149.7100!114.0000!149.7100!0.1000!!!!!NOTCONNECT!!!NO!!!!!!!!
S!ASSEMBLY_TOP!860 1!C7!CAPC0603X33N!!CAPC0603X33N!114.3000!149.8600!0.000!NO!LINE!114.0000!149.7100!114.0000!150.0100!0.1000!!!!!NOTCONNECT!!!NO!!!!!!!!
S!PLACE_BOUND_TOP!861 1!C7!CAPC0603X33N!!CAPC0603X33N!114.3000!149.8600!0.000!NO!RECTANGLE!113.5650!149.4750!115.0350!150.2450!1!!!!!!!!NO!!!!!!!!
S!PLACE_BOUND_TOP!864 1!C6!CAPC0603X33N!!CAPC0603X33N!114.3000!147.3200!0.000!NO!LINE!113.5900!147.6800!115.0100!147.6800!0.0500!!!!!NOTCONNECT!!!NO!!!!!!!!
S!PLACE_BOUND_TOP!865 1!C6!CAPC0603X33N!!CAPC0603X33N!114.3000!147.3200!0.000!NO!LINE!115.0100!147.6800!115.0100!146.9600!0.0500!!!!!NOTCONNECT!!!NO!!!!!!!!
S!PLACE_BOUND_TOP!866 1!C6!CAPC0603X33N!!CAPC0603X33N!114.3000!147.3200!0.000!NO!LINE!115.0100!146.9600!113.5900!146.9600!0.0500!!!!!NOTCONNECT!!!NO!!!!!!!!
S!PLACE_BOUND_TOP!867 1!C6!CAPC0603X33N!!CAPC0603X33N!114.3000!147.3200!0.000!NO!LINE!113.5900!146.9600!113.5900!147.6800!0.0500!!!!!NOTCONNECT!!!NO!!!!!!!!
S!ASSEMBLY_TOP!868 1!C6!CAPC0603X33N!!CAPC0603X33N!114.3000!147.3200!0.000!NO!LINE!114.0000!147.4700!114.6000!147.4700!0.1000!!!!!NOTCONNECT!!!NO!!!!!!!!
S!ASSEMBLY_TOP!869 1!C6!CAPC0603X33N!!CAPC0603X33N!114.3000!147.3200!0.000!NO!LINE!114.6000!147.4700!114.6000!147.1700!0.1000!!!!!NOTCONNECT!!!NO!!!!!!!!
S!ASSEMBLY_TOP!870 1!C6!CAPC0603X33N!!CAPC0603X33N!114.3000!147.3200!0.000!NO!LINE!114.6000!147.1700!114.0000!147.1700!0.1000!!!!!NOTCONNECT!!!NO!!!!!!!!
S!ASSEMBLY_TOP!871 1!C6!CAPC0603X33N!!CAPC0603X33N!114.3000!147.3200!0.000!NO!LINE!114.0000!147.1700!114.0000!147.4700!0.1000!!!!!NOTCONNECT!!!NO!!!!!!!!
S!PLACE_BOUND_TOP!872 1!C6!CAPC0603X33N!!CAPC0603X33N!114.3000!147.3200!0.000!NO!RECTANGLE!113.5650!146.9350!115.0350!147.7050!1!!!!!!!!NO!!!!!!!!
S!PLACE_BOUND_TOP!875 1!C5!CAPC0603X33N!!CAPC0603X33N!62.2300!127.0000!270.000!NO!LINE!62.5900!127.7100!62.5900!126.2900!0.0500!!!!!NOTCONNECT!!!NO!!!!!!!!
S!PLACE_BOUND_TOP!876 1!C5!CAPC0603X33N!!CAPC0603X33N!62.2300!127.0000!270.000!NO!LINE!62.5900!126.2900!61.8700!126.2900!0.0500!!!!!NOTCONNECT!!!NO!!!!!!!!
S!PLACE_BOUND_TOP!877 1!C5!CAPC0603X33N!!CAPC0603X33N!62.2300!127.0000!270.000!NO!LINE!61.8700!126.2900!61.8700!127.7100!0.0500!!!!!NOTCONNECT!!!NO!!!!!!!!
S!PLACE_BOUND_TOP!878 1!C5!CAPC0603X33N!!CAPC0603X33N!62.2300!127.0000!270.000!NO!LINE!61.8700!127.7100!62.5900!127.7100!0.0500!!!!!NOTCONNECT!!!NO!!!!!!!!
S!ASSEMBLY_TOP!879 1!C5!CAPC0603X33N!!CAPC0603X33N!62.2300!127.0000!270.000!NO!LINE!62.3800!127.3000!62.3800!126.7000!0.1000!!!!!NOTCONNECT!!!NO!!!!!!!!
S!ASSEMBLY_TOP!880 1!C5!CAPC0603X33N!!CAPC0603X33N!62.2300!127.0000!270.000!NO!LINE!62.3800!126.7000!62.0800!126.7000!0.1000!!!!!NOTCONNECT!!!NO!!!!!!!!
S!ASSEMBLY_TOP!881 1!C5!CAPC0603X33N!!CAPC0603X33N!62.2300!127.0000!270.000!NO!LINE!62.0800!126.7000!62.0800!127.3000!0.1000!!!!!NOTCONNECT!!!NO!!!!!!!!
S!ASSEMBLY_TOP!882 1!C5!CAPC0603X33N!!CAPC0603X33N!62.2300!127.0000!270.000!NO!LINE!62.0800!127.3000!62.3800!127.3000!0.1000!!!!!NOTCONNECT!!!NO!!!!!!!!
S!PLACE_BOUND_TOP!883 1 0!C5!CAPC0603X33N!!CAPC0603X33N!62.2300!127.0000!270.000!NO!LINE!61.8450!127.7350!61.8450!126.2650!0.0000!!!!!SHAPE!!!NO!!!!!!!!
S!PLACE_BOUND_TOP!883 2 0!C5!CAPC0603X33N!!CAPC0603X33N!62.2300!127.0000!270.000!NO!LINE!61.8450!126.2650!62.6150!126.2650!0.0000!!!!!SHAPE!!!NO!!!!!!!!
S!PLACE_BOUND_TOP!883 3 0!C5!CAPC0603X33N!!CAPC0603X33N!62.2300!127.0000!270.000!NO!LINE!62.6150!126.2650!62.6150!127.7350!0.0000!!!!!SHAPE!!!NO!!!!!!!!
S!PLACE_BOUND_TOP!883 4 0!C5!CAPC0603X33N!!CAPC0603X33N!62.2300!127.0000!270.000!NO!LINE!62.6150!127.7350!61.8450!127.7350!0.0000!!!!!SHAPE!!!NO!!!!!!!!
S!PLACE_BOUND_TOP!886 1!C4!CAPC0603X33N!!CAPC0603X33N!119.3800!144.7800!0.000!NO!LINE!118.6700!145.1400!120.0900!145.1400!0.0500!!!!!NOTCONNECT!!!NO!!!!!!!!
S!PLACE_BOUND_TOP!887 1!C4!CAPC0603X33N!!CAPC0603X33N!119.3800!144.7800!0.000!NO!LINE!120.0900!145.1400!120.0900!144.4200!0.0500!!!!!NOTCONNECT!!!NO!!!!!!!!
S!PLACE_BOUND_TOP!888 1!C4!CAPC0603X33N!!CAPC0603X33N!119.3800!144.7800!0.000!NO!LINE!120.0900!144.4200!118.6700!144.4200!0.0500!!!!!NOTCONNECT!!!NO!!!!!!!!
S!PLACE_BOUND_TOP!889 1!C4!CAPC0603X33N!!CAPC0603X33N!119.3800!144.7800!0.000!NO!LINE!118.6700!144.4200!118.6700!145.1400!0.0500!!!!!NOTCONNECT!!!NO!!!!!!!!
S!ASSEMBLY_TOP!890 1!C4!CAPC0603X33N!!CAPC0603X33N!119.3800!144.7800!0.000!NO!LINE!119.0800!144.9300!119.6800!144.9300!0.1000!!!!!NOTCONNECT!!!NO!!!!!!!!
S!ASSEMBLY_TOP!891 1!C4!CAPC0603X33N!!CAPC0603X33N!119.3800!144.7800!0.000!NO!LINE!119.6800!144.9300!119.6800!144.6300!0.1000!!!!!NOTCONNECT!!!NO!!!!!!!!
S!ASSEMBLY_TOP!892 1!C4!CAPC0603X33N!!CAPC0603X33N!119.3800!144.7800!0.000!NO!LINE!119.6800!144.6300!119.0800!144.6300!0.1000!!!!!NOTCONNECT!!!NO!!!!!!!!
S!ASSEMBLY_TOP!893 1!C4!CAPC0603X33N!!CAPC0603X33N!119.3800!144.7800!0.000!NO!LINE!119.0800!144.6300!119.0800!144.9300!0.1000!!!!!NOTCONNECT!!!NO!!!!!!!!
S!PLACE_BOUND_TOP!894 1!C4!CAPC0603X33N!!CAPC0603X33N!119.3800!144.7800!0.000!NO!RECTANGLE!118.6450!144.3950!120.1150!145.1650!1!!!!!!!!NO!!!!!!!!
S!PLACE_BOUND_TOP!897 1!C3!CAPC0603X33N!!CAPC0603X33N!119.3800!147.3200!0.000!NO!LINE!118.6700!147.6800!120.0900!147.6800!0.0500!!!!!NOTCONNECT!!!NO!!!!!!!!
S!PLACE_BOUND_TOP!898 1!C3!CAPC0603X33N!!CAPC0603X33N!119.3800!147.3200!0.000!NO!LINE!120.0900!147.6800!120.0900!146.9600!0.0500!!!!!NOTCONNECT!!!NO!!!!!!!!
S!PLACE_BOUND_TOP!899 1!C3!CAPC0603X33N!!CAPC0603X33N!119.3800!147.3200!0.000!NO!LINE!120.0900!146.9600!118.6700!146.9600!0.0500!!!!!NOTCONNECT!!!NO!!!!!!!!
S!PLACE_BOUND_TOP!900 1!C3!CAPC0603X33N!!CAPC0603X33N!119.3800!147.3200!0.000!NO!LINE!118.6700!146.9600!118.6700!147.6800!0.0500!!!!!NOTCONNECT!!!NO!!!!!!!!
S!ASSEMBLY_TOP!901 1!C3!CAPC0603X33N!!CAPC0603X33N!119.3800!147.3200!0.000!NO!LINE!119.0800!147.4700!119.6800!147.4700!0.1000!!!!!NOTCONNECT!!!NO!!!!!!!!
S!ASSEMBLY_TOP!902 1!C3!CAPC0603X33N!!CAPC0603X33N!119.3800!147.3200!0.000!NO!LINE!119.6800!147.4700!119.6800!147.1700!0.1000!!!!!NOTCONNECT!!!NO!!!!!!!!
S!ASSEMBLY_TOP!903 1!C3!CAPC0603X33N!!CAPC0603X33N!119.3800!147.3200!0.000!NO!LINE!119.6800!147.1700!119.0800!147.1700!0.1000!!!!!NOTCONNECT!!!NO!!!!!!!!
S!ASSEMBLY_TOP!904 1!C3!CAPC0603X33N!!CAPC0603X33N!119.3800!147.3200!0.000!NO!LINE!119.0800!147.1700!119.0800!147.4700!0.1000!!!!!NOTCONNECT!!!NO!!!!!!!!
S!PLACE_BOUND_TOP!905 1!C3!CAPC0603X33N!!CAPC0603X33N!119.3800!147.3200!0.000!NO!RECTANGLE!118.6450!146.9350!120.1150!147.7050!1!!!!!!!!NO!!!!!!!!
S!PLACE_BOUND_TOP!908 1!C2!CAPC0603X33N!!CAPC0603X33N!54.6100!128.2700!0.000!NO!LINE!53.9000!128.6300!55.3200!128.6300!0.0500!!!!!NOTCONNECT!!!NO!!!!!!!!
S!PLACE_BOUND_TOP!909 1!C2!CAPC0603X33N!!CAPC0603X33N!54.6100!128.2700!0.000!NO!LINE!55.3200!128.6300!55.3200!127.9100!0.0500!!!!!NOTCONNECT!!!NO!!!!!!!!
S!PLACE_BOUND_TOP!910 1!C2!CAPC0603X33N!!CAPC0603X33N!54.6100!128.2700!0.000!NO!LINE!55.3200!127.9100!53.9000!127.9100!0.0500!!!!!NOTCONNECT!!!NO!!!!!!!!
S!PLACE_BOUND_TOP!911 1!C2!CAPC0603X33N!!CAPC0603X33N!54.6100!128.2700!0.000!NO!LINE!53.9000!127.9100!53.9000!128.6300!0.0500!!!!!NOTCONNECT!!!NO!!!!!!!!
S!ASSEMBLY_TOP!912 1!C2!CAPC0603X33N!!CAPC0603X33N!54.6100!128.2700!0.000!NO!LINE!54.3100!128.4200!54.9100!128.4200!0.1000!!!!!NOTCONNECT!!!NO!!!!!!!!
S!ASSEMBLY_TOP!913 1!C2!CAPC0603X33N!!CAPC0603X33N!54.6100!128.2700!0.000!NO!LINE!54.9100!128.4200!54.9100!128.1200!0.1000!!!!!NOTCONNECT!!!NO!!!!!!!!
S!ASSEMBLY_TOP!914 1!C2!CAPC0603X33N!!CAPC0603X33N!54.6100!128.2700!0.000!NO!LINE!54.9100!128.1200!54.3100!128.1200!0.1000!!!!!NOTCONNECT!!!NO!!!!!!!!
S!ASSEMBLY_TOP!915 1!C2!CAPC0603X33N!!CAPC0603X33N!54.6100!128.2700!0.000!NO!LINE!54.3100!128.1200!54.3100!128.4200!0.1000!!!!!NOTCONNECT!!!NO!!!!!!!!
S!PLACE_BOUND_TOP!916 1!C2!CAPC0603X33N!!CAPC0603X33N!54.6100!128.2700!0.000!NO!RECTANGLE!53.8750!127.8850!55.3450!128.6550!1!!!!!!!!NO!!!!!!!!
S!PLACE_BOUND_TOP!919 1!C1!CAPC0603X33N!!CAPC0603X33N!54.6100!130.8100!0.000!NO!LINE!53.9000!131.1700!55.3200!131.1700!0.0500!!!!!NOTCONNECT!!!NO!!!!!!!!
S!PLACE_BOUND_TOP!920 1!C1!CAPC0603X33N!!CAPC0603X33N!54.6100!130.8100!0.000!NO!LINE!55.3200!131.1700!55.3200!130.4500!0.0500!!!!!NOTCONNECT!!!NO!!!!!!!!
S!PLACE_BOUND_TOP!921 1!C1!CAPC0603X33N!!CAPC0603X33N!54.6100!130.8100!0.000!NO!LINE!55.3200!130.4500!53.9000!130.4500!0.0500!!!!!NOTCONNECT!!!NO!!!!!!!!
S!PLACE_BOUND_TOP!922 1!C1!CAPC0603X33N!!CAPC0603X33N!54.6100!130.8100!0.000!NO!LINE!53.9000!130.4500!53.9000!131.1700!0.0500!!!!!NOTCONNECT!!!NO!!!!!!!!
S!ASSEMBLY_TOP!923 1!C1!CAPC0603X33N!!CAPC0603X33N!54.6100!130.8100!0.000!NO!LINE!54.3100!130.9600!54.9100!130.9600!0.1000!!!!!NOTCONNECT!!!NO!!!!!!!!
S!ASSEMBLY_TOP!924 1!C1!CAPC0603X33N!!CAPC0603X33N!54.6100!130.8100!0.000!NO!LINE!54.9100!130.9600!54.9100!130.6600!0.1000!!!!!NOTCONNECT!!!NO!!!!!!!!
S!ASSEMBLY_TOP!925 1!C1!CAPC0603X33N!!CAPC0603X33N!54.6100!130.8100!0.000!NO!LINE!54.9100!130.6600!54.3100!130.6600!0.1000!!!!!NOTCONNECT!!!NO!!!!!!!!
S!ASSEMBLY_TOP!926 1!C1!CAPC0603X33N!!CAPC0603X33N!54.6100!130.8100!0.000!NO!LINE!54.3100!130.6600!54.3100!130.9600!0.1000!!!!!NOTCONNECT!!!NO!!!!!!!!
S!PLACE_BOUND_TOP!927 1!C1!CAPC0603X33N!!CAPC0603X33N!54.6100!130.8100!0.000!NO!RECTANGLE!53.8750!130.4250!55.3450!131.1950!1!!!!!!!!NO!!!!!!!!
