A!NET_NAME_SORT!NET_NAME!NODE_SORT!NODE_1_NUMBER!NODE_2_NUMBER!NODE_CONNECTS!RAT_CONNECTED!REFDES!PIN_NUMBER!PIN_TYPE!PIN_X!PIN_Y!VIA_X!VIA_Y!VIA_MIRROR!PAD_STACK_NAME!START_LAYER_NAME!END_LAYER_NAME!
J!D:/Projects/ProjectScience/electronics/ProjectID_DOSTI_STLINK/allegro/STLINK.brd!Thu Jun 13 12:16:09 2024!0.0000!0.0000!297.0000!210.0000!0.0001!millimeters!STLINK!10.400000 mil!2!UP TO DATE!
S!N 00007180!N07180!2!    1!    1!0!!LED2!1!UNSPEC!68.5800!117.3600!!!!S80!TOP!TOP!
S!N 00007180!N07180!!!!!!LED2!1!UNSPEC!68.5800!117.3600!!!!S80!TOP!TOP!
S!N 00007180!N07180!2!    2!    2!0!!R10!1!UNSPEC!138.9000!134.6200!!!!R95_90!TOP!TOP!
S!N 00007180!N07180!!!!!!R10!1!UNSPEC!138.9000!134.6200!!!!R95_90!TOP!TOP!
S!N 00007180!N07180!5!    1!    2!!NO!!!!!!!!!!!!
S!N 00006887!N06887!2!    1!    1!0!!J4!9!UNSPEC!119.3800!103.9500!!!!R254_127!TOP!TOP!
S!N 00006887!N06887!!!!!!J4!9!UNSPEC!119.3800!103.9500!!!!R254_127!TOP!TOP!
S!N 00006887!N06887!2!    2!    2!0!!Q1!3!UNSPEC!140.5500!119.3800!!!!R155_65!TOP!TOP!
S!N 00006887!N06887!!!!!!Q1!3!UNSPEC!140.5500!119.3800!!!!R155_65!TOP!TOP!
S!N 00006887!N06887!2!    3!    3!0!!R7!2!UNSPEC!137.9600!106.6800!!!!R95_90!TOP!TOP!
S!N 00006887!N06887!!!!!!R7!2!UNSPEC!137.9600!106.6800!!!!R95_90!TOP!TOP!
S!N 00006887!N06887!5!    1!    3!!NO!!!!!!!!!!!!
S!N 00006887!N06887!5!    2!    3!!NO!!!!!!!!!!!!
S!N 00027475!N27475!7!    1!    3!2!!!!!!!!!!!!!
S!N 00027475!N27475!7!    1!    3!2!!!!!!!!!!!!!
S!N 00027475!N27475!7!    1!    3!2!!!!!!!!!!!!!
S!N 00027475!N27475!2!    1!    1!1!!IC1!2!UNSPEC!80.9600!137.3300!!!!R115_60!TOP!TOP!
S!N 00027475!N27475!!!!!!IC1!2!UNSPEC!80.9600!137.3300!!!!R115_60!TOP!TOP!
S!N 00027475!N27475!2!    2!    2!1!!R23!1!UNSPEC!79.5400!133.3500!!!!R95_90!TOP!TOP!
S!N 00027475!N27475!!!!!!R23!1!UNSPEC!79.5400!133.3500!!!!R95_90!TOP!TOP!
S!N 00027475!N27475!7!    2!    3!2!!!!!!!!!!!!!
S!N 00027475!N27475!2!    3!    3!2!!R14!2!UNSPEC!81.7500!133.3500!!!!R95_90!TOP!TOP!
S!N 00027475!N27475!!!!!!R14!2!UNSPEC!81.7500!133.3500!!!!R95_90!TOP!TOP!
S!N 00027475!N27475!2!    4!    4!0!!R20!1!UNSPEC!100.8000!101.6000!!!!R95_90!TOP!TOP!
S!N 00027475!N27475!!!!!!R20!1!UNSPEC!100.8000!101.6000!!!!R95_90!TOP!TOP!
S!N 00027475!N27475!2!    5!    5!0!!R21!2!UNSPEC!102.4000!104.1400!!!!R95_90!TOP!TOP!
S!N 00027475!N27475!!!!!!R21!2!UNSPEC!102.4000!104.1400!!!!R95_90!TOP!TOP!
S!N 00027475!N27475!5!    3!    5!!NO!!!!!!!!!!!!
S!N 00027475!N27475!5!    4!    5!!NO!!!!!!!!!!!!
S!N 00027475!N27475!5!    1!    3!!YES!!!!!!!!!!!!
S!N 00027475!N27475!5!    2!    3!!YES!!!!!!!!!!!!
S!N 00006707!N06707!2!    1!    1!0!!R8!1!UNSPEC!141.4400!111.7600!!!!R95_90!TOP!TOP!
S!N 00006707!N06707!!!!!!R8!1!UNSPEC!141.4400!111.7600!!!!R95_90!TOP!TOP!
S!N 00006707!N06707!2!    2!    2!0!!LED1!2!UNSPEC!89.7500!127.0000!!!!R95_80!TOP!TOP!
S!N 00006707!N06707!!!!!!LED1!2!UNSPEC!89.7500!127.0000!!!!R95_80!TOP!TOP!
S!N 00006707!N06707!5!    1!    2!!NO!!!!!!!!!!!!
S!N 00006435!N06435!2!    1!    1!0!!R5!1!UNSPEC!128.7400!111.7600!!!!R95_90!TOP!TOP!
S!N 00006435!N06435!!!!!!R5!1!UNSPEC!128.7400!111.7600!!!!R95_90!TOP!TOP!
S!N 00006435!N06435!2!    2!    2!0!!J4!6!UNSPEC!114.3000!109.4100!!!!R254_127!TOP!TOP!
S!N 00006435!N06435!!!!!!J4!6!UNSPEC!114.3000!109.4100!!!!R254_127!TOP!TOP!
S!N 00006435!N06435!5!    1!    2!!NO!!!!!!!!!!!!
S!N 00006431!N06431!2!    1!    1!0!!J4!5!UNSPEC!114.3000!103.9500!!!!R254_127!TOP!TOP!
S!N 00006431!N06431!!!!!!J4!5!UNSPEC!114.3000!103.9500!!!!R254_127!TOP!TOP!
S!N 00006431!N06431!2!    2!    2!0!!R4!2!UNSPEC!135.4200!119.3800!!!!R95_90!TOP!TOP!
S!N 00006431!N06431!!!!!!R4!2!UNSPEC!135.4200!119.3800!!!!R95_90!TOP!TOP!
S!N 00006431!N06431!5!    1!    2!!NO!!!!!!!!!!!!
S!N 00006427!N06427!2!    1!    1!0!!J4!7!UNSPEC!116.8400!103.9500!!!!R254_127!TOP!TOP!
S!N 00006427!N06427!!!!!!J4!7!UNSPEC!116.8400!103.9500!!!!R254_127!TOP!TOP!
S!N 00006427!N06427!2!    2!    2!0!!R6!2!UNSPEC!130.3400!106.6800!!!!R95_90!TOP!TOP!
S!N 00006427!N06427!!!!!!R6!2!UNSPEC!130.3400!106.6800!!!!R95_90!TOP!TOP!
S!N 00006427!N06427!5!    1!    2!!NO!!!!!!!!!!!!
S!DP!DP!2!    1!    1!0!!J1!A6!UNSPEC!58.4200!107.9100!!!!R85_30!TOP!TOP!
S!DP!DP!!!!!!J1!A6!UNSPEC!58.4200!107.9100!!!!R85_30!TOP!TOP!
S!DP!DP!2!    2!    2!1!!R14!1!UNSPEC!83.3500!133.3500!!!!R95_90!TOP!TOP!
S!DP!DP!!!!!!R14!1!UNSPEC!83.3500!133.3500!!!!R95_90!TOP!TOP!
S!DP!DP!7!    2!    3!2!!!!!!!!!!!!!
S!DP!DP!2!    3!    3!1!!R13!2!UNSPEC!83.3500!130.8100!!!!R95_90!TOP!TOP!
S!DP!DP!!!!!!R13!2!UNSPEC!83.3500!130.8100!!!!R95_90!TOP!TOP!
S!DP!DP!2!    4!    4!0!!J1!B6!UNSPEC!60.0900!108.4100!!!!R85_30!TOP!TOP!
S!DP!DP!!!!!!J1!B6!UNSPEC!60.0900!108.4100!!!!R85_30!TOP!TOP!
S!DP!DP!5!    1!    4!!NO!!!!!!!!!!!!
S!DP!DP!5!    3!    4!!NO!!!!!!!!!!!!
S!DP!DP!5!    2!    3!!YES!!!!!!!!!!!!
S!N 00006309!N06309!2!    1!    1!0!!R2!1!UNSPEC!128.7400!124.4600!!!!R95_90!TOP!TOP!
S!N 00006309!N06309!!!!!!R2!1!UNSPEC!128.7400!124.4600!!!!R95_90!TOP!TOP!
S!N 00006309!N06309!2!    2!    2!0!!J4!4!UNSPEC!111.7600!109.4100!!!!R254_127!TOP!TOP!
S!N 00006309!N06309!!!!!!J4!4!UNSPEC!111.7600!109.4100!!!!R254_127!TOP!TOP!
S!N 00006309!N06309!5!    1!    2!!NO!!!!!!!!!!!!
S!N 00005764!N05764!2!    1!    1!0!!J2!2!UNSPEC!101.6000!132.0800!!!!C172_5_H115!TOP!BOTTOM!
S!N 00005764!N05764!!!!!!J2!2!UNSPEC!101.6000!132.0800!!!!C172_5_H115!TOP!BOTTOM!
S!N 00005764!N05764!2!    2!    2!0!!J4!3!UNSPEC!111.7600!103.9500!!!!R254_127!TOP!TOP!
S!N 00005764!N05764!!!!!!J4!3!UNSPEC!111.7600!103.9500!!!!R254_127!TOP!TOP!
S!N 00005764!N05764!2!    3!    3!0!!D1!1!UNSPEC!122.7100!149.8600!!!!R115_80!TOP!TOP!
S!N 00005764!N05764!!!!!!D1!1!UNSPEC!122.7100!149.8600!!!!R115_80!TOP!TOP!
S!N 00005764!N05764!5!    1!    3!!NO!!!!!!!!!!!!
S!N 00005764!N05764!5!    1!    2!!NO!!!!!!!!!!!!
S!+3V 00000003!+3V3!2!    1!    1!0!!C7!2!UNSPEC!114.6300!149.8600!!!!R46_42!TOP!TOP!
S!+3V 00000003!+3V3!!!!!!C7!2!UNSPEC!114.6300!149.8600!!!!R46_42!TOP!TOP!
S!+3V 00000003!+3V3!2!    2!    2!0!!IC3!5!UNSPEC!118.0900!122.8600!!!!R125_65!TOP!TOP!
S!+3V 00000003!+3V3!!!!!!IC3!5!UNSPEC!118.0900!122.8600!!!!R125_65!TOP!TOP!
S!+3V 00000003!+3V3!2!    3!    3!0!!LED5!2!UNSPEC!140.5500!127.0000!!!!R95_80!TOP!TOP!
S!+3V 00000003!+3V3!!!!!!LED5!2!UNSPEC!140.5500!127.0000!!!!R95_80!TOP!TOP!
S!+3V 00000003!+3V3!2!    4!    4!0!!R8!2!UNSPEC!143.0400!111.7600!!!!R95_90!TOP!TOP!
S!+3V 00000003!+3V3!!!!!!R8!2!UNSPEC!143.0400!111.7600!!!!R95_90!TOP!TOP!
S!+3V 00000003!+3V3!2!    5!    5!0!!C8!2!UNSPEC!114.6300!152.4000!!!!R46_42!TOP!TOP!
S!+3V 00000003!+3V3!!!!!!C8!2!UNSPEC!114.6300!152.4000!!!!R46_42!TOP!TOP!
S!+3V 00000003!+3V3!2!    6!    6!0!!R15!1!UNSPEC!133.8200!101.6000!!!!R95_90!TOP!TOP!
S!+3V 00000003!+3V3!!!!!!R15!1!UNSPEC!133.8200!101.6000!!!!R95_90!TOP!TOP!
S!+3V 00000003!+3V3!2!    7!    7!0!!R24!1!UNSPEC!88.1000!106.6800!!!!R95_90!TOP!TOP!
S!+3V 00000003!+3V3!!!!!!R24!1!UNSPEC!88.1000!106.6800!!!!R95_90!TOP!TOP!
S!+3V 00000003!+3V3!2!    8!    8!0!!C14!2!UNSPEC!124.7900!154.9400!!!!R46_42!TOP!TOP!
S!+3V 00000003!+3V3!!!!!!C14!2!UNSPEC!124.7900!154.9400!!!!R46_42!TOP!TOP!
S!+3V 00000003!+3V3!2!    9!    9!0!!IC1!3!UNSPEC!80.0100!139.5300!!!!R115_60!TOP!TOP!
S!+3V 00000003!+3V3!!!!!!IC1!3!UNSPEC!80.0100!139.5300!!!!R115_60!TOP!TOP!
S!+3V 00000003!+3V3!2!   10!   10!0!!C9!2!UNSPEC!114.6300!154.9400!!!!R46_42!TOP!TOP!
S!+3V 00000003!+3V3!!!!!!C9!2!UNSPEC!114.6300!154.9400!!!!R46_42!TOP!TOP!
S!+3V 00000003!+3V3!2!   11!   11!0!!Q1!1!UNSPEC!138.8500!120.3400!!!!R155_65!TOP!TOP!
S!+3V 00000003!+3V3!!!!!!Q1!1!UNSPEC!138.8500!120.3400!!!!R155_65!TOP!TOP!
S!+3V 00000003!+3V3!2!   12!   12!0!!R10!2!UNSPEC!140.5000!134.6200!!!!R95_90!TOP!TOP!
S!+3V 00000003!+3V3!!!!!!R10!2!UNSPEC!140.5000!134.6200!!!!R95_90!TOP!TOP!
S!+3V 00000003!+3V3!2!   13!   13!0!!C10!2!UNSPEC!119.7100!154.9400!!!!R46_42!TOP!TOP!
S!+3V 00000003!+3V3!!!!!!C10!2!UNSPEC!119.7100!154.9400!!!!R46_42!TOP!TOP!
S!+3V 00000003!+3V3!2!   14!   14!0!!C15!2!UNSPEC!124.7900!152.4000!!!!R46_42!TOP!TOP!
S!+3V 00000003!+3V3!!!!!!C15!2!UNSPEC!124.7900!152.4000!!!!R46_42!TOP!TOP!
S!+3V 00000003!+3V3!2!   15!   15!0!!IC4!2!UNSPEC!123.8500!116.8400!!!!R175_95!TOP!TOP!
S!+3V 00000003!+3V3!!!!!!IC4!2!UNSPEC!123.8500!116.8400!!!!R175_95!TOP!TOP!
S!+3V 00000003!+3V3!7!   16!   18!2!!!!!!!!!!!!!
S!+3V 00000003!+3V3!7!   16!   18!2!!!!!!!!!!!!!
S!+3V 00000003!+3V3!7!   16!   18!2!!!!!!!!!!!!!
S!+3V 00000003!+3V3!2!   16!   16!3!!!!!!!!!!!!!
S!+3V 00000003!+3V3!2!   17!   17!1!!IC2!36!UNSPEC!75.3580!132.2900!!!!R147_5_30!TOP!TOP!
S!+3V 00000003!+3V3!!!!!!IC2!36!UNSPEC!75.3580!132.2900!!!!R147_5_30!TOP!TOP!
S!+3V 00000003!+3V3!7!   16!   17!2!!!!!!!!!!!!!
S!+3V 00000003!+3V3!2!   18!   18!1!!IC2!48!UNSPEC!68.3700!133.7780!!!!R147_5_30!TOP!TOP!
S!+3V 00000003!+3V3!!!!!!IC2!48!UNSPEC!68.3700!133.7780!!!!R147_5_30!TOP!TOP!
S!+3V 00000003!+3V3!7!   16!   19!2!!!!!!!!!!!!!
S!+3V 00000003!+3V3!7!   16!   19!2!!!!!!!!!!!!!
S!+3V 00000003!+3V3!7!   16!   19!2!!!!!!!!!!!!!
S!+3V 00000003!+3V3!7!   19!   22!2!!!!!!!!!!!!!
S!+3V 00000003!+3V3!2!   19!   19!3!!!!!!!!!!!!!
S!+3V 00000003!+3V3!2!   20!   20!1!!IC2!24!POWER!73.8700!125.3020!!!!R147_5_30!TOP!TOP!
S!+3V 00000003!+3V3!!!!!!IC2!24!POWER!73.8700!125.3020!!!!R147_5_30!TOP!TOP!
S!+3V 00000003!+3V3!7!   19!   20!2!!!!!!!!!!!!!
S!+3V 00000003!+3V3!7!   19!   20!2!!!!!!!!!!!!!
S!+3V 00000003!+3V3!7!   19!   20!2!!!!!!!!!!!!!
S!+3V 00000003!+3V3!7!   21!   22!2!!!!!!!!!!!!!
S!+3V 00000003!+3V3!7!   21!   22!2!!!!!!!!!!!!!
S!+3V 00000003!+3V3!7!   21!   22!2!!!!!!!!!!!!!
S!+3V 00000003!+3V3!2!   21!   21!1!!R12!1!UNSPEC!63.0300!124.4600!!!!R95_90!TOP!TOP!
S!+3V 00000003!+3V3!!!!!!R12!1!UNSPEC!63.0300!124.4600!!!!R95_90!TOP!TOP!
S!+3V 00000003!+3V3!2!   22!   22!2!!IC2!9!POWER!66.8820!128.2900!!!!R147_5_30!TOP!TOP!
S!+3V 00000003!+3V3!!!!!!IC2!9!POWER!66.8820!128.2900!!!!R147_5_30!TOP!TOP!
S!+3V 00000003!+3V3!2!   23!   23!0!!C12!2!UNSPEC!114.6300!157.4800!!!!R46_42!TOP!TOP!
S!+3V 00000003!+3V3!!!!!!C12!2!UNSPEC!114.6300!157.4800!!!!R46_42!TOP!TOP!
S!+3V 00000003!+3V3!2!   24!   24!0!!C13!2!UNSPEC!124.7900!157.4800!!!!R46_42!TOP!TOP!
S!+3V 00000003!+3V3!!!!!!C13!2!UNSPEC!124.7900!157.4800!!!!R46_42!TOP!TOP!
S!+3V 00000003!+3V3!5!    8!   24!!NO!!!!!!!!!!!!
S!+3V 00000003!+3V3!5!   10!   23!!NO!!!!!!!!!!!!
S!+3V 00000003!+3V3!5!   18!   22!!YES!!!!!!!!!!!!
S!+3V 00000003!+3V3!5!   21!   22!!YES!!!!!!!!!!!!
S!+3V 00000003!+3V3!5!   17!   20!!YES!!!!!!!!!!!!
S!+3V 00000003!+3V3!5!   17!   18!!YES!!!!!!!!!!!!
S!+3V 00000003!+3V3!5!    9!   17!!NO!!!!!!!!!!!!
S!+3V 00000003!+3V3!5!    2!   15!!NO!!!!!!!!!!!!
S!+3V 00000003!+3V3!5!    8!   14!!NO!!!!!!!!!!!!
S!+3V 00000003!+3V3!5!   10!   13!!NO!!!!!!!!!!!!
S!+3V 00000003!+3V3!5!    3!   12!!NO!!!!!!!!!!!!
S!+3V 00000003!+3V3!5!   11!   15!!NO!!!!!!!!!!!!
S!+3V 00000003!+3V3!5!    5!   10!!NO!!!!!!!!!!!!
S!+3V 00000003!+3V3!5!    1!    9!!NO!!!!!!!!!!!!
S!+3V 00000003!+3V3!5!    8!   13!!NO!!!!!!!!!!!!
S!+3V 00000003!+3V3!5!    7!   20!!NO!!!!!!!!!!!!
S!+3V 00000003!+3V3!5!    4!    6!!NO!!!!!!!!!!!!
S!+3V 00000003!+3V3!5!    1!    5!!NO!!!!!!!!!!!!
S!+3V 00000003!+3V3!5!    4!   11!!NO!!!!!!!!!!!!
S!+3V 00000003!+3V3!5!    3!   11!!NO!!!!!!!!!!!!
S!+3V 00000003!+3V3!5!    1!    2!!NO!!!!!!!!!!!!
S!TX!TX!2!    1!    1!0!!LED1!1!UNSPEC!88.0500!127.0000!!!!R95_80!TOP!TOP!
S!TX!TX!!!!!!LED1!1!UNSPEC!88.0500!127.0000!!!!R95_80!TOP!TOP!
S!TX!TX!2!    2!    2!0!!J4!8!UNSPEC!116.8400!109.4100!!!!R254_127!TOP!TOP!
S!TX!TX!!!!!!J4!8!UNSPEC!116.8400!109.4100!!!!R254_127!TOP!TOP!
S!TX!TX!2!    3!    3!0!!IC2!12!UNSPEC!66.8820!126.7900!!!!R147_5_30!TOP!TOP!
S!TX!TX!!!!!!IC2!12!UNSPEC!66.8820!126.7900!!!!R147_5_30!TOP!TOP!
S!TX!TX!5!    1!    3!!NO!!!!!!!!!!!!
S!TX!TX!5!    1!    2!!NO!!!!!!!!!!!!
S!RST!RST!2!    1!    1!1!!R12!2!UNSPEC!61.4300!124.4600!!!!R95_90!TOP!TOP!
S!RST!RST!!!!!!R12!2!UNSPEC!61.4300!124.4600!!!!R95_90!TOP!TOP!
S!RST!RST!7!    1!    2!2!!!!!!!!!!!!!
S!RST!RST!7!    2!    4!2!!!!!!!!!!!!!
S!RST!RST!7!    2!    4!2!!!!!!!!!!!!!
S!RST!RST!2!    2!    2!3!!!!!!!!!!!!!
S!RST!RST!2!    3!    3!1!!C5!2!UNSPEC!62.2300!126.6700!!!!R46_42!TOP!TOP!
S!RST!RST!!!!!!C5!2!UNSPEC!62.2300!126.6700!!!!R46_42!TOP!TOP!
S!RST!RST!7!    3!    4!2!!!!!!!!!!!!!
S!RST!RST!7!    3!    4!2!!!!!!!!!!!!!
S!RST!RST!7!    4!    6!2!!!!!!!!!!!!!
S!RST!RST!7!    4!    6!2!!!!!!!!!!!!!
S!RST!RST!2!    4!    4!3!!!!!!!!!!!!!
S!RST!RST!7!    2!    5!2!!!!!!!!!!!!!
S!RST!RST!2!    5!    5!1!!J7!1!UNSPEC!58.4200!121.9200!!!!S165_H110!TOP!BOTTOM!
S!RST!RST!!!!!!J7!1!UNSPEC!58.4200!121.9200!!!!S165_H110!TOP!BOTTOM!
S!RST!RST!2!    6!    6!1!!IC2!7!UNSPEC!66.8820!129.2900!!!!R147_5_30!TOP!TOP!
S!RST!RST!!!!!!IC2!7!UNSPEC!66.8820!129.2900!!!!R147_5_30!TOP!TOP!
S!RST!RST!5!    3!    6!!YES!!!!!!!!!!!!
S!RST!RST!5!    1!    5!!YES!!!!!!!!!!!!
S!RST!RST!5!    1!    3!!YES!!!!!!!!!!!!
S!SWDIO_IN!SWDIO_IN!7!    1!    2!2!!!!!!!!!!!!!
S!SWDIO_IN!SWDIO_IN!7!    1!    2!2!!!!!!!!!!!!!
S!SWDIO_IN!SWDIO_IN!2!    1!    1!1!!IC2!34!UNSPEC!75.3580!131.2900!!!!R147_5_30!TOP!TOP!
S!SWDIO_IN!SWDIO_IN!!!!!!IC2!34!UNSPEC!75.3580!131.2900!!!!R147_5_30!TOP!TOP!
S!SWDIO_IN!SWDIO_IN!2!    2!    2!2!!!!!!!78.7400!132.0800!NO!VIA!TOP!BOTTOM!
S!SWDIO_IN!SWDIO_IN!7!    2!    3!2!!!!!!!!!!!!!
S!SWDIO_IN!SWDIO_IN!2!    3!    3!2!!!!!!!78.7400!141.6050!NO!VIA!TOP!BOTTOM!
S!SWDIO_IN!SWDIO_IN!7!    3!    4!2!!!!!!!!!!!!!
S!SWDIO_IN!SWDIO_IN!2!    4!    4!1!!J5!2!UNSPEC!78.7400!146.0500!!!!C165_H110!TOP!BOTTOM!
S!SWDIO_IN!SWDIO_IN!!!!!!J5!2!UNSPEC!78.7400!146.0500!!!!C165_H110!TOP!BOTTOM!
S!SWDIO_IN!SWDIO_IN!5!    1!    4!!YES!!!!!!!!!!!!
S!+5V!+5V!2!    1!    1!0!!IC3!3!UNSPEC!115.5900!120.9800!!!!R125_65!TOP!TOP!
S!+5V!+5V!!!!!!IC3!3!UNSPEC!115.5900!120.9800!!!!R125_65!TOP!TOP!
S!+5V!+5V!2!    2!    2!0!!R7!1!UNSPEC!136.3600!106.6800!!!!R95_90!TOP!TOP!
S!+5V!+5V!!!!!!R7!1!UNSPEC!136.3600!106.6800!!!!R95_90!TOP!TOP!
S!+5V!+5V!2!    3!    3!0!!F1!1!UNSPEC!129.0050!149.8600!!!!R76_62!TOP!TOP!
S!+5V!+5V!!!!!!F1!1!UNSPEC!129.0050!149.8600!!!!R76_62!TOP!TOP!
S!+5V!+5V!2!    4!    4!0!!R21!1!UNSPEC!100.8000!104.1400!!!!R95_90!TOP!TOP!
S!+5V!+5V!!!!!!R21!1!UNSPEC!100.8000!104.1400!!!!R95_90!TOP!TOP!
S!+5V!+5V!7!    5!    7!2!!!!!!!!!!!!!
S!+5V!+5V!7!    5!    7!2!!!!!!!!!!!!!
S!+5V!+5V!7!    5!    7!2!!!!!!!!!!!!!
S!+5V!+5V!7!    5!    7!2!!!!!!!!!!!!!
S!+5V!+5V!7!    5!    7!2!!!!!!!!!!!!!
S!+5V!+5V!2!    5!    5!2!!C11!2!UNSPEC!61.2900!151.1300!!!!R46_42!TOP!TOP!
S!+5V!+5V!!!!!!C11!2!UNSPEC!61.2900!151.1300!!!!R46_42!TOP!TOP!
S!+5V!+5V!7!    5!    6!2!!!!!!!!!!!!!
S!+5V!+5V!2!    6!    6!1!!D2!2!UNSPEC!63.0200!151.1300!!!!R115_80!TOP!TOP!
S!+5V!+5V!!!!!!D2!2!UNSPEC!63.0200!151.1300!!!!R115_80!TOP!TOP!
S!+5V!+5V!2!    7!    7!1!!J3!1!UNSPEC!63.5000!146.0500!!!!S172_5_H115!TOP!BOTTOM!
S!+5V!+5V!!!!!!J3!1!UNSPEC!63.5000!146.0500!!!!S172_5_H115!TOP!BOTTOM!
S!+5V!+5V!2!    8!    8!0!!IC4!3!UNSPEC!123.8500!114.5400!!!!R175_95!TOP!TOP!
S!+5V!+5V!!!!!!IC4!3!UNSPEC!123.8500!114.5400!!!!R175_95!TOP!TOP!
S!+5V!+5V!5!    1!    8!!NO!!!!!!!!!!!!
S!+5V!+5V!5!    5!    7!!YES!!!!!!!!!!!!
S!+5V!+5V!5!    3!    6!!NO!!!!!!!!!!!!
S!+5V!+5V!5!    5!    6!!YES!!!!!!!!!!!!
S!+5V!+5V!5!    1!    4!!NO!!!!!!!!!!!!
S!+5V!+5V!5!    3!    8!!NO!!!!!!!!!!!!
S!+5V!+5V!5!    2!    8!!NO!!!!!!!!!!!!
S!GND!GND!2!    1!    1!0!!IC3!2!UNSPEC!115.5900!121.9200!!!!R125_65!TOP!TOP!
S!GND!GND!!!!!!IC3!2!UNSPEC!115.5900!121.9200!!!!R125_65!TOP!TOP!
S!GND!GND!2!    2!    2!0!!IC2!23!POWER!73.3700!125.3020!!!!R147_5_30!TOP!TOP!
S!GND!GND!!!!!!IC2!23!POWER!73.3700!125.3020!!!!R147_5_30!TOP!TOP!
S!GND!GND!2!    3!    3!1!!!!!!!68.5800!130.1750!NO!VIA!TOP!BOTTOM!
S!GND!GND!7!    3!    5!2!!!!!!!!!!!!!
S!GND!GND!7!    3!    5!2!!!!!!!!!!!!!
S!GND!GND!7!    3!    5!2!!!!!!!!!!!!!
S!GND!GND!7!    4!    5!2!!!!!!!!!!!!!
S!GND!GND!7!    4!    5!2!!!!!!!!!!!!!
S!GND!GND!7!    4!    5!2!!!!!!!!!!!!!
S!GND!GND!2!    4!    4!1!!C5!1!UNSPEC!62.2300!127.3300!!!!R46_42!TOP!TOP!
S!GND!GND!!!!!!C5!1!UNSPEC!62.2300!127.3300!!!!R46_42!TOP!TOP!
S!GND!GND!2!    5!    5!2!!IC2!8!POWER!66.8820!128.7900!!!!R147_5_30!TOP!TOP!
S!GND!GND!!!!!!IC2!8!POWER!66.8820!128.7900!!!!R147_5_30!TOP!TOP!
S!GND!GND!2!    6!    6!0!!J4!2!UNSPEC!109.2200!109.4100!!!!R254_127!TOP!TOP!
S!GND!GND!!!!!!J4!2!UNSPEC!109.2200!109.4100!!!!R254_127!TOP!TOP!
S!GND!GND!2!    7!    7!0!!C10!1!UNSPEC!119.0500!154.9400!!!!R46_42!TOP!TOP!
S!GND!GND!!!!!!C10!1!UNSPEC!119.0500!154.9400!!!!R46_42!TOP!TOP!
S!GND!GND!2!    8!    8!0!!IC4!1!UNSPEC!123.8500!119.1400!!!!R175_95!TOP!TOP!
S!GND!GND!!!!!!IC4!1!UNSPEC!123.8500!119.1400!!!!R175_95!TOP!TOP!
S!GND!GND!2!    9!    9!0!!C9!1!UNSPEC!113.9700!154.9400!!!!R46_42!TOP!TOP!
S!GND!GND!!!!!!C9!1!UNSPEC!113.9700!154.9400!!!!R46_42!TOP!TOP!
S!GND!GND!2!   10!   10!0!!C11!1!UNSPEC!60.6300!151.1300!!!!R46_42!TOP!TOP!
S!GND!GND!!!!!!C11!1!UNSPEC!60.6300!151.1300!!!!R46_42!TOP!TOP!
S!GND!GND!2!   11!   11!0!!J1!A12!UNSPEC!58.4200!110.9100!!!!R85_30!TOP!TOP!
S!GND!GND!!!!!!J1!A12!UNSPEC!58.4200!110.9100!!!!R85_30!TOP!TOP!
S!GND!GND!2!   12!   12!0!!R16!2!UNSPEC!130.3400!101.6000!!!!R95_90!TOP!TOP!
S!GND!GND!!!!!!R16!2!UNSPEC!130.3400!101.6000!!!!R95_90!TOP!TOP!
S!GND!GND!2!   13!   13!0!!R19!2!UNSPEC!94.7800!101.6000!!!!R95_90!TOP!TOP!
S!GND!GND!!!!!!R19!2!UNSPEC!94.7800!101.6000!!!!R95_90!TOP!TOP!
S!GND!GND!2!   14!   14!0!!R20!2!UNSPEC!102.4000!101.6000!!!!R95_90!TOP!TOP!
S!GND!GND!!!!!!R20!2!UNSPEC!102.4000!101.6000!!!!R95_90!TOP!TOP!
S!GND!GND!2!   15!   15!0!!IC2!35!UNSPEC!75.3580!131.7900!!!!R147_5_30!TOP!TOP!
S!GND!GND!!!!!!IC2!35!UNSPEC!75.3580!131.7900!!!!R147_5_30!TOP!TOP!
S!GND!GND!2!   16!   16!0!!C12!1!UNSPEC!113.9700!157.4800!!!!R46_42!TOP!TOP!
S!GND!GND!!!!!!C12!1!UNSPEC!113.9700!157.4800!!!!R46_42!TOP!TOP!
S!GND!GND!2!   17!   17!0!!C4!1!UNSPEC!119.0500!144.7800!!!!R46_42!TOP!TOP!
S!GND!GND!!!!!!C4!1!UNSPEC!119.0500!144.7800!!!!R46_42!TOP!TOP!
S!GND!GND!2!   18!   18!0!!C3!1!UNSPEC!119.0500!147.3200!!!!R46_42!TOP!TOP!
S!GND!GND!!!!!!C3!1!UNSPEC!119.0500!147.3200!!!!R46_42!TOP!TOP!
S!GND!GND!7!   20!   21!2!!!!!!!!!!!!!
S!GND!GND!7!   20!   21!2!!!!!!!!!!!!!
S!GND!GND!7!   20!   21!2!!!!!!!!!!!!!
S!GND!GND!2!   19!   19!1!!C1!1!UNSPEC!54.2800!130.8100!!!!R46_42!TOP!TOP!
S!GND!GND!!!!!!C1!1!UNSPEC!54.2800!130.8100!!!!R46_42!TOP!TOP!
S!GND!GND!7!   19!   20!2!!!!!!!!!!!!!
S!GND!GND!2!   20!   20!2!!C2!1!UNSPEC!54.2800!128.2700!!!!R46_42!TOP!TOP!
S!GND!GND!!!!!!C2!1!UNSPEC!54.2800!128.2700!!!!R46_42!TOP!TOP!
S!GND!GND!2!   21!   21!2!!J7!3!UNSPEC!53.3400!121.9200!!!!C165_H110!TOP!BOTTOM!
S!GND!GND!!!!!!J7!3!UNSPEC!53.3400!121.9200!!!!C165_H110!TOP!BOTTOM!
S!GND!GND!7!   21!   22!2!!!!!!!!!!!!!
S!GND!GND!2!   22!   22!1!!J7!2!UNSPEC!55.8800!121.9200!!!!C165_H110!TOP!BOTTOM!
S!GND!GND!!!!!!J7!2!UNSPEC!55.8800!121.9200!!!!C165_H110!TOP!BOTTOM!
S!GND!GND!2!   23!   23!0!!IC2!47!UNSPEC!68.8700!133.7780!!!!R147_5_30!TOP!TOP!
S!GND!GND!!!!!!IC2!47!UNSPEC!68.8700!133.7780!!!!R147_5_30!TOP!TOP!
S!GND!GND!2!   24!   24!0!!LED3!1!UNSPEC!80.4300!116.8400!!!!R95_80!TOP!TOP!
S!GND!GND!!!!!!LED3!1!UNSPEC!80.4300!116.8400!!!!R95_80!TOP!TOP!
S!GND!GND!2!   25!   25!0!!C7!1!UNSPEC!113.9700!149.8600!!!!R46_42!TOP!TOP!
S!GND!GND!!!!!!C7!1!UNSPEC!113.9700!149.8600!!!!R46_42!TOP!TOP!
S!GND!GND!2!   26!   26!0!!R22!2!UNSPEC!97.3200!104.1400!!!!R95_90!TOP!TOP!
S!GND!GND!!!!!!R22!2!UNSPEC!97.3200!104.1400!!!!R95_90!TOP!TOP!
S!GND!GND!2!   27!   27!0!!J5!1!UNSPEC!76.2000!146.0500!!!!S165_H110!TOP!BOTTOM!
S!GND!GND!!!!!!J5!1!UNSPEC!76.2000!146.0500!!!!S165_H110!TOP!BOTTOM!
S!GND!GND!2!   28!   28!0!!R3!1!UNSPEC!131.2800!127.0000!!!!R95_90!TOP!TOP!
S!GND!GND!!!!!!R3!1!UNSPEC!131.2800!127.0000!!!!R95_90!TOP!TOP!
S!GND!GND!2!   29!   29!0!!R1!1!UNSPEC!136.3600!109.2200!!!!R95_90!TOP!TOP!
S!GND!GND!!!!!!R1!1!UNSPEC!136.3600!109.2200!!!!R95_90!TOP!TOP!
S!GND!GND!2!   30!   30!0!!C15!1!UNSPEC!124.1300!152.4000!!!!R46_42!TOP!TOP!
S!GND!GND!!!!!!C15!1!UNSPEC!124.1300!152.4000!!!!R46_42!TOP!TOP!
S!GND!GND!2!   31!   31!0!!LED4!1!UNSPEC!133.7700!134.6200!!!!R95_80!TOP!TOP!
S!GND!GND!!!!!!LED4!1!UNSPEC!133.7700!134.6200!!!!R95_80!TOP!TOP!
S!GND!GND!2!   32!   32!0!!C14!1!UNSPEC!124.1300!154.9400!!!!R46_42!TOP!TOP!
S!GND!GND!!!!!!C14!1!UNSPEC!124.1300!154.9400!!!!R46_42!TOP!TOP!
S!GND!GND!2!   33!   33!0!!C6!1!UNSPEC!113.9700!147.3200!!!!R46_42!TOP!TOP!
S!GND!GND!!!!!!C6!1!UNSPEC!113.9700!147.3200!!!!R46_42!TOP!TOP!
S!GND!GND!2!   34!   34!0!!J6!1!UNSPEC!61.5950!121.9200!!!!S172_5_H115!TOP!BOTTOM!
S!GND!GND!!!!!!J6!1!UNSPEC!61.5950!121.9200!!!!S172_5_H115!TOP!BOTTOM!
S!GND!GND!2!   35!   35!0!!R17!2!UNSPEC!143.0400!101.6000!!!!R95_90!TOP!TOP!
S!GND!GND!!!!!!R17!2!UNSPEC!143.0400!101.6000!!!!R95_90!TOP!TOP!
S!GND!GND!2!   36!   36!0!!C8!1!UNSPEC!113.9700!152.4000!!!!R46_42!TOP!TOP!
S!GND!GND!!!!!!C8!1!UNSPEC!113.9700!152.4000!!!!R46_42!TOP!TOP!
S!GND!GND!2!   37!   37!0!!C13!1!UNSPEC!124.1300!157.4800!!!!R46_42!TOP!TOP!
S!GND!GND!!!!!!C13!1!UNSPEC!124.1300!157.4800!!!!R46_42!TOP!TOP!
S!GND!GND!2!   38!   38!0!!R18!2!UNSPEC!89.7000!101.6000!!!!R95_90!TOP!TOP!
S!GND!GND!!!!!!R18!2!UNSPEC!89.7000!101.6000!!!!R95_90!TOP!TOP!
S!GND!GND!2!   39!   39!0!!J1!B1!UNSPEC!60.0900!110.9100!!!!R85_30!TOP!TOP!
S!GND!GND!!!!!!J1!B1!UNSPEC!60.0900!110.9100!!!!R85_30!TOP!TOP!
S!GND!GND!5!   34!   39!!NO!!!!!!!!!!!!
S!GND!GND!5!   13!   38!!NO!!!!!!!!!!!!
S!GND!GND!5!   32!   37!!NO!!!!!!!!!!!!
S!GND!GND!5!   25!   36!!NO!!!!!!!!!!!!
S!GND!GND!5!   12!   35!!NO!!!!!!!!!!!!
S!GND!GND!5!    4!   34!!NO!!!!!!!!!!!!
S!GND!GND!5!   18!   33!!NO!!!!!!!!!!!!
S!GND!GND!5!    7!   32!!NO!!!!!!!!!!!!
S!GND!GND!5!   28!   31!!NO!!!!!!!!!!!!
S!GND!GND!5!   30!   32!!NO!!!!!!!!!!!!
S!GND!GND!5!    8!   29!!NO!!!!!!!!!!!!
S!GND!GND!5!    8!   28!!NO!!!!!!!!!!!!
S!GND!GND!5!   15!   27!!NO!!!!!!!!!!!!
S!GND!GND!5!   13!   26!!NO!!!!!!!!!!!!
S!GND!GND!5!   25!   33!!NO!!!!!!!!!!!!
S!GND!GND!5!   24!   38!!NO!!!!!!!!!!!!
S!GND!GND!5!   15!   23!!NO!!!!!!!!!!!!
S!GND!GND!5!   22!   34!!NO!!!!!!!!!!!!
S!GND!GND!5!   21!   22!!YES!!!!!!!!!!!!
S!GND!GND!5!   20!   21!!YES!!!!!!!!!!!!
S!GND!GND!5!   19!   20!!YES!!!!!!!!!!!!
S!GND!GND!5!   17!   18!!NO!!!!!!!!!!!!
S!GND!GND!5!   17!   31!!NO!!!!!!!!!!!!
S!GND!GND!5!    9!   16!!NO!!!!!!!!!!!!
S!GND!GND!5!    2!   15!!NO!!!!!!!!!!!!
S!GND!GND!5!    6!   14!!NO!!!!!!!!!!!!
S!GND!GND!5!   13!   14!!NO!!!!!!!!!!!!
S!GND!GND!5!   12!   29!!NO!!!!!!!!!!!!
S!GND!GND!5!   11!   39!!NO!!!!!!!!!!!!
S!GND!GND!5!   10!   27!!NO!!!!!!!!!!!!
S!GND!GND!5!    9!   36!!NO!!!!!!!!!!!!
S!GND!GND!5!    1!    8!!NO!!!!!!!!!!!!
S!GND!GND!5!    7!    9!!NO!!!!!!!!!!!!
S!GND!GND!5!    1!    6!!NO!!!!!!!!!!!!
S!GND!GND!5!    5!   23!!NO!!!!!!!!!!!!
S!GND!GND!5!    4!    5!!YES!!!!!!!!!!!!
S!GND!GND!5!    2!   24!!NO!!!!!!!!!!!!
S!USB_RENUM!USB_RENUM!7!    1!    2!2!!!!!!!!!!!!!
S!USB_RENUM!USB_RENUM!7!    1!    2!2!!!!!!!!!!!!!
S!USB_RENUM!USB_RENUM!7!    1!    2!2!!!!!!!!!!!!!
S!USB_RENUM!USB_RENUM!7!    1!    2!2!!!!!!!!!!!!!
S!USB_RENUM!USB_RENUM!7!    1!    2!2!!!!!!!!!!!!!
S!USB_RENUM!USB_RENUM!2!    1!    1!1!!IC2!38!POWER!73.3700!133.7780!!!!R147_5_30!TOP!TOP!
S!USB_RENUM!USB_RENUM!!!!!!IC2!38!POWER!73.3700!133.7780!!!!R147_5_30!TOP!TOP!
S!USB_RENUM!USB_RENUM!2!    2!    2!1!!R23!2!UNSPEC!77.9400!133.3500!!!!R95_90!TOP!TOP!
S!USB_RENUM!USB_RENUM!!!!!!R23!2!UNSPEC!77.9400!133.3500!!!!R95_90!TOP!TOP!
S!USB_RENUM!USB_RENUM!5!    1!    2!!YES!!!!!!!!!!!!
S!SWCLK_IN!SWCLK_IN!2!    1!    1!0!!IC2!37!POWER!73.8700!133.7780!!!!R147_5_30!TOP!TOP!
S!SWCLK_IN!SWCLK_IN!!!!!!IC2!37!POWER!73.8700!133.7780!!!!R147_5_30!TOP!TOP!
S!SWCLK_IN!SWCLK_IN!2!    2!    2!0!!J5!3!UNSPEC!81.2800!146.0500!!!!C165_H110!TOP!BOTTOM!
S!SWCLK_IN!SWCLK_IN!!!!!!J5!3!UNSPEC!81.2800!146.0500!!!!C165_H110!TOP!BOTTOM!
S!SWCLK_IN!SWCLK_IN!5!    1!    2!!NO!!!!!!!!!!!!
S!RX!RX!2!    1!    1!0!!Q1!2!UNSPEC!138.8500!118.4200!!!!R155_65!TOP!TOP!
S!RX!RX!!!!!!Q1!2!UNSPEC!138.8500!118.4200!!!!R155_65!TOP!TOP!
S!RX!RX!2!    2!    2!0!!LED2!2!UNSPEC!68.5800!118.8600!!!!S80!TOP!TOP!
S!RX!RX!!!!!!LED2!2!UNSPEC!68.5800!118.8600!!!!S80!TOP!TOP!
S!RX!RX!2!    3!    3!0!!IC2!13!UNSPEC!68.3700!125.3020!!!!R147_5_30!TOP!TOP!
S!RX!RX!!!!!!IC2!13!UNSPEC!68.3700!125.3020!!!!R147_5_30!TOP!TOP!
S!RX!RX!5!    2!    3!!NO!!!!!!!!!!!!
S!RX!RX!5!    1!    2!!NO!!!!!!!!!!!!
S!SWO!SWO!2!    1!    1!0!!R5!2!UNSPEC!130.3400!111.7600!!!!R95_90!TOP!TOP!
S!SWO!SWO!!!!!!R5!2!UNSPEC!130.3400!111.7600!!!!R95_90!TOP!TOP!
S!SWO!SWO!2!    2!    2!0!!IC2!31!UNSPEC!75.3580!129.7900!!!!R147_5_30!TOP!TOP!
S!SWO!SWO!!!!!!IC2!31!UNSPEC!75.3580!129.7900!!!!R147_5_30!TOP!TOP!
S!SWO!SWO!5!    1!    2!!NO!!!!!!!!!!!!
S!USB_DM!USB_DM!7!    1!    2!2!!!!!!!!!!!!!
S!USB_DM!USB_DM!7!    1!    2!2!!!!!!!!!!!!!
S!USB_DM!USB_DM!7!    1!    2!2!!!!!!!!!!!!!
S!USB_DM!USB_DM!2!    1!    1!1!!IC2!32!UNSPEC!75.3580!130.2900!!!!R147_5_30!TOP!TOP!
S!USB_DM!USB_DM!!!!!!IC2!32!UNSPEC!75.3580!130.2900!!!!R147_5_30!TOP!TOP!
S!USB_DM!USB_DM!2!    2!    2!1!!R11!1!UNSPEC!81.7500!128.2700!!!!R95_90!TOP!TOP!
S!USB_DM!USB_DM!!!!!!R11!1!UNSPEC!81.7500!128.2700!!!!R95_90!TOP!TOP!
S!USB_DM!USB_DM!5!    1!    2!!YES!!!!!!!!!!!!
S!USB_DP!USB_DP!2!    1!    1!1!!R13!1!UNSPEC!81.7500!130.8100!!!!R95_90!TOP!TOP!
S!USB_DP!USB_DP!!!!!!R13!1!UNSPEC!81.7500!130.8100!!!!R95_90!TOP!TOP!
S!USB_DP!USB_DP!7!    1!    2!2!!!!!!!!!!!!!
S!USB_DP!USB_DP!7!    1!    2!2!!!!!!!!!!!!!
S!USB_DP!USB_DP!7!    1!    2!2!!!!!!!!!!!!!
S!USB_DP!USB_DP!2!    2!    2!1!!IC2!33!UNSPEC!75.3580!130.7900!!!!R147_5_30!TOP!TOP!
S!USB_DP!USB_DP!!!!!!IC2!33!UNSPEC!75.3580!130.7900!!!!R147_5_30!TOP!TOP!
S!USB_DP!USB_DP!5!    1!    2!!YES!!!!!!!!!!!!
S!N 00004880!N04880!2!    1!    1!1!!J3!2!UNSPEC!66.0400!146.0500!!!!C172_5_H115!TOP!BOTTOM!
S!N 00004880!N04880!!!!!!J3!2!UNSPEC!66.0400!146.0500!!!!C172_5_H115!TOP!BOTTOM!
S!N 00004880!N04880!7!    1!    2!2!!!!!!!!!!!!!
S!N 00004880!N04880!7!    1!    2!2!!!!!!!!!!!!!
S!N 00004880!N04880!7!    1!    2!2!!!!!!!!!!!!!
S!N 00004880!N04880!2!    2!    2!1!!D2!1!UNSPEC!66.5200!151.1300!!!!R115_80!TOP!TOP!
S!N 00004880!N04880!!!!!!D2!1!UNSPEC!66.5200!151.1300!!!!R115_80!TOP!TOP!
S!N 00004880!N04880!2!    3!    3!0!!J4!1!UNSPEC!109.2200!103.9500!!!!R254_127!TOP!TOP!
S!N 00004880!N04880!!!!!!J4!1!UNSPEC!109.2200!103.9500!!!!R254_127!TOP!TOP!
S!N 00004880!N04880!5!    1!    3!!NO!!!!!!!!!!!!
S!N 00004880!N04880!5!    1!    2!!YES!!!!!!!!!!!!
S!N 00002734!N02734!2!    1!    1!0!!R9!2!UNSPEC!143.0400!106.6800!!!!R95_90!TOP!TOP!
S!N 00002734!N02734!!!!!!R9!2!UNSPEC!143.0400!106.6800!!!!R95_90!TOP!TOP!
S!N 00002734!N02734!2!    2!    2!0!!IC2!27!UNSPEC!75.3580!127.7900!!!!R147_5_30!TOP!TOP!
S!N 00002734!N02734!!!!!!IC2!27!UNSPEC!75.3580!127.7900!!!!R147_5_30!TOP!TOP!
S!N 00002734!N02734!5!    1!    2!!NO!!!!!!!!!!!!
S!FUSE!FUSE!2!    1!    1!0!!F1!2!UNSPEC!130.0750!149.8600!!!!R76_62!TOP!TOP!
S!FUSE!FUSE!!!!!!F1!2!UNSPEC!130.0750!149.8600!!!!R76_62!TOP!TOP!
S!FUSE!FUSE!2!    2!    2!0!!J1!A4!UNSPEC!58.4200!106.9100!!!!R85_30!TOP!TOP!
S!FUSE!FUSE!!!!!!J1!A4!UNSPEC!58.4200!106.9100!!!!R85_30!TOP!TOP!
S!FUSE!FUSE!2!    3!    3!0!!J1!A9!UNSPEC!58.4200!109.4100!!!!R85_30!TOP!TOP!
S!FUSE!FUSE!!!!!!J1!A9!UNSPEC!58.4200!109.4100!!!!R85_30!TOP!TOP!
S!FUSE!FUSE!2!    4!    4!0!!J1!B4!UNSPEC!60.0900!109.4100!!!!R85_30!TOP!TOP!
S!FUSE!FUSE!!!!!!J1!B4!UNSPEC!60.0900!109.4100!!!!R85_30!TOP!TOP!
S!FUSE!FUSE!2!    5!    5!0!!J1!B9!UNSPEC!60.0900!106.9100!!!!R85_30!TOP!TOP!
S!FUSE!FUSE!!!!!!J1!B9!UNSPEC!60.0900!106.9100!!!!R85_30!TOP!TOP!
S!FUSE!FUSE!5!    2!    5!!NO!!!!!!!!!!!!
S!FUSE!FUSE!5!    1!    4!!NO!!!!!!!!!!!!
S!FUSE!FUSE!5!    3!    4!!NO!!!!!!!!!!!!
S!FUSE!FUSE!5!    2!    3!!NO!!!!!!!!!!!!
S! 00000000!0!2!    1!    1!0!!J1!A1!UNSPEC!58.4200!105.4100!!!!R85_30!TOP!TOP!
S! 00000000!0!!!!!!J1!A1!UNSPEC!58.4200!105.4100!!!!R85_30!TOP!TOP!
S! 00000000!0!2!    2!    2!0!!J1!B12!UNSPEC!60.0900!105.4100!!!!R85_30!TOP!TOP!
S! 00000000!0!!!!!!J1!B12!UNSPEC!60.0900!105.4100!!!!R85_30!TOP!TOP!
S! 00000000!0!5!    1!    2!!NO!!!!!!!!!!!!
S!LED_LINK!LED_LINK!2!    1!    1!0!!R25!2!UNSPEC!102.4000!106.6800!!!!R95_90!TOP!TOP!
S!LED_LINK!LED_LINK!!!!!!R25!2!UNSPEC!102.4000!106.6800!!!!R95_90!TOP!TOP!
S!LED_LINK!LED_LINK!2!    2!    2!0!!R26!2!UNSPEC!125.2600!101.6000!!!!R95_90!TOP!TOP!
S!LED_LINK!LED_LINK!!!!!!R26!2!UNSPEC!125.2600!101.6000!!!!R95_90!TOP!TOP!
S!LED_LINK!LED_LINK!2!    3!    3!0!!IC2!30!UNSPEC!75.3580!129.2900!!!!R147_5_30!TOP!TOP!
S!LED_LINK!LED_LINK!!!!!!IC2!30!UNSPEC!75.3580!129.2900!!!!R147_5_30!TOP!TOP!
S!LED_LINK!LED_LINK!5!    1!    3!!NO!!!!!!!!!!!!
S!LED_LINK!LED_LINK!5!    1!    2!!NO!!!!!!!!!!!!
S!BOOT_ 00000001!BOOT_1!2!    1!    1!0!!IC2!20!UNSPEC!71.8700!125.3020!!!!R147_5_30!TOP!TOP!
S!BOOT_ 00000001!BOOT_1!!!!!!IC2!20!UNSPEC!71.8700!125.3020!!!!R147_5_30!TOP!TOP!
S!BOOT_ 00000001!BOOT_1!2!    2!    2!0!!R22!1!UNSPEC!95.7200!104.1400!!!!R95_90!TOP!TOP!
S!BOOT_ 00000001!BOOT_1!!!!!!R22!1!UNSPEC!95.7200!104.1400!!!!R95_90!TOP!TOP!
S!BOOT_ 00000001!BOOT_1!5!    1!    2!!NO!!!!!!!!!!!!
S!BOOT_ 00000000!BOOT_0!2!    1!    1!0!!R17!1!UNSPEC!141.4400!101.6000!!!!R95_90!TOP!TOP!
S!BOOT_ 00000000!BOOT_0!!!!!!R17!1!UNSPEC!141.4400!101.6000!!!!R95_90!TOP!TOP!
S!BOOT_ 00000000!BOOT_0!2!    2!    2!0!!IC2!44!UNSPEC!70.3700!133.7780!!!!R147_5_30!TOP!TOP!
S!BOOT_ 00000000!BOOT_0!!!!!!IC2!44!UNSPEC!70.3700!133.7780!!!!R147_5_30!TOP!TOP!
S!BOOT_ 00000000!BOOT_0!5!    1!    2!!NO!!!!!!!!!!!!
S!SWDIO!SWDIO!2!    1!    1!0!!R2!2!UNSPEC!130.3400!124.4600!!!!R95_90!TOP!TOP!
S!SWDIO!SWDIO!!!!!!R2!2!UNSPEC!130.3400!124.4600!!!!R95_90!TOP!TOP!
S!SWDIO!SWDIO!2!    2!    2!0!!R9!1!UNSPEC!141.4400!106.6800!!!!R95_90!TOP!TOP!
S!SWDIO!SWDIO!!!!!!R9!1!UNSPEC!141.4400!106.6800!!!!R95_90!TOP!TOP!
S!SWDIO!SWDIO!2!    3!    3!0!!IC2!25!POWER!75.3580!126.7900!!!!R147_5_30!TOP!TOP!
S!SWDIO!SWDIO!!!!!!IC2!25!POWER!75.3580!126.7900!!!!R147_5_30!TOP!TOP!
S!SWDIO!SWDIO!5!    1!    3!!NO!!!!!!!!!!!!
S!SWDIO!SWDIO!5!    1!    2!!NO!!!!!!!!!!!!
S!N 00013004!N13004!2!    1!    1!0!!IC3!4!UNSPEC!118.0900!120.9800!!!!R125_65!TOP!TOP!
S!N 00013004!N13004!!!!!!IC3!4!UNSPEC!118.0900!120.9800!!!!R125_65!TOP!TOP!
S!N 00013004!N13004!2!    2!    2!0!!C6!2!UNSPEC!114.6300!147.3200!!!!R46_42!TOP!TOP!
S!N 00013004!N13004!!!!!!C6!2!UNSPEC!114.6300!147.3200!!!!R46_42!TOP!TOP!
S!N 00013004!N13004!5!    1!    2!!NO!!!!!!!!!!!!
S!N 00001382!N01382!7!    1!    2!2!!!!!!!!!!!!!
S!N 00001382!N01382!7!    1!    2!2!!!!!!!!!!!!!
S!N 00001382!N01382!7!    1!    2!2!!!!!!!!!!!!!
S!N 00001382!N01382!7!    1!    2!2!!!!!!!!!!!!!
S!N 00001382!N01382!7!    1!    2!2!!!!!!!!!!!!!
S!N 00001382!N01382!2!    1!    1!1!!IC2!21!UNSPEC!72.3700!125.3020!!!!R147_5_30!TOP!TOP!
S!N 00001382!N01382!!!!!!IC2!21!UNSPEC!72.3700!125.3020!!!!R147_5_30!TOP!TOP!
S!N 00001382!N01382!2!    2!    2!1!!J6!2!UNSPEC!64.1350!121.9200!!!!C172_5_H115!TOP!BOTTOM!
S!N 00001382!N01382!!!!!!J6!2!UNSPEC!64.1350!121.9200!!!!C172_5_H115!TOP!BOTTOM!
S!N 00001382!N01382!5!    1!    2!!YES!!!!!!!!!!!!
S!DN!DN!2!    1!    1!0!!J1!A7!UNSPEC!58.4200!108.4100!!!!R85_30!TOP!TOP!
S!DN!DN!!!!!!J1!A7!UNSPEC!58.4200!108.4100!!!!R85_30!TOP!TOP!
S!DN!DN!2!    2!    2!0!!R11!2!UNSPEC!83.3500!128.2700!!!!R95_90!TOP!TOP!
S!DN!DN!!!!!!R11!2!UNSPEC!83.3500!128.2700!!!!R95_90!TOP!TOP!
S!DN!DN!2!    3!    3!0!!J1!B7!UNSPEC!60.0900!107.9100!!!!R85_30!TOP!TOP!
S!DN!DN!!!!!!J1!B7!UNSPEC!60.0900!107.9100!!!!R85_30!TOP!TOP!
S!DN!DN!5!    1!    3!!NO!!!!!!!!!!!!
S!DN!DN!5!    2!    3!!NO!!!!!!!!!!!!
S!PA 00000000!PA0!2!    1!    1!0!!R15!2!UNSPEC!135.4200!101.6000!!!!R95_90!TOP!TOP!
S!PA 00000000!PA0!!!!!!R15!2!UNSPEC!135.4200!101.6000!!!!R95_90!TOP!TOP!
S!PA 00000000!PA0!2!    2!    2!0!!R16!1!UNSPEC!128.7400!101.6000!!!!R95_90!TOP!TOP!
S!PA 00000000!PA0!!!!!!R16!1!UNSPEC!128.7400!101.6000!!!!R95_90!TOP!TOP!
S!PA 00000000!PA0!2!    3!    3!0!!IC2!10!UNSPEC!66.8820!127.7900!!!!R147_5_30!TOP!TOP!
S!PA 00000000!PA0!!!!!!IC2!10!UNSPEC!66.8820!127.7900!!!!R147_5_30!TOP!TOP!
S!PA 00000000!PA0!5!    2!    3!!NO!!!!!!!!!!!!
S!PA 00000000!PA0!5!    1!    2!!NO!!!!!!!!!!!!
S!N 00011997!N11997!2!    1!    1!0!!C4!2!UNSPEC!119.7100!144.7800!!!!R46_42!TOP!TOP!
S!N 00011997!N11997!!!!!!C4!2!UNSPEC!119.7100!144.7800!!!!R46_42!TOP!TOP!
S!N 00011997!N11997!2!    2!    2!0!!IC3!1!UNSPEC!115.5900!122.8600!!!!R125_65!TOP!TOP!
S!N 00011997!N11997!!!!!!IC3!1!UNSPEC!115.5900!122.8600!!!!R125_65!TOP!TOP!
S!N 00011997!N11997!2!    3!    3!0!!C3!2!UNSPEC!119.7100!147.3200!!!!R46_42!TOP!TOP!
S!N 00011997!N11997!!!!!!C3!2!UNSPEC!119.7100!147.3200!!!!R46_42!TOP!TOP!
S!N 00011997!N11997!5!    1!    3!!NO!!!!!!!!!!!!
S!N 00011997!N11997!5!    1!    2!!NO!!!!!!!!!!!!
S!N 00000782!N00782!2!    1!    1!1!!IC2!6!OUT!66.8820!129.7900!!!!R147_5_30!TOP!TOP!
S!N 00000782!N00782!!!!!!IC2!6!OUT!66.8820!129.7900!!!!R147_5_30!TOP!TOP!
S!N 00000782!N00782!7!    1!    3!2!!!!!!!!!!!!!
S!N 00000782!N00782!7!    1!    3!2!!!!!!!!!!!!!
S!N 00000782!N00782!7!    1!    3!2!!!!!!!!!!!!!
S!N 00000782!N00782!2!    2!    2!1!!C2!2!UNSPEC!54.9400!128.2700!!!!R46_42!TOP!TOP!
S!N 00000782!N00782!!!!!!C2!2!UNSPEC!54.9400!128.2700!!!!R46_42!TOP!TOP!
S!N 00000782!N00782!7!    2!    3!2!!!!!!!!!!!!!
S!N 00000782!N00782!7!    2!    3!2!!!!!!!!!!!!!
S!N 00000782!N00782!7!    2!    3!2!!!!!!!!!!!!!
S!N 00000782!N00782!2!    3!    3!2!!Y1!2!UNSPEC!58.4200!128.2900!!!!R190_110!TOP!TOP!
S!N 00000782!N00782!!!!!!Y1!2!UNSPEC!58.4200!128.2900!!!!R190_110!TOP!TOP!
S!N 00000782!N00782!5!    1!    3!!YES!!!!!!!!!!!!
S!N 00000782!N00782!5!    2!    3!!YES!!!!!!!!!!!!
S!N 00000775!N00775!2!    1!    1!1!!IC2!5!IN!66.8820!130.2900!!!!R147_5_30!TOP!TOP!
S!N 00000775!N00775!!!!!!IC2!5!IN!66.8820!130.2900!!!!R147_5_30!TOP!TOP!
S!N 00000775!N00775!7!    1!    3!2!!!!!!!!!!!!!
S!N 00000775!N00775!7!    1!    3!2!!!!!!!!!!!!!
S!N 00000775!N00775!7!    1!    3!2!!!!!!!!!!!!!
S!N 00000775!N00775!7!    1!    3!2!!!!!!!!!!!!!
S!N 00000775!N00775!7!    1!    3!2!!!!!!!!!!!!!
S!N 00000775!N00775!2!    2!    2!1!!C1!2!UNSPEC!54.9400!130.8100!!!!R46_42!TOP!TOP!
S!N 00000775!N00775!!!!!!C1!2!UNSPEC!54.9400!130.8100!!!!R46_42!TOP!TOP!
S!N 00000775!N00775!7!    2!    3!2!!!!!!!!!!!!!
S!N 00000775!N00775!7!    2!    3!2!!!!!!!!!!!!!
S!N 00000775!N00775!7!    2!    3!2!!!!!!!!!!!!!
S!N 00000775!N00775!2!    3!    3!2!!Y1!1!UNSPEC!58.4200!130.7900!!!!R190_110!TOP!TOP!
S!N 00000775!N00775!!!!!!Y1!1!UNSPEC!58.4200!130.7900!!!!R190_110!TOP!TOP!
S!N 00000775!N00775!5!    1!    3!!YES!!!!!!!!!!!!
S!N 00000775!N00775!5!    2!    3!!YES!!!!!!!!!!!!
S!RESET!RESET!2!    1!    1!0!!R6!1!UNSPEC!128.7400!106.6800!!!!R95_90!TOP!TOP!
S!RESET!RESET!!!!!!R6!1!UNSPEC!128.7400!106.6800!!!!R95_90!TOP!TOP!
S!RESET!RESET!2!    2!    2!0!!IC2!18!UNSPEC!70.8700!125.3020!!!!R147_5_30!TOP!TOP!
S!RESET!RESET!!!!!!IC2!18!UNSPEC!70.8700!125.3020!!!!R147_5_30!TOP!TOP!
S!RESET!RESET!5!    1!    2!!NO!!!!!!!!!!!!
S!N 00000410!N00410!2!    1!    1!0!!IC2!3!UNSPEC!66.8820!131.2900!!!!R147_5_30!TOP!TOP!
S!N 00000410!N00410!!!!!!IC2!3!UNSPEC!66.8820!131.2900!!!!R147_5_30!TOP!TOP!
S!N 00000410!N00410!2!    2!    2!0!!R1!2!UNSPEC!137.9600!109.2200!!!!R95_90!TOP!TOP!
S!N 00000410!N00410!!!!!!R1!2!UNSPEC!137.9600!109.2200!!!!R95_90!TOP!TOP!
S!N 00000410!N00410!5!    1!    2!!NO!!!!!!!!!!!!
S!SWCLK!SWCLK!2!    1!    1!0!!IC2!15!UNSPEC!69.3700!125.3020!!!!R147_5_30!TOP!TOP!
S!SWCLK!SWCLK!!!!!!IC2!15!UNSPEC!69.3700!125.3020!!!!R147_5_30!TOP!TOP!
S!SWCLK!SWCLK!2!    2!    2!0!!IC2!26!POWER!75.3580!127.2900!!!!R147_5_30!TOP!TOP!
S!SWCLK!SWCLK!!!!!!IC2!26!POWER!75.3580!127.2900!!!!R147_5_30!TOP!TOP!
S!SWCLK!SWCLK!2!    3!    3!0!!R4!1!UNSPEC!133.8200!119.3800!!!!R95_90!TOP!TOP!
S!SWCLK!SWCLK!!!!!!R4!1!UNSPEC!133.8200!119.3800!!!!R95_90!TOP!TOP!
S!SWCLK!SWCLK!5!    2!    3!!NO!!!!!!!!!!!!
S!SWCLK!SWCLK!5!    1!    2!!NO!!!!!!!!!!!!
S!N 00000368!N00368!2!    1!    1!0!!R3!2!UNSPEC!132.8800!127.0000!!!!R95_90!TOP!TOP!
S!N 00000368!N00368!!!!!!R3!2!UNSPEC!132.8800!127.0000!!!!R95_90!TOP!TOP!
S!N 00000368!N00368!2!    2!    2!0!!IC2!2!UNSPEC!66.8820!131.7900!!!!R147_5_30!TOP!TOP!
S!N 00000368!N00368!!!!!!IC2!2!UNSPEC!66.8820!131.7900!!!!R147_5_30!TOP!TOP!
S!N 00000368!N00368!5!    1!    2!!NO!!!!!!!!!!!!
S!N 00009921!N09921!2!    1!    1!0!!LED5!1!UNSPEC!138.8500!127.0000!!!!R95_80!TOP!TOP!
S!N 00009921!N09921!!!!!!LED5!1!UNSPEC!138.8500!127.0000!!!!R95_80!TOP!TOP!
S!N 00009921!N09921!2!    2!    2!0!!R26!1!UNSPEC!123.6600!101.6000!!!!R95_90!TOP!TOP!
S!N 00009921!N09921!!!!!!R26!1!UNSPEC!123.6600!101.6000!!!!R95_90!TOP!TOP!
S!N 00009921!N09921!5!    1!    2!!NO!!!!!!!!!!!!
S!N 00009917!N09917!2!    1!    1!0!!LED4!2!UNSPEC!135.4700!134.6200!!!!R95_80!TOP!TOP!
S!N 00009917!N09917!!!!!!LED4!2!UNSPEC!135.4700!134.6200!!!!R95_80!TOP!TOP!
S!N 00009917!N09917!2!    2!    2!0!!R25!1!UNSPEC!100.8000!106.6800!!!!R95_90!TOP!TOP!
S!N 00009917!N09917!!!!!!R25!1!UNSPEC!100.8000!106.6800!!!!R95_90!TOP!TOP!
S!N 00009917!N09917!5!    1!    2!!NO!!!!!!!!!!!!
S!N 00005760!N05760!2!    1!    1!0!!J2!1!UNSPEC!101.6000!129.5400!!!!S172_5_H115!TOP!BOTTOM!
S!N 00005760!N05760!!!!!!J2!1!UNSPEC!101.6000!129.5400!!!!S172_5_H115!TOP!BOTTOM!
S!N 00005760!N05760!2!    2!    2!0!!D1!2!UNSPEC!126.2100!149.8600!!!!R115_80!TOP!TOP!
S!N 00005760!N05760!!!!!!D1!2!UNSPEC!126.2100!149.8600!!!!R115_80!TOP!TOP!
S!N 00005760!N05760!5!    1!    2!!NO!!!!!!!!!!!!
S!VBAT!VBAT!2!    1!    1!0!!IC2!1!POWER!66.8820!132.2900!!!!R147_5_30!TOP!TOP!
S!VBAT!VBAT!!!!!!IC2!1!POWER!66.8820!132.2900!!!!R147_5_30!TOP!TOP!
S!N 00030478!N30478!2!    1!    1!0!!J1!B5!UNSPEC!60.0900!108.9100!!!!R85_30!TOP!TOP!
S!N 00030478!N30478!!!!!!J1!B5!UNSPEC!60.0900!108.9100!!!!R85_30!TOP!TOP!
S!N 00030478!N30478!2!    2!    2!0!!R19!1!UNSPEC!93.1800!101.6000!!!!R95_90!TOP!TOP!
S!N 00030478!N30478!!!!!!R19!1!UNSPEC!93.1800!101.6000!!!!R95_90!TOP!TOP!
S!N 00030478!N30478!5!    1!    2!!NO!!!!!!!!!!!!
S!N 00030510!N30510!2!    1!    1!0!!J1!A5!UNSPEC!58.4200!107.4100!!!!R85_30!TOP!TOP!
S!N 00030510!N30510!!!!!!J1!A5!UNSPEC!58.4200!107.4100!!!!R85_30!TOP!TOP!
S!N 00030510!N30510!2!    2!    2!0!!R18!1!UNSPEC!88.1000!101.6000!!!!R95_90!TOP!TOP!
S!N 00030510!N30510!!!!!!R18!1!UNSPEC!88.1000!101.6000!!!!R95_90!TOP!TOP!
S!N 00030510!N30510!5!    1!    2!!NO!!!!!!!!!!!!
S!N 00008768!N08768!2!    1!    1!0!!LED3!2!UNSPEC!82.1300!116.8400!!!!R95_80!TOP!TOP!
S!N 00008768!N08768!!!!!!LED3!2!UNSPEC!82.1300!116.8400!!!!R95_80!TOP!TOP!
S!N 00008768!N08768!2!    2!    2!0!!R24!2!UNSPEC!89.7000!106.6800!!!!R95_90!TOP!TOP!
S!N 00008768!N08768!!!!!!R24!2!UNSPEC!89.7000!106.6800!!!!R95_90!TOP!TOP!
S!N 00008768!N08768!5!    1!    2!!NO!!!!!!!!!!!!
S!!!2!    1!    1!0!!J4!10!UNSPEC!119.3800!109.4100!!!!R254_127!TOP!TOP!
S!!!!!!!!J4!10!UNSPEC!119.3800!109.4100!!!!R254_127!TOP!TOP!
S!!!2!    1!    1!0!!J1!B8!UNSPEC!60.0900!107.4100!!!!R85_30!TOP!TOP!
S!!!!!!!!J1!B8!UNSPEC!60.0900!107.4100!!!!R85_30!TOP!TOP!
S!!!2!    1!    1!0!!J1!A8!UNSPEC!58.4200!108.9100!!!!R85_30!TOP!TOP!
S!!!!!!!!J1!A8!UNSPEC!58.4200!108.9100!!!!R85_30!TOP!TOP!
S!!!2!    1!    1!0!!J1!MH6!UNSPEC!61.4050!105.7600!!!!C110_H70!TOP!BOTTOM!
S!!!!!!!!J1!MH6!UNSPEC!61.4050!105.7600!!!!C110_H70!TOP!BOTTOM!
S!!!2!    1!    1!0!!J1!MH5!UNSPEC!61.4050!110.5600!!!!C110_H70!TOP!BOTTOM!
S!!!!!!!!J1!MH5!UNSPEC!61.4050!110.5600!!!!C110_H70!TOP!BOTTOM!
S!!!2!    1!    1!0!!J1!MH4!UNSPEC!57.1050!110.5600!!!!C110_H70!TOP!BOTTOM!
S!!!!!!!!J1!MH4!UNSPEC!57.1050!110.5600!!!!C110_H70!TOP!BOTTOM!
S!!!2!    1!    1!0!!J1!MH3!UNSPEC!57.1050!105.7600!!!!C110_H70!TOP!BOTTOM!
S!!!!!!!!J1!MH3!UNSPEC!57.1050!105.7600!!!!C110_H70!TOP!BOTTOM!
S!!!2!    1!    1!0!!IC4!4!UNSPEC!130.1500!116.8400!!!!R320_175!TOP!TOP!
S!!!!!!!!IC4!4!UNSPEC!130.1500!116.8400!!!!R320_175!TOP!TOP!
S!!!2!    1!    1!0!!IC2!4!UNSPEC!66.8820!130.7900!!!!R147_5_30!TOP!TOP!
S!!!!!!!!IC2!4!UNSPEC!66.8820!130.7900!!!!R147_5_30!TOP!TOP!
S!!!2!    1!    1!0!!IC2!46!UNSPEC!69.3700!133.7780!!!!R147_5_30!TOP!TOP!
S!!!!!!!!IC2!46!UNSPEC!69.3700!133.7780!!!!R147_5_30!TOP!TOP!
S!!!2!    1!    1!0!!IC2!45!UNSPEC!69.8700!133.7780!!!!R147_5_30!TOP!TOP!
S!!!!!!!!IC2!45!UNSPEC!69.8700!133.7780!!!!R147_5_30!TOP!TOP!
S!!!2!    1!    1!0!!IC2!43!UNSPEC!70.8700!133.7780!!!!R147_5_30!TOP!TOP!
S!!!!!!!!IC2!43!UNSPEC!70.8700!133.7780!!!!R147_5_30!TOP!TOP!
S!!!2!    1!    1!0!!IC2!42!UNSPEC!71.3700!133.7780!!!!R147_5_30!TOP!TOP!
S!!!!!!!!IC2!42!UNSPEC!71.3700!133.7780!!!!R147_5_30!TOP!TOP!
S!!!2!    1!    1!0!!IC2!41!IN!71.8700!133.7780!!!!R147_5_30!TOP!TOP!
S!!!!!!!!IC2!41!IN!71.8700!133.7780!!!!R147_5_30!TOP!TOP!
S!!!2!    1!    1!0!!IC2!40!UNSPEC!72.3700!133.7780!!!!R147_5_30!TOP!TOP!
S!!!!!!!!IC2!40!UNSPEC!72.3700!133.7780!!!!R147_5_30!TOP!TOP!
S!!!2!    1!    1!0!!IC2!39!UNSPEC!72.8700!133.7780!!!!R147_5_30!TOP!TOP!
S!!!!!!!!IC2!39!UNSPEC!72.8700!133.7780!!!!R147_5_30!TOP!TOP!
S!!!2!    1!    1!0!!IC2!28!UNSPEC!75.3580!128.2900!!!!R147_5_30!TOP!TOP!
S!!!!!!!!IC2!28!UNSPEC!75.3580!128.2900!!!!R147_5_30!TOP!TOP!
S!!!2!    1!    1!0!!IC2!22!UNSPEC!72.8700!125.3020!!!!R147_5_30!TOP!TOP!
S!!!!!!!!IC2!22!UNSPEC!72.8700!125.3020!!!!R147_5_30!TOP!TOP!
S!!!2!    1!    1!0!!IC2!19!UNSPEC!71.3700!125.3020!!!!R147_5_30!TOP!TOP!
S!!!!!!!!IC2!19!UNSPEC!71.3700!125.3020!!!!R147_5_30!TOP!TOP!
S!!!2!    1!    1!0!!IC2!29!UNSPEC!75.3580!128.7900!!!!R147_5_30!TOP!TOP!
S!!!!!!!!IC2!29!UNSPEC!75.3580!128.7900!!!!R147_5_30!TOP!TOP!
S!!!2!    1!    1!0!!IC2!17!UNSPEC!70.3700!125.3020!!!!R147_5_30!TOP!TOP!
S!!!!!!!!IC2!17!UNSPEC!70.3700!125.3020!!!!R147_5_30!TOP!TOP!
S!!!2!    1!    1!0!!IC2!16!UNSPEC!69.8700!125.3020!!!!R147_5_30!TOP!TOP!
S!!!!!!!!IC2!16!UNSPEC!69.8700!125.3020!!!!R147_5_30!TOP!TOP!
S!!!2!    1!    1!0!!IC2!14!UNSPEC!68.8700!125.3020!!!!R147_5_30!TOP!TOP!
S!!!!!!!!IC2!14!UNSPEC!68.8700!125.3020!!!!R147_5_30!TOP!TOP!
S!!!2!    1!    1!0!!IC2!11!UNSPEC!66.8820!127.2900!!!!R147_5_30!TOP!TOP!
S!!!!!!!!IC2!11!UNSPEC!66.8820!127.2900!!!!R147_5_30!TOP!TOP!
S!!!2!    1!    1!0!!IC1!1!UNSPEC!79.0600!137.3300!!!!R115_60!TOP!TOP!
S!!!!!!!!IC1!1!UNSPEC!79.0600!137.3300!!!!R115_60!TOP!TOP!
