A!PAD_NAME!REC_NUMBER!LAYER!FIXFLAG!VIAFLAG!PADSHAPE1!PADWIDTH!PADHGHT!PADXOFF!PADYOFF!PADFLASH!PADSHAPENAME!TRELSHAPE1!TRELWIDTH!TRELHGHT!TRELXOFF!TRELYOFF!TRELFLASH!TRELSHAPENAME!APADSHAPE1!APADWIDTH!APADHGHT!APADXOFF!APADYOFF!APADFLASH!APADSHAPENAME!
J!D:/Projects/ProjectScience/electronics/ProjectID_DOSTI_STLINK/allegro/STLINK.brd!Thu Jun 13 12:16:09 2024!0.0000!0.0000!297.0000!210.0000!0.0001!millimeters!STLINK!10.400000 mil!2!UP TO DATE!
S!VIA!00001!TOP!o!!CIRCLE!0.6096!0.6096!0.0000!0.0000!!!FLASH!0.1270!0.1270!0.0000!0.0000!AB00!!CIRCLE!0.7620!0.7620!0.0000!0.0000!!!
S!VIA!00002!internal_pad_def!o!!CIRCLE!0.6096!0.6096!0.0000!0.0000!!!FLASH!0.1270!0.1270!0.0000!0.0000!AB00!!CIRCLE!0.7620!0.7620!0.0000!0.0000!!!
S!VIA!00003!BOTTOM!o!!CIRCLE!0.6096!0.6096!0.0000!0.0000!!!FLASH!0.1270!0.1270!0.0000!0.0000!AB00!!CIRCLE!0.7620!0.7620!0.0000!0.0000!!!
S!VIA!00004!~TSM!o!!CIRCLE!1.1176!1.1176!0.0000!0.0000!!!!!!!!!!!!!!!!!
S!VIA!00005!~BSM!o!!CIRCLE!1.1176!1.1176!0.0000!0.0000!!!!!!!!!!!!!!!!!
S!VIA!00006!~TPM!o!!!0.0000!0.0000!0.0000!0.0000!!!!!!!!!!!!!!!!!
S!VIA!00007!~BPM!o!!!0.0000!0.0000!0.0000!0.0000!!!!!!!!!!!!!!!!!
S!VIA!00008!~TFM!o!!!0.0000!0.0000!0.0000!0.0000!!!!!!!!!!!!!!!!!
S!VIA!00009!~BFM!o!!!0.0000!0.0000!0.0000!0.0000!!!!!!!!!!!!!!!!!
S!VIA!00010!~ALV!o!!!0.0000!0.0000!0.0000!0.0000!!!!!!!!!!!!!!!!!
S!VIA!00011!~DRILL!o!!0.3302!1.2700!1.2700!0.0000!0.0000!CIRCLE!P!+!n!!!!!!CIRCLE_DRILL!!0.0000!0.0000!!!!
S!R190_110!00001!TOP!o!v!RECTANGLE!1.1001!1.8999!0.0000!0.0000!!!!0.0000!0.0000!0.0000!0.0000!!!!0.0000!0.0000!0.0000!0.0000!!!
S!R190_110!00002!internal_pad_def!o!v!!0.0000!0.0000!0.0000!0.0000!!!!0.0000!0.0000!0.0000!0.0000!!!!0.0000!0.0000!0.0000!0.0000!!!
S!R190_110!00003!BOTTOM!o!v!!0.0000!0.0000!0.0000!0.0000!!!!0.0000!0.0000!0.0000!0.0000!!!!0.0000!0.0000!0.0000!0.0000!!!
S!R190_110!00004!~TSM!o!v!RECTANGLE!1.1001!1.8999!0.0000!0.0000!!!!!!!!!!!!!!!!!
S!R190_110!00005!~BSM!o!v!!0.0000!0.0000!0.0000!0.0000!!!!!!!!!!!!!!!!!
S!R190_110!00006!~TPM!o!v!RECTANGLE!1.1001!1.8999!0.0000!0.0000!!!!!!!!!!!!!!!!!
S!R190_110!00007!~BPM!o!v!!0.0000!0.0000!0.0000!0.0000!!!!!!!!!!!!!!!!!
S!R190_110!00008!~TFM!o!v!!0.0000!0.0000!0.0000!0.0000!!!!!!!!!!!!!!!!!
S!R190_110!00009!~BFM!o!v!!0.0000!0.0000!0.0000!0.0000!!!!!!!!!!!!!!!!!
S!R190_110!00010!~ALV!o!v!!0.0000!0.0000!0.0000!0.0000!!!!!!!!!!!!!!!!!
S!R190_110!00011!~DRILL!o!v!0.0000!0.0000!0.0000!0.0000!0.0000!!P!!n!!!!!!NONE!!0.0000!0.0000!!!!
S!R95_90!00001!TOP!o!v!RECTANGLE!0.8999!0.9500!0.0000!0.0000!!!!0.0000!0.0000!0.0000!0.0000!!!!0.0000!0.0000!0.0000!0.0000!!!
S!R95_90!00002!internal_pad_def!o!v!!0.0000!0.0000!0.0000!0.0000!!!!0.0000!0.0000!0.0000!0.0000!!!!0.0000!0.0000!0.0000!0.0000!!!
S!R95_90!00003!BOTTOM!o!v!!0.0000!0.0000!0.0000!0.0000!!!!0.0000!0.0000!0.0000!0.0000!!!!0.0000!0.0000!0.0000!0.0000!!!
S!R95_90!00004!~TSM!o!v!RECTANGLE!0.8999!0.9500!0.0000!0.0000!!!!!!!!!!!!!!!!!
S!R95_90!00005!~BSM!o!v!!0.0000!0.0000!0.0000!0.0000!!!!!!!!!!!!!!!!!
S!R95_90!00006!~TPM!o!v!RECTANGLE!0.8999!0.9500!0.0000!0.0000!!!!!!!!!!!!!!!!!
S!R95_90!00007!~BPM!o!v!!0.0000!0.0000!0.0000!0.0000!!!!!!!!!!!!!!!!!
S!R95_90!00008!~TFM!o!v!!0.0000!0.0000!0.0000!0.0000!!!!!!!!!!!!!!!!!
S!R95_90!00009!~BFM!o!v!!0.0000!0.0000!0.0000!0.0000!!!!!!!!!!!!!!!!!
S!R95_90!00010!~ALV!o!v!!0.0000!0.0000!0.0000!0.0000!!!!!!!!!!!!!!!!!
S!R95_90!00011!~DRILL!o!v!0.0000!0.0000!0.0000!0.0000!0.0000!!P!!n!!!!!!NONE!!0.0000!0.0000!!!!
S!R155_65!00001!TOP!o!v!RECTANGLE!0.6500!1.5499!0.0000!0.0000!!!!0.0000!0.0000!0.0000!0.0000!!!!0.0000!0.0000!0.0000!0.0000!!!
S!R155_65!00002!internal_pad_def!o!v!!0.0000!0.0000!0.0000!0.0000!!!!0.0000!0.0000!0.0000!0.0000!!!!0.0000!0.0000!0.0000!0.0000!!!
S!R155_65!00003!BOTTOM!o!v!!0.0000!0.0000!0.0000!0.0000!!!!0.0000!0.0000!0.0000!0.0000!!!!0.0000!0.0000!0.0000!0.0000!!!
S!R155_65!00004!~TSM!o!v!!0.0000!0.0000!0.0000!0.0000!!!!!!!!!!!!!!!!!
S!R155_65!00005!~BSM!o!v!!0.0000!0.0000!0.0000!0.0000!!!!!!!!!!!!!!!!!
S!R155_65!00006!~TPM!o!v!!0.0000!0.0000!0.0000!0.0000!!!!!!!!!!!!!!!!!
S!R155_65!00007!~BPM!o!v!!0.0000!0.0000!0.0000!0.0000!!!!!!!!!!!!!!!!!
S!R155_65!00008!~TFM!o!v!!0.0000!0.0000!0.0000!0.0000!!!!!!!!!!!!!!!!!
S!R155_65!00009!~BFM!o!v!!0.0000!0.0000!0.0000!0.0000!!!!!!!!!!!!!!!!!
S!R155_65!00010!~ALV!o!v!!0.0000!0.0000!0.0000!0.0000!!!!!!!!!!!!!!!!!
S!R155_65!00011!~DRILL!o!v!0.0000!0.0000!0.0000!0.0000!0.0000!!P!!n!!!!!!NONE!!0.0000!0.0000!!!!
S!S80!00001!TOP!o!v!SQUARE!0.8001!0.8001!0.0000!0.0000!!!!0.0000!0.0000!0.0000!0.0000!!!!0.0000!0.0000!0.0000!0.0000!!!
S!S80!00002!internal_pad_def!o!v!!0.0000!0.0000!0.0000!0.0000!!!!0.0000!0.0000!0.0000!0.0000!!!!0.0000!0.0000!0.0000!0.0000!!!
S!S80!00003!BOTTOM!o!v!!0.0000!0.0000!0.0000!0.0000!!!!0.0000!0.0000!0.0000!0.0000!!!!0.0000!0.0000!0.0000!0.0000!!!
S!S80!00004!~TSM!o!v!!0.0000!0.0000!0.0000!0.0000!!!!!!!!!!!!!!!!!
S!S80!00005!~BSM!o!v!!0.0000!0.0000!0.0000!0.0000!!!!!!!!!!!!!!!!!
S!S80!00006!~TPM!o!v!!0.0000!0.0000!0.0000!0.0000!!!!!!!!!!!!!!!!!
S!S80!00007!~BPM!o!v!!0.0000!0.0000!0.0000!0.0000!!!!!!!!!!!!!!!!!
S!S80!00008!~TFM!o!v!!0.0000!0.0000!0.0000!0.0000!!!!!!!!!!!!!!!!!
S!S80!00009!~BFM!o!v!!0.0000!0.0000!0.0000!0.0000!!!!!!!!!!!!!!!!!
S!S80!00010!~ALV!o!v!!0.0000!0.0000!0.0000!0.0000!!!!!!!!!!!!!!!!!
S!S80!00011!~DRILL!o!v!0.0000!0.0000!0.0000!0.0000!0.0000!!P!!n!!!!!!NONE!!0.0000!0.0000!!!!
S!R95_80!00001!TOP!o!v!RECTANGLE!0.8001!0.9500!0.0000!0.0000!!!!0.0000!0.0000!0.0000!0.0000!!!!0.0000!0.0000!0.0000!0.0000!!!
S!R95_80!00002!internal_pad_def!o!v!!0.0000!0.0000!0.0000!0.0000!!!!0.0000!0.0000!0.0000!0.0000!!!!0.0000!0.0000!0.0000!0.0000!!!
S!R95_80!00003!BOTTOM!o!v!!0.0000!0.0000!0.0000!0.0000!!!!0.0000!0.0000!0.0000!0.0000!!!!0.0000!0.0000!0.0000!0.0000!!!
S!R95_80!00004!~TSM!o!v!!0.0000!0.0000!0.0000!0.0000!!!!!!!!!!!!!!!!!
S!R95_80!00005!~BSM!o!v!!0.0000!0.0000!0.0000!0.0000!!!!!!!!!!!!!!!!!
S!R95_80!00006!~TPM!o!v!!0.0000!0.0000!0.0000!0.0000!!!!!!!!!!!!!!!!!
S!R95_80!00007!~BPM!o!v!!0.0000!0.0000!0.0000!0.0000!!!!!!!!!!!!!!!!!
S!R95_80!00008!~TFM!o!v!!0.0000!0.0000!0.0000!0.0000!!!!!!!!!!!!!!!!!
S!R95_80!00009!~BFM!o!v!!0.0000!0.0000!0.0000!0.0000!!!!!!!!!!!!!!!!!
S!R95_80!00010!~ALV!o!v!!0.0000!0.0000!0.0000!0.0000!!!!!!!!!!!!!!!!!
S!R95_80!00011!~DRILL!o!v!0.0000!0.0000!0.0000!0.0000!0.0000!!P!!n!!!!!!NONE!!0.0000!0.0000!!!!
S!C165_H110!00001!TOP!o!!CIRCLE!1.6500!1.6500!0.0000!0.0000!!!!0.0000!0.0000!0.0000!0.0000!!!!0.0000!0.0000!0.0000!0.0000!!!
S!C165_H110!00002!internal_pad_def!o!!CIRCLE!1.6500!1.6500!0.0000!0.0000!!!!0.0000!0.0000!0.0000!0.0000!!!!0.0000!0.0000!0.0000!0.0000!!!
S!C165_H110!00003!BOTTOM!o!!CIRCLE!1.6500!1.6500!0.0000!0.0000!!!!0.0000!0.0000!0.0000!0.0000!!!!0.0000!0.0000!0.0000!0.0000!!!
S!C165_H110!00004!~TSM!o!!CIRCLE!1.6500!1.6500!0.0000!0.0000!!!!!!!!!!!!!!!!!
S!C165_H110!00005!~BSM!o!!CIRCLE!1.6500!1.6500!0.0000!0.0000!!!!!!!!!!!!!!!!!
S!C165_H110!00006!~TPM!o!!!0.0000!0.0000!0.0000!0.0000!!!!!!!!!!!!!!!!!
S!C165_H110!00007!~BPM!o!!!0.0000!0.0000!0.0000!0.0000!!!!!!!!!!!!!!!!!
S!C165_H110!00008!~TFM!o!!!0.0000!0.0000!0.0000!0.0000!!!!!!!!!!!!!!!!!
S!C165_H110!00009!~BFM!o!!!0.0000!0.0000!0.0000!0.0000!!!!!!!!!!!!!!!!!
S!C165_H110!00010!~ALV!o!!!0.0000!0.0000!0.0000!0.0000!!!!!!!!!!!!!!!!!
S!C165_H110!00011!~DRILL!o!!1.1001!1.1001!1.1001!0.0000!0.0000!DIAMOND!P!A!n!!!!!!CIRCLE_DRILL!!0.0000!0.0000!!!!
S!S165_H110!00001!TOP!o!!SQUARE!1.6500!1.6500!0.0000!0.0000!!!!0.0000!0.0000!0.0000!0.0000!!!!0.0000!0.0000!0.0000!0.0000!!!
S!S165_H110!00002!internal_pad_def!o!!CIRCLE!1.6500!1.6500!0.0000!0.0000!!!!0.0000!0.0000!0.0000!0.0000!!!!0.0000!0.0000!0.0000!0.0000!!!
S!S165_H110!00003!BOTTOM!o!!SQUARE!1.6500!1.6500!0.0000!0.0000!!!!0.0000!0.0000!0.0000!0.0000!!!!0.0000!0.0000!0.0000!0.0000!!!
S!S165_H110!00004!~TSM!o!!SQUARE!1.6500!1.6500!0.0000!0.0000!!!!!!!!!!!!!!!!!
S!S165_H110!00005!~BSM!o!!SQUARE!1.6500!1.6500!0.0000!0.0000!!!!!!!!!!!!!!!!!
S!S165_H110!00006!~TPM!o!!!0.0000!0.0000!0.0000!0.0000!!!!!!!!!!!!!!!!!
S!S165_H110!00007!~BPM!o!!!0.0000!0.0000!0.0000!0.0000!!!!!!!!!!!!!!!!!
S!S165_H110!00008!~TFM!o!!!0.0000!0.0000!0.0000!0.0000!!!!!!!!!!!!!!!!!
S!S165_H110!00009!~BFM!o!!!0.0000!0.0000!0.0000!0.0000!!!!!!!!!!!!!!!!!
S!S165_H110!00010!~ALV!o!!!0.0000!0.0000!0.0000!0.0000!!!!!!!!!!!!!!!!!
S!S165_H110!00011!~DRILL!o!!1.1001!1.1001!1.1001!0.0000!0.0000!DIAMOND!P!B!n!!!!!!CIRCLE_DRILL!!0.0000!0.0000!!!!
S!R254_127!00001!TOP!o!v!RECTANGLE!1.2700!2.5400!0.0000!0.0000!!!!0.0000!0.0000!0.0000!0.0000!!!!0.0000!0.0000!0.0000!0.0000!!!
S!R254_127!00002!internal_pad_def!o!v!!0.0000!0.0000!0.0000!0.0000!!!!0.0000!0.0000!0.0000!0.0000!!!!0.0000!0.0000!0.0000!0.0000!!!
S!R254_127!00003!BOTTOM!o!v!!0.0000!0.0000!0.0000!0.0000!!!!0.0000!0.0000!0.0000!0.0000!!!!0.0000!0.0000!0.0000!0.0000!!!
S!R254_127!00004!~TSM!o!v!RECTANGLE!1.2700!2.5400!0.0000!0.0000!!!!!!!!!!!!!!!!!
S!R254_127!00005!~BSM!o!v!!0.0000!0.0000!0.0000!0.0000!!!!!!!!!!!!!!!!!
S!R254_127!00006!~TPM!o!v!RECTANGLE!1.2700!2.5400!0.0000!0.0000!!!!!!!!!!!!!!!!!
S!R254_127!00007!~BPM!o!v!!0.0000!0.0000!0.0000!0.0000!!!!!!!!!!!!!!!!!
S!R254_127!00008!~TFM!o!v!!0.0000!0.0000!0.0000!0.0000!!!!!!!!!!!!!!!!!
S!R254_127!00009!~BFM!o!v!!0.0000!0.0000!0.0000!0.0000!!!!!!!!!!!!!!!!!
S!R254_127!00010!~ALV!o!v!!0.0000!0.0000!0.0000!0.0000!!!!!!!!!!!!!!!!!
S!R254_127!00011!~DRILL!o!v!0.0000!0.0000!0.0000!0.0000!0.0000!!P!!n!!!!!!NONE!!0.0000!0.0000!!!!
S!C172_5_H115!00001!TOP!o!!CIRCLE!1.7249!1.7249!0.0000!0.0000!!!!0.0000!0.0000!0.0000!0.0000!!!!0.0000!0.0000!0.0000!0.0000!!!
S!C172_5_H115!00002!internal_pad_def!o!!CIRCLE!1.7249!1.7249!0.0000!0.0000!!!!0.0000!0.0000!0.0000!0.0000!!!!0.0000!0.0000!0.0000!0.0000!!!
S!C172_5_H115!00003!BOTTOM!o!!CIRCLE!1.7249!1.7249!0.0000!0.0000!!!!0.0000!0.0000!0.0000!0.0000!!!!0.0000!0.0000!0.0000!0.0000!!!
S!C172_5_H115!00004!~TSM!o!!CIRCLE!1.7249!1.7249!0.0000!0.0000!!!!!!!!!!!!!!!!!
S!C172_5_H115!00005!~BSM!o!!CIRCLE!1.7249!1.7249!0.0000!0.0000!!!!!!!!!!!!!!!!!
S!C172_5_H115!00006!~TPM!o!!!0.0000!0.0000!0.0000!0.0000!!!!!!!!!!!!!!!!!
S!C172_5_H115!00007!~BPM!o!!!0.0000!0.0000!0.0000!0.0000!!!!!!!!!!!!!!!!!
S!C172_5_H115!00008!~TFM!o!!!0.0000!0.0000!0.0000!0.0000!!!!!!!!!!!!!!!!!
S!C172_5_H115!00009!~BFM!o!!!0.0000!0.0000!0.0000!0.0000!!!!!!!!!!!!!!!!!
S!C172_5_H115!00010!~ALV!o!!!0.0000!0.0000!0.0000!0.0000!!!!!!!!!!!!!!!!!
S!C172_5_H115!00011!~DRILL!o!!1.1501!1.1501!1.1501!0.0000!0.0000!DIAMOND!P!A!n!!!!!!CIRCLE_DRILL!!0.0000!0.0000!!!!
S!S172_5_H115!00001!TOP!o!!SQUARE!1.7249!1.7249!0.0000!0.0000!!!!0.0000!0.0000!0.0000!0.0000!!!!0.0000!0.0000!0.0000!0.0000!!!
S!S172_5_H115!00002!internal_pad_def!o!!CIRCLE!1.7249!1.7249!0.0000!0.0000!!!!0.0000!0.0000!0.0000!0.0000!!!!0.0000!0.0000!0.0000!0.0000!!!
S!S172_5_H115!00003!BOTTOM!o!!SQUARE!1.7249!1.7249!0.0000!0.0000!!!!0.0000!0.0000!0.0000!0.0000!!!!0.0000!0.0000!0.0000!0.0000!!!
S!S172_5_H115!00004!~TSM!o!!SQUARE!1.7249!1.7249!0.0000!0.0000!!!!!!!!!!!!!!!!!
S!S172_5_H115!00005!~BSM!o!!SQUARE!1.7249!1.7249!0.0000!0.0000!!!!!!!!!!!!!!!!!
S!S172_5_H115!00006!~TPM!o!!!0.0000!0.0000!0.0000!0.0000!!!!!!!!!!!!!!!!!
S!S172_5_H115!00007!~BPM!o!!!0.0000!0.0000!0.0000!0.0000!!!!!!!!!!!!!!!!!
S!S172_5_H115!00008!~TFM!o!!!0.0000!0.0000!0.0000!0.0000!!!!!!!!!!!!!!!!!
S!S172_5_H115!00009!~BFM!o!!!0.0000!0.0000!0.0000!0.0000!!!!!!!!!!!!!!!!!
S!S172_5_H115!00010!~ALV!o!!!0.0000!0.0000!0.0000!0.0000!!!!!!!!!!!!!!!!!
S!S172_5_H115!00011!~DRILL!o!!1.1501!1.1501!1.1501!0.0000!0.0000!DIAMOND!P!B!n!!!!!!CIRCLE_DRILL!!0.0000!0.0000!!!!
S!C110_H70!00001!TOP!o!!CIRCLE!1.1001!1.1001!0.0000!0.0000!!!!0.0000!0.0000!0.0000!0.0000!!!!0.0000!0.0000!0.0000!0.0000!!!
S!C110_H70!00002!internal_pad_def!o!!CIRCLE!1.1001!1.1001!0.0000!0.0000!!!!0.0000!0.0000!0.0000!0.0000!!!!0.0000!0.0000!0.0000!0.0000!!!
S!C110_H70!00003!BOTTOM!o!!CIRCLE!1.1001!1.1001!0.0000!0.0000!!!!0.0000!0.0000!0.0000!0.0000!!!!0.0000!0.0000!0.0000!0.0000!!!
S!C110_H70!00004!~TSM!o!!CIRCLE!1.1001!1.1001!0.0000!0.0000!!!!!!!!!!!!!!!!!
S!C110_H70!00005!~BSM!o!!CIRCLE!1.1001!1.1001!0.0000!0.0000!!!!!!!!!!!!!!!!!
S!C110_H70!00006!~TPM!o!!!0.0000!0.0000!0.0000!0.0000!!!!!!!!!!!!!!!!!
S!C110_H70!00007!~BPM!o!!!0.0000!0.0000!0.0000!0.0000!!!!!!!!!!!!!!!!!
S!C110_H70!00008!~TFM!o!!!0.0000!0.0000!0.0000!0.0000!!!!!!!!!!!!!!!!!
S!C110_H70!00009!~BFM!o!!!0.0000!0.0000!0.0000!0.0000!!!!!!!!!!!!!!!!!
S!C110_H70!00010!~ALV!o!!!0.0000!0.0000!0.0000!0.0000!!!!!!!!!!!!!!!!!
S!C110_H70!00011!~DRILL!o!!0.7000!0.7000!0.7000!0.0000!0.0000!DIAMOND!P!C!n!!!!!!CIRCLE_DRILL!!0.0000!0.0000!!!!
S!C58_5_H117!00001!TOP!o!!CIRCLE!1.1699!1.1699!0.0000!0.0000!!!!0.0000!0.0000!0.0000!0.0000!!!!0.0000!0.0000!0.0000!0.0000!!!
S!C58_5_H117!00002!internal_pad_def!o!!CIRCLE!1.1699!1.1699!0.0000!0.0000!!!!0.0000!0.0000!0.0000!0.0000!!!!0.0000!0.0000!0.0000!0.0000!!!
S!C58_5_H117!00003!BOTTOM!o!!CIRCLE!1.1699!1.1699!0.0000!0.0000!!!!0.0000!0.0000!0.0000!0.0000!!!!0.0000!0.0000!0.0000!0.0000!!!
S!C58_5_H117!00004!~TSM!o!!!0.0000!0.0000!0.0000!0.0000!!!!!!!!!!!!!!!!!
S!C58_5_H117!00005!~BSM!o!!!0.0000!0.0000!0.0000!0.0000!!!!!!!!!!!!!!!!!
S!C58_5_H117!00006!~TPM!o!!!0.0000!0.0000!0.0000!0.0000!!!!!!!!!!!!!!!!!
S!C58_5_H117!00007!~BPM!o!!!0.0000!0.0000!0.0000!0.0000!!!!!!!!!!!!!!!!!
S!C58_5_H117!00008!~TFM!o!!!0.0000!0.0000!0.0000!0.0000!!!!!!!!!!!!!!!!!
S!C58_5_H117!00009!~BFM!o!!!0.0000!0.0000!0.0000!0.0000!!!!!!!!!!!!!!!!!
S!C58_5_H117!00010!~ALV!o!!!0.0000!0.0000!0.0000!0.0000!!!!!!!!!!!!!!!!!
S!C58_5_H117!00011!~DRILL!o!!1.1699!1.1699!1.1699!0.0000!0.0000!DIAMOND!N!B!n!!!!!!CIRCLE_DRILL!!0.0000!0.0000!!!!
S!C30_H60!00001!TOP!o!!CIRCLE!0.5999!0.5999!0.0000!0.0000!!!!0.0000!0.0000!0.0000!0.0000!!!!0.0000!0.0000!0.0000!0.0000!!!
S!C30_H60!00002!internal_pad_def!o!!CIRCLE!0.5999!0.5999!0.0000!0.0000!!!!0.0000!0.0000!0.0000!0.0000!!!!0.0000!0.0000!0.0000!0.0000!!!
S!C30_H60!00003!BOTTOM!o!!CIRCLE!0.5999!0.5999!0.0000!0.0000!!!!0.0000!0.0000!0.0000!0.0000!!!!0.0000!0.0000!0.0000!0.0000!!!
S!C30_H60!00004!~TSM!o!!!0.0000!0.0000!0.0000!0.0000!!!!!!!!!!!!!!!!!
S!C30_H60!00005!~BSM!o!!!0.0000!0.0000!0.0000!0.0000!!!!!!!!!!!!!!!!!
S!C30_H60!00006!~TPM!o!!!0.0000!0.0000!0.0000!0.0000!!!!!!!!!!!!!!!!!
S!C30_H60!00007!~BPM!o!!!0.0000!0.0000!0.0000!0.0000!!!!!!!!!!!!!!!!!
S!C30_H60!00008!~TFM!o!!!0.0000!0.0000!0.0000!0.0000!!!!!!!!!!!!!!!!!
S!C30_H60!00009!~BFM!o!!!0.0000!0.0000!0.0000!0.0000!!!!!!!!!!!!!!!!!
S!C30_H60!00010!~ALV!o!!!0.0000!0.0000!0.0000!0.0000!!!!!!!!!!!!!!!!!
S!C30_H60!00011!~DRILL!o!!0.5999!0.5999!0.5999!0.0000!0.0000!DIAMOND!N!A!n!!!!!!CIRCLE_DRILL!!0.0000!0.0000!!!!
S!R85_30!00001!TOP!o!v!RECTANGLE!0.3000!0.8499!0.0000!0.0000!!!!0.0000!0.0000!0.0000!0.0000!!!!0.0000!0.0000!0.0000!0.0000!!!
S!R85_30!00002!internal_pad_def!o!v!!0.0000!0.0000!0.0000!0.0000!!!!0.0000!0.0000!0.0000!0.0000!!!!0.0000!0.0000!0.0000!0.0000!!!
S!R85_30!00003!BOTTOM!o!v!!0.0000!0.0000!0.0000!0.0000!!!!0.0000!0.0000!0.0000!0.0000!!!!0.0000!0.0000!0.0000!0.0000!!!
S!R85_30!00004!~TSM!o!v!RECTANGLE!0.3000!0.8499!0.0000!0.0000!!!!!!!!!!!!!!!!!
S!R85_30!00005!~BSM!o!v!!0.0000!0.0000!0.0000!0.0000!!!!!!!!!!!!!!!!!
S!R85_30!00006!~TPM!o!v!RECTANGLE!0.3000!0.8499!0.0000!0.0000!!!!!!!!!!!!!!!!!
S!R85_30!00007!~BPM!o!v!!0.0000!0.0000!0.0000!0.0000!!!!!!!!!!!!!!!!!
S!R85_30!00008!~TFM!o!v!!0.0000!0.0000!0.0000!0.0000!!!!!!!!!!!!!!!!!
S!R85_30!00009!~BFM!o!v!!0.0000!0.0000!0.0000!0.0000!!!!!!!!!!!!!!!!!
S!R85_30!00010!~ALV!o!v!!0.0000!0.0000!0.0000!0.0000!!!!!!!!!!!!!!!!!
S!R85_30!00011!~DRILL!o!v!0.0000!0.0000!0.0000!0.0000!0.0000!!P!!n!!!!!!NONE!!0.0000!0.0000!!!!
S!R320_175!00001!TOP!o!v!RECTANGLE!1.7501!3.1999!0.0000!0.0000!!!!0.0000!0.0000!0.0000!0.0000!!!!0.0000!0.0000!0.0000!0.0000!!!
S!R320_175!00002!internal_pad_def!o!v!!0.0000!0.0000!0.0000!0.0000!!!!0.0000!0.0000!0.0000!0.0000!!!!0.0000!0.0000!0.0000!0.0000!!!
S!R320_175!00003!BOTTOM!o!v!!0.0000!0.0000!0.0000!0.0000!!!!0.0000!0.0000!0.0000!0.0000!!!!0.0000!0.0000!0.0000!0.0000!!!
S!R320_175!00004!~TSM!o!v!RECTANGLE!1.7501!3.1999!0.0000!0.0000!!!!!!!!!!!!!!!!!
S!R320_175!00005!~BSM!o!v!!0.0000!0.0000!0.0000!0.0000!!!!!!!!!!!!!!!!!
S!R320_175!00006!~TPM!o!v!RECTANGLE!1.7501!3.1999!0.0000!0.0000!!!!!!!!!!!!!!!!!
S!R320_175!00007!~BPM!o!v!!0.0000!0.0000!0.0000!0.0000!!!!!!!!!!!!!!!!!
S!R320_175!00008!~TFM!o!v!!0.0000!0.0000!0.0000!0.0000!!!!!!!!!!!!!!!!!
S!R320_175!00009!~BFM!o!v!!0.0000!0.0000!0.0000!0.0000!!!!!!!!!!!!!!!!!
S!R320_175!00010!~ALV!o!v!!0.0000!0.0000!0.0000!0.0000!!!!!!!!!!!!!!!!!
S!R320_175!00011!~DRILL!o!v!0.0000!0.0000!0.0000!0.0000!0.0000!!P!!n!!!!!!NONE!!0.0000!0.0000!!!!
S!R175_95!00001!TOP!o!v!RECTANGLE!0.9500!1.7501!0.0000!0.0000!!!!0.0000!0.0000!0.0000!0.0000!!!!0.0000!0.0000!0.0000!0.0000!!!
S!R175_95!00002!internal_pad_def!o!v!!0.0000!0.0000!0.0000!0.0000!!!!0.0000!0.0000!0.0000!0.0000!!!!0.0000!0.0000!0.0000!0.0000!!!
S!R175_95!00003!BOTTOM!o!v!!0.0000!0.0000!0.0000!0.0000!!!!0.0000!0.0000!0.0000!0.0000!!!!0.0000!0.0000!0.0000!0.0000!!!
S!R175_95!00004!~TSM!o!v!RECTANGLE!0.9500!1.7501!0.0000!0.0000!!!!!!!!!!!!!!!!!
S!R175_95!00005!~BSM!o!v!!0.0000!0.0000!0.0000!0.0000!!!!!!!!!!!!!!!!!
S!R175_95!00006!~TPM!o!v!RECTANGLE!0.9500!1.7501!0.0000!0.0000!!!!!!!!!!!!!!!!!
S!R175_95!00007!~BPM!o!v!!0.0000!0.0000!0.0000!0.0000!!!!!!!!!!!!!!!!!
S!R175_95!00008!~TFM!o!v!!0.0000!0.0000!0.0000!0.0000!!!!!!!!!!!!!!!!!
S!R175_95!00009!~BFM!o!v!!0.0000!0.0000!0.0000!0.0000!!!!!!!!!!!!!!!!!
S!R175_95!00010!~ALV!o!v!!0.0000!0.0000!0.0000!0.0000!!!!!!!!!!!!!!!!!
S!R175_95!00011!~DRILL!o!v!0.0000!0.0000!0.0000!0.0000!0.0000!!P!!n!!!!!!NONE!!0.0000!0.0000!!!!
S!R125_65!00001!TOP!o!v!RECTANGLE!0.6500!1.2499!0.0000!0.0000!!!!0.0000!0.0000!0.0000!0.0000!!!!0.0000!0.0000!0.0000!0.0000!!!
S!R125_65!00002!internal_pad_def!o!v!!0.0000!0.0000!0.0000!0.0000!!!!0.0000!0.0000!0.0000!0.0000!!!!0.0000!0.0000!0.0000!0.0000!!!
S!R125_65!00003!BOTTOM!o!v!!0.0000!0.0000!0.0000!0.0000!!!!0.0000!0.0000!0.0000!0.0000!!!!0.0000!0.0000!0.0000!0.0000!!!
S!R125_65!00004!~TSM!o!v!!0.0000!0.0000!0.0000!0.0000!!!!!!!!!!!!!!!!!
S!R125_65!00005!~BSM!o!v!!0.0000!0.0000!0.0000!0.0000!!!!!!!!!!!!!!!!!
S!R125_65!00006!~TPM!o!v!!0.0000!0.0000!0.0000!0.0000!!!!!!!!!!!!!!!!!
S!R125_65!00007!~BPM!o!v!!0.0000!0.0000!0.0000!0.0000!!!!!!!!!!!!!!!!!
S!R125_65!00008!~TFM!o!v!!0.0000!0.0000!0.0000!0.0000!!!!!!!!!!!!!!!!!
S!R125_65!00009!~BFM!o!v!!0.0000!0.0000!0.0000!0.0000!!!!!!!!!!!!!!!!!
S!R125_65!00010!~ALV!o!v!!0.0000!0.0000!0.0000!0.0000!!!!!!!!!!!!!!!!!
S!R125_65!00011!~DRILL!o!v!0.0000!0.0000!0.0000!0.0000!0.0000!!P!!n!!!!!!NONE!!0.0000!0.0000!!!!
S!R147_5_30!00001!TOP!o!v!RECTANGLE!0.3000!1.4750!0.0000!0.0000!!!!0.0000!0.0000!0.0000!0.0000!!!!0.0000!0.0000!0.0000!0.0000!!!
S!R147_5_30!00002!internal_pad_def!o!v!!0.0000!0.0000!0.0000!0.0000!!!!0.0000!0.0000!0.0000!0.0000!!!!0.0000!0.0000!0.0000!0.0000!!!
S!R147_5_30!00003!BOTTOM!o!v!!0.0000!0.0000!0.0000!0.0000!!!!0.0000!0.0000!0.0000!0.0000!!!!0.0000!0.0000!0.0000!0.0000!!!
S!R147_5_30!00004!~TSM!o!v!!0.0000!0.0000!0.0000!0.0000!!!!!!!!!!!!!!!!!
S!R147_5_30!00005!~BSM!o!v!!0.0000!0.0000!0.0000!0.0000!!!!!!!!!!!!!!!!!
S!R147_5_30!00006!~TPM!o!v!!0.0000!0.0000!0.0000!0.0000!!!!!!!!!!!!!!!!!
S!R147_5_30!00007!~BPM!o!v!!0.0000!0.0000!0.0000!0.0000!!!!!!!!!!!!!!!!!
S!R147_5_30!00008!~TFM!o!v!!0.0000!0.0000!0.0000!0.0000!!!!!!!!!!!!!!!!!
S!R147_5_30!00009!~BFM!o!v!!0.0000!0.0000!0.0000!0.0000!!!!!!!!!!!!!!!!!
S!R147_5_30!00010!~ALV!o!v!!0.0000!0.0000!0.0000!0.0000!!!!!!!!!!!!!!!!!
S!R147_5_30!00011!~DRILL!o!v!0.0000!0.0000!0.0000!0.0000!0.0000!!P!!n!!!!!!NONE!!0.0000!0.0000!!!!
S!R115_60!00001!TOP!o!v!RECTANGLE!0.5999!1.1501!0.0000!0.0000!!!!0.0000!0.0000!0.0000!0.0000!!!!0.0000!0.0000!0.0000!0.0000!!!
S!R115_60!00002!internal_pad_def!o!v!!0.0000!0.0000!0.0000!0.0000!!!!0.0000!0.0000!0.0000!0.0000!!!!0.0000!0.0000!0.0000!0.0000!!!
S!R115_60!00003!BOTTOM!o!v!!0.0000!0.0000!0.0000!0.0000!!!!0.0000!0.0000!0.0000!0.0000!!!!0.0000!0.0000!0.0000!0.0000!!!
S!R115_60!00004!~TSM!o!v!RECTANGLE!0.5999!1.1501!0.0000!0.0000!!!!!!!!!!!!!!!!!
S!R115_60!00005!~BSM!o!v!!0.0000!0.0000!0.0000!0.0000!!!!!!!!!!!!!!!!!
S!R115_60!00006!~TPM!o!v!RECTANGLE!0.5999!1.1501!0.0000!0.0000!!!!!!!!!!!!!!!!!
S!R115_60!00007!~BPM!o!v!!0.0000!0.0000!0.0000!0.0000!!!!!!!!!!!!!!!!!
S!R115_60!00008!~TFM!o!v!!0.0000!0.0000!0.0000!0.0000!!!!!!!!!!!!!!!!!
S!R115_60!00009!~BFM!o!v!!0.0000!0.0000!0.0000!0.0000!!!!!!!!!!!!!!!!!
S!R115_60!00010!~ALV!o!v!!0.0000!0.0000!0.0000!0.0000!!!!!!!!!!!!!!!!!
S!R115_60!00011!~DRILL!o!v!0.0000!0.0000!0.0000!0.0000!0.0000!!P!!n!!!!!!NONE!!0.0000!0.0000!!!!
S!R76_62!00001!TOP!o!v!RECTANGLE!0.6200!0.7600!0.0000!0.0000!!!!0.0000!0.0000!0.0000!0.0000!!!!0.0000!0.0000!0.0000!0.0000!!!
S!R76_62!00002!internal_pad_def!o!v!!0.0000!0.0000!0.0000!0.0000!!!!0.0000!0.0000!0.0000!0.0000!!!!0.0000!0.0000!0.0000!0.0000!!!
S!R76_62!00003!BOTTOM!o!v!!0.0000!0.0000!0.0000!0.0000!!!!0.0000!0.0000!0.0000!0.0000!!!!0.0000!0.0000!0.0000!0.0000!!!
S!R76_62!00004!~TSM!o!v!!0.0000!0.0000!0.0000!0.0000!!!!!!!!!!!!!!!!!
S!R76_62!00005!~BSM!o!v!!0.0000!0.0000!0.0000!0.0000!!!!!!!!!!!!!!!!!
S!R76_62!00006!~TPM!o!v!!0.0000!0.0000!0.0000!0.0000!!!!!!!!!!!!!!!!!
S!R76_62!00007!~BPM!o!v!!0.0000!0.0000!0.0000!0.0000!!!!!!!!!!!!!!!!!
S!R76_62!00008!~TFM!o!v!!0.0000!0.0000!0.0000!0.0000!!!!!!!!!!!!!!!!!
S!R76_62!00009!~BFM!o!v!!0.0000!0.0000!0.0000!0.0000!!!!!!!!!!!!!!!!!
S!R76_62!00010!~ALV!o!v!!0.0000!0.0000!0.0000!0.0000!!!!!!!!!!!!!!!!!
S!R76_62!00011!~DRILL!o!v!0.0000!0.0000!0.0000!0.0000!0.0000!!P!!n!!!!!!NONE!!0.0000!0.0000!!!!
S!R115_80!00001!TOP!o!v!RECTANGLE!0.8001!1.1501!0.0000!0.0000!!!!0.0000!0.0000!0.0000!0.0000!!!!0.0000!0.0000!0.0000!0.0000!!!
S!R115_80!00002!internal_pad_def!o!v!!0.0000!0.0000!0.0000!0.0000!!!!0.0000!0.0000!0.0000!0.0000!!!!0.0000!0.0000!0.0000!0.0000!!!
S!R115_80!00003!BOTTOM!o!v!!0.0000!0.0000!0.0000!0.0000!!!!0.0000!0.0000!0.0000!0.0000!!!!0.0000!0.0000!0.0000!0.0000!!!
S!R115_80!00004!~TSM!o!v!!0.0000!0.0000!0.0000!0.0000!!!!!!!!!!!!!!!!!
S!R115_80!00005!~BSM!o!v!!0.0000!0.0000!0.0000!0.0000!!!!!!!!!!!!!!!!!
S!R115_80!00006!~TPM!o!v!!0.0000!0.0000!0.0000!0.0000!!!!!!!!!!!!!!!!!
S!R115_80!00007!~BPM!o!v!!0.0000!0.0000!0.0000!0.0000!!!!!!!!!!!!!!!!!
S!R115_80!00008!~TFM!o!v!!0.0000!0.0000!0.0000!0.0000!!!!!!!!!!!!!!!!!
S!R115_80!00009!~BFM!o!v!!0.0000!0.0000!0.0000!0.0000!!!!!!!!!!!!!!!!!
S!R115_80!00010!~ALV!o!v!!0.0000!0.0000!0.0000!0.0000!!!!!!!!!!!!!!!!!
S!R115_80!00011!~DRILL!o!v!0.0000!0.0000!0.0000!0.0000!0.0000!!P!!n!!!!!!NONE!!0.0000!0.0000!!!!
S!R46_42!00001!TOP!o!v!RECTANGLE!0.4201!0.4600!0.0000!0.0000!!!!0.0000!0.0000!0.0000!0.0000!!!!0.0000!0.0000!0.0000!0.0000!!!
S!R46_42!00002!internal_pad_def!o!v!!0.0000!0.0000!0.0000!0.0000!!!!0.0000!0.0000!0.0000!0.0000!!!!0.0000!0.0000!0.0000!0.0000!!!
S!R46_42!00003!BOTTOM!o!v!!0.0000!0.0000!0.0000!0.0000!!!!0.0000!0.0000!0.0000!0.0000!!!!0.0000!0.0000!0.0000!0.0000!!!
S!R46_42!00004!~TSM!o!v!!0.0000!0.0000!0.0000!0.0000!!!!!!!!!!!!!!!!!
S!R46_42!00005!~BSM!o!v!!0.0000!0.0000!0.0000!0.0000!!!!!!!!!!!!!!!!!
S!R46_42!00006!~TPM!o!v!!0.0000!0.0000!0.0000!0.0000!!!!!!!!!!!!!!!!!
S!R46_42!00007!~BPM!o!v!!0.0000!0.0000!0.0000!0.0000!!!!!!!!!!!!!!!!!
S!R46_42!00008!~TFM!o!v!!0.0000!0.0000!0.0000!0.0000!!!!!!!!!!!!!!!!!
S!R46_42!00009!~BFM!o!v!!0.0000!0.0000!0.0000!0.0000!!!!!!!!!!!!!!!!!
S!R46_42!00010!~ALV!o!v!!0.0000!0.0000!0.0000!0.0000!!!!!!!!!!!!!!!!!
S!R46_42!00011!~DRILL!o!v!0.0000!0.0000!0.0000!0.0000!0.0000!!P!!n!!!!!!NONE!!0.0000!0.0000!!!!
