A!CLASS!REFDES!PIN_NUMBER!PAD_STACK_NAME!START_LAYER_NAME!END_LAYER_NAME!NET_NAME!PIN_X!PIN_Y!VIA_X!VIA_Y!DRILL_HOLE_TYPE!SLOT_SIZE_MAJOR!SLOT_SIZE_MINOR!SLOT_X!SLOT_Y!SLOT_ROTATION!SLOT_PLATING!DRILL_FIGURE_CHAR!DRILL_FIGURE_SHAPE!DRILL_FIGURE_WIDTH!DRILL_FIGURE_HEIGHT!DRILL_FIGURE_ROTATION!GRAPHIC_DATA_NAME!GRAPHIC_DATA_1!GRAPHIC_DATA_2!GRAPHIC_DATA_3!GRAPHIC_DATA_4!PIN_NUMBER_SORT!DRILL_ARRAY_LOCATIONS!COMP_PACKAGE!DRILL_HOLE_POSTOL!DRILL_HOLE_NEGTOL!BACKDRILL_TOP_LAYER!BACKDRILL_BOTTOM_LAYER!BACKDRILL_TOP_FROM!BACKDRILL_BOTTOM_FROM!EMBEDDED_LAYER!EMBEDDED_STATUS!BACKDRILL_SIZE!DRILL_TOP_NAME!DRILL_BOTTOM_NAME!NET_SHORT!TEST_POINT!PROBE_FIGURE!
J!D:/Projects/ProjectScience/electronics/ProjectID_DOSTI_STLINK/allegro/STLINK.brd!Thu Jun 13 12:16:09 2024!0.0000!0.0000!297.0000!210.0000!0.0001!millimeters!STLINK!10.400000 mil!2!UP TO DATE!
S!PIN!Y1!1!R190_110!TOP!TOP!N00775!58.4200!130.7900!!!!!!!!!!!!!!!FIG_RECTANGLE!58.4200!130.7900!1.8999!1.1001! 00000001!!ABS07!!!!!!!!!0.0000!!!!!!
S!PIN!Y1!2!R190_110!TOP!TOP!N00782!58.4200!128.2900!!!!!!!!!!!!!!!FIG_RECTANGLE!58.4200!128.2900!1.8999!1.1001! 00000002!!ABS07!!!!!!!!!0.0000!!!!!!
S!PIN!R26!1!R95_90!TOP!TOP!N09921!123.6600!101.6000!!!!!!!!!!!!!!!FIG_RECTANGLE!123.6600!101.6000!0.8999!0.9500! 00000001!!RESC1608X55N!!!!!!!!!0.0000!!!!!!
S!PIN!R26!2!R95_90!TOP!TOP!LED_LINK!125.2600!101.6000!!!!!!!!!!!!!!!FIG_RECTANGLE!125.2600!101.6000!0.8999!0.9500! 00000002!!RESC1608X55N!!!!!!!!!0.0000!!!!!!
S!PIN!R25!1!R95_90!TOP!TOP!N09917!100.8000!106.6800!!!!!!!!!!!!!!!FIG_RECTANGLE!100.8000!106.6800!0.8999!0.9500! 00000001!!RESC1608X55N!!!!!!!!!0.0000!!!!!!
S!PIN!R25!2!R95_90!TOP!TOP!LED_LINK!102.4000!106.6800!!!!!!!!!!!!!!!FIG_RECTANGLE!102.4000!106.6800!0.8999!0.9500! 00000002!!RESC1608X55N!!!!!!!!!0.0000!!!!!!
S!PIN!R24!1!R95_90!TOP!TOP!+3V3!88.1000!106.6800!!!!!!!!!!!!!!!FIG_RECTANGLE!88.1000!106.6800!0.8999!0.9500! 00000001!!RESC1608X55N!!!!!!!!!0.0000!!!!!!
S!PIN!R24!2!R95_90!TOP!TOP!N08768!89.7000!106.6800!!!!!!!!!!!!!!!FIG_RECTANGLE!89.7000!106.6800!0.8999!0.9500! 00000002!!RESC1608X55N!!!!!!!!!0.0000!!!!!!
S!PIN!R23!1!R95_90!TOP!TOP!N27475!79.5400!133.3500!!!!!!!!!!!!!!!FIG_RECTANGLE!79.5400!133.3500!0.8999!0.9500! 00000001!!RESC1608X55N!!!!!!!!!0.0000!!!!!!
S!PIN!R23!2!R95_90!TOP!TOP!USB_RENUM!77.9400!133.3500!!!!!!!!!!!!!!!FIG_RECTANGLE!77.9400!133.3500!0.8999!0.9500! 00000002!!RESC1608X55N!!!!!!!!!0.0000!!!!!!
S!PIN!R22!1!R95_90!TOP!TOP!BOOT_1!95.7200!104.1400!!!!!!!!!!!!!!!FIG_RECTANGLE!95.7200!104.1400!0.8999!0.9500! 00000001!!RESC1608X55N!!!!!!!!!0.0000!!!!!!
S!PIN!R22!2!R95_90!TOP!TOP!GND!97.3200!104.1400!!!!!!!!!!!!!!!FIG_RECTANGLE!97.3200!104.1400!0.8999!0.9500! 00000002!!RESC1608X55N!!!!!!!!!0.0000!!!!!!
S!PIN!R21!1!R95_90!TOP!TOP!+5V!100.8000!104.1400!!!!!!!!!!!!!!!FIG_RECTANGLE!100.8000!104.1400!0.8999!0.9500! 00000001!!RESC1608X55N!!!!!!!!!0.0000!!!!!!
S!PIN!R21!2!R95_90!TOP!TOP!N27475!102.4000!104.1400!!!!!!!!!!!!!!!FIG_RECTANGLE!102.4000!104.1400!0.8999!0.9500! 00000002!!RESC1608X55N!!!!!!!!!0.0000!!!!!!
S!PIN!R20!1!R95_90!TOP!TOP!N27475!100.8000!101.6000!!!!!!!!!!!!!!!FIG_RECTANGLE!100.8000!101.6000!0.8999!0.9500! 00000001!!RESC1608X55N!!!!!!!!!0.0000!!!!!!
S!PIN!R20!2!R95_90!TOP!TOP!GND!102.4000!101.6000!!!!!!!!!!!!!!!FIG_RECTANGLE!102.4000!101.6000!0.8999!0.9500! 00000002!!RESC1608X55N!!!!!!!!!0.0000!!!!!!
S!PIN!R19!1!R95_90!TOP!TOP!N30478!93.1800!101.6000!!!!!!!!!!!!!!!FIG_RECTANGLE!93.1800!101.6000!0.8999!0.9500! 00000001!!RESC1608X55N!!!!!!!!!0.0000!!!!!!
S!PIN!R19!2!R95_90!TOP!TOP!GND!94.7800!101.6000!!!!!!!!!!!!!!!FIG_RECTANGLE!94.7800!101.6000!0.8999!0.9500! 00000002!!RESC1608X55N!!!!!!!!!0.0000!!!!!!
S!PIN!R18!1!R95_90!TOP!TOP!N30510!88.1000!101.6000!!!!!!!!!!!!!!!FIG_RECTANGLE!88.1000!101.6000!0.8999!0.9500! 00000001!!RESC1608X55N!!!!!!!!!0.0000!!!!!!
S!PIN!R18!2!R95_90!TOP!TOP!GND!89.7000!101.6000!!!!!!!!!!!!!!!FIG_RECTANGLE!89.7000!101.6000!0.8999!0.9500! 00000002!!RESC1608X55N!!!!!!!!!0.0000!!!!!!
S!PIN!R17!1!R95_90!TOP!TOP!BOOT_0!141.4400!101.6000!!!!!!!!!!!!!!!FIG_RECTANGLE!141.4400!101.6000!0.8999!0.9500! 00000001!!RESC1608X55N!!!!!!!!!0.0000!!!!!!
S!PIN!R17!2!R95_90!TOP!TOP!GND!143.0400!101.6000!!!!!!!!!!!!!!!FIG_RECTANGLE!143.0400!101.6000!0.8999!0.9500! 00000002!!RESC1608X55N!!!!!!!!!0.0000!!!!!!
S!PIN!R16!1!R95_90!TOP!TOP!PA0!128.7400!101.6000!!!!!!!!!!!!!!!FIG_RECTANGLE!128.7400!101.6000!0.8999!0.9500! 00000001!!RESC1608X55N!!!!!!!!!0.0000!!!!!!
S!PIN!R16!2!R95_90!TOP!TOP!GND!130.3400!101.6000!!!!!!!!!!!!!!!FIG_RECTANGLE!130.3400!101.6000!0.8999!0.9500! 00000002!!RESC1608X55N!!!!!!!!!0.0000!!!!!!
S!PIN!R15!1!R95_90!TOP!TOP!+3V3!133.8200!101.6000!!!!!!!!!!!!!!!FIG_RECTANGLE!133.8200!101.6000!0.8999!0.9500! 00000001!!RESC1608X55N!!!!!!!!!0.0000!!!!!!
S!PIN!R15!2!R95_90!TOP!TOP!PA0!135.4200!101.6000!!!!!!!!!!!!!!!FIG_RECTANGLE!135.4200!101.6000!0.8999!0.9500! 00000002!!RESC1608X55N!!!!!!!!!0.0000!!!!!!
S!PIN!R14!1!R95_90!TOP!TOP!DP!83.3500!133.3500!!!!!!!!!!!!!!!FIG_RECTANGLE!83.3500!133.3500!0.8999!0.9500! 00000001!!RESC1608X55N!!!!!!!!!0.0000!!!!!!
S!PIN!R14!2!R95_90!TOP!TOP!N27475!81.7500!133.3500!!!!!!!!!!!!!!!FIG_RECTANGLE!81.7500!133.3500!0.8999!0.9500! 00000002!!RESC1608X55N!!!!!!!!!0.0000!!!!!!
S!PIN!R13!1!R95_90!TOP!TOP!USB_DP!81.7500!130.8100!!!!!!!!!!!!!!!FIG_RECTANGLE!81.7500!130.8100!0.8999!0.9500! 00000001!!RESC1608X55N!!!!!!!!!0.0000!!!!!!
S!PIN!R13!2!R95_90!TOP!TOP!DP!83.3500!130.8100!!!!!!!!!!!!!!!FIG_RECTANGLE!83.3500!130.8100!0.8999!0.9500! 00000002!!RESC1608X55N!!!!!!!!!0.0000!!!!!!
S!PIN!R12!1!R95_90!TOP!TOP!+3V3!63.0300!124.4600!!!!!!!!!!!!!!!FIG_RECTANGLE!63.0300!124.4600!0.8999!0.9500! 00000001!!RESC1608X55N!!!!!!!!!0.0000!!!!!!
S!PIN!R12!2!R95_90!TOP!TOP!RST!61.4300!124.4600!!!!!!!!!!!!!!!FIG_RECTANGLE!61.4300!124.4600!0.8999!0.9500! 00000002!!RESC1608X55N!!!!!!!!!0.0000!!!!!!
S!PIN!R11!1!R95_90!TOP!TOP!USB_DM!81.7500!128.2700!!!!!!!!!!!!!!!FIG_RECTANGLE!81.7500!128.2700!0.8999!0.9500! 00000001!!RESC1608X55N!!!!!!!!!0.0000!!!!!!
S!PIN!R11!2!R95_90!TOP!TOP!DN!83.3500!128.2700!!!!!!!!!!!!!!!FIG_RECTANGLE!83.3500!128.2700!0.8999!0.9500! 00000002!!RESC1608X55N!!!!!!!!!0.0000!!!!!!
S!PIN!R10!1!R95_90!TOP!TOP!N07180!138.9000!134.6200!!!!!!!!!!!!!!!FIG_RECTANGLE!138.9000!134.6200!0.8999!0.9500! 00000001!!RESC1608X55N!!!!!!!!!0.0000!!!!!!
S!PIN!R10!2!R95_90!TOP!TOP!+3V3!140.5000!134.6200!!!!!!!!!!!!!!!FIG_RECTANGLE!140.5000!134.6200!0.8999!0.9500! 00000002!!RESC1608X55N!!!!!!!!!0.0000!!!!!!
S!PIN!R9!1!R95_90!TOP!TOP!SWDIO!141.4400!106.6800!!!!!!!!!!!!!!!FIG_RECTANGLE!141.4400!106.6800!0.8999!0.9500! 00000001!!RESC1608X55N!!!!!!!!!0.0000!!!!!!
S!PIN!R9!2!R95_90!TOP!TOP!N02734!143.0400!106.6800!!!!!!!!!!!!!!!FIG_RECTANGLE!143.0400!106.6800!0.8999!0.9500! 00000002!!RESC1608X55N!!!!!!!!!0.0000!!!!!!
S!PIN!R8!1!R95_90!TOP!TOP!N06707!141.4400!111.7600!!!!!!!!!!!!!!!FIG_RECTANGLE!141.4400!111.7600!0.8999!0.9500! 00000001!!RESC1608X55N!!!!!!!!!0.0000!!!!!!
S!PIN!R8!2!R95_90!TOP!TOP!+3V3!143.0400!111.7600!!!!!!!!!!!!!!!FIG_RECTANGLE!143.0400!111.7600!0.8999!0.9500! 00000002!!RESC1608X55N!!!!!!!!!0.0000!!!!!!
S!PIN!R7!1!R95_90!TOP!TOP!+5V!136.3600!106.6800!!!!!!!!!!!!!!!FIG_RECTANGLE!136.3600!106.6800!0.8999!0.9500! 00000001!!RESC1608X55N!!!!!!!!!0.0000!!!!!!
S!PIN!R7!2!R95_90!TOP!TOP!N06887!137.9600!106.6800!!!!!!!!!!!!!!!FIG_RECTANGLE!137.9600!106.6800!0.8999!0.9500! 00000002!!RESC1608X55N!!!!!!!!!0.0000!!!!!!
S!PIN!R6!1!R95_90!TOP!TOP!RESET!128.7400!106.6800!!!!!!!!!!!!!!!FIG_RECTANGLE!128.7400!106.6800!0.8999!0.9500! 00000001!!RESC1608X55N!!!!!!!!!0.0000!!!!!!
S!PIN!R6!2!R95_90!TOP!TOP!N06427!130.3400!106.6800!!!!!!!!!!!!!!!FIG_RECTANGLE!130.3400!106.6800!0.8999!0.9500! 00000002!!RESC1608X55N!!!!!!!!!0.0000!!!!!!
S!PIN!R5!1!R95_90!TOP!TOP!N06435!128.7400!111.7600!!!!!!!!!!!!!!!FIG_RECTANGLE!128.7400!111.7600!0.8999!0.9500! 00000001!!RESC1608X55N!!!!!!!!!0.0000!!!!!!
S!PIN!R5!2!R95_90!TOP!TOP!SWO!130.3400!111.7600!!!!!!!!!!!!!!!FIG_RECTANGLE!130.3400!111.7600!0.8999!0.9500! 00000002!!RESC1608X55N!!!!!!!!!0.0000!!!!!!
S!PIN!R4!1!R95_90!TOP!TOP!SWCLK!133.8200!119.3800!!!!!!!!!!!!!!!FIG_RECTANGLE!133.8200!119.3800!0.8999!0.9500! 00000001!!RESC1608X55N!!!!!!!!!0.0000!!!!!!
S!PIN!R4!2!R95_90!TOP!TOP!N06431!135.4200!119.3800!!!!!!!!!!!!!!!FIG_RECTANGLE!135.4200!119.3800!0.8999!0.9500! 00000002!!RESC1608X55N!!!!!!!!!0.0000!!!!!!
S!PIN!R3!1!R95_90!TOP!TOP!GND!131.2800!127.0000!!!!!!!!!!!!!!!FIG_RECTANGLE!131.2800!127.0000!0.8999!0.9500! 00000001!!RESC1608X55N!!!!!!!!!0.0000!!!!!!
S!PIN!R3!2!R95_90!TOP!TOP!N00368!132.8800!127.0000!!!!!!!!!!!!!!!FIG_RECTANGLE!132.8800!127.0000!0.8999!0.9500! 00000002!!RESC1608X55N!!!!!!!!!0.0000!!!!!!
S!PIN!R2!1!R95_90!TOP!TOP!N06309!128.7400!124.4600!!!!!!!!!!!!!!!FIG_RECTANGLE!128.7400!124.4600!0.8999!0.9500! 00000001!!RESC1608X55N!!!!!!!!!0.0000!!!!!!
S!PIN!R2!2!R95_90!TOP!TOP!SWDIO!130.3400!124.4600!!!!!!!!!!!!!!!FIG_RECTANGLE!130.3400!124.4600!0.8999!0.9500! 00000002!!RESC1608X55N!!!!!!!!!0.0000!!!!!!
S!PIN!R1!1!R95_90!TOP!TOP!GND!136.3600!109.2200!!!!!!!!!!!!!!!FIG_RECTANGLE!136.3600!109.2200!0.8999!0.9500! 00000001!!RESC1608X55N!!!!!!!!!0.0000!!!!!!
S!PIN!R1!2!R95_90!TOP!TOP!N00410!137.9600!109.2200!!!!!!!!!!!!!!!FIG_RECTANGLE!137.9600!109.2200!0.8999!0.9500! 00000002!!RESC1608X55N!!!!!!!!!0.0000!!!!!!
S!PIN!Q1!1!R155_65!TOP!TOP!+3V3!138.8500!120.3400!!!!!!!!!!!!!!!FIG_RECTANGLE!138.8500!120.3400!1.5499!0.6500! 00000001!!SOT96P240X120-3N!!!!!!!!!0.0000!!!!!!
S!PIN!Q1!2!R155_65!TOP!TOP!RX!138.8500!118.4200!!!!!!!!!!!!!!!FIG_RECTANGLE!138.8500!118.4200!1.5499!0.6500! 00000002!!SOT96P240X120-3N!!!!!!!!!0.0000!!!!!!
S!PIN!Q1!3!R155_65!TOP!TOP!N06887!140.5500!119.3800!!!!!!!!!!!!!!!FIG_RECTANGLE!140.5500!119.3800!1.5499!0.6500! 00000003!!SOT96P240X120-3N!!!!!!!!!0.0000!!!!!!
S!PIN!LED2!1!S80!TOP!TOP!N07180!68.5800!117.3600!!!!!!!!!!!!!!!FIG_RECTANGLE!68.5800!117.3600!0.8001!0.8001! 00000001!!SM0603SRC!!!!!!!!!0.0000!!!!!!
S!PIN!LED2!2!S80!TOP!TOP!RX!68.5800!118.8600!!!!!!!!!!!!!!!FIG_RECTANGLE!68.5800!118.8600!0.8001!0.8001! 00000002!!SM0603SRC!!!!!!!!!0.0000!!!!!!
S!PIN!LED5!1!R95_80!TOP!TOP!N09921!138.8500!127.0000!!!!!!!!!!!!!!!FIG_RECTANGLE!138.8500!127.0000!0.8001!0.9500! 00000001!!LEDC1608X60N!!!!!!!!!0.0000!!!!!!
S!PIN!LED5!2!R95_80!TOP!TOP!+3V3!140.5500!127.0000!!!!!!!!!!!!!!!FIG_RECTANGLE!140.5500!127.0000!0.8001!0.9500! 00000002!!LEDC1608X60N!!!!!!!!!0.0000!!!!!!
S!PIN!LED4!1!R95_80!TOP!TOP!GND!133.7700!134.6200!!!!!!!!!!!!!!!FIG_RECTANGLE!133.7700!134.6200!0.8001!0.9500! 00000001!!LEDC1608X60N!!!!!!!!!0.0000!!!!!!
S!PIN!LED4!2!R95_80!TOP!TOP!N09917!135.4700!134.6200!!!!!!!!!!!!!!!FIG_RECTANGLE!135.4700!134.6200!0.8001!0.9500! 00000002!!LEDC1608X60N!!!!!!!!!0.0000!!!!!!
S!PIN!LED3!1!R95_80!TOP!TOP!GND!80.4300!116.8400!!!!!!!!!!!!!!!FIG_RECTANGLE!80.4300!116.8400!0.8001!0.9500! 00000001!!LEDC1608X60N!!!!!!!!!0.0000!!!!!!
S!PIN!LED3!2!R95_80!TOP!TOP!N08768!82.1300!116.8400!!!!!!!!!!!!!!!FIG_RECTANGLE!82.1300!116.8400!0.8001!0.9500! 00000002!!LEDC1608X60N!!!!!!!!!0.0000!!!!!!
S!PIN!LED1!1!R95_80!TOP!TOP!TX!88.0500!127.0000!!!!!!!!!!!!!!!FIG_RECTANGLE!88.0500!127.0000!0.8001!0.9500! 00000001!!LEDC1608X60N!!!!!!!!!0.0000!!!!!!
S!PIN!LED1!2!R95_80!TOP!TOP!N06707!89.7500!127.0000!!!!!!!!!!!!!!!FIG_RECTANGLE!89.7500!127.0000!0.8001!0.9500! 00000002!!LEDC1608X60N!!!!!!!!!0.0000!!!!!!
S!PIN!J7!1!S165_H110!TOP!BOTTOM!RST!58.4200!121.9200!!!CIRCLE_DRILL!1.1001!1.1001!58.4200!121.9200!0.000!PLATED!B!DIAMOND!1.1001!1.1001!0.000!FIG_RECTANGLE!58.4200!121.9200!1.6500!1.6500! 00000001!!SHDR3W64P0X254_1X3_762X516X980P!0.0000!0.0000!!!!!!!0.0000!!!!!!
S!PIN!J7!2!C165_H110!TOP!BOTTOM!GND!55.8800!121.9200!!!CIRCLE_DRILL!1.1001!1.1001!55.8800!121.9200!0.000!PLATED!A!DIAMOND!1.1001!1.1001!0.000!CIRCLE!55.8800!121.9200!1.6500!1.6500! 00000002!!SHDR3W64P0X254_1X3_762X516X980P!0.0000!0.0000!!!!!!!0.0000!!!!!!
S!PIN!J7!3!C165_H110!TOP!BOTTOM!GND!53.3400!121.9200!!!CIRCLE_DRILL!1.1001!1.1001!53.3400!121.9200!0.000!PLATED!A!DIAMOND!1.1001!1.1001!0.000!CIRCLE!53.3400!121.9200!1.6500!1.6500! 00000003!!SHDR3W64P0X254_1X3_762X516X980P!0.0000!0.0000!!!!!!!0.0000!!!!!!
S!PIN!J5!1!S165_H110!TOP!BOTTOM!GND!76.2000!146.0500!!!CIRCLE_DRILL!1.1001!1.1001!76.2000!146.0500!0.000!PLATED!B!DIAMOND!1.1001!1.1001!0.000!FIG_RECTANGLE!76.2000!146.0500!1.6500!1.6500! 00000001!!SHDR3W64P0X254_1X3_762X516X980P!0.0000!0.0000!!!!!!!0.0000!!!!!!
S!PIN!J5!2!C165_H110!TOP!BOTTOM!SWDIO_IN!78.7400!146.0500!!!CIRCLE_DRILL!1.1001!1.1001!78.7400!146.0500!0.000!PLATED!A!DIAMOND!1.1001!1.1001!0.000!CIRCLE!78.7400!146.0500!1.6500!1.6500! 00000002!!SHDR3W64P0X254_1X3_762X516X980P!0.0000!0.0000!!!!!!!0.0000!!!!!!
S!PIN!J5!3!C165_H110!TOP!BOTTOM!SWCLK_IN!81.2800!146.0500!!!CIRCLE_DRILL!1.1001!1.1001!81.2800!146.0500!0.000!PLATED!A!DIAMOND!1.1001!1.1001!0.000!CIRCLE!81.2800!146.0500!1.6500!1.6500! 00000003!!SHDR3W64P0X254_1X3_762X516X980P!0.0000!0.0000!!!!!!!0.0000!!!!!!
S!PIN!J4!1!R254_127!TOP!TOP!N04880!109.2200!103.9500!!!!!!!!!!!!!!!FIG_RECTANGLE!109.2200!103.9500!1.2700!2.5400! 00000001!!95278401A10LF!!!!!!!!!0.0000!!!!!!
S!PIN!J4!2!R254_127!TOP!TOP!GND!109.2200!109.4100!!!!!!!!!!!!!!!FIG_RECTANGLE!109.2200!109.4100!1.2700!2.5400! 00000002!!95278401A10LF!!!!!!!!!0.0000!!!!!!
S!PIN!J4!3!R254_127!TOP!TOP!N05764!111.7600!103.9500!!!!!!!!!!!!!!!FIG_RECTANGLE!111.7600!103.9500!1.2700!2.5400! 00000003!!95278401A10LF!!!!!!!!!0.0000!!!!!!
S!PIN!J4!4!R254_127!TOP!TOP!N06309!111.7600!109.4100!!!!!!!!!!!!!!!FIG_RECTANGLE!111.7600!109.4100!1.2700!2.5400! 00000004!!95278401A10LF!!!!!!!!!0.0000!!!!!!
S!PIN!J4!5!R254_127!TOP!TOP!N06431!114.3000!103.9500!!!!!!!!!!!!!!!FIG_RECTANGLE!114.3000!103.9500!1.2700!2.5400! 00000005!!95278401A10LF!!!!!!!!!0.0000!!!!!!
S!PIN!J4!6!R254_127!TOP!TOP!N06435!114.3000!109.4100!!!!!!!!!!!!!!!FIG_RECTANGLE!114.3000!109.4100!1.2700!2.5400! 00000006!!95278401A10LF!!!!!!!!!0.0000!!!!!!
S!PIN!J4!7!R254_127!TOP!TOP!N06427!116.8400!103.9500!!!!!!!!!!!!!!!FIG_RECTANGLE!116.8400!103.9500!1.2700!2.5400! 00000007!!95278401A10LF!!!!!!!!!0.0000!!!!!!
S!PIN!J4!8!R254_127!TOP!TOP!TX!116.8400!109.4100!!!!!!!!!!!!!!!FIG_RECTANGLE!116.8400!109.4100!1.2700!2.5400! 00000008!!95278401A10LF!!!!!!!!!0.0000!!!!!!
S!PIN!J4!9!R254_127!TOP!TOP!N06887!119.3800!103.9500!!!!!!!!!!!!!!!FIG_RECTANGLE!119.3800!103.9500!1.2700!2.5400! 00000009!!95278401A10LF!!!!!!!!!0.0000!!!!!!
S!PIN!J4!10!R254_127!TOP!TOP!!119.3800!109.4100!!!!!!!!!!!!!!!FIG_RECTANGLE!119.3800!109.4100!1.2700!2.5400! 00000010!!95278401A10LF!!!!!!!!!0.0000!!!!!!
S!PIN!J6!1!S172_5_H115!TOP!BOTTOM!GND!61.5950!121.9200!!!CIRCLE_DRILL!1.1501!1.1501!61.5950!121.9200!0.000!PLATED!B!DIAMOND!1.1501!1.1501!0.000!FIG_RECTANGLE!61.5950!121.9200!1.7249!1.7249! 00000001!!HDRV2W67P254_2X1_254X483X858P!0.0000!0.0000!!!!!!!0.0000!!!!!!
S!PIN!J6!2!C172_5_H115!TOP!BOTTOM!N01382!64.1350!121.9200!!!CIRCLE_DRILL!1.1501!1.1501!64.1350!121.9200!0.000!PLATED!A!DIAMOND!1.1501!1.1501!0.000!CIRCLE!64.1350!121.9200!1.7249!1.7249! 00000002!!HDRV2W67P254_2X1_254X483X858P!0.0000!0.0000!!!!!!!0.0000!!!!!!
S!PIN!J3!1!S172_5_H115!TOP!BOTTOM!+5V!63.5000!146.0500!!!CIRCLE_DRILL!1.1501!1.1501!63.5000!146.0500!0.000!PLATED!B!DIAMOND!1.1501!1.1501!0.000!FIG_RECTANGLE!63.5000!146.0500!1.7249!1.7249! 00000001!!HDRV2W67P254_2X1_254X483X858P!0.0000!0.0000!!!!!!!0.0000!!!!!!
S!PIN!J3!2!C172_5_H115!TOP!BOTTOM!N04880!66.0400!146.0500!!!CIRCLE_DRILL!1.1501!1.1501!66.0400!146.0500!0.000!PLATED!A!DIAMOND!1.1501!1.1501!0.000!CIRCLE!66.0400!146.0500!1.7249!1.7249! 00000002!!HDRV2W67P254_2X1_254X483X858P!0.0000!0.0000!!!!!!!0.0000!!!!!!
S!PIN!J2!1!S172_5_H115!TOP!BOTTOM!N05760!101.6000!129.5400!!!CIRCLE_DRILL!1.1501!1.1501!101.6000!129.5400!0.000!PLATED!B!DIAMOND!1.1501!1.1501!0.000!FIG_RECTANGLE!101.6000!129.5400!1.7249!1.7249! 00000001!!HDRV2W67P254_2X1_254X483X858P!0.0000!0.0000!!!!!!!0.0000!!!!!!
S!PIN!J2!2!C172_5_H115!TOP!BOTTOM!N05764!101.6000!132.0800!!!CIRCLE_DRILL!1.1501!1.1501!101.6000!132.0800!0.000!PLATED!A!DIAMOND!1.1501!1.1501!0.000!CIRCLE!101.6000!132.0800!1.7249!1.7249! 00000002!!HDRV2W67P254_2X1_254X483X858P!0.0000!0.0000!!!!!!!0.0000!!!!!!
S!PIN!J1!A1!R85_30!TOP!TOP!0!58.4200!105.4100!!!!!!!!!!!!!!!FIG_RECTANGLE!58.4200!105.4100!0.8499!0.3000!A 00000001!!2193200001!!!!!!!!!0.0000!!!!!!
S!PIN!J1!A4!R85_30!TOP!TOP!FUSE!58.4200!106.9100!!!!!!!!!!!!!!!FIG_RECTANGLE!58.4200!106.9100!0.8499!0.3000!A 00000004!!2193200001!!!!!!!!!0.0000!!!!!!
S!PIN!J1!A5!R85_30!TOP!TOP!N30510!58.4200!107.4100!!!!!!!!!!!!!!!FIG_RECTANGLE!58.4200!107.4100!0.8499!0.3000!A 00000005!!2193200001!!!!!!!!!0.0000!!!!!!
S!PIN!J1!A6!R85_30!TOP!TOP!DP!58.4200!107.9100!!!!!!!!!!!!!!!FIG_RECTANGLE!58.4200!107.9100!0.8499!0.3000!A 00000006!!2193200001!!!!!!!!!0.0000!!!!!!
S!PIN!J1!A7!R85_30!TOP!TOP!DN!58.4200!108.4100!!!!!!!!!!!!!!!FIG_RECTANGLE!58.4200!108.4100!0.8499!0.3000!A 00000007!!2193200001!!!!!!!!!0.0000!!!!!!
S!PIN!J1!A8!R85_30!TOP!TOP!!58.4200!108.9100!!!!!!!!!!!!!!!FIG_RECTANGLE!58.4200!108.9100!0.8499!0.3000!A 00000008!!2193200001!!!!!!!!!0.0000!!!!!!
S!PIN!J1!A9!R85_30!TOP!TOP!FUSE!58.4200!109.4100!!!!!!!!!!!!!!!FIG_RECTANGLE!58.4200!109.4100!0.8499!0.3000!A 00000009!!2193200001!!!!!!!!!0.0000!!!!!!
S!PIN!J1!A12!R85_30!TOP!TOP!GND!58.4200!110.9100!!!!!!!!!!!!!!!FIG_RECTANGLE!58.4200!110.9100!0.8499!0.3000!A 00000012!!2193200001!!!!!!!!!0.0000!!!!!!
S!PIN!J1!B1!R85_30!TOP!TOP!GND!60.0900!110.9100!!!!!!!!!!!!!!!FIG_RECTANGLE!60.0900!110.9100!0.8499!0.3000!B 00000001!!2193200001!!!!!!!!!0.0000!!!!!!
S!PIN!J1!B4!R85_30!TOP!TOP!FUSE!60.0900!109.4100!!!!!!!!!!!!!!!FIG_RECTANGLE!60.0900!109.4100!0.8499!0.3000!B 00000004!!2193200001!!!!!!!!!0.0000!!!!!!
S!PIN!J1!B5!R85_30!TOP!TOP!N30478!60.0900!108.9100!!!!!!!!!!!!!!!FIG_RECTANGLE!60.0900!108.9100!0.8499!0.3000!B 00000005!!2193200001!!!!!!!!!0.0000!!!!!!
S!PIN!J1!B6!R85_30!TOP!TOP!DP!60.0900!108.4100!!!!!!!!!!!!!!!FIG_RECTANGLE!60.0900!108.4100!0.8499!0.3000!B 00000006!!2193200001!!!!!!!!!0.0000!!!!!!
S!PIN!J1!B7!R85_30!TOP!TOP!DN!60.0900!107.9100!!!!!!!!!!!!!!!FIG_RECTANGLE!60.0900!107.9100!0.8499!0.3000!B 00000007!!2193200001!!!!!!!!!0.0000!!!!!!
S!PIN!J1!B8!R85_30!TOP!TOP!!60.0900!107.4100!!!!!!!!!!!!!!!FIG_RECTANGLE!60.0900!107.4100!0.8499!0.3000!B 00000008!!2193200001!!!!!!!!!0.0000!!!!!!
S!PIN!J1!B9!R85_30!TOP!TOP!FUSE!60.0900!106.9100!!!!!!!!!!!!!!!FIG_RECTANGLE!60.0900!106.9100!0.8499!0.3000!B 00000009!!2193200001!!!!!!!!!0.0000!!!!!!
S!PIN!J1!B12!R85_30!TOP!TOP!0!60.0900!105.4100!!!!!!!!!!!!!!!FIG_RECTANGLE!60.0900!105.4100!0.8499!0.3000!B 00000012!!2193200001!!!!!!!!!0.0000!!!!!!
S!PIN!J1!!C30_H60!TOP!BOTTOM!!59.2550!104.4100!!!CIRCLE_DRILL!0.5999!0.5999!59.2550!104.4100!0.000!NON_PLATED!A!DIAMOND!0.5999!0.5999!0.000!CIRCLE!59.2550!104.4100!0.5999!0.5999!!!2193200001!0.0000!0.0000!!!!!!!0.0000!!!!!!
S!PIN!J1!!C58_5_H117!TOP!BOTTOM!!59.2550!111.9100!!!CIRCLE_DRILL!1.1699!1.1699!59.2550!111.9100!0.000!NON_PLATED!B!DIAMOND!1.1699!1.1699!0.000!CIRCLE!59.2550!111.9100!1.1699!1.1699!!!2193200001!0.0000!0.0000!!!!!!!0.0000!!!!!!
S!PIN!J1!MH3!C110_H70!TOP!BOTTOM!!57.1050!105.7600!!!CIRCLE_DRILL!0.7000!0.7000!57.1050!105.7600!0.000!PLATED!C!DIAMOND!0.7000!0.7000!0.000!CIRCLE!57.1050!105.7600!1.1001!1.1001!MH 00000003!!2193200001!0.0000!0.0000!!!!!!!0.0000!!!!!!
S!PIN!J1!MH4!C110_H70!TOP!BOTTOM!!57.1050!110.5600!!!CIRCLE_DRILL!0.7000!0.7000!57.1050!110.5600!0.000!PLATED!C!DIAMOND!0.7000!0.7000!0.000!CIRCLE!57.1050!110.5600!1.1001!1.1001!MH 00000004!!2193200001!0.0000!0.0000!!!!!!!0.0000!!!!!!
S!PIN!J1!MH5!C110_H70!TOP!BOTTOM!!61.4050!110.5600!!!CIRCLE_DRILL!0.7000!0.7000!61.4050!110.5600!0.000!PLATED!C!DIAMOND!0.7000!0.7000!0.000!CIRCLE!61.4050!110.5600!1.1001!1.1001!MH 00000005!!2193200001!0.0000!0.0000!!!!!!!0.0000!!!!!!
S!PIN!J1!MH6!C110_H70!TOP!BOTTOM!!61.4050!105.7600!!!CIRCLE_DRILL!0.7000!0.7000!61.4050!105.7600!0.000!PLATED!C!DIAMOND!0.7000!0.7000!0.000!CIRCLE!61.4050!105.7600!1.1001!1.1001!MH 00000006!!2193200001!0.0000!0.0000!!!!!!!0.0000!!!!!!
S!PIN!IC4!1!R175_95!TOP!TOP!GND!123.8500!119.1400!!!!!!!!!!!!!!!FIG_RECTANGLE!123.8500!119.1400!1.7501!0.9500! 00000001!!SOT230P700X180-4N!!!!!!!!!0.0000!!!!!!
S!PIN!IC4!2!R175_95!TOP!TOP!+3V3!123.8500!116.8400!!!!!!!!!!!!!!!FIG_RECTANGLE!123.8500!116.8400!1.7501!0.9500! 00000002!!SOT230P700X180-4N!!!!!!!!!0.0000!!!!!!
S!PIN!IC4!3!R175_95!TOP!TOP!+5V!123.8500!114.5400!!!!!!!!!!!!!!!FIG_RECTANGLE!123.8500!114.5400!1.7501!0.9500! 00000003!!SOT230P700X180-4N!!!!!!!!!0.0000!!!!!!
S!PIN!IC4!4!R320_175!TOP!TOP!!130.1500!116.8400!!!!!!!!!!!!!!!FIG_RECTANGLE!130.1500!116.8400!1.7501!3.1999! 00000004!!SOT230P700X180-4N!!!!!!!!!0.0000!!!!!!
S!PIN!IC3!1!R125_65!TOP!TOP!N11997!115.5900!122.8600!!!!!!!!!!!!!!!FIG_RECTANGLE!115.5900!122.8600!1.2499!0.6500! 00000001!!SOT94P279X130-5N!!!!!!!!!0.0000!!!!!!
S!PIN!IC3!2!R125_65!TOP!TOP!GND!115.5900!121.9200!!!!!!!!!!!!!!!FIG_RECTANGLE!115.5900!121.9200!1.2499!0.6500! 00000002!!SOT94P279X130-5N!!!!!!!!!0.0000!!!!!!
S!PIN!IC3!3!R125_65!TOP!TOP!+5V!115.5900!120.9800!!!!!!!!!!!!!!!FIG_RECTANGLE!115.5900!120.9800!1.2499!0.6500! 00000003!!SOT94P279X130-5N!!!!!!!!!0.0000!!!!!!
S!PIN!IC3!4!R125_65!TOP!TOP!N13004!118.0900!120.9800!!!!!!!!!!!!!!!FIG_RECTANGLE!118.0900!120.9800!1.2499!0.6500! 00000004!!SOT94P279X130-5N!!!!!!!!!0.0000!!!!!!
S!PIN!IC3!5!R125_65!TOP!TOP!+3V3!118.0900!122.8600!!!!!!!!!!!!!!!FIG_RECTANGLE!118.0900!122.8600!1.2499!0.6500! 00000005!!SOT94P279X130-5N!!!!!!!!!0.0000!!!!!!
S!PIN!IC2!1!R147_5_30!TOP!TOP!VBAT!66.8820!132.2900!!!!!!!!!!!!!!!FIG_RECTANGLE!66.8820!132.2900!1.4750!0.3000! 00000001!!QFP50P900X900X160-48N!!!!!!!!!0.0000!!!!!!
S!PIN!IC2!2!R147_5_30!TOP!TOP!N00368!66.8820!131.7900!!!!!!!!!!!!!!!FIG_RECTANGLE!66.8820!131.7900!1.4750!0.3000! 00000002!!QFP50P900X900X160-48N!!!!!!!!!0.0000!!!!!!
S!PIN!IC2!3!R147_5_30!TOP!TOP!N00410!66.8820!131.2900!!!!!!!!!!!!!!!FIG_RECTANGLE!66.8820!131.2900!1.4750!0.3000! 00000003!!QFP50P900X900X160-48N!!!!!!!!!0.0000!!!!!!
S!PIN!IC2!4!R147_5_30!TOP!TOP!!66.8820!130.7900!!!!!!!!!!!!!!!FIG_RECTANGLE!66.8820!130.7900!1.4750!0.3000! 00000004!!QFP50P900X900X160-48N!!!!!!!!!0.0000!!!!!!
S!PIN!IC2!5!R147_5_30!TOP!TOP!N00775!66.8820!130.2900!!!!!!!!!!!!!!!FIG_RECTANGLE!66.8820!130.2900!1.4750!0.3000! 00000005!!QFP50P900X900X160-48N!!!!!!!!!0.0000!!!!!!
S!PIN!IC2!6!R147_5_30!TOP!TOP!N00782!66.8820!129.7900!!!!!!!!!!!!!!!FIG_RECTANGLE!66.8820!129.7900!1.4750!0.3000! 00000006!!QFP50P900X900X160-48N!!!!!!!!!0.0000!!!!!!
S!PIN!IC2!7!R147_5_30!TOP!TOP!RST!66.8820!129.2900!!!!!!!!!!!!!!!FIG_RECTANGLE!66.8820!129.2900!1.4750!0.3000! 00000007!!QFP50P900X900X160-48N!!!!!!!!!0.0000!!!!!!
S!PIN!IC2!8!R147_5_30!TOP!TOP!GND!66.8820!128.7900!!!!!!!!!!!!!!!FIG_RECTANGLE!66.8820!128.7900!1.4750!0.3000! 00000008!!QFP50P900X900X160-48N!!!!!!!!!0.0000!!!!!!
S!PIN!IC2!9!R147_5_30!TOP!TOP!+3V3!66.8820!128.2900!!!!!!!!!!!!!!!FIG_RECTANGLE!66.8820!128.2900!1.4750!0.3000! 00000009!!QFP50P900X900X160-48N!!!!!!!!!0.0000!!!!!!
S!PIN!IC2!10!R147_5_30!TOP!TOP!PA0!66.8820!127.7900!!!!!!!!!!!!!!!FIG_RECTANGLE!66.8820!127.7900!1.4750!0.3000! 00000010!!QFP50P900X900X160-48N!!!!!!!!!0.0000!!!!!!
S!PIN!IC2!11!R147_5_30!TOP!TOP!!66.8820!127.2900!!!!!!!!!!!!!!!FIG_RECTANGLE!66.8820!127.2900!1.4750!0.3000! 00000011!!QFP50P900X900X160-48N!!!!!!!!!0.0000!!!!!!
S!PIN!IC2!12!R147_5_30!TOP!TOP!TX!66.8820!126.7900!!!!!!!!!!!!!!!FIG_RECTANGLE!66.8820!126.7900!1.4750!0.3000! 00000012!!QFP50P900X900X160-48N!!!!!!!!!0.0000!!!!!!
S!PIN!IC2!13!R147_5_30!TOP!TOP!RX!68.3700!125.3020!!!!!!!!!!!!!!!FIG_RECTANGLE!68.3700!125.3020!0.3000!1.4750! 00000013!!QFP50P900X900X160-48N!!!!!!!!!0.0000!!!!!!
S!PIN!IC2!14!R147_5_30!TOP!TOP!!68.8700!125.3020!!!!!!!!!!!!!!!FIG_RECTANGLE!68.8700!125.3020!0.3000!1.4750! 00000014!!QFP50P900X900X160-48N!!!!!!!!!0.0000!!!!!!
S!PIN!IC2!15!R147_5_30!TOP!TOP!SWCLK!69.3700!125.3020!!!!!!!!!!!!!!!FIG_RECTANGLE!69.3700!125.3020!0.3000!1.4750! 00000015!!QFP50P900X900X160-48N!!!!!!!!!0.0000!!!!!!
S!PIN!IC2!16!R147_5_30!TOP!TOP!!69.8700!125.3020!!!!!!!!!!!!!!!FIG_RECTANGLE!69.8700!125.3020!0.3000!1.4750! 00000016!!QFP50P900X900X160-48N!!!!!!!!!0.0000!!!!!!
S!PIN!IC2!17!R147_5_30!TOP!TOP!!70.3700!125.3020!!!!!!!!!!!!!!!FIG_RECTANGLE!70.3700!125.3020!0.3000!1.4750! 00000017!!QFP50P900X900X160-48N!!!!!!!!!0.0000!!!!!!
S!PIN!IC2!18!R147_5_30!TOP!TOP!RESET!70.8700!125.3020!!!!!!!!!!!!!!!FIG_RECTANGLE!70.8700!125.3020!0.3000!1.4750! 00000018!!QFP50P900X900X160-48N!!!!!!!!!0.0000!!!!!!
S!PIN!IC2!19!R147_5_30!TOP!TOP!!71.3700!125.3020!!!!!!!!!!!!!!!FIG_RECTANGLE!71.3700!125.3020!0.3000!1.4750! 00000019!!QFP50P900X900X160-48N!!!!!!!!!0.0000!!!!!!
S!PIN!IC2!20!R147_5_30!TOP!TOP!BOOT_1!71.8700!125.3020!!!!!!!!!!!!!!!FIG_RECTANGLE!71.8700!125.3020!0.3000!1.4750! 00000020!!QFP50P900X900X160-48N!!!!!!!!!0.0000!!!!!!
S!PIN!IC2!21!R147_5_30!TOP!TOP!N01382!72.3700!125.3020!!!!!!!!!!!!!!!FIG_RECTANGLE!72.3700!125.3020!0.3000!1.4750! 00000021!!QFP50P900X900X160-48N!!!!!!!!!0.0000!!!!!!
S!PIN!IC2!22!R147_5_30!TOP!TOP!!72.8700!125.3020!!!!!!!!!!!!!!!FIG_RECTANGLE!72.8700!125.3020!0.3000!1.4750! 00000022!!QFP50P900X900X160-48N!!!!!!!!!0.0000!!!!!!
S!PIN!IC2!23!R147_5_30!TOP!TOP!GND!73.3700!125.3020!!!!!!!!!!!!!!!FIG_RECTANGLE!73.3700!125.3020!0.3000!1.4750! 00000023!!QFP50P900X900X160-48N!!!!!!!!!0.0000!!!!!!
S!PIN!IC2!24!R147_5_30!TOP!TOP!+3V3!73.8700!125.3020!!!!!!!!!!!!!!!FIG_RECTANGLE!73.8700!125.3020!0.3000!1.4750! 00000024!!QFP50P900X900X160-48N!!!!!!!!!0.0000!!!!!!
S!PIN!IC2!25!R147_5_30!TOP!TOP!SWDIO!75.3580!126.7900!!!!!!!!!!!!!!!FIG_RECTANGLE!75.3580!126.7900!1.4750!0.3000! 00000025!!QFP50P900X900X160-48N!!!!!!!!!0.0000!!!!!!
S!PIN!IC2!26!R147_5_30!TOP!TOP!SWCLK!75.3580!127.2900!!!!!!!!!!!!!!!FIG_RECTANGLE!75.3580!127.2900!1.4750!0.3000! 00000026!!QFP50P900X900X160-48N!!!!!!!!!0.0000!!!!!!
S!PIN!IC2!27!R147_5_30!TOP!TOP!N02734!75.3580!127.7900!!!!!!!!!!!!!!!FIG_RECTANGLE!75.3580!127.7900!1.4750!0.3000! 00000027!!QFP50P900X900X160-48N!!!!!!!!!0.0000!!!!!!
S!PIN!IC2!28!R147_5_30!TOP!TOP!!75.3580!128.2900!!!!!!!!!!!!!!!FIG_RECTANGLE!75.3580!128.2900!1.4750!0.3000! 00000028!!QFP50P900X900X160-48N!!!!!!!!!0.0000!!!!!!
S!PIN!IC2!29!R147_5_30!TOP!TOP!!75.3580!128.7900!!!!!!!!!!!!!!!FIG_RECTANGLE!75.3580!128.7900!1.4750!0.3000! 00000029!!QFP50P900X900X160-48N!!!!!!!!!0.0000!!!!!!
S!PIN!IC2!30!R147_5_30!TOP!TOP!LED_LINK!75.3580!129.2900!!!!!!!!!!!!!!!FIG_RECTANGLE!75.3580!129.2900!1.4750!0.3000! 00000030!!QFP50P900X900X160-48N!!!!!!!!!0.0000!!!!!!
S!PIN!IC2!31!R147_5_30!TOP!TOP!SWO!75.3580!129.7900!!!!!!!!!!!!!!!FIG_RECTANGLE!75.3580!129.7900!1.4750!0.3000! 00000031!!QFP50P900X900X160-48N!!!!!!!!!0.0000!!!!!!
S!PIN!IC2!32!R147_5_30!TOP!TOP!USB_DM!75.3580!130.2900!!!!!!!!!!!!!!!FIG_RECTANGLE!75.3580!130.2900!1.4750!0.3000! 00000032!!QFP50P900X900X160-48N!!!!!!!!!0.0000!!!!!!
S!PIN!IC2!33!R147_5_30!TOP!TOP!USB_DP!75.3580!130.7900!!!!!!!!!!!!!!!FIG_RECTANGLE!75.3580!130.7900!1.4750!0.3000! 00000033!!QFP50P900X900X160-48N!!!!!!!!!0.0000!!!!!!
S!PIN!IC2!34!R147_5_30!TOP!TOP!SWDIO_IN!75.3580!131.2900!!!!!!!!!!!!!!!FIG_RECTANGLE!75.3580!131.2900!1.4750!0.3000! 00000034!!QFP50P900X900X160-48N!!!!!!!!!0.0000!!!!!!
S!PIN!IC2!35!R147_5_30!TOP!TOP!GND!75.3580!131.7900!!!!!!!!!!!!!!!FIG_RECTANGLE!75.3580!131.7900!1.4750!0.3000! 00000035!!QFP50P900X900X160-48N!!!!!!!!!0.0000!!!!!!
S!PIN!IC2!36!R147_5_30!TOP!TOP!+3V3!75.3580!132.2900!!!!!!!!!!!!!!!FIG_RECTANGLE!75.3580!132.2900!1.4750!0.3000! 00000036!!QFP50P900X900X160-48N!!!!!!!!!0.0000!!!!!!
S!PIN!IC2!37!R147_5_30!TOP!TOP!SWCLK_IN!73.8700!133.7780!!!!!!!!!!!!!!!FIG_RECTANGLE!73.8700!133.7780!0.3000!1.4750! 00000037!!QFP50P900X900X160-48N!!!!!!!!!0.0000!!!!!!
S!PIN!IC2!38!R147_5_30!TOP!TOP!USB_RENUM!73.3700!133.7780!!!!!!!!!!!!!!!FIG_RECTANGLE!73.3700!133.7780!0.3000!1.4750! 00000038!!QFP50P900X900X160-48N!!!!!!!!!0.0000!!!!!!
S!PIN!IC2!39!R147_5_30!TOP!TOP!!72.8700!133.7780!!!!!!!!!!!!!!!FIG_RECTANGLE!72.8700!133.7780!0.3000!1.4750! 00000039!!QFP50P900X900X160-48N!!!!!!!!!0.0000!!!!!!
S!PIN!IC2!40!R147_5_30!TOP!TOP!!72.3700!133.7780!!!!!!!!!!!!!!!FIG_RECTANGLE!72.3700!133.7780!0.3000!1.4750! 00000040!!QFP50P900X900X160-48N!!!!!!!!!0.0000!!!!!!
S!PIN!IC2!41!R147_5_30!TOP!TOP!!71.8700!133.7780!!!!!!!!!!!!!!!FIG_RECTANGLE!71.8700!133.7780!0.3000!1.4750! 00000041!!QFP50P900X900X160-48N!!!!!!!!!0.0000!!!!!!
S!PIN!IC2!42!R147_5_30!TOP!TOP!!71.3700!133.7780!!!!!!!!!!!!!!!FIG_RECTANGLE!71.3700!133.7780!0.3000!1.4750! 00000042!!QFP50P900X900X160-48N!!!!!!!!!0.0000!!!!!!
S!PIN!IC2!43!R147_5_30!TOP!TOP!!70.8700!133.7780!!!!!!!!!!!!!!!FIG_RECTANGLE!70.8700!133.7780!0.3000!1.4750! 00000043!!QFP50P900X900X160-48N!!!!!!!!!0.0000!!!!!!
S!PIN!IC2!44!R147_5_30!TOP!TOP!BOOT_0!70.3700!133.7780!!!!!!!!!!!!!!!FIG_RECTANGLE!70.3700!133.7780!0.3000!1.4750! 00000044!!QFP50P900X900X160-48N!!!!!!!!!0.0000!!!!!!
S!PIN!IC2!45!R147_5_30!TOP!TOP!!69.8700!133.7780!!!!!!!!!!!!!!!FIG_RECTANGLE!69.8700!133.7780!0.3000!1.4750! 00000045!!QFP50P900X900X160-48N!!!!!!!!!0.0000!!!!!!
S!PIN!IC2!46!R147_5_30!TOP!TOP!!69.3700!133.7780!!!!!!!!!!!!!!!FIG_RECTANGLE!69.3700!133.7780!0.3000!1.4750! 00000046!!QFP50P900X900X160-48N!!!!!!!!!0.0000!!!!!!
S!PIN!IC2!47!R147_5_30!TOP!TOP!GND!68.8700!133.7780!!!!!!!!!!!!!!!FIG_RECTANGLE!68.8700!133.7780!0.3000!1.4750! 00000047!!QFP50P900X900X160-48N!!!!!!!!!0.0000!!!!!!
S!PIN!IC2!48!R147_5_30!TOP!TOP!+3V3!68.3700!133.7780!!!!!!!!!!!!!!!FIG_RECTANGLE!68.3700!133.7780!0.3000!1.4750! 00000048!!QFP50P900X900X160-48N!!!!!!!!!0.0000!!!!!!
S!PIN!IC1!1!R115_60!TOP!TOP!!79.0600!137.3300!!!!!!!!!!!!!!!FIG_RECTANGLE!79.0600!137.3300!0.5999!1.1501! 00000001!!SOT95P237X125-3N!!!!!!!!!0.0000!!!!!!
S!PIN!IC1!2!R115_60!TOP!TOP!N27475!80.9600!137.3300!!!!!!!!!!!!!!!FIG_RECTANGLE!80.9600!137.3300!0.5999!1.1501! 00000002!!SOT95P237X125-3N!!!!!!!!!0.0000!!!!!!
S!PIN!IC1!3!R115_60!TOP!TOP!+3V3!80.0100!139.5300!!!!!!!!!!!!!!!FIG_RECTANGLE!80.0100!139.5300!0.5999!1.1501! 00000003!!SOT95P237X125-3N!!!!!!!!!0.0000!!!!!!
S!PIN!F1!1!R76_62!TOP!TOP!+5V!129.0050!149.8600!!!!!!!!!!!!!!!FIG_RECTANGLE!129.0050!149.8600!0.7600!0.6200! 00000001!!FUSC1005X40N!!!!!!!!!0.0000!!!!!!
S!PIN!F1!2!R76_62!TOP!TOP!FUSE!130.0750!149.8600!!!!!!!!!!!!!!!FIG_RECTANGLE!130.0750!149.8600!0.7600!0.6200! 00000002!!FUSC1005X40N!!!!!!!!!0.0000!!!!!!
S!PIN!D2!1!R115_80!TOP!TOP!N04880!66.5200!151.1300!!!!!!!!!!!!!!!FIG_RECTANGLE!66.5200!151.1300!1.1501!0.8001! 00000001!!SOD3716X135N!!!!!!!!!0.0000!!!!!!
S!PIN!D2!2!R115_80!TOP!TOP!+5V!63.0200!151.1300!!!!!!!!!!!!!!!FIG_RECTANGLE!63.0200!151.1300!1.1501!0.8001! 00000002!!SOD3716X135N!!!!!!!!!0.0000!!!!!!
S!PIN!D1!1!R115_80!TOP!TOP!N05764!122.7100!149.8600!!!!!!!!!!!!!!!FIG_RECTANGLE!122.7100!149.8600!1.1501!0.8001! 00000001!!SOD3716X135N!!!!!!!!!0.0000!!!!!!
S!PIN!D1!2!R115_80!TOP!TOP!N05760!126.2100!149.8600!!!!!!!!!!!!!!!FIG_RECTANGLE!126.2100!149.8600!1.1501!0.8001! 00000002!!SOD3716X135N!!!!!!!!!0.0000!!!!!!
S!PIN!C15!1!R46_42!TOP!TOP!GND!124.1300!152.4000!!!!!!!!!!!!!!!FIG_RECTANGLE!124.1300!152.4000!0.4600!0.4201! 00000001!!CAPC0603X33N!!!!!!!!!0.0000!!!!!!
S!PIN!C15!2!R46_42!TOP!TOP!+3V3!124.7900!152.4000!!!!!!!!!!!!!!!FIG_RECTANGLE!124.7900!152.4000!0.4600!0.4201! 00000002!!CAPC0603X33N!!!!!!!!!0.0000!!!!!!
S!PIN!C14!1!R46_42!TOP!TOP!GND!124.1300!154.9400!!!!!!!!!!!!!!!FIG_RECTANGLE!124.1300!154.9400!0.4600!0.4201! 00000001!!CAPC0603X33N!!!!!!!!!0.0000!!!!!!
S!PIN!C14!2!R46_42!TOP!TOP!+3V3!124.7900!154.9400!!!!!!!!!!!!!!!FIG_RECTANGLE!124.7900!154.9400!0.4600!0.4201! 00000002!!CAPC0603X33N!!!!!!!!!0.0000!!!!!!
S!PIN!C13!1!R46_42!TOP!TOP!GND!124.1300!157.4800!!!!!!!!!!!!!!!FIG_RECTANGLE!124.1300!157.4800!0.4600!0.4201! 00000001!!CAPC0603X33N!!!!!!!!!0.0000!!!!!!
S!PIN!C13!2!R46_42!TOP!TOP!+3V3!124.7900!157.4800!!!!!!!!!!!!!!!FIG_RECTANGLE!124.7900!157.4800!0.4600!0.4201! 00000002!!CAPC0603X33N!!!!!!!!!0.0000!!!!!!
S!PIN!C12!1!R46_42!TOP!TOP!GND!113.9700!157.4800!!!!!!!!!!!!!!!FIG_RECTANGLE!113.9700!157.4800!0.4600!0.4201! 00000001!!CAPC0603X33N!!!!!!!!!0.0000!!!!!!
S!PIN!C12!2!R46_42!TOP!TOP!+3V3!114.6300!157.4800!!!!!!!!!!!!!!!FIG_RECTANGLE!114.6300!157.4800!0.4600!0.4201! 00000002!!CAPC0603X33N!!!!!!!!!0.0000!!!!!!
S!PIN!C11!1!R46_42!TOP!TOP!GND!60.6300!151.1300!!!!!!!!!!!!!!!FIG_RECTANGLE!60.6300!151.1300!0.4600!0.4201! 00000001!!CAPC0603X33N!!!!!!!!!0.0000!!!!!!
S!PIN!C11!2!R46_42!TOP!TOP!+5V!61.2900!151.1300!!!!!!!!!!!!!!!FIG_RECTANGLE!61.2900!151.1300!0.4600!0.4201! 00000002!!CAPC0603X33N!!!!!!!!!0.0000!!!!!!
S!PIN!C10!1!R46_42!TOP!TOP!GND!119.0500!154.9400!!!!!!!!!!!!!!!FIG_RECTANGLE!119.0500!154.9400!0.4600!0.4201! 00000001!!CAPC0603X33N!!!!!!!!!0.0000!!!!!!
S!PIN!C10!2!R46_42!TOP!TOP!+3V3!119.7100!154.9400!!!!!!!!!!!!!!!FIG_RECTANGLE!119.7100!154.9400!0.4600!0.4201! 00000002!!CAPC0603X33N!!!!!!!!!0.0000!!!!!!
S!PIN!C9!1!R46_42!TOP!TOP!GND!113.9700!154.9400!!!!!!!!!!!!!!!FIG_RECTANGLE!113.9700!154.9400!0.4600!0.4201! 00000001!!CAPC0603X33N!!!!!!!!!0.0000!!!!!!
S!PIN!C9!2!R46_42!TOP!TOP!+3V3!114.6300!154.9400!!!!!!!!!!!!!!!FIG_RECTANGLE!114.6300!154.9400!0.4600!0.4201! 00000002!!CAPC0603X33N!!!!!!!!!0.0000!!!!!!
S!PIN!C8!1!R46_42!TOP!TOP!GND!113.9700!152.4000!!!!!!!!!!!!!!!FIG_RECTANGLE!113.9700!152.4000!0.4600!0.4201! 00000001!!CAPC0603X33N!!!!!!!!!0.0000!!!!!!
S!PIN!C8!2!R46_42!TOP!TOP!+3V3!114.6300!152.4000!!!!!!!!!!!!!!!FIG_RECTANGLE!114.6300!152.4000!0.4600!0.4201! 00000002!!CAPC0603X33N!!!!!!!!!0.0000!!!!!!
S!PIN!C7!1!R46_42!TOP!TOP!GND!113.9700!149.8600!!!!!!!!!!!!!!!FIG_RECTANGLE!113.9700!149.8600!0.4600!0.4201! 00000001!!CAPC0603X33N!!!!!!!!!0.0000!!!!!!
S!PIN!C7!2!R46_42!TOP!TOP!+3V3!114.6300!149.8600!!!!!!!!!!!!!!!FIG_RECTANGLE!114.6300!149.8600!0.4600!0.4201! 00000002!!CAPC0603X33N!!!!!!!!!0.0000!!!!!!
S!PIN!C6!1!R46_42!TOP!TOP!GND!113.9700!147.3200!!!!!!!!!!!!!!!FIG_RECTANGLE!113.9700!147.3200!0.4600!0.4201! 00000001!!CAPC0603X33N!!!!!!!!!0.0000!!!!!!
S!PIN!C6!2!R46_42!TOP!TOP!N13004!114.6300!147.3200!!!!!!!!!!!!!!!FIG_RECTANGLE!114.6300!147.3200!0.4600!0.4201! 00000002!!CAPC0603X33N!!!!!!!!!0.0000!!!!!!
S!PIN!C5!1!R46_42!TOP!TOP!GND!62.2300!127.3300!!!!!!!!!!!!!!!FIG_RECTANGLE!62.2300!127.3300!0.4201!0.4600! 00000001!!CAPC0603X33N!!!!!!!!!0.0000!!!!!!
S!PIN!C5!2!R46_42!TOP!TOP!RST!62.2300!126.6700!!!!!!!!!!!!!!!FIG_RECTANGLE!62.2300!126.6700!0.4201!0.4600! 00000002!!CAPC0603X33N!!!!!!!!!0.0000!!!!!!
S!PIN!C4!1!R46_42!TOP!TOP!GND!119.0500!144.7800!!!!!!!!!!!!!!!FIG_RECTANGLE!119.0500!144.7800!0.4600!0.4201! 00000001!!CAPC0603X33N!!!!!!!!!0.0000!!!!!!
S!PIN!C4!2!R46_42!TOP!TOP!N11997!119.7100!144.7800!!!!!!!!!!!!!!!FIG_RECTANGLE!119.7100!144.7800!0.4600!0.4201! 00000002!!CAPC0603X33N!!!!!!!!!0.0000!!!!!!
S!PIN!C3!1!R46_42!TOP!TOP!GND!119.0500!147.3200!!!!!!!!!!!!!!!FIG_RECTANGLE!119.0500!147.3200!0.4600!0.4201! 00000001!!CAPC0603X33N!!!!!!!!!0.0000!!!!!!
S!PIN!C3!2!R46_42!TOP!TOP!N11997!119.7100!147.3200!!!!!!!!!!!!!!!FIG_RECTANGLE!119.7100!147.3200!0.4600!0.4201! 00000002!!CAPC0603X33N!!!!!!!!!0.0000!!!!!!
S!PIN!C2!1!R46_42!TOP!TOP!GND!54.2800!128.2700!!!!!!!!!!!!!!!FIG_RECTANGLE!54.2800!128.2700!0.4600!0.4201! 00000001!!CAPC0603X33N!!!!!!!!!0.0000!!!!!!
S!PIN!C2!2!R46_42!TOP!TOP!N00782!54.9400!128.2700!!!!!!!!!!!!!!!FIG_RECTANGLE!54.9400!128.2700!0.4600!0.4201! 00000002!!CAPC0603X33N!!!!!!!!!0.0000!!!!!!
S!PIN!C1!1!R46_42!TOP!TOP!GND!54.2800!130.8100!!!!!!!!!!!!!!!FIG_RECTANGLE!54.2800!130.8100!0.4600!0.4201! 00000001!!CAPC0603X33N!!!!!!!!!0.0000!!!!!!
S!PIN!C1!2!R46_42!TOP!TOP!N00775!54.9400!130.8100!!!!!!!!!!!!!!!FIG_RECTANGLE!54.9400!130.8100!0.4600!0.4201! 00000002!!CAPC0603X33N!!!!!!!!!0.0000!!!!!!
S!VIA CLASS!!!VIA!TOP!BOTTOM!SWDIO_IN!!!78.7400!132.0800!CIRCLE_DRILL!0.3302!0.3302!78.7400!132.0800!0.000!PLATED!+!CIRCLE!1.2700!1.2700!0.000!FIG_RECTANGLE!78.7400!132.0800!1.1176!1.1176!!!!0.0000!0.0000!!!!!!!0.0000!!!!!!
S!VIA CLASS!!!VIA!TOP!BOTTOM!SWDIO_IN!!!78.7400!141.6050!CIRCLE_DRILL!0.3302!0.3302!78.7400!141.6050!0.000!PLATED!+!CIRCLE!1.2700!1.2700!0.000!FIG_RECTANGLE!78.7400!141.6050!1.1176!1.1176!!!!0.0000!0.0000!!!!!!!0.0000!!!!!!
S!VIA CLASS!!!VIA!TOP!BOTTOM!GND!!!68.5800!130.1750!CIRCLE_DRILL!0.3302!0.3302!68.5800!130.1750!0.000!PLATED!+!CIRCLE!1.2700!1.2700!0.000!FIG_RECTANGLE!68.5800!130.1750!1.1176!1.1176!!!!0.0000!0.0000!!!!!!!0.0000!!!!!!
