A!CLASS!REFDES!START_LAYER_NAME!END_LAYER_NAME!SYM_MIRROR!EMBEDDED_STATUS!
J!D:/Projects/ProjectScience/electronics/ProjectID_DOSTI_STLINK/allegro/STLINK.brd!Thu Jun 13 12:16:09 2024!0.0000!0.0000!297.0000!210.0000!0.0001!millimeters!STLINK!10.400000 mil!2!UP TO DATE!
S!PIN!Y1!TOP!TOP!NO!!
S!PIN!Y1!TOP!TOP!NO!!
S!PIN!R26!TOP!TOP!NO!!
S!PIN!R26!TOP!TOP!NO!!
S!PIN!R25!TOP!TOP!NO!!
S!PIN!R25!TOP!TOP!NO!!
S!PIN!R24!TOP!TOP!NO!!
S!PIN!R24!TOP!TOP!NO!!
S!PIN!R23!TOP!TOP!NO!!
S!PIN!R23!TOP!TOP!NO!!
S!PIN!R22!TOP!TOP!NO!!
S!PIN!R22!TOP!TOP!NO!!
S!PIN!R21!TOP!TOP!NO!!
S!PIN!R21!TOP!TOP!NO!!
S!PIN!R20!TOP!TOP!NO!!
S!PIN!R20!TOP!TOP!NO!!
S!PIN!R19!TOP!TOP!NO!!
S!PIN!R19!TOP!TOP!NO!!
S!PIN!R18!TOP!TOP!NO!!
S!PIN!R18!TOP!TOP!NO!!
S!PIN!R17!TOP!TOP!NO!!
S!PIN!R17!TOP!TOP!NO!!
S!PIN!R16!TOP!TOP!NO!!
S!PIN!R16!TOP!TOP!NO!!
S!PIN!R15!TOP!TOP!NO!!
S!PIN!R15!TOP!TOP!NO!!
S!PIN!R14!TOP!TOP!NO!!
S!PIN!R14!TOP!TOP!NO!!
S!PIN!R13!TOP!TOP!NO!!
S!PIN!R13!TOP!TOP!NO!!
S!PIN!R12!TOP!TOP!NO!!
S!PIN!R12!TOP!TOP!NO!!
S!PIN!R11!TOP!TOP!NO!!
S!PIN!R11!TOP!TOP!NO!!
S!PIN!R10!TOP!TOP!NO!!
S!PIN!R10!TOP!TOP!NO!!
S!PIN!R9!TOP!TOP!NO!!
S!PIN!R9!TOP!TOP!NO!!
S!PIN!R8!TOP!TOP!NO!!
S!PIN!R8!TOP!TOP!NO!!
S!PIN!R7!TOP!TOP!NO!!
S!PIN!R7!TOP!TOP!NO!!
S!PIN!R6!TOP!TOP!NO!!
S!PIN!R6!TOP!TOP!NO!!
S!PIN!R5!TOP!TOP!NO!!
S!PIN!R5!TOP!TOP!NO!!
S!PIN!R4!TOP!TOP!NO!!
S!PIN!R4!TOP!TOP!NO!!
S!PIN!R3!TOP!TOP!NO!!
S!PIN!R3!TOP!TOP!NO!!
S!PIN!R2!TOP!TOP!NO!!
S!PIN!R2!TOP!TOP!NO!!
S!PIN!R1!TOP!TOP!NO!!
S!PIN!R1!TOP!TOP!NO!!
S!PIN!Q1!TOP!TOP!NO!!
S!PIN!Q1!TOP!TOP!NO!!
S!PIN!Q1!TOP!TOP!NO!!
S!PIN!LED2!TOP!TOP!NO!!
S!PIN!LED2!TOP!TOP!NO!!
S!PIN!LED5!TOP!TOP!NO!!
S!PIN!LED5!TOP!TOP!NO!!
S!PIN!LED4!TOP!TOP!NO!!
S!PIN!LED4!TOP!TOP!NO!!
S!PIN!LED3!TOP!TOP!NO!!
S!PIN!LED3!TOP!TOP!NO!!
S!PIN!LED1!TOP!TOP!NO!!
S!PIN!LED1!TOP!TOP!NO!!
S!PIN!J7!TOP!BOTTOM!NO!!
S!PIN!J7!TOP!BOTTOM!NO!!
S!PIN!J7!TOP!BOTTOM!NO!!
S!PIN!J5!TOP!BOTTOM!NO!!
S!PIN!J5!TOP!BOTTOM!NO!!
S!PIN!J5!TOP!BOTTOM!NO!!
S!PIN!J4!TOP!TOP!NO!!
S!PIN!J4!TOP!TOP!NO!!
S!PIN!J4!TOP!TOP!NO!!
S!PIN!J4!TOP!TOP!NO!!
S!PIN!J4!TOP!TOP!NO!!
S!PIN!J4!TOP!TOP!NO!!
S!PIN!J4!TOP!TOP!NO!!
S!PIN!J4!TOP!TOP!NO!!
S!PIN!J4!TOP!TOP!NO!!
S!PIN!J4!TOP!TOP!NO!!
S!PIN!J6!TOP!BOTTOM!NO!!
S!PIN!J6!TOP!BOTTOM!NO!!
S!PIN!J3!TOP!BOTTOM!NO!!
S!PIN!J3!TOP!BOTTOM!NO!!
S!PIN!J2!TOP!BOTTOM!NO!!
S!PIN!J2!TOP!BOTTOM!NO!!
S!PIN!J1!TOP!TOP!NO!!
S!PIN!J1!TOP!TOP!NO!!
S!PIN!J1!TOP!TOP!NO!!
S!PIN!J1!TOP!TOP!NO!!
S!PIN!J1!TOP!TOP!NO!!
S!PIN!J1!TOP!TOP!NO!!
S!PIN!J1!TOP!TOP!NO!!
S!PIN!J1!TOP!TOP!NO!!
S!PIN!J1!TOP!TOP!NO!!
S!PIN!J1!TOP!TOP!NO!!
S!PIN!J1!TOP!TOP!NO!!
S!PIN!J1!TOP!TOP!NO!!
S!PIN!J1!TOP!TOP!NO!!
S!PIN!J1!TOP!TOP!NO!!
S!PIN!J1!TOP!TOP!NO!!
S!PIN!J1!TOP!TOP!NO!!
S!PIN!J1!TOP!BOTTOM!NO!!
S!PIN!J1!TOP!BOTTOM!NO!!
S!PIN!J1!TOP!BOTTOM!NO!!
S!PIN!J1!TOP!BOTTOM!NO!!
S!PIN!J1!TOP!BOTTOM!NO!!
S!PIN!J1!TOP!BOTTOM!NO!!
S!PIN!IC4!TOP!TOP!NO!!
S!PIN!IC4!TOP!TOP!NO!!
S!PIN!IC4!TOP!TOP!NO!!
S!PIN!IC4!TOP!TOP!NO!!
S!PIN!IC3!TOP!TOP!NO!!
S!PIN!IC3!TOP!TOP!NO!!
S!PIN!IC3!TOP!TOP!NO!!
S!PIN!IC3!TOP!TOP!NO!!
S!PIN!IC3!TOP!TOP!NO!!
S!PIN!IC2!TOP!TOP!NO!!
S!PIN!IC2!TOP!TOP!NO!!
S!PIN!IC2!TOP!TOP!NO!!
S!PIN!IC2!TOP!TOP!NO!!
S!PIN!IC2!TOP!TOP!NO!!
S!PIN!IC2!TOP!TOP!NO!!
S!PIN!IC2!TOP!TOP!NO!!
S!PIN!IC2!TOP!TOP!NO!!
S!PIN!IC2!TOP!TOP!NO!!
S!PIN!IC2!TOP!TOP!NO!!
S!PIN!IC2!TOP!TOP!NO!!
S!PIN!IC2!TOP!TOP!NO!!
S!PIN!IC2!TOP!TOP!NO!!
S!PIN!IC2!TOP!TOP!NO!!
S!PIN!IC2!TOP!TOP!NO!!
S!PIN!IC2!TOP!TOP!NO!!
S!PIN!IC2!TOP!TOP!NO!!
S!PIN!IC2!TOP!TOP!NO!!
S!PIN!IC2!TOP!TOP!NO!!
S!PIN!IC2!TOP!TOP!NO!!
S!PIN!IC2!TOP!TOP!NO!!
S!PIN!IC2!TOP!TOP!NO!!
S!PIN!IC2!TOP!TOP!NO!!
S!PIN!IC2!TOP!TOP!NO!!
S!PIN!IC2!TOP!TOP!NO!!
S!PIN!IC2!TOP!TOP!NO!!
S!PIN!IC2!TOP!TOP!NO!!
S!PIN!IC2!TOP!TOP!NO!!
S!PIN!IC2!TOP!TOP!NO!!
S!PIN!IC2!TOP!TOP!NO!!
S!PIN!IC2!TOP!TOP!NO!!
S!PIN!IC2!TOP!TOP!NO!!
S!PIN!IC2!TOP!TOP!NO!!
S!PIN!IC2!TOP!TOP!NO!!
S!PIN!IC2!TOP!TOP!NO!!
S!PIN!IC2!TOP!TOP!NO!!
S!PIN!IC2!TOP!TOP!NO!!
S!PIN!IC2!TOP!TOP!NO!!
S!PIN!IC2!TOP!TOP!NO!!
S!PIN!IC2!TOP!TOP!NO!!
S!PIN!IC2!TOP!TOP!NO!!
S!PIN!IC2!TOP!TOP!NO!!
S!PIN!IC2!TOP!TOP!NO!!
S!PIN!IC2!TOP!TOP!NO!!
S!PIN!IC2!TOP!TOP!NO!!
S!PIN!IC2!TOP!TOP!NO!!
S!PIN!IC2!TOP!TOP!NO!!
S!PIN!IC2!TOP!TOP!NO!!
S!PIN!IC1!TOP!TOP!NO!!
S!PIN!IC1!TOP!TOP!NO!!
S!PIN!IC1!TOP!TOP!NO!!
S!PIN!F1!TOP!TOP!NO!!
S!PIN!F1!TOP!TOP!NO!!
S!PIN!D2!TOP!TOP!NO!!
S!PIN!D2!TOP!TOP!NO!!
S!PIN!D1!TOP!TOP!NO!!
S!PIN!D1!TOP!TOP!NO!!
S!PIN!C15!TOP!TOP!NO!!
S!PIN!C15!TOP!TOP!NO!!
S!PIN!C14!TOP!TOP!NO!!
S!PIN!C14!TOP!TOP!NO!!
S!PIN!C13!TOP!TOP!NO!!
S!PIN!C13!TOP!TOP!NO!!
S!PIN!C12!TOP!TOP!NO!!
S!PIN!C12!TOP!TOP!NO!!
S!PIN!C11!TOP!TOP!NO!!
S!PIN!C11!TOP!TOP!NO!!
S!PIN!C10!TOP!TOP!NO!!
S!PIN!C10!TOP!TOP!NO!!
S!PIN!C9!TOP!TOP!NO!!
S!PIN!C9!TOP!TOP!NO!!
S!PIN!C8!TOP!TOP!NO!!
S!PIN!C8!TOP!TOP!NO!!
S!PIN!C7!TOP!TOP!NO!!
S!PIN!C7!TOP!TOP!NO!!
S!PIN!C6!TOP!TOP!NO!!
S!PIN!C6!TOP!TOP!NO!!
S!PIN!C5!TOP!TOP!NO!!
S!PIN!C5!TOP!TOP!NO!!
S!PIN!C4!TOP!TOP!NO!!
S!PIN!C4!TOP!TOP!NO!!
S!PIN!C3!TOP!TOP!NO!!
S!PIN!C3!TOP!TOP!NO!!
S!PIN!C2!TOP!TOP!NO!!
S!PIN!C2!TOP!TOP!NO!!
S!PIN!C1!TOP!TOP!NO!!
S!PIN!C1!TOP!TOP!NO!!
S!VIA CLASS!!TOP!BOTTOM!!!
S!VIA CLASS!!TOP!BOTTOM!!!
S!VIA CLASS!!TOP!BOTTOM!!!
