A!REFDES!PART_NUMBER!PART_NAME!VALUE!
J!D:/Projects/ProjectScience/electronics/ProjectID_DOSTI_STLINK/allegro/STLINK.brd!Thu Jun 13 12:16:09 2024!0.0000!0.0000!297.0000!210.0000!0.0001!millimeters!STLINK!10.400000 mil!2!UP TO DATE!
S!C1!!GRM033D70E105ME15D!20p!
S!C10!!GRM033D70E105ME15D!20p!
S!C11!!GRM033D70E105ME15D!20p!
S!C2!!GRM033D70E105ME15D!20p!
S!C9!!GRM033D70E105ME15D!20p!
S!C12!!GRM033D70E105ME15D!100n!
S!C13!!GRM033D70E105ME15D!100n!
S!C14!!GRM033D70E105ME15D!100n!
S!C15!!GRM033D70E105ME15D!100n!
S!C4!!GRM033D70E105ME15D!100n!
S!C5!!GRM033D70E105ME15D!100n!
S!C8!!GRM033D70E105ME15D!100n!
S!C3!!GRM033D70E105ME15D!1u!
S!C6!!GRM033D70E105ME15D!22n!
S!C7!!GRM033D70E105ME15D!10u!
S!D1!!MBR0520LT3G!MBR0520LT3G!
S!D2!!MBR0520LT3G!MBR0520LT3G!
S!F1!!SF-0402F050-2!SF-0402F050-2!
S!IC1!!MMS9013-L-TP!MMS9013-L-TP!
S!IC2!!STM32F103CBT6!STM32F103CBT6!
S!IC3!!RT9193-33GB!RT9193-33GB!
S!IC4!!LM1117MPX-33NOPB!LM1117MPX-33NOPB!
S!J1!!219320-0001!219320-0001!
S!J2!!67996-100HLF!JUMPER!
S!J3!!67996-100HLF!JUMPER!
S!J6!!67996-100HLF!JUMPER!
S!J4!!95278-401A10LF!95278-401A10LF!
S!J5!!69167-103!69167-103!
S!J7!!69167-103!69167-103!
S!LED1!!SM0603GCL!SM0603GCL!
S!LED3!!SM0603GCL!SM0603GCL!
S!LED4!!SM0603GCL!SM0603GCL!
S!LED5!!SM0603GCL!SM0603GCL!
S!LED2!!SM0603SRC!SM0603SRC!
S!Q1!!2N7002!2N7002!
S!R1!!CR0603-F_-1R00ELF!10K!
S!R17!!CR0603-F_-1R00ELF!10K!
S!R21!!CR0603-F_-1R00ELF!10K!
S!R22!!CR0603-F_-1R00ELF!10K!
S!R24!!CR0603-F_-1R00ELF!10K!
S!R3!!CR0603-F_-1R00ELF!10K!
S!R10!!CR0603-F_-1R00ELF!1K!
S!R25!!CR0603-F_-1R00ELF!1K!
S!R26!!CR0603-F_-1R00ELF!1K!
S!R7!!CR0603-F_-1R00ELF!1K!
S!R8!!CR0603-F_-1R00ELF!1K!
S!R11!!CR0603-F_-1R00ELF!0!
S!R13!!CR0603-F_-1R00ELF!0!
S!R12!!CR0603-F_-1R00ELF!100K!
S!R14!!CR0603-F_-1R00ELF!1K5!
S!R15!!CR0603-F_-1R00ELF!4K7!
S!R16!!CR0603-F_-1R00ELF!4K7!
S!R18!!CR0603-F_-1R00ELF!5.1K!
S!R19!!CR0603-F_-1R00ELF!5.1K!
S!R2!!CR0603-F_-1R00ELF!22!
S!R4!!CR0603-F_-1R00ELF!22!
S!R5!!CR0603-F_-1R00ELF!22!
S!R6!!CR0603-F_-1R00ELF!22!
S!R20!!CR0603-F_-1R00ELF!36K!
S!R23!!CR0603-F_-1R00ELF!100!
S!R9!!CR0603-F_-1R00ELF!100!
S!Y1!!ABS07-32.768KHZ-T!ABS07-32!
