(---------------------------------------------------------------------)
(                                                                     )
(    QUICKPLACE LOG                                                   )
(                                                                     )
(    Drawing          : stlink.brd                                    )
(    Software Version : 23.1S004                                      )
(    Date/Time        : Sat Jun 15 09:53:34 2024                      )
(                                                                     )
(---------------------------------------------------------------------)


State: Placing on layer TOP



Placed 0 of 0 applicable (62 total) symbols.

-----------------------------------------------------------------------

State: Placing on layer TOP

         Placed symbol:  J1 / 219320-0001_2193200001_219320-0001 / 2193200001 at (1518.00 14386.54)


Placed 1 of 1 applicable (62 total) symbols.

-----------------------------------------------------------------------

State: Placing on layer TOP

         Placed symbol:  IC2 / STM32F103CBT6_QFP50P900X900X160-48N_STM32F103CBT6 / QFP50P900X900X160-48N at (2089.39 14414.69)
         Placed symbol:  J4 / 95278-401A10LF_95278401A10LF_95278-401A10LF / 95278401A10LF at (2623.61 14404.85)
         Placed symbol:  IC3 / RT9193-33GB_SOT94P279X130-5N_RT9193-33GB / SOT94P279X130-5N at (3005.63 14279.85)
         Placed symbol:  IC4 / LM1117MPX-33NOPB_SOT230P700X180-4N_LM1117MPX-33NOPB / SOT230P700X180-4N at (3266.59 14349.73)
         Placed symbol:  J5 / 69167-103_SHDR3W64P0X254_1X3_762X516X980P_69167-103 / SHDR3W64P0X254_1X3_762X516X980P at (3502.74 14319.42)
         Placed symbol:  J7 / 69167-103_SHDR3W64P0X254_1X3_762X516X980P_69167-103 / SHDR3W64P0X254_1X3_762X516X980P at (3830.42 14319.42)
         Placed symbol:  Q1 / 2N7002_SOT96P240X120-3N_2N7002 / SOT96P240X120-3N at (4173.06 14277.88)
         Placed symbol:  IC1 / MMS9013-L-TP_SOT95P237X125-3N_MMS9013-L-TP / SOT95P237X125-3N at (4331.65 14277.69)
         Placed symbol:  C15 / GRM033D70E105ME15D_CAPC0603X33N_DISCRETE_100N / CAPC0603X33N at (4458.43 14234.66)
         Placed symbol:  C4 / GRM033D70E105ME15D_CAPC0603X33N_DISCRETE_100N / CAPC0603X33N at (4552.41 14234.66)
         Placed symbol:  C5 / GRM033D70E105ME15D_CAPC0603X33N_DISCRETE_100N / CAPC0603X33N at (4646.39 14234.66)
         Placed symbol:  C13 / GRM033D70E105ME15D_CAPC0603X33N_DISCRETE_100N / CAPC0603X33N at (4740.37 14234.66)
         Placed symbol:  C3 / GRM033D70E105ME15D_CAPC0603X33N_DISCRETE_1U / CAPC0603X33N at (4834.35 14234.66)
         Placed symbol:  C9 / GRM033D70E105ME15D_CAPC0603X33N_DISCRETE_20P / CAPC0603X33N at (4928.33 14234.66)
         Placed symbol:  C7 / GRM033D70E105ME15D_CAPC0603X33N_DISCRETE_10U / CAPC0603X33N at (5022.31 14234.66)
         Placed symbol:  C14 / GRM033D70E105ME15D_CAPC0603X33N_DISCRETE_100N / CAPC0603X33N at (5116.29 14234.66)
         Placed symbol:  C8 / GRM033D70E105ME15D_CAPC0603X33N_DISCRETE_100N / CAPC0603X33N at (5210.27 14234.66)
         Placed symbol:  F1 / SF-0402F050-2_FUSC1005X40N_SF-0402F050-2 / FUSC1005X40N at (5312.32 14234.66)
         Placed symbol:  C12 / GRM033D70E105ME15D_CAPC0603X33N_DISCRETE_100N / CAPC0603X33N at (5414.37 14234.66)
         Placed symbol:  C2 / GRM033D70E105ME15D_CAPC0603X33N_DISCRETE_20P / CAPC0603X33N at (5508.35 14234.66)
         Placed symbol:  C11 / GRM033D70E105ME15D_CAPC0603X33N_DISCRETE_20P / CAPC0603X33N at (5602.33 14234.66)
         Placed symbol:  C10 / GRM033D70E105ME15D_CAPC0603X33N_DISCRETE_20P / CAPC0603X33N at (5696.31 14234.66)
         Placed symbol:  J2 / 67996-100HLF_HDRV2W67P254_2X1_254X483X858P_JUMPER / HDRV2W67P254_2X1_254X483X858P at (5809.70 14265.48)
         Placed symbol:  J3 / 67996-100HLF_HDRV2W67P254_2X1_254X483X858P_JUMPER / HDRV2W67P254_2X1_254X483X858P at (5942.50 14265.48)
         Placed symbol:  J6 / 67996-100HLF_HDRV2W67P254_2X1_254X483X858P_JUMPER / HDRV2W67P254_2X1_254X483X858P at (6075.30 14265.48)
         Placed symbol:  C6 / GRM033D70E105ME15D_CAPC0603X33N_DISCRETE_22N / CAPC0603X33N at (6188.69 14234.66)
         Placed symbol:  C1 / GRM033D70E105ME15D_CAPC0603X33N_DISCRETE_20P / CAPC0603X33N at (6282.67 14234.66)
         Placed symbol:  D1 / MBR0520LT3G_SOD3716X135N_MBR0520LT3G / SOD3716X135N at (6436.02 14274.73)
         Placed symbol:  LED1 / SM0603GCL_LEDC1608X60N_SM0603GCL / LEDC1608X60N at (6614.29 14245.40)
         Placed symbol:  LED3 / SM0603GCL_LEDC1608X60N_SM0603GCL / LEDC1608X60N at (6758.11 14245.40)
         Placed symbol:  D2 / MBR0520LT3G_SOD3716X135N_MBR0520LT3G / SOD3716X135N at (6936.38 14274.73)
         Placed symbol:  LED5 / SM0603GCL_LEDC1608X60N_SM0603GCL / LEDC1608X60N at (7114.65 14245.40)
         Placed symbol:  LED2 / SM0603SRC_SM0603SRC_SM0603SRC / SM0603SRC at (7247.65 14320.20)
         Placed symbol:  LED4 / SM0603GCL_LEDC1608X60N_SM0603GCL / LEDC1608X60N at (7380.65 14245.40)
         Placed symbol:  R1 / CR0603-F_-1R00ELF_RESC1608X55N_DISCRETE_10K / RESC1608X55N at (7518.06 14237.53)
         Placed symbol:  R17 / CR0603-F_-1R00ELF_RESC1608X55N_DISCRETE_10K / RESC1608X55N at (7649.06 14237.53)
         Placed symbol:  R21 / CR0603-F_-1R00ELF_RESC1608X55N_DISCRETE_10K / RESC1608X55N at (7780.06 14237.53)
         Placed symbol:  R22 / CR0603-F_-1R00ELF_RESC1608X55N_DISCRETE_10K / RESC1608X55N at (7911.06 14237.53)
         Placed symbol:  R24 / CR0603-F_-1R00ELF_RESC1608X55N_DISCRETE_10K / RESC1608X55N at (8042.06 14237.53)
         Placed symbol:  R3 / CR0603-F_-1R00ELF_RESC1608X55N_DISCRETE_10K / RESC1608X55N at (8173.06 14237.53)
         Placed symbol:  R10 / CR0603-F_-1R00ELF_RESC1608X55N_DISCRETE_1K / RESC1608X55N at (8304.06 14237.53)
         Placed symbol:  R25 / CR0603-F_-1R00ELF_RESC1608X55N_DISCRETE_1K / RESC1608X55N at (8435.06 14237.53)
         Placed symbol:  R26 / CR0603-F_-1R00ELF_RESC1608X55N_DISCRETE_1K / RESC1608X55N at (1469.50 14699.07)
         Placed symbol:  R7 / CR0603-F_-1R00ELF_RESC1608X55N_DISCRETE_1K / RESC1608X55N at (1600.50 14699.07)
         Placed symbol:  R8 / CR0603-F_-1R00ELF_RESC1608X55N_DISCRETE_1K / RESC1608X55N at (1731.50 14699.07)
         Placed symbol:  R11 / CR0603-F_-1R00ELF_RESC1608X55N_DISCRETE_0 / RESC1608X55N at (1862.50 14699.07)
         Placed symbol:  R13 / CR0603-F_-1R00ELF_RESC1608X55N_DISCRETE_0 / RESC1608X55N at (1993.50 14699.07)
         Placed symbol:  R12 / CR0603-F_-1R00ELF_RESC1608X55N_DISCRETE_100K / RESC1608X55N at (2124.50 14699.07)
         Placed symbol:  R14 / CR0603-F_-1R00ELF_RESC1608X55N_DISCRETE_1K5 / RESC1608X55N at (2255.50 14699.07)
         Placed symbol:  R15 / CR0603-F_-1R00ELF_RESC1608X55N_DISCRETE_4K7 / RESC1608X55N at (2386.50 14699.07)
         Placed symbol:  R16 / CR0603-F_-1R00ELF_RESC1608X55N_DISCRETE_4K7 / RESC1608X55N at (2517.50 14699.07)
         Placed symbol:  R18 / CR0603-F_-1R00ELF_RESC1608X55N_DISCRETE_5.1K / RESC1608X55N at (2648.50 14699.07)
         Placed symbol:  R19 / CR0603-F_-1R00ELF_RESC1608X55N_DISCRETE_5.1K / RESC1608X55N at (2779.50 14699.07)
         Placed symbol:  R2 / CR0603-F_-1R00ELF_RESC1608X55N_DISCRETE_22 / RESC1608X55N at (2910.50 14699.07)
         Placed symbol:  R4 / CR0603-F_-1R00ELF_RESC1608X55N_DISCRETE_22 / RESC1608X55N at (3041.50 14699.07)
         Placed symbol:  R5 / CR0603-F_-1R00ELF_RESC1608X55N_DISCRETE_22 / RESC1608X55N at (3172.50 14699.07)
         Placed symbol:  R6 / CR0603-F_-1R00ELF_RESC1608X55N_DISCRETE_22 / RESC1608X55N at (3303.50 14699.07)
         Placed symbol:  R20 / CR0603-F_-1R00ELF_RESC1608X55N_DISCRETE_36K / RESC1608X55N at (3434.50 14699.07)
         Placed symbol:  R23 / CR0603-F_-1R00ELF_RESC1608X55N_DISCRETE_100 / RESC1608X55N at (3565.50 14699.07)
         Placed symbol:  R9 / CR0603-F_-1R00ELF_RESC1608X55N_DISCRETE_100 / RESC1608X55N at (3696.50 14699.07)
         Placed symbol:  Y1 / ABS07-32.768KHZ-T_ABS07_ABS07-32 / ABS07 at (3876.24 14746.31)


Placed 61 of 61 applicable (61 total) symbols.

-----------------------------------------------------------------------

