Fri Jul 19 17:32:24 2024				Page     1


 
Update Symbols/Modules Logfile
	Fri Jul 19 17:32:24 2024

------ Module Refresh Messages ------

SUMMARY:    Updated 0 out of 0 modules

------ End Module Messages     ------



(---------------------------------------------------------------------)
(                                                                     )
(    Refresh Symbol                                                   )
(                                                                     )
(    Drawing          : stlink.brd                                    )
(    Software Version : 23.1S005                                      )
(    Date/Time        : Fri Jul 19 17:32:25 2024                      )
(                                                                     )
(---------------------------------------------------------------------)


Fri Jul 19 17:32:25 2024				Page     1


------ Symbol Refresh Directives ------

Input design  = 'D:/Projects/HardwareDesign/DOSTI_STLINK/allegro/stlink.brd'
Output design = ''

Update STEP mapping data only          = 'YES'
Update mechanical symbols              = 'NO'
Update format symbols                  = 'NO'
Update package symbols                 = 'YES'
Update shape/flash symbols             = 'NO'
Update symbol padstacks                = 'NO'
Preserve padstacks replaced on pins    = 'NO'
Reset symbol text and size locations   = 'NO'
Reset Pin Escapes (fanouts)            = 'NO'
Ripup Etch                             = 'NO'
Reset custom drill data                = 'NO'


------ Library Paths ------
PSMPATH =  . 
           symbols 
           .. 
           ../symbols 
           c:/cadence/spb_23.1/share/local/pcb/symbols 
           c:/cadence/spb_23.1/share/pcb/pcb_lib/symbols 
           c:/cadence/spb_23.1/share/pcb/allegrolib/symbols 

PADPATH =  . 
           symbols 
           .. 
           ../symbols 
           c:/cadence/spb_23.1/share/local/pcb/padstacks 
           c:/cadence/spb_23.1/share/pcb/pcb_lib/symbols 
           c:/cadence/spb_23.1/share/pcb/allegrolib/symbols 


------ Symbol Refresh Messages ------



----- Symbol Update Summary ----

Updated symbols: 16 out 16
    Design updated.

