A!SUBCLASS!RECORD_TAG!REFDES!COMP_PACKAGE!COMP_PART_NUMBER!SYM_NAME!SYM_X!SYM_Y!SYM_ROTATE!SYM_MIRROR!GRAPHIC_DATA_NAME!GRAPHIC_DATA_1!GRAPHIC_DATA_2!GRAPHIC_DATA_3!GRAPHIC_DATA_4!GRAPHIC_DATA_5!GRAPHIC_DATA_6!GRAPHIC_DATA_7!GRAPHIC_DATA_8!GRAPHIC_DATA_9!GRAPHIC_DATA_10!PACKAGE_HEIGHT_MIN!PACKAGE_HEIGHT_MAX!SYM_HAS_PIN_EDIT!SYM_DFA_DEV_CLASS!COMP_PACKAGE_HEIGHT_MIN!COMP_PACKAGE_HEIGHT_MAX!EMBEDDED_STATUS!BOM_IGNORE!SYM_ZONE_NAME!PLACEMENT_LAYER!
J!D:/studicaxpansion/sxpn.brd!Thu Mar 20 15:58:19 2025!0.0000!0.0000!533.4000!431.8000!0.0001!millimeters!STUDICAXPANSION!19.600000 mil!3!UP TO DATE!
S!ASSEMBLY_TOP!517 1!J20!395121003!!395121003!157.4800!372.4800!90.000!NO!LINE!165.4800!369.8800!165.4800!382.7000!0.1000!!!!!NOTCONNECT!!!NO!!!!!!!!
S!ASSEMBLY_TOP!518 1!J20!395121003!!395121003!157.4800!372.4800!90.000!NO!LINE!165.4800!382.7000!156.2800!382.7000!0.1000!!!!!NOTCONNECT!!!NO!!!!!!!!
S!ASSEMBLY_TOP!519 1!J20!395121003!!395121003!157.4800!372.4800!90.000!NO!LINE!156.2800!382.7000!156.2800!369.8800!0.1000!!!!!NOTCONNECT!!!NO!!!!!!!!
S!ASSEMBLY_TOP!520 1!J20!395121003!!395121003!157.4800!372.4800!90.000!NO!LINE!156.2800!369.8800!165.4800!369.8800!0.1000!!!!!NOTCONNECT!!!NO!!!!!!!!
S!PLACE_BOUND_TOP!527 1 0!J20!395121003!!395121003!157.4800!372.4800!90.000!NO!LINE!166.4800!368.8800!166.4800!383.7000!0.0000!!!!!SHAPE!!7.3 MM!NO!!!!!!!!
S!PLACE_BOUND_TOP!527 2 0!J20!395121003!!395121003!157.4800!372.4800!90.000!NO!LINE!166.4800!383.7000!155.2800!383.7000!0.0000!!!!!SHAPE!!7.3 MM!NO!!!!!!!!
S!PLACE_BOUND_TOP!527 3 0!J20!395121003!!395121003!157.4800!372.4800!90.000!NO!LINE!155.2800!383.7000!155.2800!368.8800!0.0000!!!!!SHAPE!!7.3 MM!NO!!!!!!!!
S!PLACE_BOUND_TOP!527 4 0!J20!395121003!!395121003!157.4800!372.4800!90.000!NO!LINE!155.2800!368.8800!166.4800!368.8800!0.0000!!!!!SHAPE!!7.3 MM!NO!!!!!!!!
S!ASSEMBLY_TOP!530 1!J19!395121003!!395121003!157.4800!357.6600!90.000!NO!LINE!165.4800!355.0600!165.4800!367.8800!0.1000!!!!!NOTCONNECT!!!NO!!!!!!!!
S!ASSEMBLY_TOP!531 1!J19!395121003!!395121003!157.4800!357.6600!90.000!NO!LINE!165.4800!367.8800!156.2800!367.8800!0.1000!!!!!NOTCONNECT!!!NO!!!!!!!!
S!ASSEMBLY_TOP!532 1!J19!395121003!!395121003!157.4800!357.6600!90.000!NO!LINE!156.2800!367.8800!156.2800!355.0600!0.1000!!!!!NOTCONNECT!!!NO!!!!!!!!
S!ASSEMBLY_TOP!533 1!J19!395121003!!395121003!157.4800!357.6600!90.000!NO!LINE!156.2800!355.0600!165.4800!355.0600!0.1000!!!!!NOTCONNECT!!!NO!!!!!!!!
S!PLACE_BOUND_TOP!540 1 0!J19!395121003!!395121003!157.4800!357.6600!90.000!NO!LINE!166.4800!354.0600!166.4800!368.8800!0.0000!!!!!SHAPE!!7.3 MM!NO!!!!!!!!
S!PLACE_BOUND_TOP!540 2 0!J19!395121003!!395121003!157.4800!357.6600!90.000!NO!LINE!166.4800!368.8800!155.2800!368.8800!0.0000!!!!!SHAPE!!7.3 MM!NO!!!!!!!!
S!PLACE_BOUND_TOP!540 3 0!J19!395121003!!395121003!157.4800!357.6600!90.000!NO!LINE!155.2800!368.8800!155.2800!354.0600!0.0000!!!!!SHAPE!!7.3 MM!NO!!!!!!!!
S!PLACE_BOUND_TOP!540 4 0!J19!395121003!!395121003!157.4800!357.6600!90.000!NO!LINE!155.2800!354.0600!166.4800!354.0600!0.0000!!!!!SHAPE!!7.3 MM!NO!!!!!!!!
S!ASSEMBLY_TOP!543 1!J18!395121003!!395121003!157.4800!342.8400!90.000!NO!LINE!165.4800!340.2400!165.4800!353.0600!0.1000!!!!!NOTCONNECT!!!NO!!!!!!!!
S!ASSEMBLY_TOP!544 1!J18!395121003!!395121003!157.4800!342.8400!90.000!NO!LINE!165.4800!353.0600!156.2800!353.0600!0.1000!!!!!NOTCONNECT!!!NO!!!!!!!!
S!ASSEMBLY_TOP!545 1!J18!395121003!!395121003!157.4800!342.8400!90.000!NO!LINE!156.2800!353.0600!156.2800!340.2400!0.1000!!!!!NOTCONNECT!!!NO!!!!!!!!
S!ASSEMBLY_TOP!546 1!J18!395121003!!395121003!157.4800!342.8400!90.000!NO!LINE!156.2800!340.2400!165.4800!340.2400!0.1000!!!!!NOTCONNECT!!!NO!!!!!!!!
S!PLACE_BOUND_TOP!553 1 0!J18!395121003!!395121003!157.4800!342.8400!90.000!NO!LINE!166.4800!339.2400!166.4800!354.0600!0.0000!!!!!SHAPE!!7.3 MM!NO!!!!!!!!
S!PLACE_BOUND_TOP!553 2 0!J18!395121003!!395121003!157.4800!342.8400!90.000!NO!LINE!166.4800!354.0600!155.2800!354.0600!0.0000!!!!!SHAPE!!7.3 MM!NO!!!!!!!!
S!PLACE_BOUND_TOP!553 3 0!J18!395121003!!395121003!157.4800!342.8400!90.000!NO!LINE!155.2800!354.0600!155.2800!339.2400!0.0000!!!!!SHAPE!!7.3 MM!NO!!!!!!!!
S!PLACE_BOUND_TOP!553 4 0!J18!395121003!!395121003!157.4800!342.8400!90.000!NO!LINE!155.2800!339.2400!166.4800!339.2400!0.0000!!!!!SHAPE!!7.3 MM!NO!!!!!!!!
S!ASSEMBLY_TOP!556 1!J17!395121003!!395121003!157.4800!328.0200!90.000!NO!LINE!165.4800!325.4200!165.4800!338.2400!0.1000!!!!!NOTCONNECT!!!NO!!!!!!!!
S!ASSEMBLY_TOP!557 1!J17!395121003!!395121003!157.4800!328.0200!90.000!NO!LINE!165.4800!338.2400!156.2800!338.2400!0.1000!!!!!NOTCONNECT!!!NO!!!!!!!!
S!ASSEMBLY_TOP!558 1!J17!395121003!!395121003!157.4800!328.0200!90.000!NO!LINE!156.2800!338.2400!156.2800!325.4200!0.1000!!!!!NOTCONNECT!!!NO!!!!!!!!
S!ASSEMBLY_TOP!559 1!J17!395121003!!395121003!157.4800!328.0200!90.000!NO!LINE!156.2800!325.4200!165.4800!325.4200!0.1000!!!!!NOTCONNECT!!!NO!!!!!!!!
S!PLACE_BOUND_TOP!566 1 0!J17!395121003!!395121003!157.4800!328.0200!90.000!NO!LINE!166.4800!324.4200!166.4800!339.2400!0.0000!!!!!SHAPE!!7.3 MM!NO!!!!!!!!
S!PLACE_BOUND_TOP!566 2 0!J17!395121003!!395121003!157.4800!328.0200!90.000!NO!LINE!166.4800!339.2400!155.2800!339.2400!0.0000!!!!!SHAPE!!7.3 MM!NO!!!!!!!!
S!PLACE_BOUND_TOP!566 3 0!J17!395121003!!395121003!157.4800!328.0200!90.000!NO!LINE!155.2800!339.2400!155.2800!324.4200!0.0000!!!!!SHAPE!!7.3 MM!NO!!!!!!!!
S!PLACE_BOUND_TOP!566 4 0!J17!395121003!!395121003!157.4800!328.0200!90.000!NO!LINE!155.2800!324.4200!166.4800!324.4200!0.0000!!!!!SHAPE!!7.3 MM!NO!!!!!!!!
S!ASSEMBLY_TOP!569 1!J16!395121003!!395121003!157.4800!313.2000!90.000!NO!LINE!165.4800!310.6000!165.4800!323.4200!0.1000!!!!!NOTCONNECT!!!NO!!!!!!!!
S!ASSEMBLY_TOP!570 1!J16!395121003!!395121003!157.4800!313.2000!90.000!NO!LINE!165.4800!323.4200!156.2800!323.4200!0.1000!!!!!NOTCONNECT!!!NO!!!!!!!!
S!ASSEMBLY_TOP!571 1!J16!395121003!!395121003!157.4800!313.2000!90.000!NO!LINE!156.2800!323.4200!156.2800!310.6000!0.1000!!!!!NOTCONNECT!!!NO!!!!!!!!
S!ASSEMBLY_TOP!572 1!J16!395121003!!395121003!157.4800!313.2000!90.000!NO!LINE!156.2800!310.6000!165.4800!310.6000!0.1000!!!!!NOTCONNECT!!!NO!!!!!!!!
S!PLACE_BOUND_TOP!579 1 0!J16!395121003!!395121003!157.4800!313.2000!90.000!NO!LINE!166.4800!309.6000!166.4800!324.4200!0.0000!!!!!SHAPE!!7.3 MM!NO!!!!!!!!
S!PLACE_BOUND_TOP!579 2 0!J16!395121003!!395121003!157.4800!313.2000!90.000!NO!LINE!166.4800!324.4200!155.2800!324.4200!0.0000!!!!!SHAPE!!7.3 MM!NO!!!!!!!!
S!PLACE_BOUND_TOP!579 3 0!J16!395121003!!395121003!157.4800!313.2000!90.000!NO!LINE!155.2800!324.4200!155.2800!309.6000!0.0000!!!!!SHAPE!!7.3 MM!NO!!!!!!!!
S!PLACE_BOUND_TOP!579 4 0!J16!395121003!!395121003!157.4800!313.2000!90.000!NO!LINE!155.2800!309.6000!166.4800!309.6000!0.0000!!!!!SHAPE!!7.3 MM!NO!!!!!!!!
S!ASSEMBLY_TOP!582 1!J15!395121003!!395121003!157.4800!298.3800!90.000!NO!LINE!165.4800!295.7800!165.4800!308.6000!0.1000!!!!!NOTCONNECT!!!NO!!!!!!!!
S!ASSEMBLY_TOP!583 1!J15!395121003!!395121003!157.4800!298.3800!90.000!NO!LINE!165.4800!308.6000!156.2800!308.6000!0.1000!!!!!NOTCONNECT!!!NO!!!!!!!!
S!ASSEMBLY_TOP!584 1!J15!395121003!!395121003!157.4800!298.3800!90.000!NO!LINE!156.2800!308.6000!156.2800!295.7800!0.1000!!!!!NOTCONNECT!!!NO!!!!!!!!
S!ASSEMBLY_TOP!585 1!J15!395121003!!395121003!157.4800!298.3800!90.000!NO!LINE!156.2800!295.7800!165.4800!295.7800!0.1000!!!!!NOTCONNECT!!!NO!!!!!!!!
S!PLACE_BOUND_TOP!592 1 0!J15!395121003!!395121003!157.4800!298.3800!90.000!NO!LINE!166.4800!294.7800!166.4800!309.6000!0.0000!!!!!SHAPE!!7.3 MM!NO!!!!!!!!
S!PLACE_BOUND_TOP!592 2 0!J15!395121003!!395121003!157.4800!298.3800!90.000!NO!LINE!166.4800!309.6000!155.2800!309.6000!0.0000!!!!!SHAPE!!7.3 MM!NO!!!!!!!!
S!PLACE_BOUND_TOP!592 3 0!J15!395121003!!395121003!157.4800!298.3800!90.000!NO!LINE!155.2800!309.6000!155.2800!294.7800!0.0000!!!!!SHAPE!!7.3 MM!NO!!!!!!!!
S!PLACE_BOUND_TOP!592 4 0!J15!395121003!!395121003!157.4800!298.3800!90.000!NO!LINE!155.2800!294.7800!166.4800!294.7800!0.0000!!!!!SHAPE!!7.3 MM!NO!!!!!!!!
S!ASSEMBLY_TOP!595 1!J14!395121003!!395121003!157.4800!283.5600!90.000!NO!LINE!165.4800!280.9600!165.4800!293.7800!0.1000!!!!!NOTCONNECT!!!NO!!!!!!!!
S!ASSEMBLY_TOP!596 1!J14!395121003!!395121003!157.4800!283.5600!90.000!NO!LINE!165.4800!293.7800!156.2800!293.7800!0.1000!!!!!NOTCONNECT!!!NO!!!!!!!!
S!ASSEMBLY_TOP!597 1!J14!395121003!!395121003!157.4800!283.5600!90.000!NO!LINE!156.2800!293.7800!156.2800!280.9600!0.1000!!!!!NOTCONNECT!!!NO!!!!!!!!
S!ASSEMBLY_TOP!598 1!J14!395121003!!395121003!157.4800!283.5600!90.000!NO!LINE!156.2800!280.9600!165.4800!280.9600!0.1000!!!!!NOTCONNECT!!!NO!!!!!!!!
S!PLACE_BOUND_TOP!605 1 0!J14!395121003!!395121003!157.4800!283.5600!90.000!NO!LINE!166.4800!279.9600!166.4800!294.7800!0.0000!!!!!SHAPE!!7.3 MM!NO!!!!!!!!
S!PLACE_BOUND_TOP!605 2 0!J14!395121003!!395121003!157.4800!283.5600!90.000!NO!LINE!166.4800!294.7800!155.2800!294.7800!0.0000!!!!!SHAPE!!7.3 MM!NO!!!!!!!!
S!PLACE_BOUND_TOP!605 3 0!J14!395121003!!395121003!157.4800!283.5600!90.000!NO!LINE!155.2800!294.7800!155.2800!279.9600!0.0000!!!!!SHAPE!!7.3 MM!NO!!!!!!!!
S!PLACE_BOUND_TOP!605 4 0!J14!395121003!!395121003!157.4800!283.5600!90.000!NO!LINE!155.2800!279.9600!166.4800!279.9600!0.0000!!!!!SHAPE!!7.3 MM!NO!!!!!!!!
S!ASSEMBLY_TOP!608 1!J13!395121003!!395121003!157.4800!268.7400!90.000!NO!LINE!165.4800!266.1400!165.4800!278.9600!0.1000!!!!!NOTCONNECT!!!NO!!!!!!!!
S!ASSEMBLY_TOP!609 1!J13!395121003!!395121003!157.4800!268.7400!90.000!NO!LINE!165.4800!278.9600!156.2800!278.9600!0.1000!!!!!NOTCONNECT!!!NO!!!!!!!!
S!ASSEMBLY_TOP!610 1!J13!395121003!!395121003!157.4800!268.7400!90.000!NO!LINE!156.2800!278.9600!156.2800!266.1400!0.1000!!!!!NOTCONNECT!!!NO!!!!!!!!
S!ASSEMBLY_TOP!611 1!J13!395121003!!395121003!157.4800!268.7400!90.000!NO!LINE!156.2800!266.1400!165.4800!266.1400!0.1000!!!!!NOTCONNECT!!!NO!!!!!!!!
S!PLACE_BOUND_TOP!616 1 0!J13!395121003!!395121003!157.4800!268.7400!90.000!NO!LINE!166.4800!265.1400!166.4800!279.9600!0.0000!!!!!SHAPE!!7.3 MM!NO!!!!!!!!
S!PLACE_BOUND_TOP!616 2 0!J13!395121003!!395121003!157.4800!268.7400!90.000!NO!LINE!166.4800!279.9600!155.2800!279.9600!0.0000!!!!!SHAPE!!7.3 MM!NO!!!!!!!!
S!PLACE_BOUND_TOP!616 3 0!J13!395121003!!395121003!157.4800!268.7400!90.000!NO!LINE!155.2800!279.9600!155.2800!265.1400!0.0000!!!!!SHAPE!!7.3 MM!NO!!!!!!!!
S!PLACE_BOUND_TOP!616 4 0!J13!395121003!!395121003!157.4800!268.7400!90.000!NO!LINE!155.2800!265.1400!166.4800!265.1400!0.0000!!!!!SHAPE!!7.3 MM!NO!!!!!!!!
S!ASSEMBLY_TOP!619 1!J12!395121003!!395121003!157.4800!253.9200!90.000!NO!LINE!165.4800!251.3200!165.4800!264.1400!0.1000!!!!!NOTCONNECT!!!NO!!!!!!!!
S!ASSEMBLY_TOP!620 1!J12!395121003!!395121003!157.4800!253.9200!90.000!NO!LINE!165.4800!264.1400!156.2800!264.1400!0.1000!!!!!NOTCONNECT!!!NO!!!!!!!!
S!ASSEMBLY_TOP!621 1!J12!395121003!!395121003!157.4800!253.9200!90.000!NO!LINE!156.2800!264.1400!156.2800!251.3200!0.1000!!!!!NOTCONNECT!!!NO!!!!!!!!
S!ASSEMBLY_TOP!622 1!J12!395121003!!395121003!157.4800!253.9200!90.000!NO!LINE!156.2800!251.3200!165.4800!251.3200!0.1000!!!!!NOTCONNECT!!!NO!!!!!!!!
S!PLACE_BOUND_TOP!629 1 0!J12!395121003!!395121003!157.4800!253.9200!90.000!NO!LINE!166.4800!250.3200!166.4800!265.1400!0.0000!!!!!SHAPE!!7.3 MM!NO!!!!!!!!
S!PLACE_BOUND_TOP!629 2 0!J12!395121003!!395121003!157.4800!253.9200!90.000!NO!LINE!166.4800!265.1400!155.2800!265.1400!0.0000!!!!!SHAPE!!7.3 MM!NO!!!!!!!!
S!PLACE_BOUND_TOP!629 3 0!J12!395121003!!395121003!157.4800!253.9200!90.000!NO!LINE!155.2800!265.1400!155.2800!250.3200!0.0000!!!!!SHAPE!!7.3 MM!NO!!!!!!!!
S!PLACE_BOUND_TOP!629 4 0!J12!395121003!!395121003!157.4800!253.9200!90.000!NO!LINE!155.2800!250.3200!166.4800!250.3200!0.0000!!!!!SHAPE!!7.3 MM!NO!!!!!!!!
S!ASSEMBLY_TOP!632 1!J10!395121003!!395121003!144.0600!246.3800!0.000!NO!LINE!141.4600!238.3800!154.2800!238.3800!0.1000!!!!!NOTCONNECT!!!NO!!!!!!!!
S!ASSEMBLY_TOP!633 1!J10!395121003!!395121003!144.0600!246.3800!0.000!NO!LINE!154.2800!238.3800!154.2800!247.5800!0.1000!!!!!NOTCONNECT!!!NO!!!!!!!!
S!ASSEMBLY_TOP!634 1!J10!395121003!!395121003!144.0600!246.3800!0.000!NO!LINE!154.2800!247.5800!141.4600!247.5800!0.1000!!!!!NOTCONNECT!!!NO!!!!!!!!
S!ASSEMBLY_TOP!635 1!J10!395121003!!395121003!144.0600!246.3800!0.000!NO!LINE!141.4600!247.5800!141.4600!238.3800!0.1000!!!!!NOTCONNECT!!!NO!!!!!!!!
S!PLACE_BOUND_TOP!642 1!J10!395121003!!395121003!144.0600!246.3800!0.000!NO!RECTANGLE!140.4600!237.3800!155.2800!248.5800!1!!!!!!!7.3 MM!NO!!!!!!!!
S!ASSEMBLY_TOP!645 1!J9!395121003!!395121003!119.0800!246.3800!0.000!NO!LINE!116.4800!238.3800!129.3000!238.3800!0.1000!!!!!NOTCONNECT!!!NO!!!!!!!!
S!ASSEMBLY_TOP!646 1!J9!395121003!!395121003!119.0800!246.3800!0.000!NO!LINE!129.3000!238.3800!129.3000!247.5800!0.1000!!!!!NOTCONNECT!!!NO!!!!!!!!
S!ASSEMBLY_TOP!647 1!J9!395121003!!395121003!119.0800!246.3800!0.000!NO!LINE!129.3000!247.5800!116.4800!247.5800!0.1000!!!!!NOTCONNECT!!!NO!!!!!!!!
S!ASSEMBLY_TOP!648 1!J9!395121003!!395121003!119.0800!246.3800!0.000!NO!LINE!116.4800!247.5800!116.4800!238.3800!0.1000!!!!!NOTCONNECT!!!NO!!!!!!!!
S!PLACE_BOUND_TOP!655 1!J9!395121003!!395121003!119.0800!246.3800!0.000!NO!RECTANGLE!115.4800!237.3800!130.3000!248.5800!1!!!!!!!7.3 MM!NO!!!!!!!!
S!ASSEMBLY_TOP!658 1!J8!395121003!!395121003!104.2600!246.3800!0.000!NO!LINE!101.6600!238.3800!114.4800!238.3800!0.1000!!!!!NOTCONNECT!!!NO!!!!!!!!
S!ASSEMBLY_TOP!659 1!J8!395121003!!395121003!104.2600!246.3800!0.000!NO!LINE!114.4800!238.3800!114.4800!247.5800!0.1000!!!!!NOTCONNECT!!!NO!!!!!!!!
S!ASSEMBLY_TOP!660 1!J8!395121003!!395121003!104.2600!246.3800!0.000!NO!LINE!114.4800!247.5800!101.6600!247.5800!0.1000!!!!!NOTCONNECT!!!NO!!!!!!!!
S!ASSEMBLY_TOP!661 1!J8!395121003!!395121003!104.2600!246.3800!0.000!NO!LINE!101.6600!247.5800!101.6600!238.3800!0.1000!!!!!NOTCONNECT!!!NO!!!!!!!!
S!PLACE_BOUND_TOP!666 1!J8!395121003!!395121003!104.2600!246.3800!0.000!NO!RECTANGLE!100.6600!237.3800!115.4800!248.5800!1!!!!!!!7.3 MM!NO!!!!!!!!
S!ASSEMBLY_TOP!669 1!J7!395121003!!395121003!89.4400!246.3800!0.000!NO!LINE!86.8400!238.3800!99.6600!238.3800!0.1000!!!!!NOTCONNECT!!!NO!!!!!!!!
S!ASSEMBLY_TOP!670 1!J7!395121003!!395121003!89.4400!246.3800!0.000!NO!LINE!99.6600!238.3800!99.6600!247.5800!0.1000!!!!!NOTCONNECT!!!NO!!!!!!!!
S!ASSEMBLY_TOP!671 1!J7!395121003!!395121003!89.4400!246.3800!0.000!NO!LINE!99.6600!247.5800!86.8400!247.5800!0.1000!!!!!NOTCONNECT!!!NO!!!!!!!!
S!ASSEMBLY_TOP!672 1!J7!395121003!!395121003!89.4400!246.3800!0.000!NO!LINE!86.8400!247.5800!86.8400!238.3800!0.1000!!!!!NOTCONNECT!!!NO!!!!!!!!
S!PLACE_BOUND_TOP!677 1!J7!395121003!!395121003!89.4400!246.3800!0.000!NO!RECTANGLE!85.8400!237.3800!100.6600!248.5800!1!!!!!!!7.3 MM!NO!!!!!!!!
S!ASSEMBLY_TOP!680 1!J6!395121003!!395121003!74.6200!246.3800!0.000!NO!LINE!72.0200!238.3800!84.8400!238.3800!0.1000!!!!!NOTCONNECT!!!NO!!!!!!!!
S!ASSEMBLY_TOP!681 1!J6!395121003!!395121003!74.6200!246.3800!0.000!NO!LINE!84.8400!238.3800!84.8400!247.5800!0.1000!!!!!NOTCONNECT!!!NO!!!!!!!!
S!ASSEMBLY_TOP!682 1!J6!395121003!!395121003!74.6200!246.3800!0.000!NO!LINE!84.8400!247.5800!72.0200!247.5800!0.1000!!!!!NOTCONNECT!!!NO!!!!!!!!
S!ASSEMBLY_TOP!683 1!J6!395121003!!395121003!74.6200!246.3800!0.000!NO!LINE!72.0200!247.5800!72.0200!238.3800!0.1000!!!!!NOTCONNECT!!!NO!!!!!!!!
S!PLACE_BOUND_TOP!690 1!J6!395121003!!395121003!74.6200!246.3800!0.000!NO!RECTANGLE!71.0200!237.3800!85.8400!248.5800!1!!!!!!!7.3 MM!NO!!!!!!!!
S!ASSEMBLY_TOP!693 1!J5!395121003!!395121003!151.6800!385.9000!180.000!NO!LINE!154.2800!393.9000!141.4600!393.9000!0.1000!!!!!NOTCONNECT!!!NO!!!!!!!!
S!ASSEMBLY_TOP!694 1!J5!395121003!!395121003!151.6800!385.9000!180.000!NO!LINE!141.4600!393.9000!141.4600!384.7000!0.1000!!!!!NOTCONNECT!!!NO!!!!!!!!
S!ASSEMBLY_TOP!695 1!J5!395121003!!395121003!151.6800!385.9000!180.000!NO!LINE!141.4600!384.7000!154.2800!384.7000!0.1000!!!!!NOTCONNECT!!!NO!!!!!!!!
S!ASSEMBLY_TOP!696 1!J5!395121003!!395121003!151.6800!385.9000!180.000!NO!LINE!154.2800!384.7000!154.2800!393.9000!0.1000!!!!!NOTCONNECT!!!NO!!!!!!!!
S!PLACE_BOUND_TOP!703 1 0!J5!395121003!!395121003!151.6800!385.9000!180.000!NO!LINE!155.2800!394.9000!140.4600!394.9000!0.0000!!!!!SHAPE!!7.3 MM!NO!!!!!!!!
S!PLACE_BOUND_TOP!703 2 0!J5!395121003!!395121003!151.6800!385.9000!180.000!NO!LINE!140.4600!394.9000!140.4600!383.7000!0.0000!!!!!SHAPE!!7.3 MM!NO!!!!!!!!
S!PLACE_BOUND_TOP!703 3 0!J5!395121003!!395121003!151.6800!385.9000!180.000!NO!LINE!140.4600!383.7000!155.2800!383.7000!0.0000!!!!!SHAPE!!7.3 MM!NO!!!!!!!!
S!PLACE_BOUND_TOP!703 4 0!J5!395121003!!395121003!151.6800!385.9000!180.000!NO!LINE!155.2800!383.7000!155.2800!394.9000!0.0000!!!!!SHAPE!!7.3 MM!NO!!!!!!!!
S!ASSEMBLY_TOP!706 1!J4!395121003!!395121003!136.8600!385.9000!180.000!NO!LINE!139.4600!393.9000!126.6400!393.9000!0.1000!!!!!NOTCONNECT!!!NO!!!!!!!!
S!ASSEMBLY_TOP!707 1!J4!395121003!!395121003!136.8600!385.9000!180.000!NO!LINE!126.6400!393.9000!126.6400!384.7000!0.1000!!!!!NOTCONNECT!!!NO!!!!!!!!
S!ASSEMBLY_TOP!708 1!J4!395121003!!395121003!136.8600!385.9000!180.000!NO!LINE!126.6400!384.7000!139.4600!384.7000!0.1000!!!!!NOTCONNECT!!!NO!!!!!!!!
S!ASSEMBLY_TOP!709 1!J4!395121003!!395121003!136.8600!385.9000!180.000!NO!LINE!139.4600!384.7000!139.4600!393.9000!0.1000!!!!!NOTCONNECT!!!NO!!!!!!!!
S!PLACE_BOUND_TOP!716 1 0!J4!395121003!!395121003!136.8600!385.9000!180.000!NO!LINE!140.4600!394.9000!125.6400!394.9000!0.0000!!!!!SHAPE!!7.3 MM!NO!!!!!!!!
S!PLACE_BOUND_TOP!716 2 0!J4!395121003!!395121003!136.8600!385.9000!180.000!NO!LINE!125.6400!394.9000!125.6400!383.7000!0.0000!!!!!SHAPE!!7.3 MM!NO!!!!!!!!
S!PLACE_BOUND_TOP!716 3 0!J4!395121003!!395121003!136.8600!385.9000!180.000!NO!LINE!125.6400!383.7000!140.4600!383.7000!0.0000!!!!!SHAPE!!7.3 MM!NO!!!!!!!!
S!PLACE_BOUND_TOP!716 4 0!J4!395121003!!395121003!136.8600!385.9000!180.000!NO!LINE!140.4600!383.7000!140.4600!394.9000!0.0000!!!!!SHAPE!!7.3 MM!NO!!!!!!!!
S!ASSEMBLY_TOP!719 1!J3!395121003!!395121003!122.0400!385.9000!180.000!NO!LINE!124.6400!393.9000!111.8200!393.9000!0.1000!!!!!NOTCONNECT!!!NO!!!!!!!!
S!ASSEMBLY_TOP!720 1!J3!395121003!!395121003!122.0400!385.9000!180.000!NO!LINE!111.8200!393.9000!111.8200!384.7000!0.1000!!!!!NOTCONNECT!!!NO!!!!!!!!
S!ASSEMBLY_TOP!721 1!J3!395121003!!395121003!122.0400!385.9000!180.000!NO!LINE!111.8200!384.7000!124.6400!384.7000!0.1000!!!!!NOTCONNECT!!!NO!!!!!!!!
S!ASSEMBLY_TOP!722 1!J3!395121003!!395121003!122.0400!385.9000!180.000!NO!LINE!124.6400!384.7000!124.6400!393.9000!0.1000!!!!!NOTCONNECT!!!NO!!!!!!!!
S!PLACE_BOUND_TOP!729 1 0!J3!395121003!!395121003!122.0400!385.9000!180.000!NO!LINE!125.6400!394.9000!110.8200!394.9000!0.0000!!!!!SHAPE!!7.3 MM!NO!!!!!!!!
S!PLACE_BOUND_TOP!729 2 0!J3!395121003!!395121003!122.0400!385.9000!180.000!NO!LINE!110.8200!394.9000!110.8200!383.7000!0.0000!!!!!SHAPE!!7.3 MM!NO!!!!!!!!
S!PLACE_BOUND_TOP!729 3 0!J3!395121003!!395121003!122.0400!385.9000!180.000!NO!LINE!110.8200!383.7000!125.6400!383.7000!0.0000!!!!!SHAPE!!7.3 MM!NO!!!!!!!!
S!PLACE_BOUND_TOP!729 4 0!J3!395121003!!395121003!122.0400!385.9000!180.000!NO!LINE!125.6400!383.7000!125.6400!394.9000!0.0000!!!!!SHAPE!!7.3 MM!NO!!!!!!!!
S!ASSEMBLY_TOP!732 1!J2!395121003!!395121003!107.2200!385.9000!180.000!NO!LINE!109.8200!393.9000!97.0000!393.9000!0.1000!!!!!NOTCONNECT!!!NO!!!!!!!!
S!ASSEMBLY_TOP!733 1!J2!395121003!!395121003!107.2200!385.9000!180.000!NO!LINE!97.0000!393.9000!97.0000!384.7000!0.1000!!!!!NOTCONNECT!!!NO!!!!!!!!
S!ASSEMBLY_TOP!734 1!J2!395121003!!395121003!107.2200!385.9000!180.000!NO!LINE!97.0000!384.7000!109.8200!384.7000!0.1000!!!!!NOTCONNECT!!!NO!!!!!!!!
S!ASSEMBLY_TOP!735 1!J2!395121003!!395121003!107.2200!385.9000!180.000!NO!LINE!109.8200!384.7000!109.8200!393.9000!0.1000!!!!!NOTCONNECT!!!NO!!!!!!!!
S!PLACE_BOUND_TOP!742 1 0!J2!395121003!!395121003!107.2200!385.9000!180.000!NO!LINE!110.8200!394.9000!96.0000!394.9000!0.0000!!!!!SHAPE!!7.3 MM!NO!!!!!!!!
S!PLACE_BOUND_TOP!742 2 0!J2!395121003!!395121003!107.2200!385.9000!180.000!NO!LINE!96.0000!394.9000!96.0000!383.7000!0.0000!!!!!SHAPE!!7.3 MM!NO!!!!!!!!
S!PLACE_BOUND_TOP!742 3 0!J2!395121003!!395121003!107.2200!385.9000!180.000!NO!LINE!96.0000!383.7000!110.8200!383.7000!0.0000!!!!!SHAPE!!7.3 MM!NO!!!!!!!!
S!PLACE_BOUND_TOP!742 4 0!J2!395121003!!395121003!107.2200!385.9000!180.000!NO!LINE!110.8200!383.7000!110.8200!394.9000!0.0000!!!!!SHAPE!!7.3 MM!NO!!!!!!!!
S!PLACE_BOUND_TOP!745 1!J1!RHDRRA60W79P254_3X20_5131X851X749P!!RHDRRA60W79P254_3X20_5131X851X749P!73.6600!377.3800!90.000!NO!LINE!75.1350!379.1550!75.1350!327.3450!0.0500!!!!!NOTCONNECT!!!NO!!!!!!!!
S!PLACE_BOUND_TOP!746 1!J1!RHDRRA60W79P254_3X20_5131X851X749P!!RHDRRA60W79P254_3X20_5131X851X749P!73.6600!377.3800!90.000!NO!LINE!75.1350!327.3450!58.3000!327.3450!0.0500!!!!!NOTCONNECT!!!NO!!!!!!!!
S!PLACE_BOUND_TOP!747 1!J1!RHDRRA60W79P254_3X20_5131X851X749P!!RHDRRA60W79P254_3X20_5131X851X749P!73.6600!377.3800!90.000!NO!LINE!58.3000!327.3450!58.3000!379.1550!0.0500!!!!!NOTCONNECT!!!NO!!!!!!!!
S!PLACE_BOUND_TOP!748 1!J1!RHDRRA60W79P254_3X20_5131X851X749P!!RHDRRA60W79P254_3X20_5131X851X749P!73.6600!377.3800!90.000!NO!LINE!58.3000!379.1550!75.1350!379.1550!0.0500!!!!!NOTCONNECT!!!NO!!!!!!!!
S!ASSEMBLY_TOP!749 1!J1!RHDRRA60W79P254_3X20_5131X851X749P!!RHDRRA60W79P254_3X20_5131X851X749P!73.6600!377.3800!90.000!NO!LINE!67.0600!378.9050!67.0600!327.5950!0.1000!!!!!NOTCONNECT!!!NO!!!!!!!!
S!ASSEMBLY_TOP!750 1!J1!RHDRRA60W79P254_3X20_5131X851X749P!!RHDRRA60W79P254_3X20_5131X851X749P!73.6600!377.3800!90.000!NO!LINE!67.0600!327.5950!58.5500!327.5950!0.1000!!!!!NOTCONNECT!!!NO!!!!!!!!
S!ASSEMBLY_TOP!751 1!J1!RHDRRA60W79P254_3X20_5131X851X749P!!RHDRRA60W79P254_3X20_5131X851X749P!73.6600!377.3800!90.000!NO!LINE!58.5500!327.5950!58.5500!378.9050!0.1000!!!!!NOTCONNECT!!!NO!!!!!!!!
S!ASSEMBLY_TOP!752 1!J1!RHDRRA60W79P254_3X20_5131X851X749P!!RHDRRA60W79P254_3X20_5131X851X749P!73.6600!377.3800!90.000!NO!LINE!58.5500!378.9050!67.0600!378.9050!0.1000!!!!!NOTCONNECT!!!NO!!!!!!!!
S!PLACE_BOUND_TOP!756 1 0!J1!RHDRRA60W79P254_3X20_5131X851X749P!!RHDRRA60W79P254_3X20_5131X851X749P!73.6600!377.3800!90.000!NO!LINE!75.1600!327.3200!75.1600!379.1800!0.0000!!!!!SHAPE!!!NO!!!!!!!!
S!PLACE_BOUND_TOP!756 2 0!J1!RHDRRA60W79P254_3X20_5131X851X749P!!RHDRRA60W79P254_3X20_5131X851X749P!73.6600!377.3800!90.000!NO!LINE!75.1600!379.1800!58.2750!379.1800!0.0000!!!!!SHAPE!!!NO!!!!!!!!
S!PLACE_BOUND_TOP!756 3 0!J1!RHDRRA60W79P254_3X20_5131X851X749P!!RHDRRA60W79P254_3X20_5131X851X749P!73.6600!377.3800!90.000!NO!LINE!58.2750!379.1800!58.2750!327.3200!0.0000!!!!!SHAPE!!!NO!!!!!!!!
S!PLACE_BOUND_TOP!756 4 0!J1!RHDRRA60W79P254_3X20_5131X851X749P!!RHDRRA60W79P254_3X20_5131X851X749P!73.6600!377.3800!90.000!NO!LINE!58.2750!327.3200!75.1600!327.3200!0.0000!!!!!SHAPE!!!NO!!!!!!!!
