(---------------------------------------------------------------------)
(                                                                     )
(    NC ROUTE Log                                                     )
(                                                                     )
(    Drawing          : sxpn.brd                                      )
(    Software Version : 24.1S002                                      )
(    Date/Time        : Thu Mar 20 16:01:24 2025                      )
(                                                                     )
(---------------------------------------------------------------------)



 Processing NC Parameters file 'nc_param.txt' ...

 NC PARAMETERS
 -------------

 FORMAT   		2.5
 MACHINE-OFFSET		x:0.00000	y:0.00000   (mm)
 FEEDRATE		1
 COORDINATES		ABSOLUTE
 OUTPUT-UNITS		METRIC
 TOOL-ORDER		INCREASING
 REPEAT-CODES		YES
 SUPPRESS-LEAD-ZEROES	NO
 SUPPRESS-TRAIL-ZEROES	NO
 SUPPRESS-EQUAL		NO
 TOOL-SELECT		NO
 HEADER			none
 LEADER			12
 CODE			ASCII
 SEPARATE		NO
 SEPARATE-ROUTING	NO
 OPTIMIZE_DRILLING	NO
 ENHANCED_EXCELLON	NO
 SCALE			1.000000


 WARNING(SPMHMF-326): Cannot find NC Route bit tool file 'ncroutebits.txt'
 WARNING(SPMHMF-327): ... will auto-generate bit tool file 'ncroutebits_auto.txt'.

 Auto-generating tool file 'ncroutebits_auto.txt' ...

     0.0000  T01       

-------------------------------------------------------------

 Pre_processing route path data ...

 WARNING(SPMHMF-301): No start point indicators found on the board.
 WARNING(SPMHMF-302): Start and end points for route paths will be selected at random.

-------------------------------------------------------------

 Processing route path data ... TOP to BOTTOM 

 WARNING(SPMHMF-300): No toolcode of size 0.000000 found in 'ncroutebits.txt' ... Defaulting to T01.

 WARNING(SPMHMF-303): First & second point indicator(s) not found.
 WARNING(SPMHMF-304): Start point and direction selected at random at (63.540000 388.620000).

 WARNING(SPMHMF-303): First & second point indicator(s) not found.
 WARNING(SPMHMF-304): Start point and direction selected at random at (116.880000 317.500000).

 WARNING(SPMHMF-303): First & second point indicator(s) not found.
 WARNING(SPMHMF-304): Start point and direction selected at random at (63.540000 243.840000).

 WARNING(SPMHMF-303): First & second point indicator(s) not found.
 WARNING(SPMHMF-304): Start point and direction selected at random at (157.520000 243.840000).

 WARNING(SPMHMF-303): First & second point indicator(s) not found.
 WARNING(SPMHMF-304): Start point and direction selected at random at (157.520000 388.620000).

 EXPLANATION OF 'START POINT INDICATORS' ...

 The direction in which a route path is cut can be
 controlled by adding the character '1' at (or near)
 the vertex that you want to be the start point of the cut.
 This character (referred to as a 'start point indicator')
 is added by using the ADD TEXT command.

 In the case of a complete loop, direction can be specified
 by adding the character '1' at the first point on the path
 and the character '2' at the second point along the path.


-------------------------------------------------------------

 Processing slot hole data ... TOP to BOTTOM 

 WARNING(SPMHMF-322): No slot holes were found for processing.

-------------------------------------------------------------

 NC Route file 'sxpn_1-3.rou' created ...

-------------------------------------------------------------

 Program completed WITH WARNINGS.

