(---------------------------------------------------------------------)
(                                                                     )
(    Allegro Netrev Import Logic                                      )
(                                                                     )
(    Drawing          : sxpn.brd                                      )
(    Software Version : 24.1S002                                      )
(    Date/Time        : Thu Mar 20 15:09:31 2025                      )
(                                                                     )
(---------------------------------------------------------------------)


------ Directives ------------

Ripup etch:                  No
Ripup delete first segment:  No
Ripup retain bondwire:       No
Ripup symbols:               Always
Missing symbol has error:    No
DRC update:                  Yes
Schematic directory:         '.'
Design Directory:            'D:/studicaxpansion'
Old design name:             'D:/studicaxpansion/sxpn.brd'
New design name:             'D:/studicaxpansion/sxpn.brd'

CmdLine: netrev -y 1 -q netrev_constraint_report.xml D:/studicaxpansion/#Taaaabe19356.tmp

------ Preparing to read pst files ------

Starting to read ./pstchip.dat 
   Finished reading ./pstchip.dat (00:00:00.01)
Starting to read ./pstxprt.dat 
   Finished reading ./pstxprt.dat (00:00:00.00)
Starting to read ./pstxnet.dat 
   Finished reading ./pstxnet.dat (00:00:00.00)

------ Oversights/Warnings/Errors ------


------ Library Paths ------
MODULEPATH =  . 
           c:/cadence/spb_24.1/share/local/pcb/modules 

PSMPATH =  D:/Projects/CadenceAllegro/CIS/psmpath 

PADPATH =  D:/Projects/CadenceAllegro/CIS/psmpath 


------ Summary Statistics ------


netrev run on Mar 20 15:09:31 2025
   DESIGN NAME : 'STUDICAXPANSION'
   PACKAGING ON Jan 23 2025 22:22:36

   COMPILE 'logic'
   CHECK_PIN_NAMES OFF
   CROSS_REFERENCE OFF
   FEEDBACK OFF
   INCREMENTAL OFF
   INTERFACE_TYPE PHYSICAL
   MAX_ERRORS 500
   MERGE_MINIMUM 5
   NET_NAME_CHARS '#%&()*+-./:=>?@[]^_`|'
   NET_NAME_LENGTH 24
   OVERSIGHTS ON
   REPLACE_CHECK OFF
   SINGLE_NODE_NETS ON
   SPLIT_MINIMUM 0
   SUPPRESS   20
   WARNINGS ON

 No error detected
 No oversight detected
 No warning detected

cpu time      0:00:32
elapsed time  0:00:00

