A!NET_NAME_SORT!NET_NAME!NET_PHYSICAL_TYPE!NET_SPACING_TYPE!ELECTRICAL_CONSTRAINT_SET!NET_DIFFERENTIAL_PAIR!NET_STUB_LENGTH!NET_MAX_VIA_COUNT!NET_MIN_LINE_WIDTH!NET_MAX_PARALLEL!NET_IMPEDANCE_AVERAGE!NO_TEST!NET_IMPEDANCE_MINIMUM!NET_IMPEDANCE_MAXIMUM!
J!D:/studicaxpansion/sxpn.brd!Thu Mar 20 15:58:20 2025!0.0000!0.0000!533.4000!431.8000!0.0001!millimeters!STUDICAXPANSION!19.600000 mil!3!UP TO DATE!
S!ANALOG_IN_ 00000004!ANALOG_IN_4!!!!!!!!!165.25 ohms!!165.25 ohms!165.25 ohms!
S!ANALOG_IN_ 00000003!ANALOG_IN_3!!!!!!!!!165.25 ohms!!165.25 ohms!165.25 ohms!
S!ANALOG_IN_ 00000002!ANALOG_IN_2!!!!!!!!!165.25 ohms!!165.25 ohms!165.25 ohms!
S!ANALOG_IN_ 00000001!ANALOG_IN_1!!!!!!!!!165.25 ohms!!165.25 ohms!165.25 ohms!
S!HIGH_CURRENT_DO_DI_ 00000010!HIGH_CURRENT_DO_DI_10!!!!!!!!!140.46 ohms!!126.31 ohms!143.03 ohms!
S!HIGH_CURRENT_DO_DI_ 00000009!HIGH_CURRENT_DO_DI_9!!!!!!!!!141.45 ohms!!126.31 ohms!143.03 ohms!
S!HIGH_CURRENT_DO_DI_ 00000008!HIGH_CURRENT_DO_DI_8!!!!!!!!!139.69 ohms!!126.31 ohms!143.03 ohms!
S!HIGH_CURRENT_DO_DI_ 00000007!HIGH_CURRENT_DO_DI_7!!!!!!!!!139.27 ohms!!126.31 ohms!143.03 ohms!
S!HIGH_CURRENT_DO_DI_ 00000006!HIGH_CURRENT_DO_DI_6!!!!!!!!!138.49 ohms!!126.31 ohms!143.03 ohms!
S!HIGH_CURRENT_DO_DI_ 00000005!HIGH_CURRENT_DO_DI_5!!!!!!!!!126.86 ohms!!126.31 ohms!143.03 ohms!
S!HIGH_CURRENT_DO_DI_ 00000004!HIGH_CURRENT_DO_DI_4!!!!!!!!!127.28 ohms!!126.31 ohms!143.03 ohms!
S!HIGH_CURRENT_DO_DI_ 00000003!HIGH_CURRENT_DO_DI_3!!!!!!!!!127.51 ohms!!126.31 ohms!143.03 ohms!
S!HIGH_CURRENT_DO_DI_ 00000002!HIGH_CURRENT_DO_DI_2!!!!!!!!!126.80 ohms!!126.31 ohms!143.03 ohms!
S!HIGH_CURRENT_DO_DI_ 00000001!HIGH_CURRENT_DO_DI_1!!!!!!!!!126.31 ohms!!126.31 ohms!126.31 ohms!
S!FLEX_DIO_ 00000004!FLEX_DIO_4!!!!!!!!!165.25 ohms!!165.25 ohms!165.25 ohms!
S!FLEX_DIO_ 00000003!FLEX_DIO_3!!!!!!!!!164.95 ohms!!148.68 ohms!165.25 ohms!
S!FLEX_DIO_ 00000002!FLEX_DIO_2!!!!!!!!!164.31 ohms!!148.68 ohms!165.25 ohms!
S!FLEX_DIO_ 00000001!FLEX_DIO_1!!!!!!!!!150.12 ohms!!148.68 ohms!165.25 ohms!
S!VCC_SIGNAL!VCC_SIGNAL!!!!!!!!!3.32 ohms!!3.00 ohms!165.25 ohms!
S!GND_SIGNAL!GND_SIGNAL!!!!!!!!!2.51 ohms!!1.99 ohms!148.68 ohms!
