A!PAD_NAME!REC_NUMBER!LAYER!FIXFLAG!VIAFLAG!PADSHAPE1!PADWIDTH!PADHGHT!PADXOFF!PADYOFF!PADFLASH!PADSHAPENAME!TRELSHAPE1!TRELWIDTH!TRELHGHT!TRELXOFF!TRELYOFF!TRELFLASH!TRELSHAPENAME!APADSHAPE1!APADWIDTH!APADHGHT!APADXOFF!APADYOFF!APADFLASH!APADSHAPENAME!
J!D:/studicaxpansion/sxpn.brd!Thu Mar 20 15:58:19 2025!0.0000!0.0000!533.4000!431.8000!0.0001!millimeters!STUDICAXPANSION!19.600000 mil!3!UP TO DATE!
S!SIGNAL-BOTTOM!00001!TOP!o!!!0.0000!0.0000!0.0000!0.0000!!!!0.0000!0.0000!0.0000!0.0000!!!!0.0000!0.0000!0.0000!0.0000!!!
S!SIGNAL-BOTTOM!00002!internal_pad_def!o!!CIRCLE!1.3000!1.3000!0.0000!0.0000!!!!0.0000!0.0000!0.0000!0.0000!!!!0.0000!0.0000!0.0000!0.0000!!!
S!SIGNAL-BOTTOM!00003!SIGNAL!o!!CIRCLE!1.3000!1.3000!0.0000!0.0000!!!!0.0000!0.0000!0.0000!0.0000!!!!0.0000!0.0000!0.0000!0.0000!!!
S!SIGNAL-BOTTOM!00004!BOTTOM!o!!CIRCLE!1.3000!1.3000!0.0000!0.0000!!!!0.0000!0.0000!0.0000!0.0000!!!!0.0000!0.0000!0.0000!0.0000!!!
S!SIGNAL-BOTTOM!00005!~TSM!o!!!0.0000!0.0000!0.0000!0.0000!!!!!!!!!!!!!!!!!
S!SIGNAL-BOTTOM!00006!~BSM!o!!CIRCLE!1.3000!1.3000!0.0000!0.0000!!!!!!!!!!!!!!!!!
S!SIGNAL-BOTTOM!00007!~TPM!o!!!0.0000!0.0000!0.0000!0.0000!!!!!!!!!!!!!!!!!
S!SIGNAL-BOTTOM!00008!~BPM!o!!!0.0000!0.0000!0.0000!0.0000!!!!!!!!!!!!!!!!!
S!SIGNAL-BOTTOM!00009!~TFM!o!!!0.0000!0.0000!0.0000!0.0000!!!!!!!!!!!!!!!!!
S!SIGNAL-BOTTOM!00010!~BFM!o!!!0.0000!0.0000!0.0000!0.0000!!!!!!!!!!!!!!!!!
S!SIGNAL-BOTTOM!00011!~ALV!o!!!0.0000!0.0000!0.0000!0.0000!!!!!!!!!!!!!!!!!
S!SIGNAL-BOTTOM!00012!~DRILL!o!!0.8000!0.8000!0.8000!0.0000!0.0000!DIAMOND!P!B!n!!!!!!CIRCLE_DRILL!!0.0000!0.0000!!!!
S!TOP-BOTTOM!00001!TOP!o!!CIRCLE!1.3000!1.3000!0.0000!0.0000!!!!0.0000!0.0000!0.0000!0.0000!!!!0.0000!0.0000!0.0000!0.0000!!!
S!TOP-BOTTOM!00002!internal_pad_def!o!!CIRCLE!1.3000!1.3000!0.0000!0.0000!!!!0.0000!0.0000!0.0000!0.0000!!!!0.0000!0.0000!0.0000!0.0000!!!
S!TOP-BOTTOM!00003!SIGNAL!o!!CIRCLE!1.3000!1.3000!0.0000!0.0000!!!!0.0000!0.0000!0.0000!0.0000!!!!0.0000!0.0000!0.0000!0.0000!!!
S!TOP-BOTTOM!00004!BOTTOM!o!!CIRCLE!1.3000!1.3000!0.0000!0.0000!!!!0.0000!0.0000!0.0000!0.0000!!!!0.0000!0.0000!0.0000!0.0000!!!
S!TOP-BOTTOM!00005!~TSM!o!!CIRCLE!1.3000!1.3000!0.0000!0.0000!!!!!!!!!!!!!!!!!
S!TOP-BOTTOM!00006!~BSM!o!!CIRCLE!1.3000!1.3000!0.0000!0.0000!!!!!!!!!!!!!!!!!
S!TOP-BOTTOM!00007!~TPM!o!!!0.0000!0.0000!0.0000!0.0000!!!!!!!!!!!!!!!!!
S!TOP-BOTTOM!00008!~BPM!o!!!0.0000!0.0000!0.0000!0.0000!!!!!!!!!!!!!!!!!
S!TOP-BOTTOM!00009!~TFM!o!!!0.0000!0.0000!0.0000!0.0000!!!!!!!!!!!!!!!!!
S!TOP-BOTTOM!00010!~BFM!o!!!0.0000!0.0000!0.0000!0.0000!!!!!!!!!!!!!!!!!
S!TOP-BOTTOM!00011!~ALV!o!!!0.0000!0.0000!0.0000!0.0000!!!!!!!!!!!!!!!!!
S!TOP-BOTTOM!00012!~DRILL!o!!0.8000!0.8000!0.8000!0.0000!0.0000!DIAMOND!P!B!n!!!!!!CIRCLE_DRILL!!0.0000!0.0000!!!!
S!TOP-SIGNAL!00001!TOP!o!!CIRCLE!1.3000!1.3000!0.0000!0.0000!!!!0.0000!0.0000!0.0000!0.0000!!!!0.0000!0.0000!0.0000!0.0000!!!
S!TOP-SIGNAL!00002!internal_pad_def!o!!CIRCLE!1.3000!1.3000!0.0000!0.0000!!!!0.0000!0.0000!0.0000!0.0000!!!!0.0000!0.0000!0.0000!0.0000!!!
S!TOP-SIGNAL!00003!SIGNAL!o!!CIRCLE!1.3000!1.3000!0.0000!0.0000!!!!0.0000!0.0000!0.0000!0.0000!!!!0.0000!0.0000!0.0000!0.0000!!!
S!TOP-SIGNAL!00004!BOTTOM!o!!!0.0000!0.0000!0.0000!0.0000!!!!0.0000!0.0000!0.0000!0.0000!!!!0.0000!0.0000!0.0000!0.0000!!!
S!TOP-SIGNAL!00005!~TSM!o!!CIRCLE!1.3000!1.3000!0.0000!0.0000!!!!!!!!!!!!!!!!!
S!TOP-SIGNAL!00006!~BSM!o!!!0.0000!0.0000!0.0000!0.0000!!!!!!!!!!!!!!!!!
S!TOP-SIGNAL!00007!~TPM!o!!!0.0000!0.0000!0.0000!0.0000!!!!!!!!!!!!!!!!!
S!TOP-SIGNAL!00008!~BPM!o!!!0.0000!0.0000!0.0000!0.0000!!!!!!!!!!!!!!!!!
S!TOP-SIGNAL!00009!~TFM!o!!!0.0000!0.0000!0.0000!0.0000!!!!!!!!!!!!!!!!!
S!TOP-SIGNAL!00010!~BFM!o!!!0.0000!0.0000!0.0000!0.0000!!!!!!!!!!!!!!!!!
S!TOP-SIGNAL!00011!~ALV!o!!!0.0000!0.0000!0.0000!0.0000!!!!!!!!!!!!!!!!!
S!TOP-SIGNAL!00012!~DRILL!o!!0.8000!0.8000!0.8000!0.0000!0.0000!DIAMOND!P!B!n!!!!!!CIRCLE_DRILL!!0.0000!0.0000!!!!
S!C130_H80!00001!TOP!o!!CIRCLE!1.3000!1.3000!0.0000!0.0000!!!!0.0000!0.0000!0.0000!0.0000!!!!0.0000!0.0000!0.0000!0.0000!!!
S!C130_H80!00002!internal_pad_def!o!!CIRCLE!1.3000!1.3000!0.0000!0.0000!!!!0.0000!0.0000!0.0000!0.0000!!!!0.0000!0.0000!0.0000!0.0000!!!
S!C130_H80!00003!SIGNAL!o!!CIRCLE!1.3000!1.3000!0.0000!0.0000!!!!0.0000!0.0000!0.0000!0.0000!!!!0.0000!0.0000!0.0000!0.0000!!!
S!C130_H80!00004!BOTTOM!o!!CIRCLE!1.3000!1.3000!0.0000!0.0000!!!!0.0000!0.0000!0.0000!0.0000!!!!0.0000!0.0000!0.0000!0.0000!!!
S!C130_H80!00005!~TSM!o!!CIRCLE!1.3000!1.3000!0.0000!0.0000!!!!!!!!!!!!!!!!!
S!C130_H80!00006!~BSM!o!!CIRCLE!1.3000!1.3000!0.0000!0.0000!!!!!!!!!!!!!!!!!
S!C130_H80!00007!~TPM!o!!!0.0000!0.0000!0.0000!0.0000!!!!!!!!!!!!!!!!!
S!C130_H80!00008!~BPM!o!!!0.0000!0.0000!0.0000!0.0000!!!!!!!!!!!!!!!!!
S!C130_H80!00009!~TFM!o!!!0.0000!0.0000!0.0000!0.0000!!!!!!!!!!!!!!!!!
S!C130_H80!00010!~BFM!o!!!0.0000!0.0000!0.0000!0.0000!!!!!!!!!!!!!!!!!
S!C130_H80!00011!~ALV!o!!!0.0000!0.0000!0.0000!0.0000!!!!!!!!!!!!!!!!!
S!C130_H80!00012!~DRILL!o!!0.8000!0.8000!0.8000!0.0000!0.0000!DIAMOND!P!B!n!!!!!!CIRCLE_DRILL!!0.0000!0.0000!!!!
S!S195_H130!00001!TOP!o!!SQUARE!1.9500!1.9500!0.0000!0.0000!!!!0.0000!0.0000!0.0000!0.0000!!!!0.0000!0.0000!0.0000!0.0000!!!
S!S195_H130!00002!internal_pad_def!o!!CIRCLE!1.9500!1.9500!0.0000!0.0000!!!!0.0000!0.0000!0.0000!0.0000!!!!0.0000!0.0000!0.0000!0.0000!!!
S!S195_H130!00003!SIGNAL!o!!CIRCLE!1.9500!1.9500!0.0000!0.0000!!!!0.0000!0.0000!0.0000!0.0000!!!!0.0000!0.0000!0.0000!0.0000!!!
S!S195_H130!00004!BOTTOM!o!!SQUARE!1.9500!1.9500!0.0000!0.0000!!!!0.0000!0.0000!0.0000!0.0000!!!!0.0000!0.0000!0.0000!0.0000!!!
S!S195_H130!00005!~TSM!o!!SQUARE!1.9500!1.9500!0.0000!0.0000!!!!!!!!!!!!!!!!!
S!S195_H130!00006!~BSM!o!!SQUARE!1.9500!1.9500!0.0000!0.0000!!!!!!!!!!!!!!!!!
S!S195_H130!00007!~TPM!o!!!0.0000!0.0000!0.0000!0.0000!!!!!!!!!!!!!!!!!
S!S195_H130!00008!~BPM!o!!!0.0000!0.0000!0.0000!0.0000!!!!!!!!!!!!!!!!!
S!S195_H130!00009!~TFM!o!!!0.0000!0.0000!0.0000!0.0000!!!!!!!!!!!!!!!!!
S!S195_H130!00010!~BFM!o!!!0.0000!0.0000!0.0000!0.0000!!!!!!!!!!!!!!!!!
S!S195_H130!00011!~ALV!o!!!0.0000!0.0000!0.0000!0.0000!!!!!!!!!!!!!!!!!
S!S195_H130!00012!~DRILL!o!!1.3000!1.3000!1.3000!0.0000!0.0000!DIAMOND!P!B!n!!!!!!CIRCLE_DRILL!!0.0000!0.0000!!!!
S!C195_H130!00001!TOP!o!!CIRCLE!1.9500!1.9500!0.0000!0.0000!!!!0.0000!0.0000!0.0000!0.0000!!!!0.0000!0.0000!0.0000!0.0000!!!
S!C195_H130!00002!internal_pad_def!o!!CIRCLE!1.9500!1.9500!0.0000!0.0000!!!!0.0000!0.0000!0.0000!0.0000!!!!0.0000!0.0000!0.0000!0.0000!!!
S!C195_H130!00003!SIGNAL!o!!CIRCLE!1.9500!1.9500!0.0000!0.0000!!!!0.0000!0.0000!0.0000!0.0000!!!!0.0000!0.0000!0.0000!0.0000!!!
S!C195_H130!00004!BOTTOM!o!!CIRCLE!1.9500!1.9500!0.0000!0.0000!!!!0.0000!0.0000!0.0000!0.0000!!!!0.0000!0.0000!0.0000!0.0000!!!
S!C195_H130!00005!~TSM!o!!CIRCLE!1.9500!1.9500!0.0000!0.0000!!!!!!!!!!!!!!!!!
S!C195_H130!00006!~BSM!o!!CIRCLE!1.9500!1.9500!0.0000!0.0000!!!!!!!!!!!!!!!!!
S!C195_H130!00007!~TPM!o!!!0.0000!0.0000!0.0000!0.0000!!!!!!!!!!!!!!!!!
S!C195_H130!00008!~BPM!o!!!0.0000!0.0000!0.0000!0.0000!!!!!!!!!!!!!!!!!
S!C195_H130!00009!~TFM!o!!!0.0000!0.0000!0.0000!0.0000!!!!!!!!!!!!!!!!!
S!C195_H130!00010!~BFM!o!!!0.0000!0.0000!0.0000!0.0000!!!!!!!!!!!!!!!!!
S!C195_H130!00011!~ALV!o!!!0.0000!0.0000!0.0000!0.0000!!!!!!!!!!!!!!!!!
S!C195_H130!00012!~DRILL!o!!1.3000!1.3000!1.3000!0.0000!0.0000!DIAMOND!P!A!n!!!!!!CIRCLE_DRILL!!0.0000!0.0000!!!!
S!C155_H102!00001!TOP!o!!CIRCLE!1.5499!1.5499!0.0000!0.0000!!!!0.0000!0.0000!0.0000!0.0000!!!!0.0000!0.0000!0.0000!0.0000!!!
S!C155_H102!00002!internal_pad_def!o!!CIRCLE!1.5499!1.5499!0.0000!0.0000!!!!0.0000!0.0000!0.0000!0.0000!!!!0.0000!0.0000!0.0000!0.0000!!!
S!C155_H102!00003!SIGNAL!o!!CIRCLE!1.5499!1.5499!0.0000!0.0000!!!!0.0000!0.0000!0.0000!0.0000!!!!0.0000!0.0000!0.0000!0.0000!!!
S!C155_H102!00004!BOTTOM!o!!CIRCLE!1.5499!1.5499!0.0000!0.0000!!!!0.0000!0.0000!0.0000!0.0000!!!!0.0000!0.0000!0.0000!0.0000!!!
S!C155_H102!00005!~TSM!o!!!0.0000!0.0000!0.0000!0.0000!!!!!!!!!!!!!!!!!
S!C155_H102!00006!~BSM!o!!!0.0000!0.0000!0.0000!0.0000!!!!!!!!!!!!!!!!!
S!C155_H102!00007!~TPM!o!!!0.0000!0.0000!0.0000!0.0000!!!!!!!!!!!!!!!!!
S!C155_H102!00008!~BPM!o!!!0.0000!0.0000!0.0000!0.0000!!!!!!!!!!!!!!!!!
S!C155_H102!00009!~TFM!o!!!0.0000!0.0000!0.0000!0.0000!!!!!!!!!!!!!!!!!
S!C155_H102!00010!~BFM!o!!!0.0000!0.0000!0.0000!0.0000!!!!!!!!!!!!!!!!!
S!C155_H102!00011!~ALV!o!!!0.0000!0.0000!0.0000!0.0000!!!!!!!!!!!!!!!!!
S!C155_H102!00012!~DRILL!o!!1.0201!1.0201!1.0201!0.0000!0.0000!DIAMOND!P!A!n!!!!!!CIRCLE_DRILL!!0.0000!0.0000!!!!
