A!CLASS!REFDES!PIN_NUMBER!PAD_STACK_NAME!START_LAYER_NAME!END_LAYER_NAME!NET_NAME!PIN_X!PIN_Y!VIA_X!VIA_Y!DRILL_HOLE_TYPE!SLOT_SIZE_MAJOR!SLOT_SIZE_MINOR!SLOT_X!SLOT_Y!SLOT_ROTATION!SLOT_PLATING!DRILL_FIGURE_CHAR!DRILL_FIGURE_SHAPE!DRILL_FIGURE_WIDTH!DRILL_FIGURE_HEIGHT!DRILL_FIGURE_ROTATION!GRAPHIC_DATA_NAME!GRAPHIC_DATA_1!GRAPHIC_DATA_2!GRAPHIC_DATA_3!GRAPHIC_DATA_4!PIN_NUMBER_SORT!DRILL_ARRAY_LOCATIONS!COMP_PACKAGE!DRILL_HOLE_POSTOL!DRILL_HOLE_NEGTOL!BACKDRILL_TOP_LAYER!BACKDRILL_BOTTOM_LAYER!BACKDRILL_TOP_FROM!BACKDRILL_BOTTOM_FROM!EMBEDDED_LAYER!EMBEDDED_STATUS!BACKDRILL_SIZE!DRILL_TOP_NAME!DRILL_BOTTOM_NAME!NET_SHORT!TEST_POINT!PROBE_FIGURE!BACKDRILL_TOP_MAX_STUB!BACKDRILL_BOTTOM_MAX_STUB!BACKDRILL_TOP_MNCLAYER!BACKDRILL_BOTTOM_MNCLAYER!BACKDRILL_TOP_MAX_DEPTH!BACKDRILL_BOTTOM_MAX_DEPTH!
J!D:/studicaxpansion/sxpn.brd!Thu Mar 20 15:58:20 2025!0.0000!0.0000!533.4000!431.8000!0.0001!millimeters!STUDICAXPANSION!19.600000 mil!3!UP TO DATE!
S!PIN!J20!1!S195_H130!TOP!BOTTOM!GND_SIGNAL!157.4800!372.4800!!!CIRCLE_DRILL!1.3000!1.3000!157.4800!372.4800!0.000!PLATED!B!DIAMOND!1.3000!1.3000!0.000!FIG_RECTANGLE!157.4800!372.4800!1.9500!1.9500! 00000001!!395121003!0.0000!0.0000!!!!!!!0.0000!!!!!!!!!!!!
S!PIN!J20!2!C195_H130!TOP!BOTTOM!VCC_SIGNAL!157.4800!376.2900!!!CIRCLE_DRILL!1.3000!1.3000!157.4800!376.2900!0.000!PLATED!A!DIAMOND!1.3000!1.3000!0.000!CIRCLE!157.4800!376.2900!1.9500!1.9500! 00000002!!395121003!0.0000!0.0000!!!!!!!0.0000!!!!!!!!!!!!
S!PIN!J20!3!C195_H130!TOP!BOTTOM!HIGH_CURRENT_DO_DI_10!157.4800!380.1000!!!CIRCLE_DRILL!1.3000!1.3000!157.4800!380.1000!0.000!PLATED!A!DIAMOND!1.3000!1.3000!0.000!CIRCLE!157.4800!380.1000!1.9500!1.9500! 00000003!!395121003!0.0000!0.0000!!!!!!!0.0000!!!!!!!!!!!!
S!PIN!J19!1!S195_H130!TOP!BOTTOM!GND_SIGNAL!157.4800!357.6600!!!CIRCLE_DRILL!1.3000!1.3000!157.4800!357.6600!0.000!PLATED!B!DIAMOND!1.3000!1.3000!0.000!FIG_RECTANGLE!157.4800!357.6600!1.9500!1.9500! 00000001!!395121003!0.0000!0.0000!!!!!!!0.0000!!!!!!!!!!!!
S!PIN!J19!2!C195_H130!TOP!BOTTOM!VCC_SIGNAL!157.4800!361.4700!!!CIRCLE_DRILL!1.3000!1.3000!157.4800!361.4700!0.000!PLATED!A!DIAMOND!1.3000!1.3000!0.000!CIRCLE!157.4800!361.4700!1.9500!1.9500! 00000002!!395121003!0.0000!0.0000!!!!!!!0.0000!!!!!!!!!!!!
S!PIN!J19!3!C195_H130!TOP!BOTTOM!HIGH_CURRENT_DO_DI_9!157.4800!365.2800!!!CIRCLE_DRILL!1.3000!1.3000!157.4800!365.2800!0.000!PLATED!A!DIAMOND!1.3000!1.3000!0.000!CIRCLE!157.4800!365.2800!1.9500!1.9500! 00000003!!395121003!0.0000!0.0000!!!!!!!0.0000!!!!!!!!!!!!
S!PIN!J18!1!S195_H130!TOP!BOTTOM!GND_SIGNAL!157.4800!342.8400!!!CIRCLE_DRILL!1.3000!1.3000!157.4800!342.8400!0.000!PLATED!B!DIAMOND!1.3000!1.3000!0.000!FIG_RECTANGLE!157.4800!342.8400!1.9500!1.9500! 00000001!!395121003!0.0000!0.0000!!!!!!!0.0000!!!!!!!!!!!!
S!PIN!J18!2!C195_H130!TOP!BOTTOM!VCC_SIGNAL!157.4800!346.6500!!!CIRCLE_DRILL!1.3000!1.3000!157.4800!346.6500!0.000!PLATED!A!DIAMOND!1.3000!1.3000!0.000!CIRCLE!157.4800!346.6500!1.9500!1.9500! 00000002!!395121003!0.0000!0.0000!!!!!!!0.0000!!!!!!!!!!!!
S!PIN!J18!3!C195_H130!TOP!BOTTOM!HIGH_CURRENT_DO_DI_8!157.4800!350.4600!!!CIRCLE_DRILL!1.3000!1.3000!157.4800!350.4600!0.000!PLATED!A!DIAMOND!1.3000!1.3000!0.000!CIRCLE!157.4800!350.4600!1.9500!1.9500! 00000003!!395121003!0.0000!0.0000!!!!!!!0.0000!!!!!!!!!!!!
S!PIN!J17!1!S195_H130!TOP!BOTTOM!GND_SIGNAL!157.4800!328.0200!!!CIRCLE_DRILL!1.3000!1.3000!157.4800!328.0200!0.000!PLATED!B!DIAMOND!1.3000!1.3000!0.000!FIG_RECTANGLE!157.4800!328.0200!1.9500!1.9500! 00000001!!395121003!0.0000!0.0000!!!!!!!0.0000!!!!!!!!!!!!
S!PIN!J17!2!C195_H130!TOP!BOTTOM!VCC_SIGNAL!157.4800!331.8300!!!CIRCLE_DRILL!1.3000!1.3000!157.4800!331.8300!0.000!PLATED!A!DIAMOND!1.3000!1.3000!0.000!CIRCLE!157.4800!331.8300!1.9500!1.9500! 00000002!!395121003!0.0000!0.0000!!!!!!!0.0000!!!!!!!!!!!!
S!PIN!J17!3!C195_H130!TOP!BOTTOM!HIGH_CURRENT_DO_DI_7!157.4800!335.6400!!!CIRCLE_DRILL!1.3000!1.3000!157.4800!335.6400!0.000!PLATED!A!DIAMOND!1.3000!1.3000!0.000!CIRCLE!157.4800!335.6400!1.9500!1.9500! 00000003!!395121003!0.0000!0.0000!!!!!!!0.0000!!!!!!!!!!!!
S!PIN!J16!1!S195_H130!TOP!BOTTOM!GND_SIGNAL!157.4800!313.2000!!!CIRCLE_DRILL!1.3000!1.3000!157.4800!313.2000!0.000!PLATED!B!DIAMOND!1.3000!1.3000!0.000!FIG_RECTANGLE!157.4800!313.2000!1.9500!1.9500! 00000001!!395121003!0.0000!0.0000!!!!!!!0.0000!!!!!!!!!!!!
S!PIN!J16!2!C195_H130!TOP!BOTTOM!VCC_SIGNAL!157.4800!317.0100!!!CIRCLE_DRILL!1.3000!1.3000!157.4800!317.0100!0.000!PLATED!A!DIAMOND!1.3000!1.3000!0.000!CIRCLE!157.4800!317.0100!1.9500!1.9500! 00000002!!395121003!0.0000!0.0000!!!!!!!0.0000!!!!!!!!!!!!
S!PIN!J16!3!C195_H130!TOP!BOTTOM!HIGH_CURRENT_DO_DI_6!157.4800!320.8200!!!CIRCLE_DRILL!1.3000!1.3000!157.4800!320.8200!0.000!PLATED!A!DIAMOND!1.3000!1.3000!0.000!CIRCLE!157.4800!320.8200!1.9500!1.9500! 00000003!!395121003!0.0000!0.0000!!!!!!!0.0000!!!!!!!!!!!!
S!PIN!J15!1!S195_H130!TOP!BOTTOM!GND_SIGNAL!157.4800!298.3800!!!CIRCLE_DRILL!1.3000!1.3000!157.4800!298.3800!0.000!PLATED!B!DIAMOND!1.3000!1.3000!0.000!FIG_RECTANGLE!157.4800!298.3800!1.9500!1.9500! 00000001!!395121003!0.0000!0.0000!!!!!!!0.0000!!!!!!!!!!!!
S!PIN!J15!2!C195_H130!TOP!BOTTOM!VCC_SIGNAL!157.4800!302.1900!!!CIRCLE_DRILL!1.3000!1.3000!157.4800!302.1900!0.000!PLATED!A!DIAMOND!1.3000!1.3000!0.000!CIRCLE!157.4800!302.1900!1.9500!1.9500! 00000002!!395121003!0.0000!0.0000!!!!!!!0.0000!!!!!!!!!!!!
S!PIN!J15!3!C195_H130!TOP!BOTTOM!HIGH_CURRENT_DO_DI_5!157.4800!306.0000!!!CIRCLE_DRILL!1.3000!1.3000!157.4800!306.0000!0.000!PLATED!A!DIAMOND!1.3000!1.3000!0.000!CIRCLE!157.4800!306.0000!1.9500!1.9500! 00000003!!395121003!0.0000!0.0000!!!!!!!0.0000!!!!!!!!!!!!
S!PIN!J14!1!S195_H130!TOP!BOTTOM!GND_SIGNAL!157.4800!283.5600!!!CIRCLE_DRILL!1.3000!1.3000!157.4800!283.5600!0.000!PLATED!B!DIAMOND!1.3000!1.3000!0.000!FIG_RECTANGLE!157.4800!283.5600!1.9500!1.9500! 00000001!!395121003!0.0000!0.0000!!!!!!!0.0000!!!!!!!!!!!!
S!PIN!J14!2!C195_H130!TOP!BOTTOM!VCC_SIGNAL!157.4800!287.3700!!!CIRCLE_DRILL!1.3000!1.3000!157.4800!287.3700!0.000!PLATED!A!DIAMOND!1.3000!1.3000!0.000!CIRCLE!157.4800!287.3700!1.9500!1.9500! 00000002!!395121003!0.0000!0.0000!!!!!!!0.0000!!!!!!!!!!!!
S!PIN!J14!3!C195_H130!TOP!BOTTOM!HIGH_CURRENT_DO_DI_4!157.4800!291.1800!!!CIRCLE_DRILL!1.3000!1.3000!157.4800!291.1800!0.000!PLATED!A!DIAMOND!1.3000!1.3000!0.000!CIRCLE!157.4800!291.1800!1.9500!1.9500! 00000003!!395121003!0.0000!0.0000!!!!!!!0.0000!!!!!!!!!!!!
S!PIN!J13!1!S195_H130!TOP!BOTTOM!GND_SIGNAL!157.4800!268.7400!!!CIRCLE_DRILL!1.3000!1.3000!157.4800!268.7400!0.000!PLATED!B!DIAMOND!1.3000!1.3000!0.000!FIG_RECTANGLE!157.4800!268.7400!1.9500!1.9500! 00000001!!395121003!0.0000!0.0000!!!!!!!0.0000!!!!!!!!!!!!
S!PIN!J13!2!C195_H130!TOP!BOTTOM!VCC_SIGNAL!157.4800!272.5500!!!CIRCLE_DRILL!1.3000!1.3000!157.4800!272.5500!0.000!PLATED!A!DIAMOND!1.3000!1.3000!0.000!CIRCLE!157.4800!272.5500!1.9500!1.9500! 00000002!!395121003!0.0000!0.0000!!!!!!!0.0000!!!!!!!!!!!!
S!PIN!J13!3!C195_H130!TOP!BOTTOM!HIGH_CURRENT_DO_DI_3!157.4800!276.3600!!!CIRCLE_DRILL!1.3000!1.3000!157.4800!276.3600!0.000!PLATED!A!DIAMOND!1.3000!1.3000!0.000!CIRCLE!157.4800!276.3600!1.9500!1.9500! 00000003!!395121003!0.0000!0.0000!!!!!!!0.0000!!!!!!!!!!!!
S!PIN!J12!1!S195_H130!TOP!BOTTOM!GND_SIGNAL!157.4800!253.9200!!!CIRCLE_DRILL!1.3000!1.3000!157.4800!253.9200!0.000!PLATED!B!DIAMOND!1.3000!1.3000!0.000!FIG_RECTANGLE!157.4800!253.9200!1.9500!1.9500! 00000001!!395121003!0.0000!0.0000!!!!!!!0.0000!!!!!!!!!!!!
S!PIN!J12!2!C195_H130!TOP!BOTTOM!VCC_SIGNAL!157.4800!257.7300!!!CIRCLE_DRILL!1.3000!1.3000!157.4800!257.7300!0.000!PLATED!A!DIAMOND!1.3000!1.3000!0.000!CIRCLE!157.4800!257.7300!1.9500!1.9500! 00000002!!395121003!0.0000!0.0000!!!!!!!0.0000!!!!!!!!!!!!
S!PIN!J12!3!C195_H130!TOP!BOTTOM!HIGH_CURRENT_DO_DI_2!157.4800!261.5400!!!CIRCLE_DRILL!1.3000!1.3000!157.4800!261.5400!0.000!PLATED!A!DIAMOND!1.3000!1.3000!0.000!CIRCLE!157.4800!261.5400!1.9500!1.9500! 00000003!!395121003!0.0000!0.0000!!!!!!!0.0000!!!!!!!!!!!!
S!PIN!J10!1!S195_H130!TOP!BOTTOM!GND_SIGNAL!144.0600!246.3800!!!CIRCLE_DRILL!1.3000!1.3000!144.0600!246.3800!0.000!PLATED!B!DIAMOND!1.3000!1.3000!0.000!FIG_RECTANGLE!144.0600!246.3800!1.9500!1.9500! 00000001!!395121003!0.0000!0.0000!!!!!!!0.0000!!!!!!!!!!!!
S!PIN!J10!2!C195_H130!TOP!BOTTOM!VCC_SIGNAL!147.8700!246.3800!!!CIRCLE_DRILL!1.3000!1.3000!147.8700!246.3800!0.000!PLATED!A!DIAMOND!1.3000!1.3000!0.000!CIRCLE!147.8700!246.3800!1.9500!1.9500! 00000002!!395121003!0.0000!0.0000!!!!!!!0.0000!!!!!!!!!!!!
S!PIN!J10!3!C195_H130!TOP!BOTTOM!HIGH_CURRENT_DO_DI_1!151.6800!246.3800!!!CIRCLE_DRILL!1.3000!1.3000!151.6800!246.3800!0.000!PLATED!A!DIAMOND!1.3000!1.3000!0.000!CIRCLE!151.6800!246.3800!1.9500!1.9500! 00000003!!395121003!0.0000!0.0000!!!!!!!0.0000!!!!!!!!!!!!
S!PIN!J9!1!S195_H130!TOP!BOTTOM!GND_SIGNAL!119.0800!246.3800!!!CIRCLE_DRILL!1.3000!1.3000!119.0800!246.3800!0.000!PLATED!B!DIAMOND!1.3000!1.3000!0.000!FIG_RECTANGLE!119.0800!246.3800!1.9500!1.9500! 00000001!!395121003!0.0000!0.0000!!!!!!!0.0000!!!!!!!!!!!!
S!PIN!J9!2!C195_H130!TOP!BOTTOM!VCC_SIGNAL!122.8900!246.3800!!!CIRCLE_DRILL!1.3000!1.3000!122.8900!246.3800!0.000!PLATED!A!DIAMOND!1.3000!1.3000!0.000!CIRCLE!122.8900!246.3800!1.9500!1.9500! 00000002!!395121003!0.0000!0.0000!!!!!!!0.0000!!!!!!!!!!!!
S!PIN!J9!3!C195_H130!TOP!BOTTOM!FLEX_DIO_4!126.7000!246.3800!!!CIRCLE_DRILL!1.3000!1.3000!126.7000!246.3800!0.000!PLATED!A!DIAMOND!1.3000!1.3000!0.000!CIRCLE!126.7000!246.3800!1.9500!1.9500! 00000003!!395121003!0.0000!0.0000!!!!!!!0.0000!!!!!!!!!!!!
S!PIN!J8!1!S195_H130!TOP!BOTTOM!GND_SIGNAL!104.2600!246.3800!!!CIRCLE_DRILL!1.3000!1.3000!104.2600!246.3800!0.000!PLATED!B!DIAMOND!1.3000!1.3000!0.000!FIG_RECTANGLE!104.2600!246.3800!1.9500!1.9500! 00000001!!395121003!0.0000!0.0000!!!!!!!0.0000!!!!!!!!!!!!
S!PIN!J8!2!C195_H130!TOP!BOTTOM!VCC_SIGNAL!108.0700!246.3800!!!CIRCLE_DRILL!1.3000!1.3000!108.0700!246.3800!0.000!PLATED!A!DIAMOND!1.3000!1.3000!0.000!CIRCLE!108.0700!246.3800!1.9500!1.9500! 00000002!!395121003!0.0000!0.0000!!!!!!!0.0000!!!!!!!!!!!!
S!PIN!J8!3!C195_H130!TOP!BOTTOM!FLEX_DIO_3!111.8800!246.3800!!!CIRCLE_DRILL!1.3000!1.3000!111.8800!246.3800!0.000!PLATED!A!DIAMOND!1.3000!1.3000!0.000!CIRCLE!111.8800!246.3800!1.9500!1.9500! 00000003!!395121003!0.0000!0.0000!!!!!!!0.0000!!!!!!!!!!!!
S!PIN!J7!1!S195_H130!TOP!BOTTOM!GND_SIGNAL!89.4400!246.3800!!!CIRCLE_DRILL!1.3000!1.3000!89.4400!246.3800!0.000!PLATED!B!DIAMOND!1.3000!1.3000!0.000!FIG_RECTANGLE!89.4400!246.3800!1.9500!1.9500! 00000001!!395121003!0.0000!0.0000!!!!!!!0.0000!!!!!!!!!!!!
S!PIN!J7!2!C195_H130!TOP!BOTTOM!VCC_SIGNAL!93.2500!246.3800!!!CIRCLE_DRILL!1.3000!1.3000!93.2500!246.3800!0.000!PLATED!A!DIAMOND!1.3000!1.3000!0.000!CIRCLE!93.2500!246.3800!1.9500!1.9500! 00000002!!395121003!0.0000!0.0000!!!!!!!0.0000!!!!!!!!!!!!
S!PIN!J7!3!C195_H130!TOP!BOTTOM!FLEX_DIO_2!97.0600!246.3800!!!CIRCLE_DRILL!1.3000!1.3000!97.0600!246.3800!0.000!PLATED!A!DIAMOND!1.3000!1.3000!0.000!CIRCLE!97.0600!246.3800!1.9500!1.9500! 00000003!!395121003!0.0000!0.0000!!!!!!!0.0000!!!!!!!!!!!!
S!PIN!J6!1!S195_H130!TOP!BOTTOM!GND_SIGNAL!74.6200!246.3800!!!CIRCLE_DRILL!1.3000!1.3000!74.6200!246.3800!0.000!PLATED!B!DIAMOND!1.3000!1.3000!0.000!FIG_RECTANGLE!74.6200!246.3800!1.9500!1.9500! 00000001!!395121003!0.0000!0.0000!!!!!!!0.0000!!!!!!!!!!!!
S!PIN!J6!2!C195_H130!TOP!BOTTOM!VCC_SIGNAL!78.4300!246.3800!!!CIRCLE_DRILL!1.3000!1.3000!78.4300!246.3800!0.000!PLATED!A!DIAMOND!1.3000!1.3000!0.000!CIRCLE!78.4300!246.3800!1.9500!1.9500! 00000002!!395121003!0.0000!0.0000!!!!!!!0.0000!!!!!!!!!!!!
S!PIN!J6!3!C195_H130!TOP!BOTTOM!FLEX_DIO_1!82.2400!246.3800!!!CIRCLE_DRILL!1.3000!1.3000!82.2400!246.3800!0.000!PLATED!A!DIAMOND!1.3000!1.3000!0.000!CIRCLE!82.2400!246.3800!1.9500!1.9500! 00000003!!395121003!0.0000!0.0000!!!!!!!0.0000!!!!!!!!!!!!
S!PIN!J5!1!S195_H130!TOP!BOTTOM!GND_SIGNAL!151.6800!385.9000!!!CIRCLE_DRILL!1.3000!1.3000!151.6800!385.9000!0.000!PLATED!B!DIAMOND!1.3000!1.3000!0.000!FIG_RECTANGLE!151.6800!385.9000!1.9500!1.9500! 00000001!!395121003!0.0000!0.0000!!!!!!!0.0000!!!!!!!!!!!!
S!PIN!J5!2!C195_H130!TOP!BOTTOM!VCC_SIGNAL!147.8700!385.9000!!!CIRCLE_DRILL!1.3000!1.3000!147.8700!385.9000!0.000!PLATED!A!DIAMOND!1.3000!1.3000!0.000!CIRCLE!147.8700!385.9000!1.9500!1.9500! 00000002!!395121003!0.0000!0.0000!!!!!!!0.0000!!!!!!!!!!!!
S!PIN!J5!3!C195_H130!TOP!BOTTOM!ANALOG_IN_4!144.0600!385.9000!!!CIRCLE_DRILL!1.3000!1.3000!144.0600!385.9000!0.000!PLATED!A!DIAMOND!1.3000!1.3000!0.000!CIRCLE!144.0600!385.9000!1.9500!1.9500! 00000003!!395121003!0.0000!0.0000!!!!!!!0.0000!!!!!!!!!!!!
S!PIN!J4!1!S195_H130!TOP!BOTTOM!GND_SIGNAL!136.8600!385.9000!!!CIRCLE_DRILL!1.3000!1.3000!136.8600!385.9000!0.000!PLATED!B!DIAMOND!1.3000!1.3000!0.000!FIG_RECTANGLE!136.8600!385.9000!1.9500!1.9500! 00000001!!395121003!0.0000!0.0000!!!!!!!0.0000!!!!!!!!!!!!
S!PIN!J4!2!C195_H130!TOP!BOTTOM!VCC_SIGNAL!133.0500!385.9000!!!CIRCLE_DRILL!1.3000!1.3000!133.0500!385.9000!0.000!PLATED!A!DIAMOND!1.3000!1.3000!0.000!CIRCLE!133.0500!385.9000!1.9500!1.9500! 00000002!!395121003!0.0000!0.0000!!!!!!!0.0000!!!!!!!!!!!!
S!PIN!J4!3!C195_H130!TOP!BOTTOM!ANALOG_IN_3!129.2400!385.9000!!!CIRCLE_DRILL!1.3000!1.3000!129.2400!385.9000!0.000!PLATED!A!DIAMOND!1.3000!1.3000!0.000!CIRCLE!129.2400!385.9000!1.9500!1.9500! 00000003!!395121003!0.0000!0.0000!!!!!!!0.0000!!!!!!!!!!!!
S!PIN!J3!1!S195_H130!TOP!BOTTOM!GND_SIGNAL!122.0400!385.9000!!!CIRCLE_DRILL!1.3000!1.3000!122.0400!385.9000!0.000!PLATED!B!DIAMOND!1.3000!1.3000!0.000!FIG_RECTANGLE!122.0400!385.9000!1.9500!1.9500! 00000001!!395121003!0.0000!0.0000!!!!!!!0.0000!!!!!!!!!!!!
S!PIN!J3!2!C195_H130!TOP!BOTTOM!VCC_SIGNAL!118.2300!385.9000!!!CIRCLE_DRILL!1.3000!1.3000!118.2300!385.9000!0.000!PLATED!A!DIAMOND!1.3000!1.3000!0.000!CIRCLE!118.2300!385.9000!1.9500!1.9500! 00000002!!395121003!0.0000!0.0000!!!!!!!0.0000!!!!!!!!!!!!
S!PIN!J3!3!C195_H130!TOP!BOTTOM!ANALOG_IN_2!114.4200!385.9000!!!CIRCLE_DRILL!1.3000!1.3000!114.4200!385.9000!0.000!PLATED!A!DIAMOND!1.3000!1.3000!0.000!CIRCLE!114.4200!385.9000!1.9500!1.9500! 00000003!!395121003!0.0000!0.0000!!!!!!!0.0000!!!!!!!!!!!!
S!PIN!J2!1!S195_H130!TOP!BOTTOM!GND_SIGNAL!107.2200!385.9000!!!CIRCLE_DRILL!1.3000!1.3000!107.2200!385.9000!0.000!PLATED!B!DIAMOND!1.3000!1.3000!0.000!FIG_RECTANGLE!107.2200!385.9000!1.9500!1.9500! 00000001!!395121003!0.0000!0.0000!!!!!!!0.0000!!!!!!!!!!!!
S!PIN!J2!2!C195_H130!TOP!BOTTOM!VCC_SIGNAL!103.4100!385.9000!!!CIRCLE_DRILL!1.3000!1.3000!103.4100!385.9000!0.000!PLATED!A!DIAMOND!1.3000!1.3000!0.000!CIRCLE!103.4100!385.9000!1.9500!1.9500! 00000002!!395121003!0.0000!0.0000!!!!!!!0.0000!!!!!!!!!!!!
S!PIN!J2!3!C195_H130!TOP!BOTTOM!ANALOG_IN_1!99.6000!385.9000!!!CIRCLE_DRILL!1.3000!1.3000!99.6000!385.9000!0.000!PLATED!A!DIAMOND!1.3000!1.3000!0.000!CIRCLE!99.6000!385.9000!1.9500!1.9500! 00000003!!395121003!0.0000!0.0000!!!!!!!0.0000!!!!!!!!!!!!
S!PIN!J1!1!S195_H130!TOP!BOTTOM!GND_SIGNAL!73.6600!377.3800!!!CIRCLE_DRILL!1.3000!1.3000!73.6600!377.3800!0.000!PLATED!B!DIAMOND!1.3000!1.3000!0.000!FIG_RECTANGLE!73.6600!377.3800!1.9500!1.9500! 00000001!!RHDRRA60W79P254_3X20_5131X851X749P!0.0000!0.0000!!!!!!!0.0000!!!!!!!!!!!!
S!PIN!J1!2!C195_H130!TOP!BOTTOM!VCC_SIGNAL!71.1200!377.3800!!!CIRCLE_DRILL!1.3000!1.3000!71.1200!377.3800!0.000!PLATED!A!DIAMOND!1.3000!1.3000!0.000!CIRCLE!71.1200!377.3800!1.9500!1.9500! 00000002!!RHDRRA60W79P254_3X20_5131X851X749P!0.0000!0.0000!!!!!!!0.0000!!!!!!!!!!!!
S!PIN!J1!3!C195_H130!TOP!BOTTOM!ANALOG_IN_4!68.5800!377.3800!!!CIRCLE_DRILL!1.3000!1.3000!68.5800!377.3800!0.000!PLATED!A!DIAMOND!1.3000!1.3000!0.000!CIRCLE!68.5800!377.3800!1.9500!1.9500! 00000003!!RHDRRA60W79P254_3X20_5131X851X749P!0.0000!0.0000!!!!!!!0.0000!!!!!!!!!!!!
S!PIN!J1!4!C195_H130!TOP!BOTTOM!GND_SIGNAL!73.6600!374.8400!!!CIRCLE_DRILL!1.3000!1.3000!73.6600!374.8400!0.000!PLATED!A!DIAMOND!1.3000!1.3000!0.000!CIRCLE!73.6600!374.8400!1.9500!1.9500! 00000004!!RHDRRA60W79P254_3X20_5131X851X749P!0.0000!0.0000!!!!!!!0.0000!!!!!!!!!!!!
S!PIN!J1!5!C195_H130!TOP!BOTTOM!VCC_SIGNAL!71.1200!374.8400!!!CIRCLE_DRILL!1.3000!1.3000!71.1200!374.8400!0.000!PLATED!A!DIAMOND!1.3000!1.3000!0.000!CIRCLE!71.1200!374.8400!1.9500!1.9500! 00000005!!RHDRRA60W79P254_3X20_5131X851X749P!0.0000!0.0000!!!!!!!0.0000!!!!!!!!!!!!
S!PIN!J1!6!C195_H130!TOP!BOTTOM!ANALOG_IN_3!68.5800!374.8400!!!CIRCLE_DRILL!1.3000!1.3000!68.5800!374.8400!0.000!PLATED!A!DIAMOND!1.3000!1.3000!0.000!CIRCLE!68.5800!374.8400!1.9500!1.9500! 00000006!!RHDRRA60W79P254_3X20_5131X851X749P!0.0000!0.0000!!!!!!!0.0000!!!!!!!!!!!!
S!PIN!J1!7!C195_H130!TOP!BOTTOM!GND_SIGNAL!73.6600!372.3000!!!CIRCLE_DRILL!1.3000!1.3000!73.6600!372.3000!0.000!PLATED!A!DIAMOND!1.3000!1.3000!0.000!CIRCLE!73.6600!372.3000!1.9500!1.9500! 00000007!!RHDRRA60W79P254_3X20_5131X851X749P!0.0000!0.0000!!!!!!!0.0000!!!!!!!!!!!!
S!PIN!J1!8!C195_H130!TOP!BOTTOM!VCC_SIGNAL!71.1200!372.3000!!!CIRCLE_DRILL!1.3000!1.3000!71.1200!372.3000!0.000!PLATED!A!DIAMOND!1.3000!1.3000!0.000!CIRCLE!71.1200!372.3000!1.9500!1.9500! 00000008!!RHDRRA60W79P254_3X20_5131X851X749P!0.0000!0.0000!!!!!!!0.0000!!!!!!!!!!!!
S!PIN!J1!9!C195_H130!TOP!BOTTOM!ANALOG_IN_2!68.5800!372.3000!!!CIRCLE_DRILL!1.3000!1.3000!68.5800!372.3000!0.000!PLATED!A!DIAMOND!1.3000!1.3000!0.000!CIRCLE!68.5800!372.3000!1.9500!1.9500! 00000009!!RHDRRA60W79P254_3X20_5131X851X749P!0.0000!0.0000!!!!!!!0.0000!!!!!!!!!!!!
S!PIN!J1!10!C195_H130!TOP!BOTTOM!GND_SIGNAL!73.6600!369.7600!!!CIRCLE_DRILL!1.3000!1.3000!73.6600!369.7600!0.000!PLATED!A!DIAMOND!1.3000!1.3000!0.000!CIRCLE!73.6600!369.7600!1.9500!1.9500! 00000010!!RHDRRA60W79P254_3X20_5131X851X749P!0.0000!0.0000!!!!!!!0.0000!!!!!!!!!!!!
S!PIN!J1!11!C195_H130!TOP!BOTTOM!VCC_SIGNAL!71.1200!369.7600!!!CIRCLE_DRILL!1.3000!1.3000!71.1200!369.7600!0.000!PLATED!A!DIAMOND!1.3000!1.3000!0.000!CIRCLE!71.1200!369.7600!1.9500!1.9500! 00000011!!RHDRRA60W79P254_3X20_5131X851X749P!0.0000!0.0000!!!!!!!0.0000!!!!!!!!!!!!
S!PIN!J1!12!C195_H130!TOP!BOTTOM!ANALOG_IN_1!68.5800!369.7600!!!CIRCLE_DRILL!1.3000!1.3000!68.5800!369.7600!0.000!PLATED!A!DIAMOND!1.3000!1.3000!0.000!CIRCLE!68.5800!369.7600!1.9500!1.9500! 00000012!!RHDRRA60W79P254_3X20_5131X851X749P!0.0000!0.0000!!!!!!!0.0000!!!!!!!!!!!!
S!PIN!J1!13!C195_H130!TOP!BOTTOM!!73.6600!367.2200!!!CIRCLE_DRILL!1.3000!1.3000!73.6600!367.2200!0.000!PLATED!A!DIAMOND!1.3000!1.3000!0.000!CIRCLE!73.6600!367.2200!1.9500!1.9500! 00000013!!RHDRRA60W79P254_3X20_5131X851X749P!0.0000!0.0000!!!!!!!0.0000!!!!!!!!!!!!
S!PIN!J1!14!C195_H130!TOP!BOTTOM!!71.1200!367.2200!!!CIRCLE_DRILL!1.3000!1.3000!71.1200!367.2200!0.000!PLATED!A!DIAMOND!1.3000!1.3000!0.000!CIRCLE!71.1200!367.2200!1.9500!1.9500! 00000014!!RHDRRA60W79P254_3X20_5131X851X749P!0.0000!0.0000!!!!!!!0.0000!!!!!!!!!!!!
S!PIN!J1!15!C195_H130!TOP!BOTTOM!!68.5800!367.2200!!!CIRCLE_DRILL!1.3000!1.3000!68.5800!367.2200!0.000!PLATED!A!DIAMOND!1.3000!1.3000!0.000!CIRCLE!68.5800!367.2200!1.9500!1.9500! 00000015!!RHDRRA60W79P254_3X20_5131X851X749P!0.0000!0.0000!!!!!!!0.0000!!!!!!!!!!!!
S!PIN!J1!16!C195_H130!TOP!BOTTOM!GND_SIGNAL!73.6600!364.6800!!!CIRCLE_DRILL!1.3000!1.3000!73.6600!364.6800!0.000!PLATED!A!DIAMOND!1.3000!1.3000!0.000!CIRCLE!73.6600!364.6800!1.9500!1.9500! 00000016!!RHDRRA60W79P254_3X20_5131X851X749P!0.0000!0.0000!!!!!!!0.0000!!!!!!!!!!!!
S!PIN!J1!17!C195_H130!TOP!BOTTOM!VCC_SIGNAL!71.1200!364.6800!!!CIRCLE_DRILL!1.3000!1.3000!71.1200!364.6800!0.000!PLATED!A!DIAMOND!1.3000!1.3000!0.000!CIRCLE!71.1200!364.6800!1.9500!1.9500! 00000017!!RHDRRA60W79P254_3X20_5131X851X749P!0.0000!0.0000!!!!!!!0.0000!!!!!!!!!!!!
S!PIN!J1!18!C195_H130!TOP!BOTTOM!HIGH_CURRENT_DO_DI_10!68.5800!364.6800!!!CIRCLE_DRILL!1.3000!1.3000!68.5800!364.6800!0.000!PLATED!A!DIAMOND!1.3000!1.3000!0.000!CIRCLE!68.5800!364.6800!1.9500!1.9500! 00000018!!RHDRRA60W79P254_3X20_5131X851X749P!0.0000!0.0000!!!!!!!0.0000!!!!!!!!!!!!
S!PIN!J1!19!C195_H130!TOP!BOTTOM!GND_SIGNAL!73.6600!362.1400!!!CIRCLE_DRILL!1.3000!1.3000!73.6600!362.1400!0.000!PLATED!A!DIAMOND!1.3000!1.3000!0.000!CIRCLE!73.6600!362.1400!1.9500!1.9500! 00000019!!RHDRRA60W79P254_3X20_5131X851X749P!0.0000!0.0000!!!!!!!0.0000!!!!!!!!!!!!
S!PIN!J1!20!C195_H130!TOP!BOTTOM!VCC_SIGNAL!71.1200!362.1400!!!CIRCLE_DRILL!1.3000!1.3000!71.1200!362.1400!0.000!PLATED!A!DIAMOND!1.3000!1.3000!0.000!CIRCLE!71.1200!362.1400!1.9500!1.9500! 00000020!!RHDRRA60W79P254_3X20_5131X851X749P!0.0000!0.0000!!!!!!!0.0000!!!!!!!!!!!!
S!PIN!J1!21!C195_H130!TOP!BOTTOM!HIGH_CURRENT_DO_DI_9!68.5800!362.1400!!!CIRCLE_DRILL!1.3000!1.3000!68.5800!362.1400!0.000!PLATED!A!DIAMOND!1.3000!1.3000!0.000!CIRCLE!68.5800!362.1400!1.9500!1.9500! 00000021!!RHDRRA60W79P254_3X20_5131X851X749P!0.0000!0.0000!!!!!!!0.0000!!!!!!!!!!!!
S!PIN!J1!22!C195_H130!TOP!BOTTOM!GND_SIGNAL!73.6600!359.6000!!!CIRCLE_DRILL!1.3000!1.3000!73.6600!359.6000!0.000!PLATED!A!DIAMOND!1.3000!1.3000!0.000!CIRCLE!73.6600!359.6000!1.9500!1.9500! 00000022!!RHDRRA60W79P254_3X20_5131X851X749P!0.0000!0.0000!!!!!!!0.0000!!!!!!!!!!!!
S!PIN!J1!23!C195_H130!TOP!BOTTOM!VCC_SIGNAL!71.1200!359.6000!!!CIRCLE_DRILL!1.3000!1.3000!71.1200!359.6000!0.000!PLATED!A!DIAMOND!1.3000!1.3000!0.000!CIRCLE!71.1200!359.6000!1.9500!1.9500! 00000023!!RHDRRA60W79P254_3X20_5131X851X749P!0.0000!0.0000!!!!!!!0.0000!!!!!!!!!!!!
S!PIN!J1!24!C195_H130!TOP!BOTTOM!HIGH_CURRENT_DO_DI_8!68.5800!359.6000!!!CIRCLE_DRILL!1.3000!1.3000!68.5800!359.6000!0.000!PLATED!A!DIAMOND!1.3000!1.3000!0.000!CIRCLE!68.5800!359.6000!1.9500!1.9500! 00000024!!RHDRRA60W79P254_3X20_5131X851X749P!0.0000!0.0000!!!!!!!0.0000!!!!!!!!!!!!
S!PIN!J1!25!C195_H130!TOP!BOTTOM!GND_SIGNAL!73.6600!357.0600!!!CIRCLE_DRILL!1.3000!1.3000!73.6600!357.0600!0.000!PLATED!A!DIAMOND!1.3000!1.3000!0.000!CIRCLE!73.6600!357.0600!1.9500!1.9500! 00000025!!RHDRRA60W79P254_3X20_5131X851X749P!0.0000!0.0000!!!!!!!0.0000!!!!!!!!!!!!
S!PIN!J1!26!C195_H130!TOP!BOTTOM!VCC_SIGNAL!71.1200!357.0600!!!CIRCLE_DRILL!1.3000!1.3000!71.1200!357.0600!0.000!PLATED!A!DIAMOND!1.3000!1.3000!0.000!CIRCLE!71.1200!357.0600!1.9500!1.9500! 00000026!!RHDRRA60W79P254_3X20_5131X851X749P!0.0000!0.0000!!!!!!!0.0000!!!!!!!!!!!!
S!PIN!J1!27!C195_H130!TOP!BOTTOM!HIGH_CURRENT_DO_DI_7!68.5800!357.0600!!!CIRCLE_DRILL!1.3000!1.3000!68.5800!357.0600!0.000!PLATED!A!DIAMOND!1.3000!1.3000!0.000!CIRCLE!68.5800!357.0600!1.9500!1.9500! 00000027!!RHDRRA60W79P254_3X20_5131X851X749P!0.0000!0.0000!!!!!!!0.0000!!!!!!!!!!!!
S!PIN!J1!28!C195_H130!TOP!BOTTOM!GND_SIGNAL!73.6600!354.5200!!!CIRCLE_DRILL!1.3000!1.3000!73.6600!354.5200!0.000!PLATED!A!DIAMOND!1.3000!1.3000!0.000!CIRCLE!73.6600!354.5200!1.9500!1.9500! 00000028!!RHDRRA60W79P254_3X20_5131X851X749P!0.0000!0.0000!!!!!!!0.0000!!!!!!!!!!!!
S!PIN!J1!29!C195_H130!TOP!BOTTOM!VCC_SIGNAL!71.1200!354.5200!!!CIRCLE_DRILL!1.3000!1.3000!71.1200!354.5200!0.000!PLATED!A!DIAMOND!1.3000!1.3000!0.000!CIRCLE!71.1200!354.5200!1.9500!1.9500! 00000029!!RHDRRA60W79P254_3X20_5131X851X749P!0.0000!0.0000!!!!!!!0.0000!!!!!!!!!!!!
S!PIN!J1!30!C195_H130!TOP!BOTTOM!HIGH_CURRENT_DO_DI_6!68.5800!354.5200!!!CIRCLE_DRILL!1.3000!1.3000!68.5800!354.5200!0.000!PLATED!A!DIAMOND!1.3000!1.3000!0.000!CIRCLE!68.5800!354.5200!1.9500!1.9500! 00000030!!RHDRRA60W79P254_3X20_5131X851X749P!0.0000!0.0000!!!!!!!0.0000!!!!!!!!!!!!
S!PIN!J1!31!C195_H130!TOP!BOTTOM!GND_SIGNAL!73.6600!351.9800!!!CIRCLE_DRILL!1.3000!1.3000!73.6600!351.9800!0.000!PLATED!A!DIAMOND!1.3000!1.3000!0.000!CIRCLE!73.6600!351.9800!1.9500!1.9500! 00000031!!RHDRRA60W79P254_3X20_5131X851X749P!0.0000!0.0000!!!!!!!0.0000!!!!!!!!!!!!
S!PIN!J1!32!C195_H130!TOP!BOTTOM!VCC_SIGNAL!71.1200!351.9800!!!CIRCLE_DRILL!1.3000!1.3000!71.1200!351.9800!0.000!PLATED!A!DIAMOND!1.3000!1.3000!0.000!CIRCLE!71.1200!351.9800!1.9500!1.9500! 00000032!!RHDRRA60W79P254_3X20_5131X851X749P!0.0000!0.0000!!!!!!!0.0000!!!!!!!!!!!!
S!PIN!J1!33!C195_H130!TOP!BOTTOM!HIGH_CURRENT_DO_DI_5!68.5800!351.9800!!!CIRCLE_DRILL!1.3000!1.3000!68.5800!351.9800!0.000!PLATED!A!DIAMOND!1.3000!1.3000!0.000!CIRCLE!68.5800!351.9800!1.9500!1.9500! 00000033!!RHDRRA60W79P254_3X20_5131X851X749P!0.0000!0.0000!!!!!!!0.0000!!!!!!!!!!!!
S!PIN!J1!34!C195_H130!TOP!BOTTOM!GND_SIGNAL!73.6600!349.4400!!!CIRCLE_DRILL!1.3000!1.3000!73.6600!349.4400!0.000!PLATED!A!DIAMOND!1.3000!1.3000!0.000!CIRCLE!73.6600!349.4400!1.9500!1.9500! 00000034!!RHDRRA60W79P254_3X20_5131X851X749P!0.0000!0.0000!!!!!!!0.0000!!!!!!!!!!!!
S!PIN!J1!35!C195_H130!TOP!BOTTOM!VCC_SIGNAL!71.1200!349.4400!!!CIRCLE_DRILL!1.3000!1.3000!71.1200!349.4400!0.000!PLATED!A!DIAMOND!1.3000!1.3000!0.000!CIRCLE!71.1200!349.4400!1.9500!1.9500! 00000035!!RHDRRA60W79P254_3X20_5131X851X749P!0.0000!0.0000!!!!!!!0.0000!!!!!!!!!!!!
S!PIN!J1!36!C195_H130!TOP!BOTTOM!HIGH_CURRENT_DO_DI_4!68.5800!349.4400!!!CIRCLE_DRILL!1.3000!1.3000!68.5800!349.4400!0.000!PLATED!A!DIAMOND!1.3000!1.3000!0.000!CIRCLE!68.5800!349.4400!1.9500!1.9500! 00000036!!RHDRRA60W79P254_3X20_5131X851X749P!0.0000!0.0000!!!!!!!0.0000!!!!!!!!!!!!
S!PIN!J1!37!C195_H130!TOP!BOTTOM!GND_SIGNAL!73.6600!346.9000!!!CIRCLE_DRILL!1.3000!1.3000!73.6600!346.9000!0.000!PLATED!A!DIAMOND!1.3000!1.3000!0.000!CIRCLE!73.6600!346.9000!1.9500!1.9500! 00000037!!RHDRRA60W79P254_3X20_5131X851X749P!0.0000!0.0000!!!!!!!0.0000!!!!!!!!!!!!
S!PIN!J1!38!C195_H130!TOP!BOTTOM!VCC_SIGNAL!71.1200!346.9000!!!CIRCLE_DRILL!1.3000!1.3000!71.1200!346.9000!0.000!PLATED!A!DIAMOND!1.3000!1.3000!0.000!CIRCLE!71.1200!346.9000!1.9500!1.9500! 00000038!!RHDRRA60W79P254_3X20_5131X851X749P!0.0000!0.0000!!!!!!!0.0000!!!!!!!!!!!!
S!PIN!J1!39!C195_H130!TOP!BOTTOM!HIGH_CURRENT_DO_DI_3!68.5800!346.9000!!!CIRCLE_DRILL!1.3000!1.3000!68.5800!346.9000!0.000!PLATED!A!DIAMOND!1.3000!1.3000!0.000!CIRCLE!68.5800!346.9000!1.9500!1.9500! 00000039!!RHDRRA60W79P254_3X20_5131X851X749P!0.0000!0.0000!!!!!!!0.0000!!!!!!!!!!!!
S!PIN!J1!40!C195_H130!TOP!BOTTOM!GND_SIGNAL!73.6600!344.3600!!!CIRCLE_DRILL!1.3000!1.3000!73.6600!344.3600!0.000!PLATED!A!DIAMOND!1.3000!1.3000!0.000!CIRCLE!73.6600!344.3600!1.9500!1.9500! 00000040!!RHDRRA60W79P254_3X20_5131X851X749P!0.0000!0.0000!!!!!!!0.0000!!!!!!!!!!!!
S!PIN!J1!41!C195_H130!TOP!BOTTOM!VCC_SIGNAL!71.1200!344.3600!!!CIRCLE_DRILL!1.3000!1.3000!71.1200!344.3600!0.000!PLATED!A!DIAMOND!1.3000!1.3000!0.000!CIRCLE!71.1200!344.3600!1.9500!1.9500! 00000041!!RHDRRA60W79P254_3X20_5131X851X749P!0.0000!0.0000!!!!!!!0.0000!!!!!!!!!!!!
S!PIN!J1!42!C195_H130!TOP!BOTTOM!HIGH_CURRENT_DO_DI_2!68.5800!344.3600!!!CIRCLE_DRILL!1.3000!1.3000!68.5800!344.3600!0.000!PLATED!A!DIAMOND!1.3000!1.3000!0.000!CIRCLE!68.5800!344.3600!1.9500!1.9500! 00000042!!RHDRRA60W79P254_3X20_5131X851X749P!0.0000!0.0000!!!!!!!0.0000!!!!!!!!!!!!
S!PIN!J1!43!C195_H130!TOP!BOTTOM!GND_SIGNAL!73.6600!341.8200!!!CIRCLE_DRILL!1.3000!1.3000!73.6600!341.8200!0.000!PLATED!A!DIAMOND!1.3000!1.3000!0.000!CIRCLE!73.6600!341.8200!1.9500!1.9500! 00000043!!RHDRRA60W79P254_3X20_5131X851X749P!0.0000!0.0000!!!!!!!0.0000!!!!!!!!!!!!
S!PIN!J1!44!C195_H130!TOP!BOTTOM!VCC_SIGNAL!71.1200!341.8200!!!CIRCLE_DRILL!1.3000!1.3000!71.1200!341.8200!0.000!PLATED!A!DIAMOND!1.3000!1.3000!0.000!CIRCLE!71.1200!341.8200!1.9500!1.9500! 00000044!!RHDRRA60W79P254_3X20_5131X851X749P!0.0000!0.0000!!!!!!!0.0000!!!!!!!!!!!!
S!PIN!J1!45!C195_H130!TOP!BOTTOM!HIGH_CURRENT_DO_DI_1!68.5800!341.8200!!!CIRCLE_DRILL!1.3000!1.3000!68.5800!341.8200!0.000!PLATED!A!DIAMOND!1.3000!1.3000!0.000!CIRCLE!68.5800!341.8200!1.9500!1.9500! 00000045!!RHDRRA60W79P254_3X20_5131X851X749P!0.0000!0.0000!!!!!!!0.0000!!!!!!!!!!!!
S!PIN!J1!46!C195_H130!TOP!BOTTOM!!73.6600!339.2800!!!CIRCLE_DRILL!1.3000!1.3000!73.6600!339.2800!0.000!PLATED!A!DIAMOND!1.3000!1.3000!0.000!CIRCLE!73.6600!339.2800!1.9500!1.9500! 00000046!!RHDRRA60W79P254_3X20_5131X851X749P!0.0000!0.0000!!!!!!!0.0000!!!!!!!!!!!!
S!PIN!J1!47!C195_H130!TOP!BOTTOM!!71.1200!339.2800!!!CIRCLE_DRILL!1.3000!1.3000!71.1200!339.2800!0.000!PLATED!A!DIAMOND!1.3000!1.3000!0.000!CIRCLE!71.1200!339.2800!1.9500!1.9500! 00000047!!RHDRRA60W79P254_3X20_5131X851X749P!0.0000!0.0000!!!!!!!0.0000!!!!!!!!!!!!
S!PIN!J1!48!C195_H130!TOP!BOTTOM!!68.5800!339.2800!!!CIRCLE_DRILL!1.3000!1.3000!68.5800!339.2800!0.000!PLATED!A!DIAMOND!1.3000!1.3000!0.000!CIRCLE!68.5800!339.2800!1.9500!1.9500! 00000048!!RHDRRA60W79P254_3X20_5131X851X749P!0.0000!0.0000!!!!!!!0.0000!!!!!!!!!!!!
S!PIN!J1!49!C195_H130!TOP!BOTTOM!GND_SIGNAL!73.6600!336.7400!!!CIRCLE_DRILL!1.3000!1.3000!73.6600!336.7400!0.000!PLATED!A!DIAMOND!1.3000!1.3000!0.000!CIRCLE!73.6600!336.7400!1.9500!1.9500! 00000049!!RHDRRA60W79P254_3X20_5131X851X749P!0.0000!0.0000!!!!!!!0.0000!!!!!!!!!!!!
S!PIN!J1!50!C195_H130!TOP!BOTTOM!VCC_SIGNAL!71.1200!336.7400!!!CIRCLE_DRILL!1.3000!1.3000!71.1200!336.7400!0.000!PLATED!A!DIAMOND!1.3000!1.3000!0.000!CIRCLE!71.1200!336.7400!1.9500!1.9500! 00000050!!RHDRRA60W79P254_3X20_5131X851X749P!0.0000!0.0000!!!!!!!0.0000!!!!!!!!!!!!
S!PIN!J1!51!C195_H130!TOP!BOTTOM!FLEX_DIO_4!68.5800!336.7400!!!CIRCLE_DRILL!1.3000!1.3000!68.5800!336.7400!0.000!PLATED!A!DIAMOND!1.3000!1.3000!0.000!CIRCLE!68.5800!336.7400!1.9500!1.9500! 00000051!!RHDRRA60W79P254_3X20_5131X851X749P!0.0000!0.0000!!!!!!!0.0000!!!!!!!!!!!!
S!PIN!J1!52!C195_H130!TOP!BOTTOM!GND_SIGNAL!73.6600!334.2000!!!CIRCLE_DRILL!1.3000!1.3000!73.6600!334.2000!0.000!PLATED!A!DIAMOND!1.3000!1.3000!0.000!CIRCLE!73.6600!334.2000!1.9500!1.9500! 00000052!!RHDRRA60W79P254_3X20_5131X851X749P!0.0000!0.0000!!!!!!!0.0000!!!!!!!!!!!!
S!PIN!J1!53!C195_H130!TOP!BOTTOM!VCC_SIGNAL!71.1200!334.2000!!!CIRCLE_DRILL!1.3000!1.3000!71.1200!334.2000!0.000!PLATED!A!DIAMOND!1.3000!1.3000!0.000!CIRCLE!71.1200!334.2000!1.9500!1.9500! 00000053!!RHDRRA60W79P254_3X20_5131X851X749P!0.0000!0.0000!!!!!!!0.0000!!!!!!!!!!!!
S!PIN!J1!54!C195_H130!TOP!BOTTOM!FLEX_DIO_3!68.5800!334.2000!!!CIRCLE_DRILL!1.3000!1.3000!68.5800!334.2000!0.000!PLATED!A!DIAMOND!1.3000!1.3000!0.000!CIRCLE!68.5800!334.2000!1.9500!1.9500! 00000054!!RHDRRA60W79P254_3X20_5131X851X749P!0.0000!0.0000!!!!!!!0.0000!!!!!!!!!!!!
S!PIN!J1!55!C195_H130!TOP!BOTTOM!GND_SIGNAL!73.6600!331.6600!!!CIRCLE_DRILL!1.3000!1.3000!73.6600!331.6600!0.000!PLATED!A!DIAMOND!1.3000!1.3000!0.000!CIRCLE!73.6600!331.6600!1.9500!1.9500! 00000055!!RHDRRA60W79P254_3X20_5131X851X749P!0.0000!0.0000!!!!!!!0.0000!!!!!!!!!!!!
S!PIN!J1!56!C195_H130!TOP!BOTTOM!VCC_SIGNAL!71.1200!331.6600!!!CIRCLE_DRILL!1.3000!1.3000!71.1200!331.6600!0.000!PLATED!A!DIAMOND!1.3000!1.3000!0.000!CIRCLE!71.1200!331.6600!1.9500!1.9500! 00000056!!RHDRRA60W79P254_3X20_5131X851X749P!0.0000!0.0000!!!!!!!0.0000!!!!!!!!!!!!
S!PIN!J1!57!C195_H130!TOP!BOTTOM!FLEX_DIO_2!68.5800!331.6600!!!CIRCLE_DRILL!1.3000!1.3000!68.5800!331.6600!0.000!PLATED!A!DIAMOND!1.3000!1.3000!0.000!CIRCLE!68.5800!331.6600!1.9500!1.9500! 00000057!!RHDRRA60W79P254_3X20_5131X851X749P!0.0000!0.0000!!!!!!!0.0000!!!!!!!!!!!!
S!PIN!J1!58!C195_H130!TOP!BOTTOM!GND_SIGNAL!73.6600!329.1200!!!CIRCLE_DRILL!1.3000!1.3000!73.6600!329.1200!0.000!PLATED!A!DIAMOND!1.3000!1.3000!0.000!CIRCLE!73.6600!329.1200!1.9500!1.9500! 00000058!!RHDRRA60W79P254_3X20_5131X851X749P!0.0000!0.0000!!!!!!!0.0000!!!!!!!!!!!!
S!PIN!J1!59!C195_H130!TOP!BOTTOM!VCC_SIGNAL!71.1200!329.1200!!!CIRCLE_DRILL!1.3000!1.3000!71.1200!329.1200!0.000!PLATED!A!DIAMOND!1.3000!1.3000!0.000!CIRCLE!71.1200!329.1200!1.9500!1.9500! 00000059!!RHDRRA60W79P254_3X20_5131X851X749P!0.0000!0.0000!!!!!!!0.0000!!!!!!!!!!!!
S!PIN!J1!60!C195_H130!TOP!BOTTOM!FLEX_DIO_1!68.5800!329.1200!!!CIRCLE_DRILL!1.3000!1.3000!68.5800!329.1200!0.000!PLATED!A!DIAMOND!1.3000!1.3000!0.000!CIRCLE!68.5800!329.1200!1.9500!1.9500! 00000060!!RHDRRA60W79P254_3X20_5131X851X749P!0.0000!0.0000!!!!!!!0.0000!!!!!!!!!!!!
S!VIA CLASS!!!TOP-BOTTOM!TOP!BOTTOM!HIGH_CURRENT_DO_DI_10!!!64.7700!379.2220!CIRCLE_DRILL!0.8000!0.8000!64.7700!379.2220!0.000!PLATED!B!DIAMOND!0.8000!0.8000!0.000!CIRCLE!64.7700!379.2220!1.3000!1.3000!!!!0.0000!0.0000!!!!!!!0.0000!!!!!!!!!!!!
S!VIA CLASS!!!TOP-BOTTOM!TOP!BOTTOM!HIGH_CURRENT_DO_DI_9!!!66.2940!367.2840!CIRCLE_DRILL!0.8000!0.8000!66.2940!367.2840!0.000!PLATED!B!DIAMOND!0.8000!0.8000!0.000!CIRCLE!66.2940!367.2840!1.3000!1.3000!!!!0.0000!0.0000!!!!!!!0.0000!!!!!!!!!!!!
S!VIA CLASS!!!TOP-BOTTOM!TOP!BOTTOM!HIGH_CURRENT_DO_DI_9!!!66.5480!379.2220!CIRCLE_DRILL!0.8000!0.8000!66.5480!379.2220!0.000!PLATED!B!DIAMOND!0.8000!0.8000!0.000!CIRCLE!66.5480!379.2220!1.3000!1.3000!!!!0.0000!0.0000!!!!!!!0.0000!!!!!!!!!!!!
S!VIA CLASS!!!TOP-BOTTOM!TOP!BOTTOM!HIGH_CURRENT_DO_DI_8!!!68.5800!379.4760!CIRCLE_DRILL!0.8000!0.8000!68.5800!379.4760!0.000!PLATED!B!DIAMOND!0.8000!0.8000!0.000!CIRCLE!68.5800!379.4760!1.3000!1.3000!!!!0.0000!0.0000!!!!!!!0.0000!!!!!!!!!!!!
S!VIA CLASS!!!TOP-BOTTOM!TOP!BOTTOM!HIGH_CURRENT_DO_DI_7!!!71.8820!379.7300!CIRCLE_DRILL!0.8000!0.8000!71.8820!379.7300!0.000!PLATED!B!DIAMOND!0.8000!0.8000!0.000!CIRCLE!71.8820!379.7300!1.3000!1.3000!!!!0.0000!0.0000!!!!!!!0.0000!!!!!!!!!!!!
S!VIA CLASS!!!TOP-BOTTOM!TOP!BOTTOM!HIGH_CURRENT_DO_DI_6!!!78.4860!378.7140!CIRCLE_DRILL!0.8000!0.8000!78.4860!378.7140!0.000!PLATED!B!DIAMOND!0.8000!0.8000!0.000!CIRCLE!78.4860!378.7140!1.3000!1.3000!!!!0.0000!0.0000!!!!!!!0.0000!!!!!!!!!!!!
S!VIA CLASS!!!TOP-BOTTOM!TOP!BOTTOM!HIGH_CURRENT_DO_DI_5!!!66.2940!344.9320!CIRCLE_DRILL!0.8000!0.8000!66.2940!344.9320!0.000!PLATED!B!DIAMOND!0.8000!0.8000!0.000!CIRCLE!66.2940!344.9320!1.3000!1.3000!!!!0.0000!0.0000!!!!!!!0.0000!!!!!!!!!!!!
S!VIA CLASS!!!TOP-BOTTOM!TOP!BOTTOM!HIGH_CURRENT_DO_DI_5!!!66.2940!340.3600!CIRCLE_DRILL!0.8000!0.8000!66.2940!340.3600!0.000!PLATED!B!DIAMOND!0.8000!0.8000!0.000!CIRCLE!66.2940!340.3600!1.3000!1.3000!!!!0.0000!0.0000!!!!!!!0.0000!!!!!!!!!!!!
S!VIA CLASS!!!TOP-BOTTOM!TOP!BOTTOM!HIGH_CURRENT_DO_DI_4!!!65.9430!338.3280!CIRCLE_DRILL!0.8000!0.8000!65.9430!338.3280!0.000!PLATED!B!DIAMOND!0.8000!0.8000!0.000!CIRCLE!65.9430!338.3280!1.3000!1.3000!!!!0.0000!0.0000!!!!!!!0.0000!!!!!!!!!!!!
S!VIA CLASS!!!TOP-BOTTOM!TOP!BOTTOM!HIGH_CURRENT_DO_DI_4!!!64.0080!345.6940!CIRCLE_DRILL!0.8000!0.8000!64.0080!345.6940!0.000!PLATED!B!DIAMOND!0.8000!0.8000!0.000!CIRCLE!64.0080!345.6940!1.3000!1.3000!!!!0.0000!0.0000!!!!!!!0.0000!!!!!!!!!!!!
S!VIA CLASS!!!TOP-BOTTOM!TOP!BOTTOM!HIGH_CURRENT_DO_DI_4!!!64.2620!349.4400!CIRCLE_DRILL!0.8000!0.8000!64.2620!349.4400!0.000!PLATED!B!DIAMOND!0.8000!0.8000!0.000!CIRCLE!64.2620!349.4400!1.3000!1.3000!!!!0.0000!0.0000!!!!!!!0.0000!!!!!!!!!!!!
S!VIA CLASS!!!TOP-BOTTOM!TOP!BOTTOM!HIGH_CURRENT_DO_DI_3!!!64.5160!338.3280!CIRCLE_DRILL!0.8000!0.8000!64.5160!338.3280!0.000!PLATED!B!DIAMOND!0.8000!0.8000!0.000!CIRCLE!64.5160!338.3280!1.3000!1.3000!!!!0.0000!0.0000!!!!!!!0.0000!!!!!!!!!!!!
S!VIA CLASS!!!TOP-BOTTOM!TOP!BOTTOM!HIGH_CURRENT_DO_DI_2!!!62.9920!338.3280!CIRCLE_DRILL!0.8000!0.8000!62.9920!338.3280!0.000!PLATED!B!DIAMOND!0.8000!0.8000!0.000!CIRCLE!62.9920!338.3280!1.3000!1.3000!!!!0.0000!0.0000!!!!!!!0.0000!!!!!!!!!!!!
S!VIA CLASS!!!TOP-BOTTOM!TOP!BOTTOM!HIGH_CURRENT_DO_DI_2!!!62.4840!343.6620!CIRCLE_DRILL!0.8000!0.8000!62.4840!343.6620!0.000!PLATED!B!DIAMOND!0.8000!0.8000!0.000!CIRCLE!62.4840!343.6620!1.3000!1.3000!!!!0.0000!0.0000!!!!!!!0.0000!!!!!!!!!!!!
S!VIA CLASS!!!TOP-BOTTOM!TOP!BOTTOM!FLEX_DIO_3!!!62.9920!322.0720!CIRCLE_DRILL!0.8000!0.8000!62.9920!322.0720!0.000!PLATED!B!DIAMOND!0.8000!0.8000!0.000!CIRCLE!62.9920!322.0720!1.3000!1.3000!!!!0.0000!0.0000!!!!!!!0.0000!!!!!!!!!!!!
S!VIA CLASS!!!TOP-BOTTOM!TOP!BOTTOM!FLEX_DIO_3!!!62.9920!319.5320!CIRCLE_DRILL!0.8000!0.8000!62.9920!319.5320!0.000!PLATED!B!DIAMOND!0.8000!0.8000!0.000!CIRCLE!62.9920!319.5320!1.3000!1.3000!!!!0.0000!0.0000!!!!!!!0.0000!!!!!!!!!!!!
S!VIA CLASS!!!TOP-BOTTOM!TOP!BOTTOM!FLEX_DIO_2!!!97.0280!250.6980!CIRCLE_DRILL!0.8000!0.8000!97.0280!250.6980!0.000!PLATED!B!DIAMOND!0.8000!0.8000!0.000!CIRCLE!97.0280!250.6980!1.3000!1.3000!!!!0.0000!0.0000!!!!!!!0.0000!!!!!!!!!!!!
S!VIA CLASS!!!TOP-BOTTOM!TOP!BOTTOM!FLEX_DIO_2!!!64.5160!319.5320!CIRCLE_DRILL!0.8000!0.8000!64.5160!319.5320!0.000!PLATED!B!DIAMOND!0.8000!0.8000!0.000!CIRCLE!64.5160!319.5320!1.3000!1.3000!!!!0.0000!0.0000!!!!!!!0.0000!!!!!!!!!!!!
S!VIA CLASS!!!TOP-BOTTOM!TOP!BOTTOM!FLEX_DIO_2!!!64.5160!322.0720!CIRCLE_DRILL!0.8000!0.8000!64.5160!322.0720!0.000!PLATED!B!DIAMOND!0.8000!0.8000!0.000!CIRCLE!64.5160!322.0720!1.3000!1.3000!!!!0.0000!0.0000!!!!!!!0.0000!!!!!!!!!!!!
S!VIA CLASS!!!TOP-BOTTOM!TOP!BOTTOM!FLEX_DIO_1!!!66.0400!322.0720!CIRCLE_DRILL!0.8000!0.8000!66.0400!322.0720!0.000!PLATED!B!DIAMOND!0.8000!0.8000!0.000!CIRCLE!66.0400!322.0720!1.3000!1.3000!!!!0.0000!0.0000!!!!!!!0.0000!!!!!!!!!!!!
